[ 2016-09-08T22:02:39+08:00 ] 111.20.248.74 /
INFO: [ app_init ] --START--
INFO: Run Behavior\BuildLiteBehavior [ RunTime:0.000011s ]
INFO: [ app_init ] --END-- [ RunTime:0.000261s ]
INFO: [ app_begin ] --START--
INFO: Run Behavior\ReadHtmlCacheBehavior [ RunTime:0.000328s ]
INFO: [ app_begin ] --END-- [ RunTime:0.000371s ]
SQL: SHOW COLUMNS FROM `goods` [ RunTime:0.0007s ]
SQL: UPDATE `goods` SET `pingjiazt`='1',`stau`='6' WHERE (  (fk_time < '2016-08-24 22'1'2:39') and (stau='5') ) [ RunTime:0.0017s ]
SQL: SHOW COLUMNS FROM `pingjia` [ RunTime:0.0003s ]
SQL: SELECT * FROM `pingjia` INNER JOIN goods on pingjia.goods_id=goods.id INNER JOIN m_user on pingjia.user_id=m_user.user_id INNER JOIN maintenance_ways on goods.ways_id=maintenance_ways.ways_id  ORDER BY pingjia_id desc LIMIT 3   [ RunTime:0.0001s ]
INFO: [ view_parse ] --START--
INFO: [ template_filter ] --START--
INFO: Run Behavior\ContentReplaceBehavior [ RunTime:0.000098s ]
INFO: [ template_filter ] --END-- [ RunTime:0.000140s ]
INFO: Run Behavior\ParseTemplateBehavior [ RunTime:0.009857s ]
INFO: [ view_parse ] --END-- [ RunTime:0.009916s ]
INFO: [ view_filter ] --START--
INFO: Run Behavior\WriteHtmlCacheBehavior [ RunTime:0.000115s ]
INFO: Run Behavior\TokenBuildBehavior [ RunTime:0.000336s ]
INFO: [ view_filter ] --END-- [ RunTime:0.000509s ]
INFO: 
INFO: 
INFO: 

[ 2016-09-08T22:10:36+08:00 ] 66.249.84.218 /
INFO: [ app_init ] --START--
INFO: Run Behavior\BuildLiteBehavior [ RunTime:0.000012s ]
INFO: [ app_init ] --END-- [ RunTime:0.000267s ]
INFO: [ app_begin ] --START--
INFO: Run Behavior\ReadHtmlCacheBehavior [ RunTime:0.000360s ]
INFO: [ app_begin ] --END-- [ RunTime:0.000403s ]
SQL: SHOW COLUMNS FROM `goods` [ RunTime:0.0007s ]
SQL: UPDATE `goods` SET `pingjiazt`='1',`stau`='6' WHERE (  (fk_time < '2016-08-24 22'6'0:36') and (stau='5') ) [ RunTime:0.0017s ]
SQL: SHOW COLUMNS FROM `pingjia` [ RunTime:0.0003s ]
SQL: SELECT * FROM `pingjia` INNER JOIN goods on pingjia.goods_id=goods.id INNER JOIN m_user on pingjia.user_id=m_user.user_id INNER JOIN maintenance_ways on goods.ways_id=maintenance_ways.ways_id  ORDER BY pingjia_id desc LIMIT 3   [ RunTime:0.0001s ]
INFO: [ view_parse ] --START--
INFO: [ template_filter ] --START--
INFO: Run Behavior\ContentReplaceBehavior [ RunTime:0.000101s ]
INFO: [ template_filter ] --END-- [ RunTime:0.000141s ]
INFO: Run Behavior\ParseTemplateBehavior [ RunTime:0.009806s ]
INFO: [ view_parse ] --END-- [ RunTime:0.009846s ]
INFO: [ view_filter ] --START--
INFO: Run Behavior\WriteHtmlCacheBehavior [ RunTime:0.000115s ]
INFO: Run Behavior\TokenBuildBehavior [ RunTime:0.000333s ]
INFO: [ view_filter ] --END-- [ RunTime:0.000506s ]
INFO: [ app_end ] --START--
INFO: Run Behavior\ShowPageTraceBehavior [ RunTime:0.000341s ]
INFO: [ app_end ] --END-- [ RunTime:0.000381s ]

[ 2016-09-08T22:10:53+08:00 ] 66.249.84.214 /membercentent
INFO: [ app_init ] --START--
INFO: Run Behavior\BuildLiteBehavior [ RunTime:0.000013s ]
INFO: [ app_init ] --END-- [ RunTime:0.000270s ]
INFO: [ app_begin ] --START--
INFO: Run Behavior\ReadHtmlCacheBehavior [ RunTime:0.000336s ]
INFO: [ app_begin ] --END-- [ RunTime:0.000377s ]
NOTIC: [8] Undefined index: id /www/pj/Application/Home/Controller/IndexController.class.php 第 593 行.
NOTIC: [8] Undefined index: username /www/pj/Application/Home/Controller/IndexController.class.php 第 595 行.
NOTIC: [8] Undefined variable: avatar /www/pj/Application/Home/Controller/IndexController.class.php 第 624 行.
NOTIC: [8] Undefined variable: yanz /www/pj/Application/Home/Controller/IndexController.class.php 第 625 行.
NOTIC: [8] Undefined variable: wxusername /www/pj/Application/Home/Controller/IndexController.class.php 第 626 行.
INFO: [ view_parse ] --START--
INFO: [ template_filter ] --START--
INFO: Run Behavior\ContentReplaceBehavior [ RunTime:0.000066s ]
INFO: [ template_filter ] --END-- [ RunTime:0.000205s ]
NOTIC: [8] Undefined variable: my /www/pj/Application/Runtime/Cache/Home/44da6dab4285f0a2fb23c0f4faf8c087.php 第 112 行.
INFO: Run Behavior\ParseTemplateBehavior [ RunTime:0.006517s ]
INFO: [ view_parse ] --END-- [ RunTime:0.006554s ]
INFO: [ view_filter ] --START--
INFO: Run Behavior\WriteHtmlCacheBehavior [ RunTime:0.000120s ]
INFO: Run Behavior\TokenBuildBehavior [ RunTime:0.000273s ]
INFO: [ view_filter ] --END-- [ RunTime:0.000447s ]
INFO: [ app_end ] --START--
INFO: Run Behavior\ShowPageTraceBehavior [ RunTime:0.000376s ]
INFO: [ app_end ] --END-- [ RunTime:0.000415s ]

[ 2016-09-08T22:10:56+08:00 ] 66.249.84.214 /
INFO: [ app_init ] --START--
INFO: Run Behavior\BuildLiteBehavior [ RunTime:0.000014s ]
INFO: [ app_init ] --END-- [ RunTime:0.000268s ]
INFO: [ app_begin ] --START--
INFO: Run Behavior\ReadHtmlCacheBehavior [ RunTime:0.000354s ]
INFO: [ app_begin ] --END-- [ RunTime:0.000395s ]
SQL: SHOW COLUMNS FROM `goods` [ RunTime:0.0008s ]
SQL: UPDATE `goods` SET `pingjiazt`='1',`stau`='6' WHERE (  (fk_time < '2016-08-24 22'6'0:56') and (stau='5') ) [ RunTime:0.0018s ]
SQL: SHOW COLUMNS FROM `pingjia` [ RunTime:0.0004s ]
SQL: SELECT * FROM `pingjia` INNER JOIN goods on pingjia.goods_id=goods.id INNER JOIN m_user on pingjia.user_id=m_user.user_id INNER JOIN maintenance_ways on goods.ways_id=maintenance_ways.ways_id  ORDER BY pingjia_id desc LIMIT 3   [ RunTime:0.0002s ]
INFO: [ view_parse ] --START--
INFO: [ template_filter ] --START--
INFO: Run Behavior\ContentReplaceBehavior [ RunTime:0.000105s ]
INFO: [ template_filter ] --END-- [ RunTime:0.000150s ]
INFO: Run Behavior\ParseTemplateBehavior [ RunTime:0.010074s ]
INFO: [ view_parse ] --END-- [ RunTime:0.010116s ]
INFO: [ view_filter ] --START--
INFO: Run Behavior\WriteHtmlCacheBehavior [ RunTime:0.000141s ]
INFO: Run Behavior\TokenBuildBehavior [ RunTime:0.000355s ]
INFO: [ view_filter ] --END-- [ RunTime:0.000556s ]
INFO: [ app_end ] --START--
INFO: Run Behavior\ShowPageTraceBehavior [ RunTime:0.000378s ]
INFO: [ app_end ] --END-- [ RunTime:0.000420s ]

[ 2016-09-08T22:11:02+08:00 ] 66.249.84.214 /phone?8
INFO: [ app_init ] --START--
INFO: Run Behavior\BuildLiteBehavior [ RunTime:0.000027s ]
INFO: [ app_init ] --END-- [ RunTime:0.000283s ]
INFO: [ app_begin ] --START--
INFO: Run Behavior\ReadHtmlCacheBehavior [ RunTime:0.000353s ]
INFO: [ app_begin ] --END-- [ RunTime:0.000393s ]
SQL: SHOW COLUMNS FROM `maintenance_type` [ RunTime:0.0005s ]
SQL: SELECT * FROM `maintenance_type`  [ RunTime:0.0001s ]
SQL: SHOW COLUMNS FROM `maintenance_brand` [ RunTime:0.0003s ]
SQL: SELECT * FROM `maintenance_brand`  [ RunTime:0.0001s ]
SQL: SHOW COLUMNS FROM `maintenance_model` [ RunTime:0.0004s ]
SQL: SHOW COLUMNS FROM `maintenance_color` [ RunTime:0.0003s ]
SQL: SELECT * FROM `maintenance_model` WHERE ( brand_id='1' ) ORDER BY pai_id  [ RunTime:0.0004s ]
SQL: SELECT * FROM `maintenance_color` WHERE ( color_id in(3,4,5,6) )  [ RunTime:0.0001s ]
SQL: SELECT * FROM `maintenance_color` WHERE ( color_id in(3,4,5,6) )  [ RunTime:0.0001s ]
SQL: SELECT * FROM `maintenance_color` WHERE ( color_id in(3,4,5) )  [ RunTime:0.0001s ]
SQL: SELECT * FROM `maintenance_color` WHERE ( color_id in(3,4,5) )  [ RunTime:0.0001s ]
SQL: SELECT * FROM `maintenance_color` WHERE ( color_id in(3,4,5,6) )  [ RunTime:0.0001s ]
SQL: SELECT * FROM `maintenance_color` WHERE ( color_id in(3,4,5) )  [ RunTime:0.0001s ]
SQL: SELECT * FROM `maintenance_color` WHERE ( color_id in(1,2) )  [ RunTime:0.0001s ]
SQL: SELECT * FROM `maintenance_color` WHERE ( color_id in(1,7,8,9,10) )  [ RunTime:0.0001s ]
SQL: SELECT * FROM `maintenance_color` WHERE ( color_id in(1,2) )  [ RunTime:0.0001s ]
SQL: SELECT * FROM `maintenance_color` WHERE ( color_id in(1,2) )  [ RunTime:0.0001s ]
SQL: SELECT * FROM `maintenance_color` WHERE ( color_id in(41) )  [ RunTime:0.0001s ]
NOTIC: [8] Undefined variable: tu /www/pj/Application/Home/Controller/IndexController.class.php 第 516 行.
INFO: [ view_parse ] --START--
INFO: [ template_filter ] --START--
INFO: Run Behavior\ContentReplaceBehavior [ RunTime:0.000076s ]
INFO: [ template_filter ] --END-- [ RunTime:0.000116s ]
INFO: Run Behavior\ParseTemplateBehavior [ RunTime:0.011085s ]
INFO: [ view_parse ] --END-- [ RunTime:0.011124s ]
INFO: [ view_filter ] --START--
INFO: Run Behavior\WriteHtmlCacheBehavior [ RunTime:0.000115s ]
INFO: Run Behavior\TokenBuildBehavior [ RunTime:0.000317s ]
INFO: [ view_filter ] --END-- [ RunTime:0.000488s ]
INFO: [ app_end ] --START--
INFO: Run Behavior\ShowPageTraceBehavior [ RunTime:0.000337s ]
INFO: [ app_end ] --END-- [ RunTime:0.000378s ]

[ 2016-09-08T22:11:04+08:00 ] 66.249.84.214 /Home/Index/ajaxp?brand_id=8
INFO: [ app_init ] --START--
INFO: Run Behavior\BuildLiteBehavior [ RunTime:0.000017s ]
INFO: [ app_init ] --END-- [ RunTime:0.000286s ]
INFO: [ app_begin ] --START--
INFO: Run Behavior\ReadHtmlCacheBehavior [ RunTime:0.000332s ]
INFO: [ app_begin ] --END-- [ RunTime:0.000371s ]
NOTIC: [8] Undefined index: id /www/pj/Application/Home/Controller/IndexController.class.php 第 705 行.
NOTIC: [8] Undefined variable: gid /www/pj/Application/Home/Controller/IndexController.class.php 第 706 行.
SQL: SHOW COLUMNS FROM `maintenance_model` [ RunTime:0.0006s ]
SQL: SHOW COLUMNS FROM `maintenance_color` [ RunTime:0.0003s ]
SQL: SELECT * FROM `maintenance_model` WHERE ( brand_id='8' ) ORDER BY pai_id  [ RunTime:0.0004s ]
SQL: SELECT * FROM `maintenance_color` WHERE ( color_id in(1,2) )  [ RunTime:0.0001s ]
SQL: SELECT * FROM `maintenance_color` WHERE ( color_id in(1,2,36) )  [ RunTime:0.0001s ]
SQL: SELECT * FROM `maintenance_color` WHERE ( color_id in(1,2,28,36,45) )  [ RunTime:0.0001s ]
SQL: SELECT * FROM `maintenance_color` WHERE ( color_id in(1,2,5,27) )  [ RunTime:0.0001s ]
SQL: SELECT * FROM `maintenance_color` WHERE ( color_id in(1,2) )  [ RunTime:0.0001s ]
SQL: SELECT * FROM `maintenance_color` WHERE ( color_id in(1,2,4,5) )  [ RunTime:0.0001s ]
SQL: SELECT * FROM `maintenance_color` WHERE ( color_id in(1,2,38) )  [ RunTime:0.0001s ]
SQL: SELECT * FROM `maintenance_color` WHERE ( color_id in(1,2,27) )  [ RunTime:0.0001s ]
SQL: SELECT * FROM `maintenance_color` WHERE ( color_id in(1,2) )  [ RunTime:0.0001s ]
NOTIC: [8] Undefined variable: tu /www/pj/Application/Home/Controller/IndexController.class.php 第 720 行.
INFO: [ view_parse ] --START--
INFO: [ template_filter ] --START--
INFO: Run Behavior\ContentReplaceBehavior [ RunTime:0.000046s ]
INFO: [ template_filter ] --END-- [ RunTime:0.000106s ]
INFO: Run Behavior\ParseTemplateBehavior [ RunTime:0.009652s ]
INFO: [ view_parse ] --END-- [ RunTime:0.009692s ]
INFO: [ view_filter ] --START--
INFO: Run Behavior\WriteHtmlCacheBehavior [ RunTime:0.000133s ]
INFO: Run Behavior\TokenBuildBehavior [ RunTime:0.000298s ]
INFO: [ view_filter ] --END-- [ RunTime:0.000482s ]
INFO: [ app_end ] --START--
INFO: Run Behavior\ShowPageTraceBehavior [ RunTime:0.000349s ]
INFO: [ app_end ] --END-- [ RunTime:0.000385s ]

[ 2016-09-08T22:11:08+08:00 ] 66.249.84.214 /Home/Index/wenti/model_id/189/color_id/2/id/
INFO: [ app_init ] --START--
INFO: Run Behavior\BuildLiteBehavior [ RunTime:0.000012s ]
INFO: [ app_init ] --END-- [ RunTime:0.000288s ]
INFO: [ app_begin ] --START--
INFO: Run Behavior\ReadHtmlCacheBehavior [ RunTime:0.000327s ]
INFO: [ app_begin ] --END-- [ RunTime:0.000388s ]
NOTIC: [8] Undefined index: id /www/pj/Application/Home/Controller/IndexController.class.php 第 729 行.
SQL: SHOW COLUMNS FROM `maintenance_color` [ RunTime:0.0006s ]
SQL: SELECT * FROM `maintenance_color` WHERE ( color_id='2' ) LIMIT 1   [ RunTime:0.0001s ]
SQL: SHOW COLUMNS FROM `maintenance_model` [ RunTime:0.0003s ]
SQL: SELECT * FROM `maintenance_model` WHERE ( model_id='189' ) LIMIT 1   [ RunTime:0.0003s ]
SQL: SELECT * FROM `maintenance_model` WHERE ( model_id='189' )  [ RunTime:0.0002s ]
SQL: SHOW COLUMNS FROM `maintenance_questiontype` [ RunTime:0.0003s ]
SQL: SHOW COLUMNS FROM `maintenance_question` [ RunTime:0.0003s ]
SQL: SELECT * FROM `maintenance_questiontype` WHERE ( questiontype_id in(1,2,3,4,5,6,7,8,9,11,12) )  [ RunTime:0.0001s ]
SQL: SELECT * FROM `maintenance_question` WHERE ( questiontype_id in(1) and model_id='189' )  [ RunTime:0.0043s ]
SQL: SELECT * FROM `maintenance_question` WHERE ( questiontype_id in(2) and model_id='189' )  [ RunTime:0.0043s ]
SQL: SELECT * FROM `maintenance_question` WHERE ( questiontype_id in(3) and model_id='189' )  [ RunTime:0.0043s ]
SQL: SELECT * FROM `maintenance_question` WHERE ( questiontype_id in(4) and model_id='189' )  [ RunTime:0.0043s ]
SQL: SELECT * FROM `maintenance_question` WHERE ( questiontype_id in(5) and model_id='189' )  [ RunTime:0.0043s ]
SQL: SELECT * FROM `maintenance_question` WHERE ( questiontype_id in(6) and model_id='189' )  [ RunTime:0.0044s ]
SQL: SELECT * FROM `maintenance_question` WHERE ( questiontype_id in(7) and model_id='189' )  [ RunTime:0.0043s ]
SQL: SELECT * FROM `maintenance_question` WHERE ( questiontype_id in(8) and model_id='189' )  [ RunTime:0.0044s ]
SQL: SELECT * FROM `maintenance_question` WHERE ( questiontype_id in(9) and model_id='189' )  [ RunTime:0.0042s ]
SQL: SELECT * FROM `maintenance_question` WHERE ( questiontype_id in(11) and model_id='189' )  [ RunTime:0.0042s ]
SQL: SELECT * FROM `maintenance_question` WHERE ( questiontype_id in(12) and model_id='189' )  [ RunTime:0.0042s ]
NOTIC: [8] Undefined variable: id /www/pj/Application/Home/Controller/IndexController.class.php 第 754 行.
NOTIC: [8] Undefined variable: tu /www/pj/Application/Home/Controller/IndexController.class.php 第 755 行.
INFO: [ view_parse ] --START--
INFO: [ template_filter ] --START--
INFO: Run Behavior\ContentReplaceBehavior [ RunTime:0.000063s ]
INFO: [ template_filter ] --END-- [ RunTime:0.000102s ]
INFO: Run Behavior\ParseTemplateBehavior [ RunTime:0.009052s ]
INFO: [ view_parse ] --END-- [ RunTime:0.009096s ]
INFO: [ view_filter ] --START--
INFO: Run Behavior\WriteHtmlCacheBehavior [ RunTime:0.000117s ]
INFO: Run Behavior\TokenBuildBehavior [ RunTime:0.000364s ]
INFO: [ view_filter ] --END-- [ RunTime:0.000536s ]
INFO: [ app_end ] --START--
INFO: Run Behavior\ShowPageTraceBehavior [ RunTime:0.000354s ]
INFO: [ app_end ] --END-- [ RunTime:0.000395s ]

[ 2016-09-08T22:11:23+08:00 ] 66.249.84.216 /Home/Index/mbr?question_id=8227&color_id=2&model_id=189
INFO: [ app_init ] --START--
INFO: Run Behavior\BuildLiteBehavior [ RunTime:0.000012s ]
INFO: [ app_init ] --END-- [ RunTime:0.000288s ]
INFO: [ app_begin ] --START--
INFO: Run Behavior\ReadHtmlCacheBehavior [ RunTime:0.000351s ]
INFO: [ app_begin ] --END-- [ RunTime:0.000389s ]
NOTIC: [8] Undefined index: id /www/pj/Application/Home/Controller/IndexController.class.php 第 768 行.
SQL: SHOW COLUMNS FROM `maintenance_color` [ RunTime:0.0005s ]
SQL: SELECT * FROM `maintenance_color` WHERE ( color_id='2' ) LIMIT 1   [ RunTime:0.0001s ]
SQL: SHOW COLUMNS FROM `maintenance_model` [ RunTime:0.0004s ]
SQL: SELECT * FROM `maintenance_model` WHERE ( model_id='189' ) LIMIT 1   [ RunTime:0.0001s ]
SQL: SHOW COLUMNS FROM `maintenance_question` [ RunTime:0.0003s ]
SQL: SELECT * FROM `maintenance_question` INNER JOIN maintenance_questiontype on maintenance_question.questiontype_id=maintenance_questiontype.questiontype_id INNER JOIN maintenance_plan on maintenance_question.plan_id=maintenance_plan.plan_id INNER JOIN maintenance_instructions on maintenance_plan.instructions_id=maintenance_instructions.instructions_id  WHERE ( question_id in (8227) )  [ RunTime:0.0004s ]
NOTIC: [8] Undefined variable: b /www/pj/Application/Home/Controller/IndexController.class.php 第 827 行.
NOTIC: [8] Undefined variable: a /www/pj/Application/Home/Controller/IndexController.class.php 第 827 行.
NOTIC: [8] Undefined variable: c /www/pj/Application/Home/Controller/IndexController.class.php 第 827 行.
NOTIC: [8] Undefined variable: d /www/pj/Application/Home/Controller/IndexController.class.php 第 827 行.
NOTIC: [8] Undefined variable: e /www/pj/Application/Home/Controller/IndexController.class.php 第 827 行.
NOTIC: [8] Undefined variable: f /www/pj/Application/Home/Controller/IndexController.class.php 第 827 行.
NOTIC: [8] Undefined variable: g /www/pj/Application/Home/Controller/IndexController.class.php 第 827 行.
NOTIC: [8] Undefined variable: i /www/pj/Application/Home/Controller/IndexController.class.php 第 827 行.
NOTIC: [8] Undefined variable: j /www/pj/Application/Home/Controller/IndexController.class.php 第 827 行.
SQL: SHOW COLUMNS FROM `maintenance_plan` [ RunTime:0.0004s ]
SQL: SELECT * FROM `maintenance_plan` INNER JOIN maintenance_instructions on maintenance_plan.instructions_id=maintenance_instructions.instructions_id  WHERE ( plan_id in (2572) )  [ RunTime:0.0002s ]
SQL: SELECT * FROM `maintenance_question` WHERE ( plan_id in (2572)and question_id in(8227) )  [ RunTime:0.0002s ]
SQL: SELECT * FROM `maintenance_plan` WHERE ( plan_id in (2572) )  [ RunTime:0.0002s ]
NOTIC: [8] Undefined variable: money /www/pj/Application/Home/Controller/IndexController.class.php 第 861 行.
INFO: [ view_parse ] --START--
INFO: [ template_filter ] --START--
INFO: Run Behavior\ContentReplaceBehavior [ RunTime:0.000029s ]
INFO: [ template_filter ] --END-- [ RunTime:0.000073s ]
INFO: Run Behavior\ParseTemplateBehavior [ RunTime:0.006063s ]
INFO: [ view_parse ] --END-- [ RunTime:0.006106s ]
INFO: [ view_filter ] --START--
INFO: Run Behavior\WriteHtmlCacheBehavior [ RunTime:0.000128s ]
INFO: Run Behavior\TokenBuildBehavior [ RunTime:0.000273s ]
INFO: [ view_filter ] --END-- [ RunTime:0.000452s ]
INFO: [ app_end ] --START--
INFO: Run Behavior\ShowPageTraceBehavior [ RunTime:0.000392s ]
INFO: [ app_end ] --END-- [ RunTime:0.000429s ]

[ 2016-09-08T22:11:37+08:00 ] 66.249.84.216 /membercentent
INFO: [ app_init ] --START--
INFO: Run Behavior\BuildLiteBehavior [ RunTime:0.000013s ]
INFO: [ app_init ] --END-- [ RunTime:0.000292s ]
INFO: [ app_begin ] --START--
INFO: Run Behavior\ReadHtmlCacheBehavior [ RunTime:0.000340s ]
INFO: [ app_begin ] --END-- [ RunTime:0.000386s ]
NOTIC: [8] Undefined index: id /www/pj/Application/Home/Controller/IndexController.class.php 第 593 行.
NOTIC: [8] Undefined index: username /www/pj/Application/Home/Controller/IndexController.class.php 第 595 行.
NOTIC: [8] Undefined variable: avatar /www/pj/Application/Home/Controller/IndexController.class.php 第 624 行.
NOTIC: [8] Undefined variable: yanz /www/pj/Application/Home/Controller/IndexController.class.php 第 625 行.
NOTIC: [8] Undefined variable: wxusername /www/pj/Application/Home/Controller/IndexController.class.php 第 626 行.
INFO: [ view_parse ] --START--
INFO: [ template_filter ] --START--
INFO: Run Behavior\ContentReplaceBehavior [ RunTime:0.000058s ]
INFO: [ template_filter ] --END-- [ RunTime:0.000097s ]
NOTIC: [8] Undefined variable: my /www/pj/Application/Runtime/Cache/Home/44da6dab4285f0a2fb23c0f4faf8c087.php 第 112 行.
INFO: Run Behavior\ParseTemplateBehavior [ RunTime:0.006226s ]
INFO: [ view_parse ] --END-- [ RunTime:0.006261s ]
INFO: [ view_filter ] --START--
INFO: Run Behavior\WriteHtmlCacheBehavior [ RunTime:0.000135s ]
INFO: Run Behavior\TokenBuildBehavior [ RunTime:0.000273s ]
INFO: [ view_filter ] --END-- [ RunTime:0.000465s ]
INFO: [ app_end ] --START--
INFO: Run Behavior\ShowPageTraceBehavior [ RunTime:0.000365s ]
INFO: [ app_end ] --END-- [ RunTime:0.000406s ]

[ 2016-09-08T22:11:39+08:00 ] 66.249.84.214 /Home/Index/youhuiquan_show
INFO: [ app_init ] --START--
INFO: Run Behavior\BuildLiteBehavior [ RunTime:0.000018s ]
INFO: [ app_init ] --END-- [ RunTime:0.000328s ]
INFO: [ app_begin ] --START--
INFO: Run Behavior\ReadHtmlCacheBehavior [ RunTime:0.000364s ]
INFO: [ app_begin ] --END-- [ RunTime:0.000407s ]
NOTIC: [8] Undefined index: username /www/pj/Application/Home/Controller/IndexController.class.php 第 569 行.
SQL: SHOW COLUMNS FROM `yhq` [ RunTime:0.0006s ]
SQL: SHOW COLUMNS FROM `yonghuuser` [ RunTime:0.0003s ]
SQL: SELECT * FROM `yonghuuser` WHERE ( phone='' ) LIMIT 1   [ RunTime:0.0001s ]
SQL: SELECT * FROM `yhq` WHERE ( k_userid='1204' and zt='0' ) LIMIT 1   [ RunTime:0.0004s ]
NOTIC: [8] Undefined variable: id /www/pj/Application/Home/Controller/IndexController.class.php 第 579 行.
INFO: [ view_parse ] --START--
INFO: [ template_filter ] --START--
INFO: Run Behavior\ContentReplaceBehavior [ RunTime:0.000060s ]
INFO: [ template_filter ] --END-- [ RunTime:0.000101s ]
INFO: Run Behavior\ParseTemplateBehavior [ RunTime:0.005940s ]
INFO: [ view_parse ] --END-- [ RunTime:0.005981s ]
INFO: [ view_filter ] --START--
INFO: Run Behavior\WriteHtmlCacheBehavior [ RunTime:0.000117s ]
INFO: Run Behavior\TokenBuildBehavior [ RunTime:0.000263s ]
INFO: [ view_filter ] --END-- [ RunTime:0.000436s ]
INFO: [ app_end ] --START--
INFO: Run Behavior\ShowPageTraceBehavior [ RunTime:0.000410s ]
INFO: [ app_end ] --END-- [ RunTime:0.000448s ]

[ 2016-09-08T22:11:44+08:00 ] 66.249.84.214 /inquiries
INFO: [ app_init ] --START--
INFO: Run Behavior\BuildLiteBehavior [ RunTime:0.000013s ]
INFO: [ app_init ] --END-- [ RunTime:0.000267s ]
INFO: [ app_begin ] --START--
INFO: Run Behavior\ReadHtmlCacheBehavior [ RunTime:0.000337s ]
INFO: [ app_begin ] --END-- [ RunTime:0.000379s ]
NOTIC: [8] Undefined index: username /www/pj/Application/Home/Controller/IndexController.class.php 第 657 行.
NOTIC: [8] Undefined index: id /www/pj/Application/Home/Controller/IndexController.class.php 第 658 行.
SQL: SHOW COLUMNS FROM `yonghuuser` [ RunTime:0.0005s ]
SQL: SELECT * FROM `yonghuuser` WHERE ( phone='' ) LIMIT 1   [ RunTime:0.0001s ]
INFO: [ view_parse ] --START--
INFO: [ template_filter ] --START--
INFO: Run Behavior\ContentReplaceBehavior [ RunTime:0.000040s ]
INFO: [ template_filter ] --END-- [ RunTime:0.000081s ]
INFO: Run Behavior\ParseTemplateBehavior [ RunTime:0.004689s ]
INFO: [ view_parse ] --END-- [ RunTime:0.004730s ]
INFO: [ view_filter ] --START--
INFO: Run Behavior\WriteHtmlCacheBehavior [ RunTime:0.000117s ]
INFO: Run Behavior\TokenBuildBehavior [ RunTime:0.000242s ]
INFO: [ view_filter ] --END-- [ RunTime:0.000435s ]
INFO: [ app_end ] --START--
INFO: Run Behavior\ShowPageTraceBehavior [ RunTime:0.000340s ]
INFO: [ app_end ] --END-- [ RunTime:0.000375s ]

[ 2016-09-08T22:11:54+08:00 ] 66.249.84.216 /
INFO: [ app_init ] --START--
INFO: Run Behavior\BuildLiteBehavior [ RunTime:0.000012s ]
INFO: [ app_init ] --END-- [ RunTime:0.000298s ]
INFO: [ app_begin ] --START--
INFO: Run Behavior\ReadHtmlCacheBehavior [ RunTime:0.000332s ]
INFO: [ app_begin ] --END-- [ RunTime:0.000375s ]
SQL: SHOW COLUMNS FROM `goods` [ RunTime:0.0007s ]
SQL: UPDATE `goods` SET `pingjiazt`='1',`stau`='6' WHERE (  (fk_time < '2016-08-24 22'6'1:54') and (stau='5') ) [ RunTime:0.0017s ]
SQL: SHOW COLUMNS FROM `pingjia` [ RunTime:0.0003s ]
SQL: SELECT * FROM `pingjia` INNER JOIN goods on pingjia.goods_id=goods.id INNER JOIN m_user on pingjia.user_id=m_user.user_id INNER JOIN maintenance_ways on goods.ways_id=maintenance_ways.ways_id  ORDER BY pingjia_id desc LIMIT 3   [ RunTime:0.0002s ]
INFO: [ view_parse ] --START--
INFO: [ template_filter ] --START--
INFO: Run Behavior\ContentReplaceBehavior [ RunTime:0.000103s ]
INFO: [ template_filter ] --END-- [ RunTime:0.000143s ]
INFO: Run Behavior\ParseTemplateBehavior [ RunTime:0.009876s ]
INFO: [ view_parse ] --END-- [ RunTime:0.009917s ]
INFO: [ view_filter ] --START--
INFO: Run Behavior\WriteHtmlCacheBehavior [ RunTime:0.000117s ]
INFO: Run Behavior\TokenBuildBehavior [ RunTime:0.000325s ]
INFO: [ view_filter ] --END-- [ RunTime:0.000501s ]
INFO: [ app_end ] --START--
INFO: Run Behavior\ShowPageTraceBehavior [ RunTime:0.000367s ]
INFO: [ app_end ] --END-- [ RunTime:0.000408s ]

[ 2016-09-08T22:12:29+08:00 ] 66.249.84.216 /phone?8
INFO: [ app_init ] --START--
INFO: Run Behavior\BuildLiteBehavior [ RunTime:0.000013s ]
INFO: [ app_init ] --END-- [ RunTime:0.000269s ]
INFO: [ app_begin ] --START--
INFO: Run Behavior\ReadHtmlCacheBehavior [ RunTime:0.000337s ]
INFO: [ app_begin ] --END-- [ RunTime:0.000398s ]
SQL: SHOW COLUMNS FROM `maintenance_type` [ RunTime:0.0005s ]
SQL: SELECT * FROM `maintenance_type`  [ RunTime:0.0001s ]
SQL: SHOW COLUMNS FROM `maintenance_brand` [ RunTime:0.0003s ]
SQL: SELECT * FROM `maintenance_brand`  [ RunTime:0.0001s ]
SQL: SHOW COLUMNS FROM `maintenance_model` [ RunTime:0.0003s ]
SQL: SHOW COLUMNS FROM `maintenance_color` [ RunTime:0.0003s ]
SQL: SELECT * FROM `maintenance_model` WHERE ( brand_id='1' ) ORDER BY pai_id  [ RunTime:0.0001s ]
SQL: SELECT * FROM `maintenance_color` WHERE ( color_id in(3,4,5,6) )  [ RunTime:0.0001s ]
SQL: SELECT * FROM `maintenance_color` WHERE ( color_id in(3,4,5,6) )  [ RunTime:0.0001s ]
SQL: SELECT * FROM `maintenance_color` WHERE ( color_id in(3,4,5) )  [ RunTime:0.0001s ]
SQL: SELECT * FROM `maintenance_color` WHERE ( color_id in(3,4,5) )  [ RunTime:0.0001s ]
SQL: SELECT * FROM `maintenance_color` WHERE ( color_id in(3,4,5,6) )  [ RunTime:0.0001s ]
SQL: SELECT * FROM `maintenance_color` WHERE ( color_id in(3,4,5) )  [ RunTime:0.0001s ]
SQL: SELECT * FROM `maintenance_color` WHERE ( color_id in(1,2) )  [ RunTime:0.0001s ]
SQL: SELECT * FROM `maintenance_color` WHERE ( color_id in(1,7,8,9,10) )  [ RunTime:0.0001s ]
SQL: SELECT * FROM `maintenance_color` WHERE ( color_id in(1,2) )  [ RunTime:0.0001s ]
SQL: SELECT * FROM `maintenance_color` WHERE ( color_id in(1,2) )  [ RunTime:0.0001s ]
SQL: SELECT * FROM `maintenance_color` WHERE ( color_id in(41) )  [ RunTime:0.0001s ]
NOTIC: [8] Undefined variable: tu /www/pj/Application/Home/Controller/IndexController.class.php 第 516 行.
INFO: [ view_parse ] --START--
INFO: [ template_filter ] --START--
INFO: Run Behavior\ContentReplaceBehavior [ RunTime:0.000082s ]
INFO: [ template_filter ] --END-- [ RunTime:0.000126s ]
INFO: Run Behavior\ParseTemplateBehavior [ RunTime:0.011156s ]
INFO: [ view_parse ] --END-- [ RunTime:0.011199s ]
INFO: [ view_filter ] --START--
INFO: Run Behavior\WriteHtmlCacheBehavior [ RunTime:0.000119s ]
INFO: Run Behavior\TokenBuildBehavior [ RunTime:0.000363s ]
INFO: [ view_filter ] --END-- [ RunTime:0.000543s ]
INFO: [ app_end ] --START--
INFO: Run Behavior\ShowPageTraceBehavior [ RunTime:0.000356s ]
INFO: [ app_end ] --END-- [ RunTime:0.000398s ]

[ 2016-09-08T22:12:29+08:00 ] 66.249.84.214 /Home/Index/ajaxp?brand_id=8
INFO: [ app_init ] --START--
INFO: Run Behavior\BuildLiteBehavior [ RunTime:0.000014s ]
INFO: [ app_init ] --END-- [ RunTime:0.000280s ]
INFO: [ app_begin ] --START--
INFO: Run Behavior\ReadHtmlCacheBehavior [ RunTime:0.000344s ]
INFO: [ app_begin ] --END-- [ RunTime:0.000384s ]
NOTIC: [8] Undefined index: id /www/pj/Application/Home/Controller/IndexController.class.php 第 705 行.
NOTIC: [8] Undefined variable: gid /www/pj/Application/Home/Controller/IndexController.class.php 第 706 行.
SQL: SHOW COLUMNS FROM `maintenance_model` [ RunTime:0.0006s ]
SQL: SHOW COLUMNS FROM `maintenance_color` [ RunTime:0.0003s ]
SQL: SELECT * FROM `maintenance_model` WHERE ( brand_id='8' ) ORDER BY pai_id  [ RunTime:0.0001s ]
SQL: SELECT * FROM `maintenance_color` WHERE ( color_id in(1,2) )  [ RunTime:0.0001s ]
SQL: SELECT * FROM `maintenance_color` WHERE ( color_id in(1,2,36) )  [ RunTime:0.0001s ]
SQL: SELECT * FROM `maintenance_color` WHERE ( color_id in(1,2,28,36,45) )  [ RunTime:0.0001s ]
SQL: SELECT * FROM `maintenance_color` WHERE ( color_id in(1,2,5,27) )  [ RunTime:0.0001s ]
SQL: SELECT * FROM `maintenance_color` WHERE ( color_id in(1,2) )  [ RunTime:0.0001s ]
SQL: SELECT * FROM `maintenance_color` WHERE ( color_id in(1,2,4,5) )  [ RunTime:0.0001s ]
SQL: SELECT * FROM `maintenance_color` WHERE ( color_id in(1,2,38) )  [ RunTime:0.0001s ]
SQL: SELECT * FROM `maintenance_color` WHERE ( color_id in(1,2,27) )  [ RunTime:0.0001s ]
SQL: SELECT * FROM `maintenance_color` WHERE ( color_id in(1,2) )  [ RunTime:0.0001s ]
NOTIC: [8] Undefined variable: tu /www/pj/Application/Home/Controller/IndexController.class.php 第 720 行.
INFO: [ view_parse ] --START--
INFO: [ template_filter ] --START--
INFO: Run Behavior\ContentReplaceBehavior [ RunTime:0.000035s ]
INFO: [ template_filter ] --END-- [ RunTime:0.000076s ]
INFO: Run Behavior\ParseTemplateBehavior [ RunTime:0.006812s ]
INFO: [ view_parse ] --END-- [ RunTime:0.006850s ]
INFO: [ view_filter ] --START--
INFO: Run Behavior\WriteHtmlCacheBehavior [ RunTime:0.000119s ]
INFO: Run Behavior\TokenBuildBehavior [ RunTime:0.000265s ]
INFO: [ view_filter ] --END-- [ RunTime:0.000436s ]
INFO: [ app_end ] --START--
INFO: Run Behavior\ShowPageTraceBehavior [ RunTime:0.000606s ]
INFO: [ app_end ] --END-- [ RunTime:0.000643s ]

[ 2016-09-08T22:12:35+08:00 ] 66.249.84.214 /Home/Index/wenti/model_id/189/color_id/2/id/
INFO: [ app_init ] --START--
INFO: Run Behavior\BuildLiteBehavior [ RunTime:0.000014s ]
INFO: [ app_init ] --END-- [ RunTime:0.000294s ]
INFO: [ app_begin ] --START--
INFO: Run Behavior\ReadHtmlCacheBehavior [ RunTime:0.000421s ]
INFO: [ app_begin ] --END-- [ RunTime:0.000462s ]
NOTIC: [8] Undefined index: id /www/pj/Application/Home/Controller/IndexController.class.php 第 729 行.
SQL: SHOW COLUMNS FROM `maintenance_color` [ RunTime:0.0005s ]
SQL: SELECT * FROM `maintenance_color` WHERE ( color_id='2' ) LIMIT 1   [ RunTime:0.0001s ]
SQL: SHOW COLUMNS FROM `maintenance_model` [ RunTime:0.0003s ]
SQL: SELECT * FROM `maintenance_model` WHERE ( model_id='189' ) LIMIT 1   [ RunTime:0.0001s ]
SQL: SELECT * FROM `maintenance_model` WHERE ( model_id='189' )  [ RunTime:0.0001s ]
SQL: SHOW COLUMNS FROM `maintenance_questiontype` [ RunTime:0.0003s ]
SQL: SHOW COLUMNS FROM `maintenance_question` [ RunTime:0.0003s ]
SQL: SELECT * FROM `maintenance_questiontype` WHERE ( questiontype_id in(1,2,3,4,5,6,7,8,9,11,12) )  [ RunTime:0.0001s ]
SQL: SELECT * FROM `maintenance_question` WHERE ( questiontype_id in(1) and model_id='189' )  [ RunTime:0.0001s ]
SQL: SELECT * FROM `maintenance_question` WHERE ( questiontype_id in(2) and model_id='189' )  [ RunTime:0.0001s ]
SQL: SELECT * FROM `maintenance_question` WHERE ( questiontype_id in(3) and model_id='189' )  [ RunTime:0.0001s ]
SQL: SELECT * FROM `maintenance_question` WHERE ( questiontype_id in(4) and model_id='189' )  [ RunTime:0.0001s ]
SQL: SELECT * FROM `maintenance_question` WHERE ( questiontype_id in(5) and model_id='189' )  [ RunTime:0.0001s ]
SQL: SELECT * FROM `maintenance_question` WHERE ( questiontype_id in(6) and model_id='189' )  [ RunTime:0.0001s ]
SQL: SELECT * FROM `maintenance_question` WHERE ( questiontype_id in(7) and model_id='189' )  [ RunTime:0.0001s ]
SQL: SELECT * FROM `maintenance_question` WHERE ( questiontype_id in(8) and model_id='189' )  [ RunTime:0.0001s ]
SQL: SELECT * FROM `maintenance_question` WHERE ( questiontype_id in(9) and model_id='189' )  [ RunTime:0.0001s ]
SQL: SELECT * FROM `maintenance_question` WHERE ( questiontype_id in(11) and model_id='189' )  [ RunTime:0.0001s ]
SQL: SELECT * FROM `maintenance_question` WHERE ( questiontype_id in(12) and model_id='189' )  [ RunTime:0.0001s ]
NOTIC: [8] Undefined variable: id /www/pj/Application/Home/Controller/IndexController.class.php 第 754 行.
NOTIC: [8] Undefined variable: tu /www/pj/Application/Home/Controller/IndexController.class.php 第 755 行.
INFO: [ view_parse ] --START--
INFO: [ template_filter ] --START--
INFO: Run Behavior\ContentReplaceBehavior [ RunTime:0.000066s ]
INFO: [ template_filter ] --END-- [ RunTime:0.000107s ]
INFO: Run Behavior\ParseTemplateBehavior [ RunTime:0.009047s ]
INFO: [ view_parse ] --END-- [ RunTime:0.009092s ]
INFO: [ view_filter ] --START--
INFO: Run Behavior\WriteHtmlCacheBehavior [ RunTime:0.000118s ]
INFO: Run Behavior\TokenBuildBehavior [ RunTime:0.000372s ]
INFO: [ view_filter ] --END-- [ RunTime:0.000547s ]
INFO: [ app_end ] --START--
INFO: Run Behavior\ShowPageTraceBehavior [ RunTime:0.000356s ]
INFO: [ app_end ] --END-- [ RunTime:0.000399s ]

[ 2016-09-08T22:12:48+08:00 ] 66.249.84.218 /Home/Index/mbr?question_id=8227&color_id=2&model_id=189
INFO: [ app_init ] --START--
INFO: Run Behavior\BuildLiteBehavior [ RunTime:0.000014s ]
INFO: [ app_init ] --END-- [ RunTime:0.000273s ]
INFO: [ app_begin ] --START--
INFO: Run Behavior\ReadHtmlCacheBehavior [ RunTime:0.000359s ]
INFO: [ app_begin ] --END-- [ RunTime:0.000397s ]
NOTIC: [8] Undefined index: id /www/pj/Application/Home/Controller/IndexController.class.php 第 768 行.
SQL: SHOW COLUMNS FROM `maintenance_color` [ RunTime:0.0005s ]
SQL: SELECT * FROM `maintenance_color` WHERE ( color_id='2' ) LIMIT 1   [ RunTime:0.0001s ]
SQL: SHOW COLUMNS FROM `maintenance_model` [ RunTime:0.0004s ]
SQL: SELECT * FROM `maintenance_model` WHERE ( model_id='189' ) LIMIT 1   [ RunTime:0.0001s ]
SQL: SHOW COLUMNS FROM `maintenance_question` [ RunTime:0.0003s ]
SQL: SELECT * FROM `maintenance_question` INNER JOIN maintenance_questiontype on maintenance_question.questiontype_id=maintenance_questiontype.questiontype_id INNER JOIN maintenance_plan on maintenance_question.plan_id=maintenance_plan.plan_id INNER JOIN maintenance_instructions on maintenance_plan.instructions_id=maintenance_instructions.instructions_id  WHERE ( question_id in (8227) )  [ RunTime:0.0001s ]
NOTIC: [8] Undefined variable: b /www/pj/Application/Home/Controller/IndexController.class.php 第 827 行.
NOTIC: [8] Undefined variable: a /www/pj/Application/Home/Controller/IndexController.class.php 第 827 行.
NOTIC: [8] Undefined variable: c /www/pj/Application/Home/Controller/IndexController.class.php 第 827 行.
NOTIC: [8] Undefined variable: d /www/pj/Application/Home/Controller/IndexController.class.php 第 827 行.
NOTIC: [8] Undefined variable: e /www/pj/Application/Home/Controller/IndexController.class.php 第 827 行.
NOTIC: [8] Undefined variable: f /www/pj/Application/Home/Controller/IndexController.class.php 第 827 行.
NOTIC: [8] Undefined variable: g /www/pj/Application/Home/Controller/IndexController.class.php 第 827 行.
NOTIC: [8] Undefined variable: i /www/pj/Application/Home/Controller/IndexController.class.php 第 827 行.
NOTIC: [8] Undefined variable: j /www/pj/Application/Home/Controller/IndexController.class.php 第 827 行.
SQL: SHOW COLUMNS FROM `maintenance_plan` [ RunTime:0.0004s ]
SQL: SELECT * FROM `maintenance_plan` INNER JOIN maintenance_instructions on maintenance_plan.instructions_id=maintenance_instructions.instructions_id  WHERE ( plan_id in (2572) )  [ RunTime:0.0001s ]
SQL: SELECT * FROM `maintenance_question` WHERE ( plan_id in (2572)and question_id in(8227) )  [ RunTime:0.0001s ]
SQL: SELECT * FROM `maintenance_plan` WHERE ( plan_id in (2572) )  [ RunTime:0.0001s ]
NOTIC: [8] Undefined variable: money /www/pj/Application/Home/Controller/IndexController.class.php 第 861 行.
INFO: [ view_parse ] --START--
INFO: [ template_filter ] --START--
INFO: Run Behavior\ContentReplaceBehavior [ RunTime:0.000031s ]
INFO: [ template_filter ] --END-- [ RunTime:0.000067s ]
INFO: Run Behavior\ParseTemplateBehavior [ RunTime:0.005998s ]
INFO: [ view_parse ] --END-- [ RunTime:0.006033s ]
INFO: [ view_filter ] --START--
INFO: Run Behavior\WriteHtmlCacheBehavior [ RunTime:0.000119s ]
INFO: Run Behavior\TokenBuildBehavior [ RunTime:0.000240s ]
INFO: [ view_filter ] --END-- [ RunTime:0.000409s ]
INFO: [ app_end ] --START--
INFO: Run Behavior\ShowPageTraceBehavior [ RunTime:0.000361s ]
INFO: [ app_end ] --END-- [ RunTime:0.000395s ]

[ 2016-09-08T22:39:32+08:00 ] 125.39.57.37 /
INFO: [ app_init ] --START--
INFO: Run Behavior\BuildLiteBehavior [ RunTime:0.000011s ]
INFO: [ app_init ] --END-- [ RunTime:0.000259s ]
INFO: [ app_begin ] --START--
INFO: Run Behavior\ReadHtmlCacheBehavior [ RunTime:0.000332s ]
INFO: [ app_begin ] --END-- [ RunTime:0.000374s ]
SQL: SHOW COLUMNS FROM `goods` [ RunTime:0.0006s ]
SQL: UPDATE `goods` SET `pingjiazt`='1',`stau`='6' WHERE (  (fk_time < '2016-08-24 22:39:32') and (stau='5') ) [ RunTime:0.0018s ]
SQL: SHOW COLUMNS FROM `pingjia` [ RunTime:0.0004s ]
SQL: SELECT * FROM `pingjia` INNER JOIN goods on pingjia.goods_id=goods.id INNER JOIN m_user on pingjia.user_id=m_user.user_id INNER JOIN maintenance_ways on goods.ways_id=maintenance_ways.ways_id  ORDER BY pingjia_id desc LIMIT 3   [ RunTime:0.0001s ]
INFO: [ view_parse ] --START--
INFO: [ template_filter ] --START--
INFO: Run Behavior\ContentReplaceBehavior [ RunTime:0.000122s ]
INFO: [ template_filter ] --END-- [ RunTime:0.000169s ]
INFO: Run Behavior\ParseTemplateBehavior [ RunTime:0.017640s ]
INFO: [ view_parse ] --END-- [ RunTime:0.017683s ]
INFO: [ view_filter ] --START--
INFO: Run Behavior\WriteHtmlCacheBehavior [ RunTime:0.000120s ]
INFO: Run Behavior\TokenBuildBehavior [ RunTime:0.007413s ]
INFO: [ view_filter ] --END-- [ RunTime:0.007595s ]
INFO: [ app_end ] --START--
INFO: Run Behavior\ShowPageTraceBehavior [ RunTime:0.000346s ]
INFO: [ app_end ] --END-- [ RunTime:0.000390s ]

[ 2016-09-08T22:39:32+08:00 ] 111.30.137.188 /
INFO: [ app_init ] --START--
INFO: Run Behavior\BuildLiteBehavior [ RunTime:0.000011s ]
INFO: [ app_init ] --END-- [ RunTime:0.000273s ]
INFO: [ app_begin ] --START--
INFO: Run Behavior\ReadHtmlCacheBehavior [ RunTime:0.000332s ]
INFO: [ app_begin ] --END-- [ RunTime:0.000374s ]
SQL: SHOW COLUMNS FROM `goods` [ RunTime:0.0006s ]
SQL: UPDATE `goods` SET `pingjiazt`='1',`stau`='6' WHERE (  (fk_time < '2016-08-24 22:39:32') and (stau='5') ) [ RunTime:0.0019s ]
SQL: SHOW COLUMNS FROM `pingjia` [ RunTime:0.0004s ]
SQL: SELECT * FROM `pingjia` INNER JOIN goods on pingjia.goods_id=goods.id INNER JOIN m_user on pingjia.user_id=m_user.user_id INNER JOIN maintenance_ways on goods.ways_id=maintenance_ways.ways_id  ORDER BY pingjia_id desc LIMIT 3   [ RunTime:0.0001s ]
INFO: [ view_parse ] --START--
INFO: [ template_filter ] --START--
INFO: Run Behavior\ContentReplaceBehavior [ RunTime:0.000102s ]
INFO: [ template_filter ] --END-- [ RunTime:0.000145s ]
INFO: Run Behavior\ParseTemplateBehavior [ RunTime:0.016037s ]
INFO: [ view_parse ] --END-- [ RunTime:0.016089s ]
INFO: [ view_filter ] --START--
INFO: Run Behavior\WriteHtmlCacheBehavior [ RunTime:0.000118s ]
INFO: Run Behavior\TokenBuildBehavior [ RunTime:0.000332s ]
INFO: [ view_filter ] --END-- [ RunTime:0.000509s ]
INFO: [ app_end ] --START--
INFO: Run Behavior\ShowPageTraceBehavior [ RunTime:0.000517s ]
INFO: [ app_end ] --END-- [ RunTime:0.000577s ]

[ 2016-09-08T22:39:33+08:00 ] 111.161.57.31 /home/index/wwxxcc1
INFO: [ app_init ] --START--
INFO: Run Behavior\BuildLiteBehavior [ RunTime:0.000013s ]
INFO: [ app_init ] --END-- [ RunTime:0.000267s ]
INFO: [ app_begin ] --START--
INFO: Run Behavior\ReadHtmlCacheBehavior [ RunTime:0.000334s ]
INFO: [ app_begin ] --END-- [ RunTime:0.000377s ]
SQL: SHOW COLUMNS FROM `config` [ RunTime:0.0005s ]
SQL: SELECT * FROM `config` WHERE `config_id` = 1 LIMIT 1   [ RunTime:0.0001s ]
INFO: [ view_parse ] --START--
INFO: [ template_filter ] --START--
INFO: Run Behavior\ContentReplaceBehavior [ RunTime:0.000083s ]
INFO: [ template_filter ] --END-- [ RunTime:0.000135s ]
INFO: Run Behavior\ParseTemplateBehavior [ RunTime:0.009366s ]
INFO: [ view_parse ] --END-- [ RunTime:0.009422s ]
INFO: [ view_filter ] --START--
INFO: Run Behavior\WriteHtmlCacheBehavior [ RunTime:0.000119s ]
INFO: Run Behavior\TokenBuildBehavior [ RunTime:0.000353s ]
INFO: [ view_filter ] --END-- [ RunTime:0.000530s ]
INFO: [ app_end ] --START--
INFO: Run Behavior\ShowPageTraceBehavior [ RunTime:0.000354s ]
INFO: [ app_end ] --END-- [ RunTime:0.000397s ]

[ 2016-09-08T22:39:59+08:00 ] 111.161.57.31 /home/index/wwxxcc1
INFO: [ app_init ] --START--
INFO: Run Behavior\BuildLiteBehavior [ RunTime:0.000013s ]
INFO: [ app_init ] --END-- [ RunTime:0.000299s ]
INFO: [ app_begin ] --START--
INFO: Run Behavior\ReadHtmlCacheBehavior [ RunTime:0.000379s ]
INFO: [ app_begin ] --END-- [ RunTime:0.000422s ]
SQL: SHOW COLUMNS FROM `config` [ RunTime:0.0005s ]
SQL: SELECT * FROM `config` WHERE `config_id` = 1 LIMIT 1   [ RunTime:0.0002s ]
INFO: [ view_parse ] --START--
INFO: [ template_filter ] --START--
INFO: Run Behavior\ContentReplaceBehavior [ RunTime:0.000086s ]
INFO: [ template_filter ] --END-- [ RunTime:0.000153s ]
INFO: Run Behavior\ParseTemplateBehavior [ RunTime:0.009188s ]
INFO: [ view_parse ] --END-- [ RunTime:0.009244s ]
INFO: [ view_filter ] --START--
INFO: Run Behavior\WriteHtmlCacheBehavior [ RunTime:0.000118s ]
INFO: Run Behavior\TokenBuildBehavior [ RunTime:0.000344s ]
INFO: [ view_filter ] --END-- [ RunTime:0.000522s ]
INFO: [ app_end ] --START--
INFO: Run Behavior\ShowPageTraceBehavior [ RunTime:0.000358s ]
INFO: [ app_end ] --END-- [ RunTime:0.000401s ]

[ 2016-09-08T22:40:55+08:00 ] 66.249.69.165 /Home/Index/ajaxp?brand_id=7
INFO: [ app_init ] --START--
INFO: Run Behavior\BuildLiteBehavior [ RunTime:0.000013s ]
INFO: [ app_init ] --END-- [ RunTime:0.000293s ]
INFO: [ app_begin ] --START--
INFO: Run Behavior\ReadHtmlCacheBehavior [ RunTime:0.000331s ]
INFO: [ app_begin ] --END-- [ RunTime:0.000370s ]
NOTIC: [8] Undefined index: id /www/pj/Application/Home/Controller/IndexController.class.php 第 705 行.
NOTIC: [8] Undefined variable: gid /www/pj/Application/Home/Controller/IndexController.class.php 第 706 行.
SQL: SHOW COLUMNS FROM `maintenance_model` [ RunTime:0.0005s ]
SQL: SHOW COLUMNS FROM `maintenance_color` [ RunTime:0.0003s ]
SQL: SELECT * FROM `maintenance_model` WHERE ( brand_id='7' ) ORDER BY pai_id  [ RunTime:0.0006s ]
SQL: SELECT * FROM `maintenance_color` WHERE ( color_id in(1,2,10,33) )  [ RunTime:0.0001s ]
SQL: SELECT * FROM `maintenance_color` WHERE ( color_id in(1,2,10,33) )  [ RunTime:0.0001s ]
SQL: SELECT * FROM `maintenance_color` WHERE ( color_id in(1,2,28) )  [ RunTime:0.0001s ]
SQL: SELECT * FROM `maintenance_color` WHERE ( color_id in(1,2,28) )  [ RunTime:0.0001s ]
SQL: SELECT * FROM `maintenance_color` WHERE ( color_id in(1,2,28) )  [ RunTime:0.0001s ]
SQL: SELECT * FROM `maintenance_color` WHERE ( color_id in(1,2,28) )  [ RunTime:0.0001s ]
SQL: SELECT * FROM `maintenance_color` WHERE ( color_id in(1,2,10,25) )  [ RunTime:0.0001s ]
NOTIC: [8] Undefined variable: tu /www/pj/Application/Home/Controller/IndexController.class.php 第 720 行.
INFO: [ view_parse ] --START--
INFO: [ template_filter ] --START--
INFO: Run Behavior\ContentReplaceBehavior [ RunTime:0.000031s ]
INFO: [ template_filter ] --END-- [ RunTime:0.000068s ]
INFO: Run Behavior\ParseTemplateBehavior [ RunTime:0.006965s ]
INFO: [ view_parse ] --END-- [ RunTime:0.007003s ]
INFO: [ view_filter ] --START--
INFO: Run Behavior\WriteHtmlCacheBehavior [ RunTime:0.000118s ]
INFO: Run Behavior\TokenBuildBehavior [ RunTime:0.000269s ]
INFO: [ view_filter ] --END-- [ RunTime:0.000437s ]
INFO: [ app_end ] --START--
INFO: Run Behavior\ShowPageTraceBehavior [ RunTime:0.000380s ]
INFO: [ app_end ] --END-- [ RunTime:0.000414s ]

[ 2016-09-08T23:28:28+08:00 ] 211.99.144.199 /
INFO: [ app_init ] --START--
INFO: Run Behavior\BuildLiteBehavior [ RunTime:0.000016s ]
INFO: [ app_init ] --END-- [ RunTime:0.000338s ]
INFO: [ app_begin ] --START--
INFO: Run Behavior\ReadHtmlCacheBehavior [ RunTime:0.000357s ]
INFO: [ app_begin ] --END-- [ RunTime:0.000401s ]
SQL: SHOW COLUMNS FROM `goods` [ RunTime:0.0007s ]
SQL: UPDATE `goods` SET `pingjiazt`='1',`stau`='6' WHERE (  (fk_time < '2016-08-24 23:28:28') and (stau='5') ) [ RunTime:0.0017s ]
SQL: SHOW COLUMNS FROM `pingjia` [ RunTime:0.0003s ]
SQL: SELECT * FROM `pingjia` INNER JOIN goods on pingjia.goods_id=goods.id INNER JOIN m_user on pingjia.user_id=m_user.user_id INNER JOIN maintenance_ways on goods.ways_id=maintenance_ways.ways_id  ORDER BY pingjia_id desc LIMIT 3   [ RunTime:0.0002s ]
INFO: [ view_parse ] --START--
INFO: [ template_filter ] --START--
INFO: Run Behavior\ContentReplaceBehavior [ RunTime:0.000111s ]
INFO: [ template_filter ] --END-- [ RunTime:0.000164s ]
INFO: Run Behavior\ParseTemplateBehavior [ RunTime:0.009862s ]
INFO: [ view_parse ] --END-- [ RunTime:0.009903s ]
INFO: [ view_filter ] --START--
INFO: Run Behavior\WriteHtmlCacheBehavior [ RunTime:0.000117s ]
INFO: Run Behavior\TokenBuildBehavior [ RunTime:0.000345s ]
INFO: [ view_filter ] --END-- [ RunTime:0.000520s ]
INFO: [ app_end ] --START--
INFO: Run Behavior\ShowPageTraceBehavior [ RunTime:0.000366s ]
INFO: [ app_end ] --END-- [ RunTime:0.000407s ]

[ 2016-09-08T23:30:13+08:00 ] 142.4.218.201 /
INFO: [ app_init ] --START--
INFO: Run Behavior\BuildLiteBehavior [ RunTime:0.000013s ]
INFO: [ app_init ] --END-- [ RunTime:0.000268s ]
INFO: [ app_begin ] --START--
INFO: Run Behavior\ReadHtmlCacheBehavior [ RunTime:0.000354s ]
INFO: [ app_begin ] --END-- [ RunTime:0.000397s ]
SQL: SHOW COLUMNS FROM `goods` [ RunTime:0.0007s ]
SQL: UPDATE `goods` SET `pingjiazt`='1',`stau`='6' WHERE (  (fk_time < '2016-08-24 23:30'6'3') and (stau='5') ) [ RunTime:0.0018s ]
SQL: SHOW COLUMNS FROM `pingjia` [ RunTime:0.0004s ]
SQL: SELECT * FROM `pingjia` INNER JOIN goods on pingjia.goods_id=goods.id INNER JOIN m_user on pingjia.user_id=m_user.user_id INNER JOIN maintenance_ways on goods.ways_id=maintenance_ways.ways_id  ORDER BY pingjia_id desc LIMIT 3   [ RunTime:0.0002s ]
INFO: [ view_parse ] --START--
INFO: [ template_filter ] --START--
INFO: Run Behavior\ContentReplaceBehavior [ RunTime:0.000120s ]
INFO: [ template_filter ] --END-- [ RunTime:0.000162s ]
INFO: Run Behavior\ParseTemplateBehavior [ RunTime:0.009839s ]
INFO: [ view_parse ] --END-- [ RunTime:0.009882s ]
INFO: [ view_filter ] --START--
INFO: Run Behavior\WriteHtmlCacheBehavior [ RunTime:0.000116s ]
INFO: Run Behavior\TokenBuildBehavior [ RunTime:0.000362s ]
INFO: [ view_filter ] --END-- [ RunTime:0.000535s ]

[ 2016-09-08T23:30:17+08:00 ] 142.4.218.201 /
INFO: [ app_init ] --START--
INFO: Run Behavior\BuildLiteBehavior [ RunTime:0.000013s ]
INFO: [ app_init ] --END-- [ RunTime:0.000291s ]
INFO: [ app_begin ] --START--
INFO: Run Behavior\ReadHtmlCacheBehavior [ RunTime:0.000329s ]
INFO: [ app_begin ] --END-- [ RunTime:0.000373s ]
SQL: SHOW COLUMNS FROM `goods` [ RunTime:0.0007s ]
SQL: UPDATE `goods` SET `pingjiazt`='1',`stau`='6' WHERE (  (fk_time < '2016-08-24 23:30'6'7') and (stau='5') ) [ RunTime:0.0018s ]
SQL: SHOW COLUMNS FROM `pingjia` [ RunTime:0.0003s ]
SQL: SELECT * FROM `pingjia` INNER JOIN goods on pingjia.goods_id=goods.id INNER JOIN m_user on pingjia.user_id=m_user.user_id INNER JOIN maintenance_ways on goods.ways_id=maintenance_ways.ways_id  ORDER BY pingjia_id desc LIMIT 3   [ RunTime:0.0002s ]
INFO: [ view_parse ] --START--
INFO: [ template_filter ] --START--
INFO: Run Behavior\ContentReplaceBehavior [ RunTime:0.000096s ]
INFO: [ template_filter ] --END-- [ RunTime:0.000136s ]
INFO: Run Behavior\ParseTemplateBehavior [ RunTime:0.009735s ]
INFO: [ view_parse ] --END-- [ RunTime:0.009773s ]
INFO: [ view_filter ] --START--
INFO: Run Behavior\WriteHtmlCacheBehavior [ RunTime:0.000133s ]
INFO: Run Behavior\TokenBuildBehavior [ RunTime:0.000330s ]
INFO: [ view_filter ] --END-- [ RunTime:0.000519s ]

[ 2016-09-08T23:31:46+08:00 ] 171.8.167.74 /
INFO: [ app_init ] --START--
INFO: Run Behavior\BuildLiteBehavior [ RunTime:0.000013s ]
INFO: [ app_init ] --END-- [ RunTime:0.000269s ]
INFO: [ app_begin ] --START--
INFO: Run Behavior\ReadHtmlCacheBehavior [ RunTime:0.000354s ]
INFO: [ app_begin ] --END-- [ RunTime:0.000395s ]
SQL: SHOW COLUMNS FROM `goods` [ RunTime:0.0008s ]
SQL: UPDATE `goods` SET `pingjiazt`='1',`stau`='6' WHERE (  (fk_time < '2016-08-24 23:31:46') and (stau='5') ) [ RunTime:0.0017s ]
SQL: SHOW COLUMNS FROM `pingjia` [ RunTime:0.0004s ]
SQL: SELECT * FROM `pingjia` INNER JOIN goods on pingjia.goods_id=goods.id INNER JOIN m_user on pingjia.user_id=m_user.user_id INNER JOIN maintenance_ways on goods.ways_id=maintenance_ways.ways_id  ORDER BY pingjia_id desc LIMIT 3   [ RunTime:0.0002s ]
INFO: [ view_parse ] --START--
INFO: [ template_filter ] --START--
INFO: Run Behavior\ContentReplaceBehavior [ RunTime:0.000101s ]
INFO: [ template_filter ] --END-- [ RunTime:0.000159s ]
INFO: Run Behavior\ParseTemplateBehavior [ RunTime:0.009928s ]
INFO: [ view_parse ] --END-- [ RunTime:0.009968s ]
INFO: [ view_filter ] --START--
INFO: Run Behavior\WriteHtmlCacheBehavior [ RunTime:0.000117s ]
INFO: Run Behavior\TokenBuildBehavior [ RunTime:0.000359s ]
INFO: [ view_filter ] --END-- [ RunTime:0.000532s ]
INFO: [ app_end ] --START--
INFO: Run Behavior\ShowPageTraceBehavior [ RunTime:0.000343s ]
INFO: [ app_end ] --END-- [ RunTime:0.000393s ]

[ 2016-09-08T23:32:02+08:00 ] 59.56.69.195 /
INFO: [ app_init ] --START--
INFO: Run Behavior\BuildLiteBehavior [ RunTime:0.000013s ]
INFO: [ app_init ] --END-- [ RunTime:0.000267s ]
INFO: [ app_begin ] --START--
INFO: Run Behavior\ReadHtmlCacheBehavior [ RunTime:0.000357s ]
INFO: [ app_begin ] --END-- [ RunTime:0.000401s ]
SQL: SHOW COLUMNS FROM `goods` [ RunTime:0.0007s ]
SQL: UPDATE `goods` SET `pingjiazt`='1',`stau`='6' WHERE (  (fk_time < '2016-08-24 23:32'1'2') and (stau='5') ) [ RunTime:0.0018s ]
SQL: SHOW COLUMNS FROM `pingjia` [ RunTime:0.0004s ]
SQL: SELECT * FROM `pingjia` INNER JOIN goods on pingjia.goods_id=goods.id INNER JOIN m_user on pingjia.user_id=m_user.user_id INNER JOIN maintenance_ways on goods.ways_id=maintenance_ways.ways_id  ORDER BY pingjia_id desc LIMIT 3   [ RunTime:0.0002s ]
INFO: [ view_parse ] --START--
INFO: [ template_filter ] --START--
INFO: Run Behavior\ContentReplaceBehavior [ RunTime:0.000096s ]
INFO: [ template_filter ] --END-- [ RunTime:0.000137s ]
INFO: Run Behavior\ParseTemplateBehavior [ RunTime:0.010022s ]
INFO: [ view_parse ] --END-- [ RunTime:0.010066s ]
INFO: [ view_filter ] --START--
INFO: Run Behavior\WriteHtmlCacheBehavior [ RunTime:0.000114s ]
INFO: Run Behavior\TokenBuildBehavior [ RunTime:0.000372s ]
INFO: [ view_filter ] --END-- [ RunTime:0.000544s ]
INFO: 
INFO: 
INFO: 

[ 2016-09-08T23:32:02+08:00 ] 59.56.69.195 /
INFO: [ app_init ] --START--
INFO: Run Behavior\BuildLiteBehavior [ RunTime:0.000013s ]
INFO: [ app_init ] --END-- [ RunTime:0.000271s ]
INFO: [ app_begin ] --START--
INFO: Run Behavior\ReadHtmlCacheBehavior [ RunTime:0.000405s ]
INFO: [ app_begin ] --END-- [ RunTime:0.000449s ]
SQL: SHOW COLUMNS FROM `goods` [ RunTime:0.0007s ]
SQL: UPDATE `goods` SET `pingjiazt`='1',`stau`='6' WHERE (  (fk_time < '2016-08-24 23:32'1'2') and (stau='5') ) [ RunTime:0.0019s ]
SQL: SHOW COLUMNS FROM `pingjia` [ RunTime:0.0005s ]
SQL: SELECT * FROM `pingjia` INNER JOIN goods on pingjia.goods_id=goods.id INNER JOIN m_user on pingjia.user_id=m_user.user_id INNER JOIN maintenance_ways on goods.ways_id=maintenance_ways.ways_id  ORDER BY pingjia_id desc LIMIT 3   [ RunTime:0.0002s ]
INFO: [ view_parse ] --START--
INFO: [ template_filter ] --START--
INFO: Run Behavior\ContentReplaceBehavior [ RunTime:0.000099s ]
INFO: [ template_filter ] --END-- [ RunTime:0.000145s ]
INFO: Run Behavior\ParseTemplateBehavior [ RunTime:0.010042s ]
INFO: [ view_parse ] --END-- [ RunTime:0.010084s ]
INFO: [ view_filter ] --START--
INFO: Run Behavior\WriteHtmlCacheBehavior [ RunTime:0.000117s ]
INFO: Run Behavior\TokenBuildBehavior [ RunTime:0.000366s ]
INFO: [ view_filter ] --END-- [ RunTime:0.000543s ]
INFO: 
INFO: 
INFO: 

[ 2016-09-08T23:32:07+08:00 ] 111.20.248.74 /
INFO: [ app_init ] --START--
INFO: Run Behavior\BuildLiteBehavior [ RunTime:0.000012s ]
INFO: [ app_init ] --END-- [ RunTime:0.000268s ]
INFO: [ app_begin ] --START--
INFO: Run Behavior\ReadHtmlCacheBehavior [ RunTime:0.000328s ]
INFO: [ app_begin ] --END-- [ RunTime:0.000371s ]
SQL: SHOW COLUMNS FROM `goods` [ RunTime:0.0007s ]
SQL: UPDATE `goods` SET `pingjiazt`='1',`stau`='6' WHERE (  (fk_time < '2016-08-24 23:32'1'7') and (stau='5') ) [ RunTime:0.0016s ]
SQL: SHOW COLUMNS FROM `pingjia` [ RunTime:0.0004s ]
SQL: SELECT * FROM `pingjia` INNER JOIN goods on pingjia.goods_id=goods.id INNER JOIN m_user on pingjia.user_id=m_user.user_id INNER JOIN maintenance_ways on goods.ways_id=maintenance_ways.ways_id  ORDER BY pingjia_id desc LIMIT 3   [ RunTime:0.0001s ]
INFO: [ view_parse ] --START--
INFO: [ template_filter ] --START--
INFO: Run Behavior\ContentReplaceBehavior [ RunTime:0.000114s ]
INFO: [ template_filter ] --END-- [ RunTime:0.000155s ]
INFO: Run Behavior\ParseTemplateBehavior [ RunTime:0.009857s ]
INFO: [ view_parse ] --END-- [ RunTime:0.009897s ]
INFO: [ view_filter ] --START--
INFO: Run Behavior\WriteHtmlCacheBehavior [ RunTime:0.000114s ]
INFO: Run Behavior\TokenBuildBehavior [ RunTime:0.000372s ]
INFO: [ view_filter ] --END-- [ RunTime:0.000545s ]
INFO: 
INFO: 
INFO: 

[ 2016-09-08T23:32:07+08:00 ] 111.20.248.74 /
INFO: [ app_init ] --START--
INFO: Run Behavior\BuildLiteBehavior [ RunTime:0.000011s ]
INFO: [ app_init ] --END-- [ RunTime:0.000258s ]
INFO: [ app_begin ] --START--
INFO: Run Behavior\ReadHtmlCacheBehavior [ RunTime:0.000330s ]
INFO: [ app_begin ] --END-- [ RunTime:0.000393s ]
SQL: SHOW COLUMNS FROM `goods` [ RunTime:0.0007s ]
SQL: UPDATE `goods` SET `pingjiazt`='1',`stau`='6' WHERE (  (fk_time < '2016-08-24 23:32'1'7') and (stau='5') ) [ RunTime:0.0016s ]
SQL: SHOW COLUMNS FROM `pingjia` [ RunTime:0.0004s ]
SQL: SELECT * FROM `pingjia` INNER JOIN goods on pingjia.goods_id=goods.id INNER JOIN m_user on pingjia.user_id=m_user.user_id INNER JOIN maintenance_ways on goods.ways_id=maintenance_ways.ways_id  ORDER BY pingjia_id desc LIMIT 3   [ RunTime:0.0001s ]
INFO: [ view_parse ] --START--
INFO: [ template_filter ] --START--
INFO: Run Behavior\ContentReplaceBehavior [ RunTime:0.000097s ]
INFO: [ template_filter ] --END-- [ RunTime:0.000137s ]
INFO: Run Behavior\ParseTemplateBehavior [ RunTime:0.010023s ]
INFO: [ view_parse ] --END-- [ RunTime:0.010062s ]
INFO: [ view_filter ] --START--
INFO: Run Behavior\WriteHtmlCacheBehavior [ RunTime:0.000114s ]
INFO: Run Behavior\TokenBuildBehavior [ RunTime:0.000369s ]
INFO: [ view_filter ] --END-- [ RunTime:0.000542s ]
INFO: 
INFO: 
INFO: 

[ 2016-09-08T23:32:17+08:00 ] 101.199.108.119 /
INFO: [ app_init ] --START--
INFO: Run Behavior\BuildLiteBehavior [ RunTime:0.000013s ]
INFO: [ app_init ] --END-- [ RunTime:0.000268s ]
INFO: [ app_begin ] --START--
INFO: Run Behavior\ReadHtmlCacheBehavior [ RunTime:0.000381s ]
INFO: [ app_begin ] --END-- [ RunTime:0.000432s ]
SQL: SHOW COLUMNS FROM `goods` [ RunTime:0.0007s ]
SQL: UPDATE `goods` SET `pingjiazt`='1',`stau`='6' WHERE (  (fk_time < '2016-08-24 23:32'6'7') and (stau='5') ) [ RunTime:0.0017s ]
SQL: SHOW COLUMNS FROM `pingjia` [ RunTime:0.0004s ]
SQL: SELECT * FROM `pingjia` INNER JOIN goods on pingjia.goods_id=goods.id INNER JOIN m_user on pingjia.user_id=m_user.user_id INNER JOIN maintenance_ways on goods.ways_id=maintenance_ways.ways_id  ORDER BY pingjia_id desc LIMIT 3   [ RunTime:0.0001s ]
INFO: [ view_parse ] --START--
INFO: [ template_filter ] --START--
INFO: Run Behavior\ContentReplaceBehavior [ RunTime:0.000114s ]
INFO: [ template_filter ] --END-- [ RunTime:0.000154s ]
INFO: Run Behavior\ParseTemplateBehavior [ RunTime:0.009962s ]
INFO: [ view_parse ] --END-- [ RunTime:0.010001s ]
INFO: [ view_filter ] --START--
INFO: Run Behavior\WriteHtmlCacheBehavior [ RunTime:0.000114s ]
INFO: Run Behavior\TokenBuildBehavior [ RunTime:0.000358s ]
INFO: [ view_filter ] --END-- [ RunTime:0.000528s ]
INFO: [ app_end ] --START--
INFO: Run Behavior\ShowPageTraceBehavior [ RunTime:0.000352s ]
INFO: [ app_end ] --END-- [ RunTime:0.000392s ]

[ 2016-09-08T23:32:25+08:00 ] 103.242.202.196 /
INFO: [ app_init ] --START--
INFO: Run Behavior\BuildLiteBehavior [ RunTime:0.000013s ]
INFO: [ app_init ] --END-- [ RunTime:0.000269s ]
INFO: [ app_begin ] --START--
INFO: Run Behavior\ReadHtmlCacheBehavior [ RunTime:0.000328s ]
INFO: [ app_begin ] --END-- [ RunTime:0.000371s ]
SQL: SHOW COLUMNS FROM `goods` [ RunTime:0.0007s ]
SQL: UPDATE `goods` SET `pingjiazt`='1',`stau`='6' WHERE (  (fk_time < '2016-08-24 23:32:25') and (stau='5') ) [ RunTime:0.0017s ]
SQL: SHOW COLUMNS FROM `pingjia` [ RunTime:0.0004s ]
SQL: SELECT * FROM `pingjia` INNER JOIN goods on pingjia.goods_id=goods.id INNER JOIN m_user on pingjia.user_id=m_user.user_id INNER JOIN maintenance_ways on goods.ways_id=maintenance_ways.ways_id  ORDER BY pingjia_id desc LIMIT 3   [ RunTime:0.0002s ]
INFO: [ view_parse ] --START--
INFO: [ template_filter ] --START--
INFO: Run Behavior\ContentReplaceBehavior [ RunTime:0.000103s ]
INFO: [ template_filter ] --END-- [ RunTime:0.000143s ]
INFO: Run Behavior\ParseTemplateBehavior [ RunTime:0.009883s ]
INFO: [ view_parse ] --END-- [ RunTime:0.009923s ]
INFO: [ view_filter ] --START--
INFO: Run Behavior\WriteHtmlCacheBehavior [ RunTime:0.000114s ]
INFO: Run Behavior\TokenBuildBehavior [ RunTime:0.000349s ]
INFO: [ view_filter ] --END-- [ RunTime:0.000521s ]
INFO: 
INFO: 
INFO: 

[ 2016-09-08T23:42:26+08:00 ] 211.103.82.190 /
INFO: [ app_init ] --START--
INFO: Run Behavior\BuildLiteBehavior [ RunTime:0.000013s ]
INFO: [ app_init ] --END-- [ RunTime:0.000266s ]
INFO: [ app_begin ] --START--
INFO: Run Behavior\ReadHtmlCacheBehavior [ RunTime:0.000359s ]
INFO: [ app_begin ] --END-- [ RunTime:0.000401s ]
SQL: SHOW COLUMNS FROM `goods` [ RunTime:0.0008s ]
SQL: UPDATE `goods` SET `pingjiazt`='1',`stau`='6' WHERE (  (fk_time < '2016-08-24 23:42:26') and (stau='5') ) [ RunTime:0.0017s ]
SQL: SHOW COLUMNS FROM `pingjia` [ RunTime:0.0003s ]
SQL: SELECT * FROM `pingjia` INNER JOIN goods on pingjia.goods_id=goods.id INNER JOIN m_user on pingjia.user_id=m_user.user_id INNER JOIN maintenance_ways on goods.ways_id=maintenance_ways.ways_id  ORDER BY pingjia_id desc LIMIT 3   [ RunTime:0.0001s ]
INFO: [ view_parse ] --START--
INFO: [ template_filter ] --START--
INFO: Run Behavior\ContentReplaceBehavior [ RunTime:0.000101s ]
INFO: [ template_filter ] --END-- [ RunTime:0.000151s ]
INFO: Run Behavior\ParseTemplateBehavior [ RunTime:0.010011s ]
INFO: [ view_parse ] --END-- [ RunTime:0.010052s ]
INFO: [ view_filter ] --START--
INFO: Run Behavior\WriteHtmlCacheBehavior [ RunTime:0.000116s ]
INFO: Run Behavior\TokenBuildBehavior [ RunTime:0.000337s ]
INFO: [ view_filter ] --END-- [ RunTime:0.000512s ]
INFO: [ app_end ] --START--
INFO: Run Behavior\ShowPageTraceBehavior [ RunTime:0.000370s ]
INFO: [ app_end ] --END-- [ RunTime:0.000412s ]

