[ 2016-05-19T19:17:06+08:00 ] 127.0.0.1 /ceshi/yu1/index.php
INFO: [ app_init ] --START--
INFO: Run Behavior\BuildLiteBehavior [ RunTime:0.000013s ]
INFO: [ app_init ] --END-- [ RunTime:0.000431s ]
INFO: [ app_begin ] --START--
INFO: Run Behavior\ReadHtmlCacheBehavior [ RunTime:0.001210s ]
INFO: [ app_begin ] --END-- [ RunTime:0.001306s ]
SQL: SHOW COLUMNS FROM `maintenance_type` [ RunTime:0.0022s ]
SQL: SELECT * FROM `maintenance_type`  [ RunTime:0.0008s ]
SQL: SHOW COLUMNS FROM `maintenance_brand` [ RunTime:0.0020s ]
SQL: SELECT * FROM `maintenance_brand`  [ RunTime:0.0008s ]
SQL: SHOW COLUMNS FROM `maintenance_model` [ RunTime:0.0020s ]
SQL: SHOW COLUMNS FROM `maintenance_color` [ RunTime:0.0025s ]
SQL: SELECT * FROM `maintenance_model`  [ RunTime:0.0009s ]
SQL: SELECT * FROM `maintenance_color` WHERE ( color_id in(1,2,3,5) )  [ RunTime:0.0003s ]
SQL: SELECT * FROM `maintenance_color` WHERE ( color_id in(1,2,3) )  [ RunTime:0.0003s ]
SQL: SELECT * FROM `maintenance_color` WHERE ( color_id in(1,2,3) )  [ RunTime:0.0002s ]
SQL: SELECT * FROM `maintenance_color` WHERE ( color_id in(1,2,3,4) )  [ RunTime:0.0002s ]
SQL: SELECT * FROM `maintenance_color` WHERE ( color_id in(1,2,3) )  [ RunTime:0.0002s ]
SQL: SELECT * FROM `maintenance_color` WHERE ( color_id in(1,2,3,4) )  [ RunTime:0.0002s ]
SQL: SELECT * FROM `maintenance_color` WHERE ( color_id in(1,2,3) )  [ RunTime:0.0002s ]
SQL: SELECT * FROM `maintenance_color` WHERE ( color_id in(1,2,3) )  [ RunTime:0.0002s ]
SQL: SELECT * FROM `maintenance_color` WHERE ( color_id in(1,2,3) )  [ RunTime:0.0002s ]
SQL: SELECT * FROM `maintenance_color` WHERE ( color_id in(1,2,3) )  [ RunTime:0.0002s ]
INFO: [ view_parse ] --START--
INFO: [ template_filter ] --START--
INFO: Run Behavior\ContentReplaceBehavior [ RunTime:0.000032s ]
INFO: [ template_filter ] --END-- [ RunTime:0.000074s ]
INFO: Run Behavior\ParseTemplateBehavior [ RunTime:0.008900s ]
INFO: [ view_parse ] --END-- [ RunTime:0.008952s ]
INFO: [ view_filter ] --START--
INFO: Run Behavior\WriteHtmlCacheBehavior [ RunTime:0.000498s ]
INFO: [ view_filter ] --END-- [ RunTime:0.000527s ]
INFO: [ app_end ] --START--
INFO: Run Behavior\ShowPageTraceBehavior [ RunTime:0.000712s ]
INFO: [ app_end ] --END-- [ RunTime:0.000745s ]

[ 2016-05-19T19:17:08+08:00 ] 127.0.0.1 /ceshi/yu1/index.php/Home/Index/wenti/ide/1/color_name/%E7%99%BD%E8%89%B2
INFO: [ app_init ] --START--
INFO: Run Behavior\BuildLiteBehavior [ RunTime:0.000013s ]
INFO: [ app_init ] --END-- [ RunTime:0.000392s ]
INFO: [ app_begin ] --START--
INFO: Run Behavior\ReadHtmlCacheBehavior [ RunTime:0.001049s ]
INFO: [ app_begin ] --END-- [ RunTime:0.001186s ]
SQL: SHOW COLUMNS FROM `maintenance_model` [ RunTime:0.0027s ]
SQL: SELECT * FROM `maintenance_model` WHERE ( model_id='1' )  [ RunTime:0.0007s ]
SQL: SHOW COLUMNS FROM `maintenance_questiontype` [ RunTime:0.0028s ]
SQL: SHOW COLUMNS FROM `maintenance_question` [ RunTime:0.0025s ]
SQL: SELECT * FROM `maintenance_questiontype` WHERE ( questiontype_id in(1,2,3,4,5,6,7,8,9,10,11,12) )  [ RunTime:0.0008s ]
SQL: SELECT * FROM `maintenance_question` WHERE ( questiontype_id in(1) )  [ RunTime:0.0004s ]
SQL: SELECT * FROM `maintenance_question` WHERE ( questiontype_id in(2) )  [ RunTime:0.0003s ]
SQL: SELECT * FROM `maintenance_question` WHERE ( questiontype_id in(3) )  [ RunTime:0.0003s ]
SQL: SELECT * FROM `maintenance_question` WHERE ( questiontype_id in(4) )  [ RunTime:0.0003s ]
SQL: SELECT * FROM `maintenance_question` WHERE ( questiontype_id in(5) )  [ RunTime:0.0003s ]
SQL: SELECT * FROM `maintenance_question` WHERE ( questiontype_id in(6) )  [ RunTime:0.0003s ]
SQL: SELECT * FROM `maintenance_question` WHERE ( questiontype_id in(7) )  [ RunTime:0.0003s ]
SQL: SELECT * FROM `maintenance_question` WHERE ( questiontype_id in(8) )  [ RunTime:0.0003s ]
SQL: SELECT * FROM `maintenance_question` WHERE ( questiontype_id in(9) )  [ RunTime:0.0003s ]
SQL: SELECT * FROM `maintenance_question` WHERE ( questiontype_id in(10) )  [ RunTime:0.0003s ]
SQL: SELECT * FROM `maintenance_question` WHERE ( questiontype_id in(11) )  [ RunTime:0.0003s ]
SQL: SELECT * FROM `maintenance_question` WHERE ( questiontype_id in(12) )  [ RunTime:0.0003s ]
INFO: [ view_parse ] --START--
INFO: [ template_filter ] --START--
INFO: Run Behavior\ContentReplaceBehavior [ RunTime:0.000032s ]
INFO: [ template_filter ] --END-- [ RunTime:0.000119s ]
INFO: Run Behavior\ParseTemplateBehavior [ RunTime:0.008089s ]
INFO: [ view_parse ] --END-- [ RunTime:0.008148s ]
INFO: [ view_filter ] --START--
INFO: Run Behavior\WriteHtmlCacheBehavior [ RunTime:0.000367s ]
INFO: [ view_filter ] --END-- [ RunTime:0.000403s ]
INFO: [ app_end ] --START--
INFO: Run Behavior\ShowPageTraceBehavior [ RunTime:0.000619s ]
INFO: [ app_end ] --END-- [ RunTime:0.000651s ]

[ 2016-05-19T19:18:49+08:00 ] 127.0.0.1 /ceshi/yu1/index.php
INFO: [ app_init ] --START--
INFO: Run Behavior\BuildLiteBehavior [ RunTime:0.000017s ]
INFO: [ app_init ] --END-- [ RunTime:0.000451s ]
INFO: [ app_begin ] --START--
INFO: Run Behavior\ReadHtmlCacheBehavior [ RunTime:0.000902s ]
INFO: [ app_begin ] --END-- [ RunTime:0.001026s ]
SQL: SHOW COLUMNS FROM `maintenance_type` [ RunTime:0.0040s ]
SQL: SELECT * FROM `maintenance_type`  [ RunTime:0.0011s ]
SQL: SHOW COLUMNS FROM `maintenance_brand` [ RunTime:0.0022s ]
SQL: SELECT * FROM `maintenance_brand`  [ RunTime:0.0008s ]
SQL: SHOW COLUMNS FROM `maintenance_model` [ RunTime:0.0020s ]
SQL: SHOW COLUMNS FROM `maintenance_color` [ RunTime:0.0023s ]
SQL: SELECT * FROM `maintenance_model`  [ RunTime:0.0009s ]
SQL: SELECT * FROM `maintenance_color` WHERE ( color_id in(1,2,3,5) )  [ RunTime:0.0003s ]
SQL: SELECT * FROM `maintenance_color` WHERE ( color_id in(1,2,3) )  [ RunTime:0.0003s ]
SQL: SELECT * FROM `maintenance_color` WHERE ( color_id in(1,2,3) )  [ RunTime:0.0002s ]
SQL: SELECT * FROM `maintenance_color` WHERE ( color_id in(1,2,3,4) )  [ RunTime:0.0003s ]
SQL: SELECT * FROM `maintenance_color` WHERE ( color_id in(1,2,3) )  [ RunTime:0.0002s ]
SQL: SELECT * FROM `maintenance_color` WHERE ( color_id in(1,2,3,4) )  [ RunTime:0.0003s ]
SQL: SELECT * FROM `maintenance_color` WHERE ( color_id in(1,2,3) )  [ RunTime:0.0004s ]
SQL: SELECT * FROM `maintenance_color` WHERE ( color_id in(1,2,3) )  [ RunTime:0.0003s ]
SQL: SELECT * FROM `maintenance_color` WHERE ( color_id in(1,2,3) )  [ RunTime:0.0007s ]
SQL: SELECT * FROM `maintenance_color` WHERE ( color_id in(1,2,3) )  [ RunTime:0.0002s ]
INFO: [ view_parse ] --START--
INFO: [ template_filter ] --START--
INFO: Run Behavior\ContentReplaceBehavior [ RunTime:0.000042s ]
INFO: [ template_filter ] --END-- [ RunTime:0.000131s ]
INFO: Run Behavior\ParseTemplateBehavior [ RunTime:0.008629s ]
INFO: [ view_parse ] --END-- [ RunTime:0.008703s ]
INFO: [ view_filter ] --START--
INFO: Run Behavior\WriteHtmlCacheBehavior [ RunTime:0.000436s ]
INFO: [ view_filter ] --END-- [ RunTime:0.000475s ]
INFO: [ app_end ] --START--
INFO: Run Behavior\ShowPageTraceBehavior [ RunTime:0.000770s ]
INFO: [ app_end ] --END-- [ RunTime:0.000802s ]

[ 2016-05-19T19:18:50+08:00 ] 127.0.0.1 /ceshi/yu1/index.php/Home/Index/wenti/ide/1/color_name/%E7%99%BD%E8%89%B2
INFO: [ app_init ] --START--
INFO: Run Behavior\BuildLiteBehavior [ RunTime:0.000011s ]
INFO: [ app_init ] --END-- [ RunTime:0.000365s ]
INFO: [ app_begin ] --START--
INFO: Run Behavior\ReadHtmlCacheBehavior [ RunTime:0.000576s ]
INFO: [ app_begin ] --END-- [ RunTime:0.000612s ]
SQL: SHOW COLUMNS FROM `maintenance_model` [ RunTime:0.0023s ]
SQL: SELECT * FROM `maintenance_model` WHERE ( model_id='1' )  [ RunTime:0.0019s ]
SQL: SHOW COLUMNS FROM `maintenance_questiontype` [ RunTime:0.0020s ]
SQL: SHOW COLUMNS FROM `maintenance_question` [ RunTime:0.0024s ]
SQL: SELECT * FROM `maintenance_questiontype` WHERE ( questiontype_id in(1,2,3,4,5,6,7,8,9,10,11,12) )  [ RunTime:0.0008s ]
SQL: SELECT * FROM `maintenance_question` WHERE ( questiontype_id in(1) )  [ RunTime:0.0004s ]
SQL: SELECT * FROM `maintenance_question` WHERE ( questiontype_id in(2) )  [ RunTime:0.0003s ]
SQL: SELECT * FROM `maintenance_question` WHERE ( questiontype_id in(3) )  [ RunTime:0.0003s ]
SQL: SELECT * FROM `maintenance_question` WHERE ( questiontype_id in(4) )  [ RunTime:0.0003s ]
SQL: SELECT * FROM `maintenance_question` WHERE ( questiontype_id in(5) )  [ RunTime:0.0003s ]
SQL: SELECT * FROM `maintenance_question` WHERE ( questiontype_id in(6) )  [ RunTime:0.0003s ]
SQL: SELECT * FROM `maintenance_question` WHERE ( questiontype_id in(7) )  [ RunTime:0.0003s ]
SQL: SELECT * FROM `maintenance_question` WHERE ( questiontype_id in(8) )  [ RunTime:0.0003s ]
SQL: SELECT * FROM `maintenance_question` WHERE ( questiontype_id in(9) )  [ RunTime:0.0003s ]
SQL: SELECT * FROM `maintenance_question` WHERE ( questiontype_id in(10) )  [ RunTime:0.0003s ]
SQL: SELECT * FROM `maintenance_question` WHERE ( questiontype_id in(11) )  [ RunTime:0.0003s ]
SQL: SELECT * FROM `maintenance_question` WHERE ( questiontype_id in(12) )  [ RunTime:0.0003s ]
INFO: [ view_parse ] --START--
INFO: [ template_filter ] --START--
INFO: Run Behavior\ContentReplaceBehavior [ RunTime:0.000033s ]
INFO: [ template_filter ] --END-- [ RunTime:0.000077s ]
INFO: Run Behavior\ParseTemplateBehavior [ RunTime:0.007452s ]
INFO: [ view_parse ] --END-- [ RunTime:0.007500s ]
INFO: [ view_filter ] --START--
INFO: Run Behavior\WriteHtmlCacheBehavior [ RunTime:0.000439s ]
INFO: [ view_filter ] --END-- [ RunTime:0.000471s ]
INFO: [ app_end ] --START--
INFO: Run Behavior\ShowPageTraceBehavior [ RunTime:0.000660s ]
INFO: [ app_end ] --END-- [ RunTime:0.000691s ]

[ 2016-05-19T19:18:53+08:00 ] 127.0.0.1 /ceshi/yu1/index.php/Home/Index/mbr/question_id/1/color_name/%E7%99%BD%E8%89%B2/model_id/1
INFO: [ app_init ] --START--
INFO: Run Behavior\BuildLiteBehavior [ RunTime:0.000010s ]
INFO: [ app_init ] --END-- [ RunTime:0.000388s ]
INFO: [ app_begin ] --START--
INFO: Run Behavior\ReadHtmlCacheBehavior [ RunTime:0.000648s ]
INFO: [ app_begin ] --END-- [ RunTime:0.000698s ]
SQL: SHOW COLUMNS FROM `maintenance_model` [ RunTime:0.0021s ]
SQL: SELECT * FROM `maintenance_model` WHERE ( model_id='1' ) LIMIT 1   [ RunTime:0.0008s ]
SQL: SHOW COLUMNS FROM `maintenance_question` [ RunTime:0.0020s ]
SQL: SELECT * FROM `maintenance_question` INNER JOIN maintenance_questiontype on maintenance_question.questiontype_id=maintenance_questiontype.questiontype_id INNER JOIN maintenance_plan on maintenance_question.plan_id=maintenance_plan.plan_id  WHERE ( question_id in (1) and model_id='1' )  [ RunTime:0.0012s ]
SQL: SHOW COLUMNS FROM `maintenance_plan` [ RunTime:0.0031s ]
SQL: SELECT * FROM `maintenance_plan` WHERE ( plan_id in (1) )  [ RunTime:0.0018s ]
NOTIC: [8] Undefined variable: money F:\web\apache\htdocs\ceshi\yu1\Application\Home\Controller\IndexController.class.php 第 518 行.
INFO: [ view_parse ] --START--
INFO: [ template_filter ] --START--
INFO: Run Behavior\ContentReplaceBehavior [ RunTime:0.000027s ]
INFO: [ template_filter ] --END-- [ RunTime:0.000059s ]
INFO: Run Behavior\ParseTemplateBehavior [ RunTime:0.006370s ]
INFO: [ view_parse ] --END-- [ RunTime:0.006409s ]
INFO: [ view_filter ] --START--
INFO: Run Behavior\WriteHtmlCacheBehavior [ RunTime:0.000443s ]
INFO: [ view_filter ] --END-- [ RunTime:0.000474s ]
INFO: [ app_end ] --START--
INFO: Run Behavior\ShowPageTraceBehavior [ RunTime:0.000658s ]
INFO: [ app_end ] --END-- [ RunTime:0.000689s ]

[ 2016-05-19T19:18:55+08:00 ] 127.0.0.1 /ceshi/yu1/index.php/Home/Index/chuangjian/model_name/%E8%8B%B9%E6%9E%9C6s/color_name/%E7%99%BD%E8%89%B2/question_id/1/model_id/1
INFO: [ app_init ] --START--
INFO: Run Behavior\BuildLiteBehavior [ RunTime:0.000034s ]
INFO: [ app_init ] --END-- [ RunTime:0.000726s ]
INFO: [ app_begin ] --START--
INFO: Run Behavior\ReadHtmlCacheBehavior [ RunTime:0.000650s ]
INFO: [ app_begin ] --END-- [ RunTime:0.000708s ]
NOTIC: [8] Undefined index: ways F:\web\apache\htdocs\ceshi\yu1\Application\Home\Controller\IndexController.class.php 第 538 行.
SQL: SHOW COLUMNS FROM `maintenance_question` [ RunTime:0.0021s ]
SQL: SELECT * FROM `maintenance_question` INNER JOIN maintenance_questiontype on maintenance_question.questiontype_id=maintenance_questiontype.questiontype_id INNER JOIN maintenance_plan on maintenance_question.plan_id=maintenance_plan.plan_id  WHERE ( question_id in(1) and model_id='1' )  [ RunTime:0.0013s ]
SQL: SHOW COLUMNS FROM `maintenance_plan` [ RunTime:0.0021s ]
SQL: SELECT * FROM `maintenance_plan` WHERE ( plan_id in (1) )  [ RunTime:0.0011s ]
NOTIC: [8] Undefined variable: money F:\web\apache\htdocs\ceshi\yu1\Application\Home\Controller\IndexController.class.php 第 568 行.
NOTIC: [8] Undefined variable: ways1 F:\web\apache\htdocs\ceshi\yu1\Application\Home\Controller\IndexController.class.php 第 589 行.
INFO: [ view_parse ] --START--
INFO: [ template_filter ] --START--
INFO: Run Behavior\ContentReplaceBehavior [ RunTime:0.000058s ]
INFO: [ template_filter ] --END-- [ RunTime:0.000140s ]
INFO: Run Behavior\ParseTemplateBehavior [ RunTime:0.008066s ]
INFO: [ view_parse ] --END-- [ RunTime:0.008142s ]
INFO: [ view_filter ] --START--
INFO: Run Behavior\WriteHtmlCacheBehavior [ RunTime:0.000447s ]
INFO: [ view_filter ] --END-- [ RunTime:0.000478s ]
INFO: [ app_end ] --START--
INFO: Run Behavior\ShowPageTraceBehavior [ RunTime:0.000647s ]
INFO: [ app_end ] --END-- [ RunTime:0.000679s ]

