[ 2016-08-12T12:49:28+08:00 ] ::1 /pc/_PUBLIC__/img/banner/4.png
INFO: [ app_init ] --START--
INFO: Run Behavior\BuildLiteBehavior [ RunTime:0.000000s ]
INFO: [ app_init ] --END-- [ RunTime:0.001000s ]
ERR: 无法加载模块:_PUBLIC__

[ 2016-08-12T12:49:29+08:00 ] ::1 /pc/_PUBLIC__/img/banner/4.png
INFO: [ app_init ] --START--
INFO: Run Behavior\BuildLiteBehavior [ RunTime:0.000000s ]
INFO: [ app_init ] --END-- [ RunTime:0.001001s ]
ERR: 无法加载模块:_PUBLIC__

[ 2016-08-12T12:49:30+08:00 ] ::1 /pc/_PUBLIC__/img/banner/4.png
INFO: [ app_init ] --START--
INFO: Run Behavior\BuildLiteBehavior [ RunTime:0.000000s ]
INFO: [ app_init ] --END-- [ RunTime:0.001000s ]
ERR: 无法加载模块:_PUBLIC__

[ 2016-08-12T12:49:30+08:00 ] ::1 /pc/_PUBLIC__/img/banner/4.png
INFO: [ app_init ] --START--
INFO: Run Behavior\BuildLiteBehavior [ RunTime:0.000000s ]
INFO: [ app_init ] --END-- [ RunTime:0.000000s ]
ERR: 无法加载模块:_PUBLIC__

[ 2016-08-12T12:49:32+08:00 ] ::1 /pc/_PUBLIC__/img/banner/4.png
INFO: [ app_init ] --START--
INFO: Run Behavior\BuildLiteBehavior [ RunTime:0.000000s ]
INFO: [ app_init ] --END-- [ RunTime:0.001000s ]
ERR: 无法加载模块:_PUBLIC__

[ 2016-08-12T12:49:32+08:00 ] ::1 /pc/_PUBLIC__/img/banner/4.png
INFO: [ app_init ] --START--
INFO: Run Behavior\BuildLiteBehavior [ RunTime:0.000000s ]
INFO: [ app_init ] --END-- [ RunTime:0.001000s ]
ERR: 无法加载模块:_PUBLIC__

[ 2016-08-12T12:49:39+08:00 ] ::1 /pc/_PUBLIC__/img/banner/4.png
INFO: [ app_init ] --START--
INFO: Run Behavior\BuildLiteBehavior [ RunTime:0.000000s ]
INFO: [ app_init ] --END-- [ RunTime:0.000000s ]
ERR: 无法加载模块:_PUBLIC__

[ 2016-08-12T12:49:40+08:00 ] ::1 /pc/_PUBLIC__/img/banner/4.png
INFO: [ app_init ] --START--
INFO: Run Behavior\BuildLiteBehavior [ RunTime:0.000000s ]
INFO: [ app_init ] --END-- [ RunTime:0.001000s ]
ERR: 无法加载模块:_PUBLIC__

[ 2016-08-12T12:50:03+08:00 ] ::1 /pc/_PUBLIC__/img/banner/4.png
INFO: [ app_init ] --START--
INFO: Run Behavior\BuildLiteBehavior [ RunTime:0.000000s ]
INFO: [ app_init ] --END-- [ RunTime:0.001000s ]
ERR: 无法加载模块:_PUBLIC__

[ 2016-08-12T12:50:03+08:00 ] ::1 /pc/_PUBLIC__/img/banner/4.png
INFO: [ app_init ] --START--
INFO: Run Behavior\BuildLiteBehavior [ RunTime:0.000000s ]
INFO: [ app_init ] --END-- [ RunTime:0.001000s ]
ERR: 无法加载模块:_PUBLIC__

[ 2016-08-12T12:50:57+08:00 ] ::1 /pc/_PUBLIC__/img/banner/4.png
INFO: [ app_init ] --START--
INFO: Run Behavior\BuildLiteBehavior [ RunTime:0.000000s ]
INFO: [ app_init ] --END-- [ RunTime:0.000000s ]
ERR: 无法加载模块:_PUBLIC__

[ 2016-08-12T12:50:57+08:00 ] ::1 /pc/_PUBLIC__/img/banner/4.png
INFO: [ app_init ] --START--
INFO: Run Behavior\BuildLiteBehavior [ RunTime:0.000000s ]
INFO: [ app_init ] --END-- [ RunTime:0.000000s ]
ERR: 无法加载模块:_PUBLIC__

