[ 2017-04-17T13:17:26+08:00 ] ::1 /pc/Public/img/index1/dsfsdf.png
INFO: [ app_init ] --START--
INFO: Run Behavior\BuildLiteBehavior [ RunTime:0.000000s ]
INFO: [ app_init ] --END-- [ RunTime:0.000500s ]
ERR: 无法加载模块:Public

[ 2017-04-17T13:17:26+08:00 ] ::1 /pc/Public/img/index1/ssdsa.png
INFO: [ app_init ] --START--
INFO: Run Behavior\BuildLiteBehavior [ RunTime:0.000500s ]
INFO: [ app_init ] --END-- [ RunTime:0.001000s ]
ERR: 无法加载模块:Public

[ 2017-04-17T13:18:04+08:00 ] ::1 /pc/Public/img/index1/dsfsdf.png
INFO: [ app_init ] --START--
INFO: Run Behavior\BuildLiteBehavior [ RunTime:0.000000s ]
INFO: [ app_init ] --END-- [ RunTime:0.000500s ]
ERR: 无法加载模块:Public

[ 2017-04-17T13:18:04+08:00 ] ::1 /pc/Public/img/index1/ssdsa.png
INFO: [ app_init ] --START--
INFO: Run Behavior\BuildLiteBehavior [ RunTime:0.000000s ]
INFO: [ app_init ] --END-- [ RunTime:0.000501s ]
ERR: 无法加载模块:Public

[ 2017-04-17T14:32:58+08:00 ] ::1 /pc/Public/img/index1/dsfsdf.png
INFO: [ app_init ] --START--
INFO: Run Behavior\BuildLiteBehavior [ RunTime:0.000000s ]
INFO: [ app_init ] --END-- [ RunTime:0.000500s ]
ERR: 无法加载模块:Public

[ 2017-04-17T14:32:58+08:00 ] ::1 /pc/Public/img/index1/ssdsa.png
INFO: [ app_init ] --START--
INFO: Run Behavior\BuildLiteBehavior [ RunTime:0.000000s ]
INFO: [ app_init ] --END-- [ RunTime:0.001000s ]
ERR: 无法加载模块:Public

[ 2017-04-17T14:33:26+08:00 ] ::1 /pc/Public/img/index1/ssdsa.png
INFO: [ app_init ] --START--
INFO: Run Behavior\BuildLiteBehavior [ RunTime:0.000000s ]
INFO: [ app_init ] --END-- [ RunTime:0.000500s ]
ERR: 无法加载模块:Public

[ 2017-04-17T14:33:26+08:00 ] ::1 /pc/Public/img/index1/dsfsdf.png
INFO: [ app_init ] --START--
INFO: Run Behavior\BuildLiteBehavior [ RunTime:0.000000s ]
INFO: [ app_init ] --END-- [ RunTime:0.000500s ]
ERR: 无法加载模块:Public

[ 2017-04-17T14:34:49+08:00 ] ::1 /pc/Public/img/index1/ssdsa.png
INFO: [ app_init ] --START--
INFO: Run Behavior\BuildLiteBehavior [ RunTime:0.000000s ]
INFO: [ app_init ] --END-- [ RunTime:0.000500s ]
ERR: 无法加载模块:Public

[ 2017-04-17T14:34:49+08:00 ] ::1 /pc/Public/img/index1/dsfsdf.png
INFO: [ app_init ] --START--
INFO: Run Behavior\BuildLiteBehavior [ RunTime:0.000000s ]
INFO: [ app_init ] --END-- [ RunTime:0.000500s ]
ERR: 无法加载模块:Public

[ 2017-04-17T14:35:15+08:00 ] ::1 /pc/Public/img/index1/dsfsdf.png
INFO: [ app_init ] --START--
INFO: Run Behavior\BuildLiteBehavior [ RunTime:0.000000s ]
INFO: [ app_init ] --END-- [ RunTime:0.000500s ]
ERR: 无法加载模块:Public

[ 2017-04-17T14:35:15+08:00 ] ::1 /pc/Public/img/index1/ssdsa.png
INFO: [ app_init ] --START--
INFO: Run Behavior\BuildLiteBehavior [ RunTime:0.000000s ]
INFO: [ app_init ] --END-- [ RunTime:0.000500s ]
ERR: 无法加载模块:Public

[ 2017-04-17T14:37:45+08:00 ] ::1 /pc/Public/img/index1/dsfsdf.png
INFO: [ app_init ] --START--
INFO: Run Behavior\BuildLiteBehavior [ RunTime:0.000000s ]
INFO: [ app_init ] --END-- [ RunTime:0.000500s ]
ERR: 无法加载模块:Public

[ 2017-04-17T14:37:45+08:00 ] ::1 /pc/Public/img/index1/ssdsa.png
INFO: [ app_init ] --START--
INFO: Run Behavior\BuildLiteBehavior [ RunTime:0.000000s ]
INFO: [ app_init ] --END-- [ RunTime:0.000500s ]
ERR: 无法加载模块:Public

[ 2017-04-17T14:37:54+08:00 ] ::1 /pc/Public/img/index1/ssdsa.png
INFO: [ app_init ] --START--
INFO: Run Behavior\BuildLiteBehavior [ RunTime:0.000000s ]
INFO: [ app_init ] --END-- [ RunTime:0.000500s ]
ERR: 无法加载模块:Public

[ 2017-04-17T14:37:54+08:00 ] ::1 /pc/Public/img/index1/dsfsdf.png
INFO: [ app_init ] --START--
INFO: Run Behavior\BuildLiteBehavior [ RunTime:0.000000s ]
INFO: [ app_init ] --END-- [ RunTime:0.000500s ]
ERR: 无法加载模块:Public

[ 2017-04-17T14:38:14+08:00 ] ::1 /pc/Public/img/index1/ssdsa.png
INFO: [ app_init ] --START--
INFO: Run Behavior\BuildLiteBehavior [ RunTime:0.000000s ]
INFO: [ app_init ] --END-- [ RunTime:0.000000s ]
ERR: 无法加载模块:Public

[ 2017-04-17T14:38:14+08:00 ] ::1 /pc/Public/img/index1/dsfsdf.png
INFO: [ app_init ] --START--
INFO: Run Behavior\BuildLiteBehavior [ RunTime:0.000000s ]
INFO: [ app_init ] --END-- [ RunTime:0.000500s ]
ERR: 无法加载模块:Public

[ 2017-04-17T14:39:02+08:00 ] ::1 /pc/Public/img/index1/ssdsa.png
INFO: [ app_init ] --START--
INFO: Run Behavior\BuildLiteBehavior [ RunTime:0.000000s ]
INFO: [ app_init ] --END-- [ RunTime:0.000501s ]
ERR: 无法加载模块:Public

[ 2017-04-17T14:39:02+08:00 ] ::1 /pc/Public/img/index1/dsfsdf.png
INFO: [ app_init ] --START--
INFO: Run Behavior\BuildLiteBehavior [ RunTime:0.000000s ]
INFO: [ app_init ] --END-- [ RunTime:0.000500s ]
ERR: 无法加载模块:Public

[ 2017-04-17T14:39:40+08:00 ] ::1 /pc/Public/img/index1/ssdsa.png
INFO: [ app_init ] --START--
INFO: Run Behavior\BuildLiteBehavior [ RunTime:0.000000s ]
INFO: [ app_init ] --END-- [ RunTime:0.000500s ]
ERR: 无法加载模块:Public

[ 2017-04-17T14:39:40+08:00 ] ::1 /pc/Public/img/index1/dsfsdf.png
INFO: [ app_init ] --START--
INFO: Run Behavior\BuildLiteBehavior [ RunTime:0.000000s ]
INFO: [ app_init ] --END-- [ RunTime:0.000500s ]
ERR: 无法加载模块:Public

[ 2017-04-17T14:42:17+08:00 ] ::1 /pc/Public/img/index1/ssdsa.png
INFO: [ app_init ] --START--
INFO: Run Behavior\BuildLiteBehavior [ RunTime:0.000000s ]
INFO: [ app_init ] --END-- [ RunTime:0.000500s ]
ERR: 无法加载模块:Public

[ 2017-04-17T14:42:17+08:00 ] ::1 /pc/Public/img/index1/dsfsdf.png
INFO: [ app_init ] --START--
INFO: Run Behavior\BuildLiteBehavior [ RunTime:0.000000s ]
INFO: [ app_init ] --END-- [ RunTime:0.000500s ]
ERR: 无法加载模块:Public

[ 2017-04-17T14:42:46+08:00 ] ::1 /pc/Public/img/index1/dsfsdf.png
INFO: [ app_init ] --START--
INFO: Run Behavior\BuildLiteBehavior [ RunTime:0.000000s ]
INFO: [ app_init ] --END-- [ RunTime:0.000500s ]
ERR: 无法加载模块:Public

[ 2017-04-17T14:42:46+08:00 ] ::1 /pc/Public/img/index1/ssdsa.png
INFO: [ app_init ] --START--
INFO: Run Behavior\BuildLiteBehavior [ RunTime:0.000500s ]
INFO: [ app_init ] --END-- [ RunTime:0.000500s ]
ERR: 无法加载模块:Public

[ 2017-04-17T14:42:53+08:00 ] ::1 /pc/Public/img/index1/dsfsdf.png
INFO: [ app_init ] --START--
INFO: Run Behavior\BuildLiteBehavior [ RunTime:0.000000s ]
INFO: [ app_init ] --END-- [ RunTime:0.001000s ]
ERR: 无法加载模块:Public

[ 2017-04-17T14:42:53+08:00 ] ::1 /pc/Public/img/index1/ssdsa.png
INFO: [ app_init ] --START--
INFO: Run Behavior\BuildLiteBehavior [ RunTime:0.000000s ]
INFO: [ app_init ] --END-- [ RunTime:0.000500s ]
ERR: 无法加载模块:Public

[ 2017-04-17T14:42:54+08:00 ] ::1 /pc/Public/img/index1/ssdsa.png
INFO: [ app_init ] --START--
INFO: Run Behavior\BuildLiteBehavior [ RunTime:0.000000s ]
INFO: [ app_init ] --END-- [ RunTime:0.000500s ]
ERR: 无法加载模块:Public

[ 2017-04-17T14:42:54+08:00 ] ::1 /pc/Public/img/index1/dsfsdf.png
INFO: [ app_init ] --START--
INFO: Run Behavior\BuildLiteBehavior [ RunTime:0.000000s ]
INFO: [ app_init ] --END-- [ RunTime:0.000500s ]
ERR: 无法加载模块:Public

[ 2017-04-17T14:42:55+08:00 ] ::1 /pc/Public/img/index1/ssdsa.png
INFO: [ app_init ] --START--
INFO: Run Behavior\BuildLiteBehavior [ RunTime:0.000000s ]
INFO: [ app_init ] --END-- [ RunTime:0.000500s ]
ERR: 无法加载模块:Public

[ 2017-04-17T14:42:55+08:00 ] ::1 /pc/Public/img/index1/dsfsdf.png
INFO: [ app_init ] --START--
INFO: Run Behavior\BuildLiteBehavior [ RunTime:0.000000s ]
INFO: [ app_init ] --END-- [ RunTime:0.000500s ]
ERR: 无法加载模块:Public

[ 2017-04-17T14:42:55+08:00 ] ::1 /pc/Public/img/index1/ssdsa.png
INFO: [ app_init ] --START--
INFO: Run Behavior\BuildLiteBehavior [ RunTime:0.000000s ]
INFO: [ app_init ] --END-- [ RunTime:0.000500s ]
ERR: 无法加载模块:Public

[ 2017-04-17T14:42:55+08:00 ] ::1 /pc/Public/img/index1/dsfsdf.png
INFO: [ app_init ] --START--
INFO: Run Behavior\BuildLiteBehavior [ RunTime:0.000000s ]
INFO: [ app_init ] --END-- [ RunTime:0.000500s ]
ERR: 无法加载模块:Public

[ 2017-04-17T14:42:55+08:00 ] ::1 /pc/Public/img/index1/ssdsa.png
INFO: [ app_init ] --START--
INFO: Run Behavior\BuildLiteBehavior [ RunTime:0.000000s ]
INFO: [ app_init ] --END-- [ RunTime:0.000500s ]
ERR: 无法加载模块:Public

[ 2017-04-17T14:42:55+08:00 ] ::1 /pc/Public/img/index1/dsfsdf.png
INFO: [ app_init ] --START--
INFO: Run Behavior\BuildLiteBehavior [ RunTime:0.000000s ]
INFO: [ app_init ] --END-- [ RunTime:0.001000s ]
ERR: 无法加载模块:Public

[ 2017-04-17T14:42:55+08:00 ] ::1 /pc/Public/img/index1/ssdsa.png
INFO: [ app_init ] --START--
INFO: Run Behavior\BuildLiteBehavior [ RunTime:0.000000s ]
INFO: [ app_init ] --END-- [ RunTime:0.000500s ]
ERR: 无法加载模块:Public

[ 2017-04-17T14:42:55+08:00 ] ::1 /pc/Public/img/index1/dsfsdf.png
INFO: [ app_init ] --START--
INFO: Run Behavior\BuildLiteBehavior [ RunTime:0.000000s ]
INFO: [ app_init ] --END-- [ RunTime:0.000500s ]
ERR: 无法加载模块:Public

[ 2017-04-17T14:42:59+08:00 ] ::1 /pc/Public/img/index1/ssdsa.png
INFO: [ app_init ] --START--
INFO: Run Behavior\BuildLiteBehavior [ RunTime:0.000000s ]
INFO: [ app_init ] --END-- [ RunTime:0.000500s ]
ERR: 无法加载模块:Public

[ 2017-04-17T14:42:59+08:00 ] ::1 /pc/Public/img/index1/dsfsdf.png
INFO: [ app_init ] --START--
INFO: Run Behavior\BuildLiteBehavior [ RunTime:0.000000s ]
INFO: [ app_init ] --END-- [ RunTime:0.000500s ]
ERR: 无法加载模块:Public

[ 2017-04-17T14:43:40+08:00 ] ::1 /pc/Public/img/index1/dsfsdf.png
INFO: [ app_init ] --START--
INFO: Run Behavior\BuildLiteBehavior [ RunTime:0.000000s ]
INFO: [ app_init ] --END-- [ RunTime:0.000500s ]
ERR: 无法加载模块:Public

[ 2017-04-17T14:43:40+08:00 ] ::1 /pc/Public/img/index1/ssdsa.png
INFO: [ app_init ] --START--
INFO: Run Behavior\BuildLiteBehavior [ RunTime:0.000500s ]
INFO: [ app_init ] --END-- [ RunTime:0.000500s ]
ERR: 无法加载模块:Public

[ 2017-04-17T14:43:43+08:00 ] ::1 /pc/Public/img/index1/dsfsdf.png
INFO: [ app_init ] --START--
INFO: Run Behavior\BuildLiteBehavior [ RunTime:0.000000s ]
INFO: [ app_init ] --END-- [ RunTime:0.000500s ]
ERR: 无法加载模块:Public

[ 2017-04-17T14:43:43+08:00 ] ::1 /pc/Public/img/index1/ssdsa.png
INFO: [ app_init ] --START--
INFO: Run Behavior\BuildLiteBehavior [ RunTime:0.000000s ]
INFO: [ app_init ] --END-- [ RunTime:0.000500s ]
ERR: 无法加载模块:Public

[ 2017-04-17T14:43:53+08:00 ] ::1 /pc/Public/img/index1/ssdsa.png
INFO: [ app_init ] --START--
INFO: Run Behavior\BuildLiteBehavior [ RunTime:0.000000s ]
INFO: [ app_init ] --END-- [ RunTime:0.001000s ]
ERR: 无法加载模块:Public

[ 2017-04-17T14:43:53+08:00 ] ::1 /pc/Public/img/index1/dsfsdf.png
INFO: [ app_init ] --START--
INFO: Run Behavior\BuildLiteBehavior [ RunTime:0.000000s ]
INFO: [ app_init ] --END-- [ RunTime:0.000500s ]
ERR: 无法加载模块:Public

[ 2017-04-17T14:44:40+08:00 ] ::1 /pc/Public/img/index1/dsfsdf.png
INFO: [ app_init ] --START--
INFO: Run Behavior\BuildLiteBehavior [ RunTime:0.000000s ]
INFO: [ app_init ] --END-- [ RunTime:0.000500s ]
ERR: 无法加载模块:Public

[ 2017-04-17T14:44:40+08:00 ] ::1 /pc/Public/img/index1/ssdsa.png
INFO: [ app_init ] --START--
INFO: Run Behavior\BuildLiteBehavior [ RunTime:0.000000s ]
INFO: [ app_init ] --END-- [ RunTime:0.001000s ]
ERR: 无法加载模块:Public

[ 2017-04-17T14:45:21+08:00 ] ::1 /pc/Public/img/index1/dsfsdf.png
INFO: [ app_init ] --START--
INFO: Run Behavior\BuildLiteBehavior [ RunTime:0.000000s ]
INFO: [ app_init ] --END-- [ RunTime:0.000500s ]
ERR: 无法加载模块:Public

[ 2017-04-17T14:45:21+08:00 ] ::1 /pc/Public/img/index1/ssdsa.png
INFO: [ app_init ] --START--
INFO: Run Behavior\BuildLiteBehavior [ RunTime:0.000000s ]
INFO: [ app_init ] --END-- [ RunTime:0.001000s ]
ERR: 无法加载模块:Public

[ 2017-04-17T14:46:14+08:00 ] ::1 /pc/Public/img/index1/dsfsdf.png
INFO: [ app_init ] --START--
INFO: Run Behavior\BuildLiteBehavior [ RunTime:0.000000s ]
INFO: [ app_init ] --END-- [ RunTime:0.000000s ]
ERR: 无法加载模块:Public

[ 2017-04-17T14:46:14+08:00 ] ::1 /pc/Public/img/index1/ssdsa.png
INFO: [ app_init ] --START--
INFO: Run Behavior\BuildLiteBehavior [ RunTime:0.000000s ]
INFO: [ app_init ] --END-- [ RunTime:0.000500s ]
ERR: 无法加载模块:Public

