[ 2017-01-18T22:37:27+08:00 ] 127.0.0.1 /ceshi/DEMO/think/index.php/home/index/cont
INFO: [ app_init ] --START--
INFO: Run Behavior\BuildLiteBehavior [ RunTime:0.000019s ]
INFO: [ app_init ] --END-- [ RunTime:0.000595s ]
INFO: [ app_begin ] --START--
INFO: Run Behavior\ReadHtmlCacheBehavior [ RunTime:0.000889s ]
INFO: [ app_begin ] --END-- [ RunTime:0.000965s ]
SQL: SHOW COLUMNS FROM `dingdan` [ RunTime:0.0019s ]
SQL: UPDATE `dingdan` SET `dizhizt`='1' WHERE ( p_id='2382' ) [ RunTime:0.0005s ]
SQL: SHOW COLUMNS FROM `ding` [ RunTime:0.0016s ]
SQL: SELECT * FROM `dingdan` WHERE ( p_id='2382' ) LIMIT 1   [ RunTime:0.0007s ]
SQL: SHOW COLUMNS FROM `qizi` [ RunTime:0.0015s ]
SQL: SELECT * FROM `qizi` WHERE ( dianpu='玖零国际数码' and qizi_color='' ) LIMIT 1   [ RunTime:0.0008s ]
SQL: SELECT * FROM `ding` WHERE ( goodid='538369930809' ) LIMIT 1   [ RunTime:0.0002s ]
INFO: [ app_end ] --START--
INFO: Run Behavior\ShowPageTraceBehavior [ RunTime:0.000863s ]
INFO: [ app_end ] --END-- [ RunTime:0.000913s ]

[ 2017-01-18T22:37:27+08:00 ] 127.0.0.1 /ceshi/DEMO/think/index.php/home/index/cont
INFO: [ app_init ] --START--
INFO: Run Behavior\BuildLiteBehavior [ RunTime:0.000017s ]
INFO: [ app_init ] --END-- [ RunTime:0.000571s ]
INFO: [ app_begin ] --START--
INFO: Run Behavior\ReadHtmlCacheBehavior [ RunTime:0.001064s ]
INFO: [ app_begin ] --END-- [ RunTime:0.001141s ]
SQL: SHOW COLUMNS FROM `dingdan` [ RunTime:0.0023s ]
SQL: UPDATE `dingdan` SET `dizhizt`='2' WHERE ( p_id='2391' ) [ RunTime:0.0004s ]
SQL: SHOW COLUMNS FROM `ding` [ RunTime:0.0015s ]
SQL: SELECT * FROM `dingdan` WHERE ( p_id='2391' ) LIMIT 1   [ RunTime:0.0007s ]
SQL: SHOW COLUMNS FROM `qizi` [ RunTime:0.0014s ]
SQL: SELECT * FROM `qizi` WHERE ( dianpu='清风亭阁' and qizi_color='' ) LIMIT 1   [ RunTime:0.0006s ]
SQL: SELECT * FROM `ding` WHERE ( goodid='38576556499' ) LIMIT 1   [ RunTime:0.0002s ]
INFO: [ app_end ] --START--
INFO: Run Behavior\ShowPageTraceBehavior [ RunTime:0.000687s ]
INFO: [ app_end ] --END-- [ RunTime:0.000729s ]

[ 2017-01-18T22:37:27+08:00 ] 127.0.0.1 /ceshi/DEMO/think/index.php/home/index/cont
INFO: [ app_init ] --START--
INFO: Run Behavior\BuildLiteBehavior [ RunTime:0.000046s ]
INFO: [ app_init ] --END-- [ RunTime:0.000605s ]
INFO: [ app_begin ] --START--
INFO: Run Behavior\ReadHtmlCacheBehavior [ RunTime:0.001348s ]
INFO: [ app_begin ] --END-- [ RunTime:0.001473s ]
SQL: SHOW COLUMNS FROM `dingdan` [ RunTime:0.0019s ]
SQL: UPDATE `dingdan` SET `dizhizt`='2' WHERE ( p_id='2386' ) [ RunTime:0.0005s ]
SQL: SHOW COLUMNS FROM `ding` [ RunTime:0.0019s ]
SQL: SELECT * FROM `dingdan` WHERE ( p_id='2386' ) LIMIT 1   [ RunTime:0.0010s ]
SQL: SHOW COLUMNS FROM `qizi` [ RunTime:0.0017s ]
SQL: SELECT * FROM `qizi` WHERE ( dianpu='清风亭阁' and qizi_color='' ) LIMIT 1   [ RunTime:0.0006s ]
SQL: SELECT * FROM `ding` WHERE ( goodid='38576556499' ) LIMIT 1   [ RunTime:0.0002s ]
INFO: [ app_end ] --START--
INFO: Run Behavior\ShowPageTraceBehavior [ RunTime:0.000704s ]
INFO: [ app_end ] --END-- [ RunTime:0.000741s ]

[ 2017-01-18T22:37:27+08:00 ] 127.0.0.1 /ceshi/DEMO/think/index.php/home/index/cont
INFO: [ app_init ] --START--
INFO: Run Behavior\BuildLiteBehavior [ RunTime:0.000020s ]
INFO: [ app_init ] --END-- [ RunTime:0.000568s ]
INFO: [ app_begin ] --START--
INFO: Run Behavior\ReadHtmlCacheBehavior [ RunTime:0.000809s ]
INFO: [ app_begin ] --END-- [ RunTime:0.000866s ]
SQL: SHOW COLUMNS FROM `dingdan` [ RunTime:0.0020s ]
SQL: UPDATE `dingdan` SET `dizhizt`='2' WHERE ( p_id='2383' ) [ RunTime:0.0003s ]
SQL: SHOW COLUMNS FROM `ding` [ RunTime:0.0019s ]
SQL: SELECT * FROM `dingdan` WHERE ( p_id='2383' ) LIMIT 1   [ RunTime:0.0007s ]
SQL: SHOW COLUMNS FROM `qizi` [ RunTime:0.0014s ]
SQL: SELECT * FROM `qizi` WHERE ( dianpu='玖零国际数码' and qizi_color='' ) LIMIT 1   [ RunTime:0.0006s ]
SQL: SELECT * FROM `ding` WHERE ( goodid='538369930809' ) LIMIT 1   [ RunTime:0.0002s ]
INFO: [ app_end ] --START--
INFO: Run Behavior\ShowPageTraceBehavior [ RunTime:0.000636s ]
INFO: [ app_end ] --END-- [ RunTime:0.000671s ]

[ 2017-01-18T22:37:27+08:00 ] 127.0.0.1 /ceshi/DEMO/think/index.php/home/index/cont
INFO: [ app_init ] --START--
INFO: Run Behavior\BuildLiteBehavior [ RunTime:0.000014s ]
INFO: [ app_init ] --END-- [ RunTime:0.000405s ]
INFO: [ app_begin ] --START--
INFO: Run Behavior\ReadHtmlCacheBehavior [ RunTime:0.000562s ]
INFO: [ app_begin ] --END-- [ RunTime:0.000605s ]
SQL: SHOW COLUMNS FROM `dingdan` [ RunTime:0.0022s ]
SQL: UPDATE `dingdan` SET `dizhizt`='1' WHERE ( p_id='2385' ) [ RunTime:0.0004s ]
SQL: SHOW COLUMNS FROM `ding` [ RunTime:0.0014s ]
SQL: SELECT * FROM `dingdan` WHERE ( p_id='2385' ) LIMIT 1   [ RunTime:0.0009s ]
SQL: SHOW COLUMNS FROM `qizi` [ RunTime:0.0014s ]
SQL: SELECT * FROM `qizi` WHERE ( dianpu='玖零国际数码' and qizi_color='绿旗' ) LIMIT 1   [ RunTime:0.0008s ]
SQL: SELECT * FROM `ding` WHERE ( goodid='538369930809' ) LIMIT 1   [ RunTime:0.0002s ]
INFO: [ app_end ] --START--
INFO: Run Behavior\ShowPageTraceBehavior [ RunTime:0.000729s ]
INFO: [ app_end ] --END-- [ RunTime:0.000772s ]

[ 2017-01-18T22:37:27+08:00 ] 127.0.0.1 /ceshi/DEMO/think/index.php/home/index/cont
INFO: [ app_init ] --START--
INFO: Run Behavior\BuildLiteBehavior [ RunTime:0.000012s ]
INFO: [ app_init ] --END-- [ RunTime:0.000394s ]
INFO: [ app_begin ] --START--
INFO: Run Behavior\ReadHtmlCacheBehavior [ RunTime:0.000808s ]
INFO: [ app_begin ] --END-- [ RunTime:0.000857s ]
SQL: SHOW COLUMNS FROM `dingdan` [ RunTime:0.0023s ]
SQL: UPDATE `dingdan` SET `dizhizt`='2' WHERE ( p_id='2388' ) [ RunTime:0.0004s ]
SQL: SHOW COLUMNS FROM `ding` [ RunTime:0.0015s ]
SQL: SELECT * FROM `dingdan` WHERE ( p_id='2388' ) LIMIT 1   [ RunTime:0.0007s ]
SQL: SHOW COLUMNS FROM `qizi` [ RunTime:0.0014s ]
SQL: SELECT * FROM `qizi` WHERE ( dianpu='清风亭阁' and qizi_color='' ) LIMIT 1   [ RunTime:0.0006s ]
SQL: SELECT * FROM `ding` WHERE ( goodid='38576556499' ) LIMIT 1   [ RunTime:0.0002s ]
INFO: [ app_end ] --START--
INFO: Run Behavior\ShowPageTraceBehavior [ RunTime:0.000657s ]
INFO: [ app_end ] --END-- [ RunTime:0.000691s ]

[ 2017-01-18T22:37:27+08:00 ] 127.0.0.1 /ceshi/DEMO/think/index.php/home/index/cont
INFO: [ app_init ] --START--
INFO: Run Behavior\BuildLiteBehavior [ RunTime:0.000013s ]
INFO: [ app_init ] --END-- [ RunTime:0.000411s ]
INFO: [ app_begin ] --START--
INFO: Run Behavior\ReadHtmlCacheBehavior [ RunTime:0.000602s ]
INFO: [ app_begin ] --END-- [ RunTime:0.000646s ]
SQL: SHOW COLUMNS FROM `dingdan` [ RunTime:0.0022s ]
SQL: UPDATE `dingdan` SET `dizhizt`='1' WHERE ( p_id='2389' ) [ RunTime:0.0004s ]
SQL: SHOW COLUMNS FROM `ding` [ RunTime:0.0014s ]
SQL: SELECT * FROM `dingdan` WHERE ( p_id='2389' ) LIMIT 1   [ RunTime:0.0007s ]
SQL: SHOW COLUMNS FROM `qizi` [ RunTime:0.0014s ]
SQL: SELECT * FROM `qizi` WHERE ( dianpu='清风亭阁' and qizi_color='' ) LIMIT 1   [ RunTime:0.0007s ]
SQL: SELECT * FROM `ding` WHERE ( goodid='538650491541' ) LIMIT 1   [ RunTime:0.0002s ]
INFO: [ app_end ] --START--
INFO: Run Behavior\ShowPageTraceBehavior [ RunTime:0.000570s ]
INFO: [ app_end ] --END-- [ RunTime:0.000604s ]

[ 2017-01-18T22:37:27+08:00 ] 127.0.0.1 /ceshi/DEMO/think/index.php/home/index/cont
INFO: [ app_init ] --START--
INFO: Run Behavior\BuildLiteBehavior [ RunTime:0.000014s ]
INFO: [ app_init ] --END-- [ RunTime:0.000481s ]
INFO: [ app_begin ] --START--
INFO: Run Behavior\ReadHtmlCacheBehavior [ RunTime:0.000633s ]
INFO: [ app_begin ] --END-- [ RunTime:0.000680s ]
SQL: SHOW COLUMNS FROM `dingdan` [ RunTime:0.0020s ]
SQL: UPDATE `dingdan` SET `dizhizt`='2' WHERE ( p_id='2392' ) [ RunTime:0.0004s ]
SQL: SHOW COLUMNS FROM `ding` [ RunTime:0.0015s ]
SQL: SELECT * FROM `dingdan` WHERE ( p_id='2392' ) LIMIT 1   [ RunTime:0.0008s ]
SQL: SHOW COLUMNS FROM `qizi` [ RunTime:0.0014s ]
SQL: SELECT * FROM `qizi` WHERE ( dianpu='清风亭阁' and qizi_color='' ) LIMIT 1   [ RunTime:0.0006s ]
SQL: SELECT * FROM `ding` WHERE ( goodid='539690043623' ) LIMIT 1   [ RunTime:0.0001s ]
SQL: SELECT * FROM `dingdan` WHERE ( p_id='2392' ) LIMIT 1   [ RunTime:0.0002s ]
INFO: [ app_end ] --START--
INFO: Run Behavior\ShowPageTraceBehavior [ RunTime:0.000662s ]
INFO: [ app_end ] --END-- [ RunTime:0.000697s ]

[ 2017-01-18T22:37:27+08:00 ] 127.0.0.1 /ceshi/DEMO/think/index.php/home/index/cont
INFO: [ app_init ] --START--
INFO: Run Behavior\BuildLiteBehavior [ RunTime:0.000012s ]
INFO: [ app_init ] --END-- [ RunTime:0.000368s ]
INFO: [ app_begin ] --START--
INFO: Run Behavior\ReadHtmlCacheBehavior [ RunTime:0.000639s ]
INFO: [ app_begin ] --END-- [ RunTime:0.000683s ]
SQL: SHOW COLUMNS FROM `dingdan` [ RunTime:0.0019s ]
SQL: UPDATE `dingdan` SET `dizhizt`='1' WHERE ( p_id='2396' ) [ RunTime:0.0004s ]
SQL: SHOW COLUMNS FROM `ding` [ RunTime:0.0016s ]
SQL: SELECT * FROM `dingdan` WHERE ( p_id='2396' ) LIMIT 1   [ RunTime:0.0010s ]
SQL: SHOW COLUMNS FROM `qizi` [ RunTime:0.0015s ]
SQL: SELECT * FROM `qizi` WHERE ( dianpu='清风亭阁' and qizi_color='绿旗' ) LIMIT 1   [ RunTime:0.0007s ]
SQL: SELECT * FROM `ding` WHERE ( goodid='41439953216' ) LIMIT 1   [ RunTime:0.0002s ]
SQL: SELECT * FROM `dingdan` WHERE ( p_id='2396' ) LIMIT 1   [ RunTime:0.0002s ]
INFO: [ app_end ] --START--
INFO: Run Behavior\ShowPageTraceBehavior [ RunTime:0.000672s ]
INFO: [ app_end ] --END-- [ RunTime:0.000708s ]

[ 2017-01-18T22:37:27+08:00 ] 127.0.0.1 /ceshi/DEMO/think/index.php/home/index/cont
INFO: [ app_init ] --START--
INFO: Run Behavior\BuildLiteBehavior [ RunTime:0.000013s ]
INFO: [ app_init ] --END-- [ RunTime:0.000421s ]
INFO: [ app_begin ] --START--
INFO: Run Behavior\ReadHtmlCacheBehavior [ RunTime:0.000565s ]
INFO: [ app_begin ] --END-- [ RunTime:0.000618s ]
SQL: SHOW COLUMNS FROM `dingdan` [ RunTime:0.0022s ]
SQL: UPDATE `dingdan` SET `dizhizt`='2' WHERE ( p_id='2390' ) [ RunTime:0.0004s ]
SQL: SHOW COLUMNS FROM `ding` [ RunTime:0.0014s ]
SQL: SELECT * FROM `dingdan` WHERE ( p_id='2390' ) LIMIT 1   [ RunTime:0.0007s ]
SQL: SHOW COLUMNS FROM `qizi` [ RunTime:0.0014s ]
SQL: SELECT * FROM `qizi` WHERE ( dianpu='清风亭阁' and qizi_color='' ) LIMIT 1   [ RunTime:0.0006s ]
SQL: SELECT * FROM `ding` WHERE ( goodid='538374482621' ) LIMIT 1   [ RunTime:0.0002s ]
SQL: SELECT * FROM `dingdan` WHERE ( p_id='2390' ) LIMIT 1   [ RunTime:0.0002s ]
INFO: [ app_end ] --START--
INFO: Run Behavior\ShowPageTraceBehavior [ RunTime:0.000614s ]
INFO: [ app_end ] --END-- [ RunTime:0.000648s ]

[ 2017-01-18T22:37:27+08:00 ] 127.0.0.1 /ceshi/DEMO/think/index.php/home/index/cont
INFO: [ app_init ] --START--
INFO: Run Behavior\BuildLiteBehavior [ RunTime:0.000013s ]
INFO: [ app_init ] --END-- [ RunTime:0.000416s ]
INFO: [ app_begin ] --START--
INFO: Run Behavior\ReadHtmlCacheBehavior [ RunTime:0.000608s ]
INFO: [ app_begin ] --END-- [ RunTime:0.000653s ]
SQL: SHOW COLUMNS FROM `dingdan` [ RunTime:0.0020s ]
SQL: UPDATE `dingdan` SET `dizhizt`='1' WHERE ( p_id='2397' ) [ RunTime:0.0004s ]
SQL: SHOW COLUMNS FROM `ding` [ RunTime:0.0014s ]
SQL: SELECT * FROM `dingdan` WHERE ( p_id='2397' ) LIMIT 1   [ RunTime:0.0007s ]
SQL: SHOW COLUMNS FROM `qizi` [ RunTime:0.0014s ]
SQL: SELECT * FROM `qizi` WHERE ( dianpu='清风亭阁' and qizi_color='绿旗' ) LIMIT 1   [ RunTime:0.0007s ]
SQL: SELECT * FROM `ding` WHERE ( goodid='41439953216' ) LIMIT 1   [ RunTime:0.0002s ]
SQL: SELECT * FROM `dingdan` WHERE ( p_id='2397' ) LIMIT 1   [ RunTime:0.0002s ]
INFO: [ app_end ] --START--
INFO: Run Behavior\ShowPageTraceBehavior [ RunTime:0.000614s ]
INFO: [ app_end ] --END-- [ RunTime:0.000648s ]

[ 2017-01-18T22:37:27+08:00 ] 127.0.0.1 /ceshi/DEMO/think/index.php/home/index/cont
INFO: [ app_init ] --START--
INFO: Run Behavior\BuildLiteBehavior [ RunTime:0.000012s ]
INFO: [ app_init ] --END-- [ RunTime:0.000393s ]
INFO: [ app_begin ] --START--
INFO: Run Behavior\ReadHtmlCacheBehavior [ RunTime:0.000619s ]
INFO: [ app_begin ] --END-- [ RunTime:0.000664s ]
SQL: SHOW COLUMNS FROM `dingdan` [ RunTime:0.0019s ]
SQL: UPDATE `dingdan` SET `dizhizt`='1' WHERE ( p_id='2387' ) [ RunTime:0.0004s ]
SQL: SHOW COLUMNS FROM `ding` [ RunTime:0.0015s ]
SQL: SELECT * FROM `dingdan` WHERE ( p_id='2387' ) LIMIT 1   [ RunTime:0.0011s ]
SQL: SHOW COLUMNS FROM `qizi` [ RunTime:0.0014s ]
SQL: SELECT * FROM `qizi` WHERE ( dianpu='清风亭阁' and qizi_color='' ) LIMIT 1   [ RunTime:0.0006s ]
SQL: SELECT * FROM `ding` WHERE ( goodid='538650491541' ) LIMIT 1   [ RunTime:0.0002s ]
INFO: [ app_end ] --START--
INFO: Run Behavior\ShowPageTraceBehavior [ RunTime:0.000700s ]
INFO: [ app_end ] --END-- [ RunTime:0.000743s ]

[ 2017-01-18T22:37:27+08:00 ] 127.0.0.1 /ceshi/DEMO/think/index.php/home/index/cont
INFO: [ app_init ] --START--
INFO: Run Behavior\BuildLiteBehavior [ RunTime:0.000012s ]
INFO: [ app_init ] --END-- [ RunTime:0.000394s ]
INFO: [ app_begin ] --START--
INFO: Run Behavior\ReadHtmlCacheBehavior [ RunTime:0.000569s ]
INFO: [ app_begin ] --END-- [ RunTime:0.000626s ]
SQL: SHOW COLUMNS FROM `dingdan` [ RunTime:0.0020s ]
SQL: UPDATE `dingdan` SET `dizhizt`='1' WHERE ( p_id='2394' ) [ RunTime:0.0003s ]
SQL: SHOW COLUMNS FROM `ding` [ RunTime:0.0013s ]
SQL: SELECT * FROM `dingdan` WHERE ( p_id='2394' ) LIMIT 1   [ RunTime:0.0007s ]
SQL: SHOW COLUMNS FROM `qizi` [ RunTime:0.0013s ]
SQL: SELECT * FROM `qizi` WHERE ( dianpu='清风亭阁' and qizi_color='' ) LIMIT 1   [ RunTime:0.0006s ]
SQL: SELECT * FROM `ding` WHERE ( goodid='538650491541' ) LIMIT 1   [ RunTime:0.0001s ]
INFO: [ app_end ] --START--
INFO: Run Behavior\ShowPageTraceBehavior [ RunTime:0.000602s ]
INFO: [ app_end ] --END-- [ RunTime:0.000639s ]

[ 2017-01-18T22:37:27+08:00 ] 127.0.0.1 /ceshi/DEMO/think/index.php/home/index/cont
INFO: [ app_init ] --START--
INFO: Run Behavior\BuildLiteBehavior [ RunTime:0.000017s ]
INFO: [ app_init ] --END-- [ RunTime:0.000512s ]
INFO: [ app_begin ] --START--
INFO: Run Behavior\ReadHtmlCacheBehavior [ RunTime:0.000616s ]
INFO: [ app_begin ] --END-- [ RunTime:0.000660s ]
SQL: SHOW COLUMNS FROM `dingdan` [ RunTime:0.0019s ]
SQL: UPDATE `dingdan` SET `dizhizt`='2' WHERE ( p_id='2393' ) [ RunTime:0.0004s ]
SQL: SHOW COLUMNS FROM `ding` [ RunTime:0.0014s ]
SQL: SELECT * FROM `dingdan` WHERE ( p_id='2393' ) LIMIT 1   [ RunTime:0.0007s ]
SQL: SHOW COLUMNS FROM `qizi` [ RunTime:0.0014s ]
SQL: SELECT * FROM `qizi` WHERE ( dianpu='清风亭阁' and qizi_color='' ) LIMIT 1   [ RunTime:0.0006s ]
SQL: SELECT * FROM `ding` WHERE ( goodid='538650491541' ) LIMIT 1   [ RunTime:0.0001s ]
INFO: [ app_end ] --START--
INFO: Run Behavior\ShowPageTraceBehavior [ RunTime:0.000667s ]
INFO: [ app_end ] --END-- [ RunTime:0.000701s ]

[ 2017-01-18T22:37:27+08:00 ] 127.0.0.1 /ceshi/DEMO/think/index.php/home/index/cont
INFO: [ app_init ] --START--
INFO: Run Behavior\BuildLiteBehavior [ RunTime:0.000013s ]
INFO: [ app_init ] --END-- [ RunTime:0.000413s ]
INFO: [ app_begin ] --START--
INFO: Run Behavior\ReadHtmlCacheBehavior [ RunTime:0.000693s ]
INFO: [ app_begin ] --END-- [ RunTime:0.000738s ]
SQL: SHOW COLUMNS FROM `dingdan` [ RunTime:0.0019s ]
SQL: UPDATE `dingdan` SET `dizhizt`='1' WHERE ( p_id='2398' ) [ RunTime:0.0004s ]
SQL: SHOW COLUMNS FROM `ding` [ RunTime:0.0014s ]
SQL: SELECT * FROM `dingdan` WHERE ( p_id='2398' ) LIMIT 1   [ RunTime:0.0008s ]
SQL: SHOW COLUMNS FROM `qizi` [ RunTime:0.0014s ]
SQL: SELECT * FROM `qizi` WHERE ( dianpu='清风亭阁' and qizi_color='' ) LIMIT 1   [ RunTime:0.0006s ]
SQL: SELECT * FROM `ding` WHERE ( goodid='41439953216' ) LIMIT 1   [ RunTime:0.0002s ]
SQL: SELECT * FROM `dingdan` WHERE ( p_id='2398' ) LIMIT 1   [ RunTime:0.0002s ]
INFO: [ app_end ] --START--
INFO: Run Behavior\ShowPageTraceBehavior [ RunTime:0.000657s ]
INFO: [ app_end ] --END-- [ RunTime:0.000692s ]

[ 2017-01-18T22:37:27+08:00 ] 127.0.0.1 /ceshi/DEMO/think/index.php/home/index/cont
INFO: [ app_init ] --START--
INFO: Run Behavior\BuildLiteBehavior [ RunTime:0.000013s ]
INFO: [ app_init ] --END-- [ RunTime:0.000478s ]
INFO: [ app_begin ] --START--
INFO: Run Behavior\ReadHtmlCacheBehavior [ RunTime:0.000850s ]
INFO: [ app_begin ] --END-- [ RunTime:0.000924s ]
SQL: SHOW COLUMNS FROM `dingdan` [ RunTime:0.0020s ]
SQL: UPDATE `dingdan` SET `dizhizt`='2' WHERE ( p_id='2401' ) [ RunTime:0.0004s ]
SQL: SHOW COLUMNS FROM `ding` [ RunTime:0.0022s ]
SQL: SELECT * FROM `dingdan` WHERE ( p_id='2401' ) LIMIT 1   [ RunTime:0.0008s ]
SQL: SHOW COLUMNS FROM `qizi` [ RunTime:0.0014s ]
SQL: SELECT * FROM `qizi` WHERE ( dianpu='清风亭阁' and qizi_color='' ) LIMIT 1   [ RunTime:0.0006s ]
SQL: SELECT * FROM `ding` WHERE ( goodid='38576556499' ) LIMIT 1   [ RunTime:0.0002s ]
INFO: [ app_end ] --START--
INFO: Run Behavior\ShowPageTraceBehavior [ RunTime:0.000619s ]
INFO: [ app_end ] --END-- [ RunTime:0.000654s ]

[ 2017-01-18T22:37:27+08:00 ] 127.0.0.1 /ceshi/DEMO/think/index.php/home/index/cont
INFO: [ app_init ] --START--
INFO: Run Behavior\BuildLiteBehavior [ RunTime:0.000014s ]
INFO: [ app_init ] --END-- [ RunTime:0.000389s ]
INFO: [ app_begin ] --START--
INFO: Run Behavior\ReadHtmlCacheBehavior [ RunTime:0.000715s ]
INFO: [ app_begin ] --END-- [ RunTime:0.000765s ]
SQL: SHOW COLUMNS FROM `dingdan` [ RunTime:0.0020s ]
SQL: UPDATE `dingdan` SET `dizhizt`='2' WHERE ( p_id='2395' ) [ RunTime:0.0003s ]
SQL: SHOW COLUMNS FROM `ding` [ RunTime:0.0013s ]
SQL: SELECT * FROM `dingdan` WHERE ( p_id='2395' ) LIMIT 1   [ RunTime:0.0007s ]
SQL: SHOW COLUMNS FROM `qizi` [ RunTime:0.0013s ]
SQL: SELECT * FROM `qizi` WHERE ( dianpu='清风亭阁' and qizi_color='' ) LIMIT 1   [ RunTime:0.0006s ]
SQL: SELECT * FROM `ding` WHERE ( goodid='521073786962' ) LIMIT 1   [ RunTime:0.0001s ]
SQL: SELECT * FROM `dingdan` WHERE ( p_id='2395' ) LIMIT 1   [ RunTime:0.0002s ]
INFO: [ app_end ] --START--
INFO: Run Behavior\ShowPageTraceBehavior [ RunTime:0.000855s ]
INFO: [ app_end ] --END-- [ RunTime:0.000900s ]

[ 2017-01-18T22:37:27+08:00 ] 127.0.0.1 /ceshi/DEMO/think/index.php/home/index/cont
INFO: [ app_init ] --START--
INFO: Run Behavior\BuildLiteBehavior [ RunTime:0.000012s ]
INFO: [ app_init ] --END-- [ RunTime:0.000336s ]
INFO: [ app_begin ] --START--
INFO: Run Behavior\ReadHtmlCacheBehavior [ RunTime:0.000576s ]
INFO: [ app_begin ] --END-- [ RunTime:0.000618s ]
SQL: SHOW COLUMNS FROM `dingdan` [ RunTime:0.0026s ]
SQL: UPDATE `dingdan` SET `dizhizt`='1' WHERE ( p_id='2404' ) [ RunTime:0.0004s ]
SQL: SHOW COLUMNS FROM `ding` [ RunTime:0.0019s ]
SQL: SELECT * FROM `dingdan` WHERE ( p_id='2404' ) LIMIT 1   [ RunTime:0.0008s ]
SQL: SHOW COLUMNS FROM `qizi` [ RunTime:0.0014s ]
SQL: SELECT * FROM `qizi` WHERE ( dianpu='清风亭阁' and qizi_color='绿旗' ) LIMIT 1   [ RunTime:0.0006s ]
SQL: SELECT * FROM `ding` WHERE ( goodid='538374482621' ) LIMIT 1   [ RunTime:0.0002s ]
SQL: SELECT * FROM `dingdan` WHERE ( p_id='2404' ) LIMIT 1   [ RunTime:0.0002s ]
INFO: [ app_end ] --START--
INFO: Run Behavior\ShowPageTraceBehavior [ RunTime:0.000627s ]
INFO: [ app_end ] --END-- [ RunTime:0.000662s ]

[ 2017-01-18T22:37:27+08:00 ] 127.0.0.1 /ceshi/DEMO/think/index.php/home/index/cont
INFO: [ app_init ] --START--
INFO: Run Behavior\BuildLiteBehavior [ RunTime:0.000017s ]
INFO: [ app_init ] --END-- [ RunTime:0.000400s ]
INFO: [ app_begin ] --START--
INFO: Run Behavior\ReadHtmlCacheBehavior [ RunTime:0.000639s ]
INFO: [ app_begin ] --END-- [ RunTime:0.000697s ]
SQL: SHOW COLUMNS FROM `dingdan` [ RunTime:0.0018s ]
SQL: UPDATE `dingdan` SET `dizhizt`='1' WHERE ( p_id='2403' ) [ RunTime:0.0003s ]
SQL: SHOW COLUMNS FROM `ding` [ RunTime:0.0013s ]
SQL: SELECT * FROM `dingdan` WHERE ( p_id='2403' ) LIMIT 1   [ RunTime:0.0007s ]
SQL: SHOW COLUMNS FROM `qizi` [ RunTime:0.0014s ]
SQL: SELECT * FROM `qizi` WHERE ( dianpu='清风亭阁' and qizi_color='绿旗' ) LIMIT 1   [ RunTime:0.0006s ]
SQL: SELECT * FROM `ding` WHERE ( goodid='38576556499' ) LIMIT 1   [ RunTime:0.0001s ]
INFO: [ app_end ] --START--
INFO: Run Behavior\ShowPageTraceBehavior [ RunTime:0.000723s ]
INFO: [ app_end ] --END-- [ RunTime:0.000763s ]

[ 2017-01-18T22:37:27+08:00 ] 127.0.0.1 /ceshi/DEMO/think/index.php/home/index/cont
INFO: [ app_init ] --START--
INFO: Run Behavior\BuildLiteBehavior [ RunTime:0.000018s ]
INFO: [ app_init ] --END-- [ RunTime:0.000441s ]
INFO: [ app_begin ] --START--
INFO: Run Behavior\ReadHtmlCacheBehavior [ RunTime:0.000631s ]
INFO: [ app_begin ] --END-- [ RunTime:0.000674s ]
SQL: SHOW COLUMNS FROM `dingdan` [ RunTime:0.0020s ]
SQL: UPDATE `dingdan` SET `dizhizt`='1' WHERE ( p_id='2402' ) [ RunTime:0.0004s ]
SQL: SHOW COLUMNS FROM `ding` [ RunTime:0.0015s ]
SQL: SELECT * FROM `dingdan` WHERE ( p_id='2402' ) LIMIT 1   [ RunTime:0.0008s ]
SQL: SHOW COLUMNS FROM `qizi` [ RunTime:0.0014s ]
SQL: SELECT * FROM `qizi` WHERE ( dianpu='清风亭阁' and qizi_color='绿旗' ) LIMIT 1   [ RunTime:0.0006s ]
SQL: SELECT * FROM `ding` WHERE ( goodid='38576556499' ) LIMIT 1   [ RunTime:0.0002s ]
INFO: [ app_end ] --START--
INFO: Run Behavior\ShowPageTraceBehavior [ RunTime:0.000657s ]
INFO: [ app_end ] --END-- [ RunTime:0.000692s ]

[ 2017-01-18T22:37:28+08:00 ] 127.0.0.1 /ceshi/DEMO/think/index.php/home/index/cont
INFO: [ app_init ] --START--
INFO: Run Behavior\BuildLiteBehavior [ RunTime:0.000012s ]
INFO: [ app_init ] --END-- [ RunTime:0.000360s ]
INFO: [ app_begin ] --START--
INFO: Run Behavior\ReadHtmlCacheBehavior [ RunTime:0.000680s ]
INFO: [ app_begin ] --END-- [ RunTime:0.000733s ]
SQL: SHOW COLUMNS FROM `dingdan` [ RunTime:0.0019s ]
SQL: UPDATE `dingdan` SET `dizhizt`='1' WHERE ( p_id='2399' ) [ RunTime:0.0004s ]
SQL: SHOW COLUMNS FROM `ding` [ RunTime:0.0014s ]
SQL: SELECT * FROM `dingdan` WHERE ( p_id='2399' ) LIMIT 1   [ RunTime:0.0007s ]
SQL: SHOW COLUMNS FROM `qizi` [ RunTime:0.0014s ]
SQL: SELECT * FROM `qizi` WHERE ( dianpu='清风亭阁' and qizi_color='' ) LIMIT 1   [ RunTime:0.0006s ]
SQL: SELECT * FROM `ding` WHERE ( goodid='521073786962' ) LIMIT 1   [ RunTime:0.0002s ]
SQL: SELECT * FROM `dingdan` WHERE ( p_id='2399' ) LIMIT 1   [ RunTime:0.0002s ]
INFO: [ app_end ] --START--
INFO: Run Behavior\ShowPageTraceBehavior [ RunTime:0.000810s ]
INFO: [ app_end ] --END-- [ RunTime:0.000853s ]

[ 2017-01-18T22:37:28+08:00 ] 127.0.0.1 /ceshi/DEMO/think/index.php/home/index/cont
INFO: [ app_init ] --START--
INFO: Run Behavior\BuildLiteBehavior [ RunTime:0.000013s ]
INFO: [ app_init ] --END-- [ RunTime:0.000367s ]
INFO: [ app_begin ] --START--
INFO: Run Behavior\ReadHtmlCacheBehavior [ RunTime:0.000541s ]
INFO: [ app_begin ] --END-- [ RunTime:0.000581s ]
SQL: SHOW COLUMNS FROM `dingdan` [ RunTime:0.0025s ]
SQL: UPDATE `dingdan` SET `dizhizt`='2' WHERE ( p_id='2400' ) [ RunTime:0.0004s ]
SQL: SHOW COLUMNS FROM `ding` [ RunTime:0.0014s ]
SQL: SELECT * FROM `dingdan` WHERE ( p_id='2400' ) LIMIT 1   [ RunTime:0.0007s ]
SQL: SHOW COLUMNS FROM `qizi` [ RunTime:0.0015s ]
SQL: SELECT * FROM `qizi` WHERE ( dianpu='清风亭阁' and qizi_color='' ) LIMIT 1   [ RunTime:0.0006s ]
SQL: SELECT * FROM `ding` WHERE ( goodid='38576556499' ) LIMIT 1   [ RunTime:0.0002s ]
INFO: [ app_end ] --START--
INFO: Run Behavior\ShowPageTraceBehavior [ RunTime:0.000617s ]
INFO: [ app_end ] --END-- [ RunTime:0.000652s ]

[ 2017-01-18T22:37:28+08:00 ] 127.0.0.1 /ceshi/DEMO/think/index.php/home/index/cont
INFO: [ app_init ] --START--
INFO: Run Behavior\BuildLiteBehavior [ RunTime:0.000017s ]
INFO: [ app_init ] --END-- [ RunTime:0.000415s ]
INFO: [ app_begin ] --START--
INFO: Run Behavior\ReadHtmlCacheBehavior [ RunTime:0.000708s ]
INFO: [ app_begin ] --END-- [ RunTime:0.000756s ]
SQL: SHOW COLUMNS FROM `dingdan` [ RunTime:0.0020s ]
SQL: UPDATE `dingdan` SET `dizhizt`='1' WHERE ( p_id='2408' ) [ RunTime:0.0003s ]
SQL: SHOW COLUMNS FROM `ding` [ RunTime:0.0015s ]
SQL: SELECT * FROM `dingdan` WHERE ( p_id='2408' ) LIMIT 1   [ RunTime:0.0008s ]
SQL: SHOW COLUMNS FROM `qizi` [ RunTime:0.0016s ]
SQL: SELECT * FROM `qizi` WHERE ( dianpu='清风亭阁' and qizi_color='红旗' ) LIMIT 1   [ RunTime:0.0006s ]
SQL: SELECT * FROM `ding` WHERE ( goodid='38576556499' ) LIMIT 1   [ RunTime:0.0002s ]
INFO: [ app_end ] --START--
INFO: Run Behavior\ShowPageTraceBehavior [ RunTime:0.000606s ]
INFO: [ app_end ] --END-- [ RunTime:0.000642s ]

[ 2017-01-18T22:37:28+08:00 ] 127.0.0.1 /ceshi/DEMO/think/index.php/home/index/cont
INFO: [ app_init ] --START--
INFO: Run Behavior\BuildLiteBehavior [ RunTime:0.000013s ]
INFO: [ app_init ] --END-- [ RunTime:0.000346s ]
INFO: [ app_begin ] --START--
INFO: Run Behavior\ReadHtmlCacheBehavior [ RunTime:0.000580s ]
INFO: [ app_begin ] --END-- [ RunTime:0.000621s ]
SQL: SHOW COLUMNS FROM `dingdan` [ RunTime:0.0020s ]
SQL: UPDATE `dingdan` SET `dizhizt`='1' WHERE ( p_id='2406' ) [ RunTime:0.0003s ]
SQL: SHOW COLUMNS FROM `ding` [ RunTime:0.0013s ]
SQL: SELECT * FROM `dingdan` WHERE ( p_id='2406' ) LIMIT 1   [ RunTime:0.0007s ]
SQL: SHOW COLUMNS FROM `qizi` [ RunTime:0.0014s ]
SQL: SELECT * FROM `qizi` WHERE ( dianpu='清风亭阁' and qizi_color='' ) LIMIT 1   [ RunTime:0.0006s ]
SQL: SELECT * FROM `ding` WHERE ( goodid='521073786962' ) LIMIT 1   [ RunTime:0.0001s ]
SQL: SELECT * FROM `dingdan` WHERE ( p_id='2406' ) LIMIT 1   [ RunTime:0.0002s ]
INFO: [ app_end ] --START--
INFO: Run Behavior\ShowPageTraceBehavior [ RunTime:0.000710s ]
INFO: [ app_end ] --END-- [ RunTime:0.000743s ]

[ 2017-01-18T22:37:28+08:00 ] 127.0.0.1 /ceshi/DEMO/think/index.php/home/index/cont
INFO: [ app_init ] --START--
INFO: Run Behavior\BuildLiteBehavior [ RunTime:0.000013s ]
INFO: [ app_init ] --END-- [ RunTime:0.000376s ]
INFO: [ app_begin ] --START--
INFO: Run Behavior\ReadHtmlCacheBehavior [ RunTime:0.000569s ]
INFO: [ app_begin ] --END-- [ RunTime:0.000628s ]
SQL: SHOW COLUMNS FROM `dingdan` [ RunTime:0.0020s ]
SQL: UPDATE `dingdan` SET `dizhizt`='1' WHERE ( p_id='2411' ) [ RunTime:0.0004s ]
SQL: SHOW COLUMNS FROM `ding` [ RunTime:0.0014s ]
SQL: SELECT * FROM `dingdan` WHERE ( p_id='2411' ) LIMIT 1   [ RunTime:0.0007s ]
SQL: SHOW COLUMNS FROM `qizi` [ RunTime:0.0014s ]
SQL: SELECT * FROM `qizi` WHERE ( dianpu='清风亭阁' and qizi_color='红旗' ) LIMIT 1   [ RunTime:0.0006s ]
SQL: SELECT * FROM `ding` WHERE ( goodid='538650491541' ) LIMIT 1   [ RunTime:0.0002s ]
INFO: [ app_end ] --START--
INFO: Run Behavior\ShowPageTraceBehavior [ RunTime:0.000572s ]
INFO: [ app_end ] --END-- [ RunTime:0.000615s ]

[ 2017-01-18T22:37:28+08:00 ] 127.0.0.1 /ceshi/DEMO/think/index.php/home/index/cont
INFO: [ app_init ] --START--
INFO: Run Behavior\BuildLiteBehavior [ RunTime:0.000013s ]
INFO: [ app_init ] --END-- [ RunTime:0.000396s ]
INFO: [ app_begin ] --START--
INFO: Run Behavior\ReadHtmlCacheBehavior [ RunTime:0.000633s ]
INFO: [ app_begin ] --END-- [ RunTime:0.000677s ]
SQL: SHOW COLUMNS FROM `dingdan` [ RunTime:0.0019s ]
SQL: UPDATE `dingdan` SET `dizhizt`='1' WHERE ( p_id='2405' ) [ RunTime:0.0004s ]
SQL: SHOW COLUMNS FROM `ding` [ RunTime:0.0017s ]
SQL: SELECT * FROM `dingdan` WHERE ( p_id='2405' ) LIMIT 1   [ RunTime:0.0007s ]
SQL: SHOW COLUMNS FROM `qizi` [ RunTime:0.0014s ]
SQL: SELECT * FROM `qizi` WHERE ( dianpu='清风亭阁' and qizi_color='绿旗' ) LIMIT 1   [ RunTime:0.0007s ]
SQL: SELECT * FROM `ding` WHERE ( goodid='41439953216' ) LIMIT 1   [ RunTime:0.0004s ]
SQL: SELECT * FROM `dingdan` WHERE ( p_id='2405' ) LIMIT 1   [ RunTime:0.0002s ]
INFO: [ app_end ] --START--
INFO: Run Behavior\ShowPageTraceBehavior [ RunTime:0.000679s ]
INFO: [ app_end ] --END-- [ RunTime:0.000714s ]

[ 2017-01-18T22:37:28+08:00 ] 127.0.0.1 /ceshi/DEMO/think/index.php/home/index/cont
INFO: [ app_init ] --START--
INFO: Run Behavior\BuildLiteBehavior [ RunTime:0.000015s ]
INFO: [ app_init ] --END-- [ RunTime:0.000380s ]
INFO: [ app_begin ] --START--
INFO: Run Behavior\ReadHtmlCacheBehavior [ RunTime:0.000611s ]
INFO: [ app_begin ] --END-- [ RunTime:0.000654s ]
SQL: SHOW COLUMNS FROM `dingdan` [ RunTime:0.0025s ]
SQL: UPDATE `dingdan` SET `dizhizt`='1' WHERE ( p_id='2407' ) [ RunTime:0.0003s ]
SQL: SHOW COLUMNS FROM `ding` [ RunTime:0.0015s ]
SQL: SELECT * FROM `dingdan` WHERE ( p_id='2407' ) LIMIT 1   [ RunTime:0.0007s ]
SQL: SHOW COLUMNS FROM `qizi` [ RunTime:0.0014s ]
SQL: SELECT * FROM `qizi` WHERE ( dianpu='清风亭阁' and qizi_color='' ) LIMIT 1   [ RunTime:0.0007s ]
SQL: SELECT * FROM `ding` WHERE ( goodid='521073786962' ) LIMIT 1   [ RunTime:0.0002s ]
SQL: SELECT * FROM `dingdan` WHERE ( p_id='2407' ) LIMIT 1   [ RunTime:0.0003s ]
INFO: [ app_end ] --START--
INFO: Run Behavior\ShowPageTraceBehavior [ RunTime:0.000839s ]
INFO: [ app_end ] --END-- [ RunTime:0.000882s ]

[ 2017-01-18T22:37:28+08:00 ] 127.0.0.1 /ceshi/DEMO/think/index.php/home/index/cont
INFO: [ app_init ] --START--
INFO: Run Behavior\BuildLiteBehavior [ RunTime:0.000018s ]
INFO: [ app_init ] --END-- [ RunTime:0.000493s ]
INFO: [ app_begin ] --START--
INFO: Run Behavior\ReadHtmlCacheBehavior [ RunTime:0.000634s ]
INFO: [ app_begin ] --END-- [ RunTime:0.000678s ]
SQL: SHOW COLUMNS FROM `dingdan` [ RunTime:0.0020s ]
SQL: UPDATE `dingdan` SET `dizhizt`='2' WHERE ( p_id='2410' ) [ RunTime:0.0004s ]
SQL: SHOW COLUMNS FROM `ding` [ RunTime:0.0020s ]
SQL: SELECT * FROM `dingdan` WHERE ( p_id='2410' ) LIMIT 1   [ RunTime:0.0007s ]
SQL: SHOW COLUMNS FROM `qizi` [ RunTime:0.0015s ]
SQL: SELECT * FROM `qizi` WHERE ( dianpu='清风亭阁' and qizi_color='绿旗' ) LIMIT 1   [ RunTime:0.0008s ]
SQL: SELECT * FROM `ding` WHERE ( goodid='538650491541' ) LIMIT 1   [ RunTime:0.0002s ]
INFO: [ app_end ] --START--
INFO: Run Behavior\ShowPageTraceBehavior [ RunTime:0.000594s ]
INFO: [ app_end ] --END-- [ RunTime:0.000628s ]

[ 2017-01-18T22:37:28+08:00 ] 127.0.0.1 /ceshi/DEMO/think/index.php/home/index/cont
INFO: [ app_init ] --START--
INFO: Run Behavior\BuildLiteBehavior [ RunTime:0.000011s ]
INFO: [ app_init ] --END-- [ RunTime:0.000373s ]
INFO: [ app_begin ] --START--
INFO: Run Behavior\ReadHtmlCacheBehavior [ RunTime:0.000656s ]
INFO: [ app_begin ] --END-- [ RunTime:0.000704s ]
SQL: SHOW COLUMNS FROM `dingdan` [ RunTime:0.0024s ]
SQL: UPDATE `dingdan` SET `dizhizt`='1' WHERE ( p_id='2409' ) [ RunTime:0.0004s ]
SQL: SHOW COLUMNS FROM `ding` [ RunTime:0.0015s ]
SQL: SELECT * FROM `dingdan` WHERE ( p_id='2409' ) LIMIT 1   [ RunTime:0.0007s ]
SQL: SHOW COLUMNS FROM `qizi` [ RunTime:0.0014s ]
SQL: SELECT * FROM `qizi` WHERE ( dianpu='清风亭阁' and qizi_color='绿旗' ) LIMIT 1   [ RunTime:0.0006s ]
SQL: SELECT * FROM `ding` WHERE ( goodid='521073786962' ) LIMIT 1   [ RunTime:0.0002s ]
SQL: SELECT * FROM `dingdan` WHERE ( p_id='2409' ) LIMIT 1   [ RunTime:0.0002s ]
INFO: [ app_end ] --START--
INFO: Run Behavior\ShowPageTraceBehavior [ RunTime:0.000598s ]
INFO: [ app_end ] --END-- [ RunTime:0.000632s ]

[ 2017-01-18T22:37:28+08:00 ] 127.0.0.1 /ceshi/DEMO/think/index.php/home/index/cont
INFO: [ app_init ] --START--
INFO: Run Behavior\BuildLiteBehavior [ RunTime:0.000012s ]
INFO: [ app_init ] --END-- [ RunTime:0.000381s ]
INFO: [ app_begin ] --START--
INFO: Run Behavior\ReadHtmlCacheBehavior [ RunTime:0.000721s ]
INFO: [ app_begin ] --END-- [ RunTime:0.000807s ]
SQL: SHOW COLUMNS FROM `dingdan` [ RunTime:0.0019s ]
SQL: UPDATE `dingdan` SET `dizhizt`='1' WHERE ( p_id='2412' ) [ RunTime:0.0004s ]
SQL: SHOW COLUMNS FROM `ding` [ RunTime:0.0014s ]
SQL: SELECT * FROM `dingdan` WHERE ( p_id='2412' ) LIMIT 1   [ RunTime:0.0007s ]
SQL: SHOW COLUMNS FROM `qizi` [ RunTime:0.0014s ]
SQL: SELECT * FROM `qizi` WHERE ( dianpu='清风亭阁' and qizi_color='绿旗' ) LIMIT 1   [ RunTime:0.0006s ]
SQL: SELECT * FROM `ding` WHERE ( goodid='38576556499' ) LIMIT 1   [ RunTime:0.0002s ]
INFO: [ app_end ] --START--
INFO: Run Behavior\ShowPageTraceBehavior [ RunTime:0.000658s ]
INFO: [ app_end ] --END-- [ RunTime:0.000693s ]

[ 2017-01-18T22:37:28+08:00 ] 127.0.0.1 /ceshi/DEMO/think/index.php/home/index/cont
INFO: [ app_init ] --START--
INFO: Run Behavior\BuildLiteBehavior [ RunTime:0.000012s ]
INFO: [ app_init ] --END-- [ RunTime:0.000448s ]
INFO: [ app_begin ] --START--
INFO: Run Behavior\ReadHtmlCacheBehavior [ RunTime:0.000602s ]
INFO: [ app_begin ] --END-- [ RunTime:0.000656s ]
SQL: SHOW COLUMNS FROM `dingdan` [ RunTime:0.0019s ]
SQL: UPDATE `dingdan` SET `dizhizt`='1' WHERE ( p_id='2417' ) [ RunTime:0.0003s ]
SQL: SHOW COLUMNS FROM `ding` [ RunTime:0.0015s ]
SQL: SELECT * FROM `dingdan` WHERE ( p_id='2417' ) LIMIT 1   [ RunTime:0.0007s ]
SQL: SHOW COLUMNS FROM `qizi` [ RunTime:0.0014s ]
SQL: SELECT * FROM `qizi` WHERE ( dianpu='清风亭阁' and qizi_color='' ) LIMIT 1   [ RunTime:0.0009s ]
SQL: SELECT * FROM `ding` WHERE ( goodid='38576556499' ) LIMIT 1   [ RunTime:0.0002s ]
INFO: [ app_end ] --START--
INFO: Run Behavior\ShowPageTraceBehavior [ RunTime:0.000653s ]
INFO: [ app_end ] --END-- [ RunTime:0.000699s ]

[ 2017-01-18T22:37:28+08:00 ] 127.0.0.1 /ceshi/DEMO/think/index.php/home/index/cont
INFO: [ app_init ] --START--
INFO: Run Behavior\BuildLiteBehavior [ RunTime:0.000012s ]
INFO: [ app_init ] --END-- [ RunTime:0.000412s ]
INFO: [ app_begin ] --START--
INFO: Run Behavior\ReadHtmlCacheBehavior [ RunTime:0.000721s ]
INFO: [ app_begin ] --END-- [ RunTime:0.000775s ]
SQL: SHOW COLUMNS FROM `dingdan` [ RunTime:0.0019s ]
SQL: UPDATE `dingdan` SET `dizhizt`='2' WHERE ( p_id='2414' ) [ RunTime:0.0004s ]
SQL: SHOW COLUMNS FROM `ding` [ RunTime:0.0014s ]
SQL: SELECT * FROM `dingdan` WHERE ( p_id='2414' ) LIMIT 1   [ RunTime:0.0007s ]
SQL: SHOW COLUMNS FROM `qizi` [ RunTime:0.0014s ]
SQL: SELECT * FROM `qizi` WHERE ( dianpu='清风亭阁' and qizi_color='' ) LIMIT 1   [ RunTime:0.0007s ]
SQL: SELECT * FROM `ding` WHERE ( goodid='521073786962' ) LIMIT 1   [ RunTime:0.0001s ]
SQL: SELECT * FROM `dingdan` WHERE ( p_id='2414' ) LIMIT 1   [ RunTime:0.0002s ]
INFO: [ app_end ] --START--
INFO: Run Behavior\ShowPageTraceBehavior [ RunTime:0.000685s ]
INFO: [ app_end ] --END-- [ RunTime:0.000719s ]

[ 2017-01-18T22:37:28+08:00 ] 127.0.0.1 /ceshi/DEMO/think/index.php/home/index/cont
INFO: [ app_init ] --START--
INFO: Run Behavior\BuildLiteBehavior [ RunTime:0.000019s ]
INFO: [ app_init ] --END-- [ RunTime:0.000507s ]
INFO: [ app_begin ] --START--
INFO: Run Behavior\ReadHtmlCacheBehavior [ RunTime:0.000760s ]
INFO: [ app_begin ] --END-- [ RunTime:0.000820s ]
SQL: SHOW COLUMNS FROM `dingdan` [ RunTime:0.0019s ]
SQL: UPDATE `dingdan` SET `dizhizt`='1' WHERE ( p_id='2413' ) [ RunTime:0.0004s ]
SQL: SHOW COLUMNS FROM `ding` [ RunTime:0.0015s ]
SQL: SELECT * FROM `dingdan` WHERE ( p_id='2413' ) LIMIT 1   [ RunTime:0.0007s ]
SQL: SHOW COLUMNS FROM `qizi` [ RunTime:0.0016s ]
SQL: SELECT * FROM `qizi` WHERE ( dianpu='清风亭阁' and qizi_color='红旗' ) LIMIT 1   [ RunTime:0.0006s ]
SQL: SELECT * FROM `ding` WHERE ( goodid='38576556499' ) LIMIT 1   [ RunTime:0.0002s ]
INFO: [ app_end ] --START--
INFO: Run Behavior\ShowPageTraceBehavior [ RunTime:0.000656s ]
INFO: [ app_end ] --END-- [ RunTime:0.000691s ]

[ 2017-01-18T22:37:28+08:00 ] 127.0.0.1 /ceshi/DEMO/think/index.php/home/index/cont
INFO: [ app_init ] --START--
INFO: Run Behavior\BuildLiteBehavior [ RunTime:0.000012s ]
INFO: [ app_init ] --END-- [ RunTime:0.000382s ]
INFO: [ app_begin ] --START--
INFO: Run Behavior\ReadHtmlCacheBehavior [ RunTime:0.000577s ]
INFO: [ app_begin ] --END-- [ RunTime:0.000620s ]
SQL: SHOW COLUMNS FROM `dingdan` [ RunTime:0.0019s ]
SQL: UPDATE `dingdan` SET `dizhizt`='1' WHERE ( p_id='2419' ) [ RunTime:0.0004s ]
SQL: SHOW COLUMNS FROM `ding` [ RunTime:0.0018s ]
SQL: SELECT * FROM `dingdan` WHERE ( p_id='2419' ) LIMIT 1   [ RunTime:0.0008s ]
SQL: SHOW COLUMNS FROM `qizi` [ RunTime:0.0014s ]
SQL: SELECT * FROM `qizi` WHERE ( dianpu='清风亭阁' and qizi_color='红旗' ) LIMIT 1   [ RunTime:0.0006s ]
SQL: SELECT * FROM `ding` WHERE ( goodid='521073786962' ) LIMIT 1   [ RunTime:0.0002s ]
SQL: SELECT * FROM `dingdan` WHERE ( p_id='2419' ) LIMIT 1   [ RunTime:0.0002s ]
INFO: [ app_end ] --START--
INFO: Run Behavior\ShowPageTraceBehavior [ RunTime:0.000604s ]
INFO: [ app_end ] --END-- [ RunTime:0.000640s ]

[ 2017-01-18T22:37:28+08:00 ] 127.0.0.1 /ceshi/DEMO/think/index.php/home/index/cont
INFO: [ app_init ] --START--
INFO: Run Behavior\BuildLiteBehavior [ RunTime:0.000012s ]
INFO: [ app_init ] --END-- [ RunTime:0.000393s ]
INFO: [ app_begin ] --START--
INFO: Run Behavior\ReadHtmlCacheBehavior [ RunTime:0.000586s ]
INFO: [ app_begin ] --END-- [ RunTime:0.000630s ]
SQL: SHOW COLUMNS FROM `dingdan` [ RunTime:0.0023s ]
SQL: UPDATE `dingdan` SET `dizhizt`='1' WHERE ( p_id='2418' ) [ RunTime:0.0005s ]
SQL: SHOW COLUMNS FROM `ding` [ RunTime:0.0016s ]
SQL: SELECT * FROM `dingdan` WHERE ( p_id='2418' ) LIMIT 1   [ RunTime:0.0008s ]
SQL: SHOW COLUMNS FROM `qizi` [ RunTime:0.0015s ]
SQL: SELECT * FROM `qizi` WHERE ( dianpu='清风亭阁' and qizi_color='绿旗' ) LIMIT 1   [ RunTime:0.0007s ]
SQL: SELECT * FROM `ding` WHERE ( goodid='538650491541' ) LIMIT 1   [ RunTime:0.0002s ]
INFO: [ app_end ] --START--
INFO: Run Behavior\ShowPageTraceBehavior [ RunTime:0.000621s ]
INFO: [ app_end ] --END-- [ RunTime:0.000656s ]

[ 2017-01-18T22:37:28+08:00 ] 127.0.0.1 /ceshi/DEMO/think/index.php/home/index/cont
INFO: [ app_init ] --START--
INFO: Run Behavior\BuildLiteBehavior [ RunTime:0.000017s ]
INFO: [ app_init ] --END-- [ RunTime:0.000381s ]
INFO: [ app_begin ] --START--
INFO: Run Behavior\ReadHtmlCacheBehavior [ RunTime:0.000835s ]
INFO: [ app_begin ] --END-- [ RunTime:0.000893s ]
SQL: SHOW COLUMNS FROM `dingdan` [ RunTime:0.0021s ]
SQL: UPDATE `dingdan` SET `dizhizt`='1' WHERE ( p_id='2422' ) [ RunTime:0.0004s ]
SQL: SHOW COLUMNS FROM `ding` [ RunTime:0.0014s ]
SQL: SELECT * FROM `dingdan` WHERE ( p_id='2422' ) LIMIT 1   [ RunTime:0.0007s ]
SQL: SHOW COLUMNS FROM `qizi` [ RunTime:0.0015s ]
SQL: SELECT * FROM `qizi` WHERE ( dianpu='清风亭阁' and qizi_color='绿旗' ) LIMIT 1   [ RunTime:0.0007s ]
SQL: SELECT * FROM `ding` WHERE ( goodid='38576556499' ) LIMIT 1   [ RunTime:0.0002s ]
INFO: [ app_end ] --START--
INFO: Run Behavior\ShowPageTraceBehavior [ RunTime:0.000704s ]
INFO: [ app_end ] --END-- [ RunTime:0.000738s ]

[ 2017-01-18T22:37:28+08:00 ] 127.0.0.1 /ceshi/DEMO/think/index.php/home/index/cont
INFO: [ app_init ] --START--
INFO: Run Behavior\BuildLiteBehavior [ RunTime:0.000012s ]
INFO: [ app_init ] --END-- [ RunTime:0.000395s ]
INFO: [ app_begin ] --START--
INFO: Run Behavior\ReadHtmlCacheBehavior [ RunTime:0.000595s ]
INFO: [ app_begin ] --END-- [ RunTime:0.000640s ]
SQL: SHOW COLUMNS FROM `dingdan` [ RunTime:0.0018s ]
SQL: UPDATE `dingdan` SET `dizhizt`='2' WHERE ( p_id='2415' ) [ RunTime:0.0003s ]
SQL: SHOW COLUMNS FROM `ding` [ RunTime:0.0015s ]
SQL: SELECT * FROM `dingdan` WHERE ( p_id='2415' ) LIMIT 1   [ RunTime:0.0007s ]
SQL: SHOW COLUMNS FROM `qizi` [ RunTime:0.0013s ]
SQL: SELECT * FROM `qizi` WHERE ( dianpu='清风亭阁' and qizi_color='' ) LIMIT 1   [ RunTime:0.0006s ]
SQL: SELECT * FROM `ding` WHERE ( goodid='538650491541' ) LIMIT 1   [ RunTime:0.0001s ]
INFO: [ app_end ] --START--
INFO: Run Behavior\ShowPageTraceBehavior [ RunTime:0.000577s ]
INFO: [ app_end ] --END-- [ RunTime:0.000613s ]

[ 2017-01-18T22:37:28+08:00 ] 127.0.0.1 /ceshi/DEMO/think/index.php/home/index/cont
INFO: [ app_init ] --START--
INFO: Run Behavior\BuildLiteBehavior [ RunTime:0.000013s ]
INFO: [ app_init ] --END-- [ RunTime:0.000398s ]
INFO: [ app_begin ] --START--
INFO: Run Behavior\ReadHtmlCacheBehavior [ RunTime:0.000612s ]
INFO: [ app_begin ] --END-- [ RunTime:0.000654s ]
SQL: SHOW COLUMNS FROM `dingdan` [ RunTime:0.0018s ]
SQL: UPDATE `dingdan` SET `dizhizt`='1' WHERE ( p_id='2416' ) [ RunTime:0.0003s ]
SQL: SHOW COLUMNS FROM `ding` [ RunTime:0.0013s ]
SQL: SELECT * FROM `dingdan` WHERE ( p_id='2416' ) LIMIT 1   [ RunTime:0.0007s ]
SQL: SHOW COLUMNS FROM `qizi` [ RunTime:0.0013s ]
SQL: SELECT * FROM `qizi` WHERE ( dianpu='清风亭阁' and qizi_color='绿旗' ) LIMIT 1   [ RunTime:0.0006s ]
SQL: SELECT * FROM `ding` WHERE ( goodid='41439953216' ) LIMIT 1   [ RunTime:0.0001s ]
SQL: SELECT * FROM `dingdan` WHERE ( p_id='2416' ) LIMIT 1   [ RunTime:0.0002s ]
INFO: [ app_end ] --START--
INFO: Run Behavior\ShowPageTraceBehavior [ RunTime:0.000795s ]
INFO: [ app_end ] --END-- [ RunTime:0.000835s ]

[ 2017-01-18T22:37:28+08:00 ] 127.0.0.1 /ceshi/DEMO/think/index.php/home/index/cont
INFO: [ app_init ] --START--
INFO: Run Behavior\BuildLiteBehavior [ RunTime:0.000012s ]
INFO: [ app_init ] --END-- [ RunTime:0.000371s ]
INFO: [ app_begin ] --START--
INFO: Run Behavior\ReadHtmlCacheBehavior [ RunTime:0.000640s ]
INFO: [ app_begin ] --END-- [ RunTime:0.000683s ]
SQL: SHOW COLUMNS FROM `dingdan` [ RunTime:0.0018s ]
SQL: UPDATE `dingdan` SET `dizhizt`='1' WHERE ( p_id='2423' ) [ RunTime:0.0003s ]
SQL: SHOW COLUMNS FROM `ding` [ RunTime:0.0013s ]
SQL: SELECT * FROM `dingdan` WHERE ( p_id='2423' ) LIMIT 1   [ RunTime:0.0007s ]
SQL: SHOW COLUMNS FROM `qizi` [ RunTime:0.0014s ]
SQL: SELECT * FROM `qizi` WHERE ( dianpu='清风亭阁' and qizi_color='绿旗' ) LIMIT 1   [ RunTime:0.0006s ]
SQL: SELECT * FROM `ding` WHERE ( goodid='538804404645' ) LIMIT 1   [ RunTime:0.0001s ]
INFO: [ app_end ] --START--
INFO: Run Behavior\ShowPageTraceBehavior [ RunTime:0.000813s ]
INFO: [ app_end ] --END-- [ RunTime:0.000852s ]

[ 2017-01-18T22:37:28+08:00 ] 127.0.0.1 /ceshi/DEMO/think/index.php/home/index/cont
INFO: [ app_init ] --START--
INFO: Run Behavior\BuildLiteBehavior [ RunTime:0.000014s ]
INFO: [ app_init ] --END-- [ RunTime:0.000402s ]
INFO: [ app_begin ] --START--
INFO: Run Behavior\ReadHtmlCacheBehavior [ RunTime:0.000558s ]
INFO: [ app_begin ] --END-- [ RunTime:0.000600s ]
SQL: SHOW COLUMNS FROM `dingdan` [ RunTime:0.0020s ]
SQL: UPDATE `dingdan` SET `dizhizt`='1' WHERE ( p_id='2421' ) [ RunTime:0.0004s ]
SQL: SHOW COLUMNS FROM `ding` [ RunTime:0.0013s ]
SQL: SELECT * FROM `dingdan` WHERE ( p_id='2421' ) LIMIT 1   [ RunTime:0.0007s ]
SQL: SHOW COLUMNS FROM `qizi` [ RunTime:0.0013s ]
SQL: SELECT * FROM `qizi` WHERE ( dianpu='玖零国际数码' and qizi_color='绿旗' ) LIMIT 1   [ RunTime:0.0007s ]
SQL: SELECT * FROM `ding` WHERE ( goodid='538369930809' ) LIMIT 1   [ RunTime:0.0002s ]
INFO: [ app_end ] --START--
INFO: Run Behavior\ShowPageTraceBehavior [ RunTime:0.000692s ]
INFO: [ app_end ] --END-- [ RunTime:0.000729s ]

[ 2017-01-18T22:37:28+08:00 ] 127.0.0.1 /ceshi/DEMO/think/index.php/home/index/cont
INFO: [ app_init ] --START--
INFO: Run Behavior\BuildLiteBehavior [ RunTime:0.000013s ]
INFO: [ app_init ] --END-- [ RunTime:0.000390s ]
INFO: [ app_begin ] --START--
INFO: Run Behavior\ReadHtmlCacheBehavior [ RunTime:0.000630s ]
INFO: [ app_begin ] --END-- [ RunTime:0.000679s ]
SQL: SHOW COLUMNS FROM `dingdan` [ RunTime:0.0019s ]
SQL: UPDATE `dingdan` SET `dizhizt`='2' WHERE ( p_id='2420' ) [ RunTime:0.0003s ]
SQL: SHOW COLUMNS FROM `ding` [ RunTime:0.0013s ]
SQL: SELECT * FROM `dingdan` WHERE ( p_id='2420' ) LIMIT 1   [ RunTime:0.0007s ]
SQL: SHOW COLUMNS FROM `qizi` [ RunTime:0.0014s ]
SQL: SELECT * FROM `qizi` WHERE ( dianpu='清风亭阁' and qizi_color='' ) LIMIT 1   [ RunTime:0.0006s ]
SQL: SELECT * FROM `ding` WHERE ( goodid='538804404645' ) LIMIT 1   [ RunTime:0.0002s ]
INFO: [ app_end ] --START--
INFO: Run Behavior\ShowPageTraceBehavior [ RunTime:0.000653s ]
INFO: [ app_end ] --END-- [ RunTime:0.000686s ]

