[ 2017-02-07T09:39:19+08:00 ] 127.0.0.1 /ceshi/DEMO/think/index.php/home/index/t_list
INFO: [ app_init ] --START--
INFO: Run Behavior\BuildLiteBehavior [ RunTime:0.000060s ]
INFO: [ app_init ] --END-- [ RunTime:0.001640s ]
INFO: [ app_begin ] --START--
INFO: Run Behavior\ReadHtmlCacheBehavior [ RunTime:0.002523s ]
INFO: [ app_begin ] --END-- [ RunTime:0.002682s ]
SQL: SHOW COLUMNS FROM `dingdan` [ RunTime:0.1070s ]
SQL: SELECT * FROM `dingdan` WHERE ( ztt='5' )  [ RunTime:0.0024s ]
INFO: [ app_end ] --START--
INFO: Run Behavior\ShowPageTraceBehavior [ RunTime:0.002038s ]
INFO: [ app_end ] --END-- [ RunTime:0.002178s ]

[ 2017-02-07T09:39:22+08:00 ] 127.0.0.1 /ceshi/DEMO/think/index.php/home/index/t_list
INFO: [ app_init ] --START--
INFO: Run Behavior\BuildLiteBehavior [ RunTime:0.000044s ]
INFO: [ app_init ] --END-- [ RunTime:0.001335s ]
INFO: [ app_begin ] --START--
INFO: Run Behavior\ReadHtmlCacheBehavior [ RunTime:0.001430s ]
INFO: [ app_begin ] --END-- [ RunTime:0.001568s ]
SQL: SHOW COLUMNS FROM `dingdan` [ RunTime:0.0038s ]
SQL: SELECT * FROM `dingdan` WHERE ( ztt='5' )  [ RunTime:0.0011s ]
INFO: [ app_end ] --START--
INFO: Run Behavior\ShowPageTraceBehavior [ RunTime:0.001417s ]
INFO: [ app_end ] --END-- [ RunTime:0.001534s ]

[ 2017-02-07T09:39:22+08:00 ] 127.0.0.1 /ceshi/DEMO/think/index.php/home/index/cont
INFO: [ app_init ] --START--
INFO: Run Behavior\BuildLiteBehavior [ RunTime:0.000019s ]
INFO: [ app_init ] --END-- [ RunTime:0.000544s ]
INFO: [ app_begin ] --START--
INFO: Run Behavior\ReadHtmlCacheBehavior [ RunTime:0.000717s ]
INFO: [ app_begin ] --END-- [ RunTime:0.000781s ]
SQL: SHOW COLUMNS FROM `dingdan` [ RunTime:0.0024s ]
SQL: UPDATE `dingdan` SET `dizhizt`='1' WHERE ( p_id='3056' ) [ RunTime:0.0394s ]
SQL: SHOW COLUMNS FROM `ding` [ RunTime:0.0018s ]
SQL: SELECT * FROM `dingdan` WHERE ( p_id='3056' ) LIMIT 1   [ RunTime:0.0008s ]
SQL: SHOW COLUMNS FROM `qizi` [ RunTime:0.0015s ]
SQL: SELECT * FROM `qizi` WHERE ( dianpu='清风亭阁' and qizi_color='紫旗' ) LIMIT 1   [ RunTime:0.0007s ]
SQL: SELECT * FROM `ding` WHERE ( (goodid='538804404645' and sk_name='3198137202040' and ding_name='颜色分类sss') or (goodid='538804404645' and sk_name='' and ding_name='') ) LIMIT 1   [ RunTime:0.0002s ]
SQL: SELECT * FROM `dingdan` WHERE ( p_id='3056' ) LIMIT 1   [ RunTime:0.0003s ]
INFO: [ app_end ] --START--
INFO: Run Behavior\ShowPageTraceBehavior [ RunTime:0.000664s ]
INFO: [ app_end ] --END-- [ RunTime:0.000701s ]

[ 2017-02-07T09:39:22+08:00 ] 127.0.0.1 /ceshi/DEMO/think/index.php/home/index/cont
INFO: [ app_init ] --START--
INFO: Run Behavior\BuildLiteBehavior [ RunTime:0.000030s ]
INFO: [ app_init ] --END-- [ RunTime:0.000562s ]
INFO: [ app_begin ] --START--
INFO: Run Behavior\ReadHtmlCacheBehavior [ RunTime:0.001010s ]
INFO: [ app_begin ] --END-- [ RunTime:0.001087s ]
SQL: SHOW COLUMNS FROM `dingdan` [ RunTime:0.0021s ]
SQL: UPDATE `dingdan` SET `dizhizt`='2' WHERE ( p_id='3057' ) [ RunTime:0.0575s ]
SQL: SHOW COLUMNS FROM `ding` [ RunTime:0.0063s ]
SQL: SELECT * FROM `dingdan` WHERE ( p_id='3057' ) LIMIT 1   [ RunTime:0.0029s ]
SQL: SHOW COLUMNS FROM `qizi` [ RunTime:0.0051s ]
SQL: SELECT * FROM `qizi` WHERE ( dianpu='清风亭阁' and qizi_color='紫旗' ) LIMIT 1   [ RunTime:0.0028s ]
SQL: SELECT * FROM `ding` WHERE ( (goodid='38576556499' and sk_name='3218955493240' and ding_name='颜色分类:【上门】iPad2/3/4【换外屏】') or (goodid='38576556499' and sk_name='' and ding_name='') ) LIMIT 1   [ RunTime:0.0007s ]
SQL: SELECT * FROM `dingdan` WHERE ( p_id='3057' ) LIMIT 1   [ RunTime:0.0009s ]
INFO: [ app_end ] --START--
INFO: Run Behavior\ShowPageTraceBehavior [ RunTime:0.002770s ]
INFO: [ app_end ] --END-- [ RunTime:0.002908s ]

[ 2017-02-07T09:39:23+08:00 ] 127.0.0.1 /ceshi/DEMO/think/index.php/home/index/t_list
INFO: [ app_init ] --START--
INFO: Run Behavior\BuildLiteBehavior [ RunTime:0.000038s ]
INFO: [ app_init ] --END-- [ RunTime:0.001170s ]
INFO: [ app_begin ] --START--
INFO: Run Behavior\ReadHtmlCacheBehavior [ RunTime:0.002191s ]
INFO: [ app_begin ] --END-- [ RunTime:0.002352s ]
SQL: SHOW COLUMNS FROM `dingdan` [ RunTime:0.0049s ]
SQL: SELECT * FROM `dingdan` WHERE ( ztt='5' )  [ RunTime:0.0010s ]
INFO: [ app_end ] --START--
INFO: Run Behavior\ShowPageTraceBehavior [ RunTime:0.001825s ]
INFO: [ app_end ] --END-- [ RunTime:0.001930s ]

[ 2017-02-07T09:39:23+08:00 ] 127.0.0.1 /ceshi/DEMO/think/index.php/home/index/cont
INFO: [ app_init ] --START--
INFO: Run Behavior\BuildLiteBehavior [ RunTime:0.000036s ]
INFO: [ app_init ] --END-- [ RunTime:0.001153s ]
INFO: [ app_begin ] --START--
INFO: Run Behavior\ReadHtmlCacheBehavior [ RunTime:0.001694s ]
INFO: [ app_begin ] --END-- [ RunTime:0.001841s ]
SQL: SHOW COLUMNS FROM `dingdan` [ RunTime:0.0035s ]
SQL: UPDATE `dingdan` SET `dizhizt`='2' WHERE ( p_id='3057' ) [ RunTime:0.0005s ]
SQL: SHOW COLUMNS FROM `ding` [ RunTime:0.0028s ]
SQL: SELECT * FROM `dingdan` WHERE ( p_id='3057' ) LIMIT 1   [ RunTime:0.0013s ]
SQL: SHOW COLUMNS FROM `qizi` [ RunTime:0.0025s ]
SQL: SELECT * FROM `qizi` WHERE ( dianpu='清风亭阁' and qizi_color='紫旗' ) LIMIT 1   [ RunTime:0.0010s ]
SQL: SELECT * FROM `ding` WHERE ( (goodid='38576556499' and sk_name='3218955493240' and ding_name='颜色分类:【上门】iPad2/3/4【换外屏】') or (goodid='38576556499' and sk_name='' and ding_name='') ) LIMIT 1   [ RunTime:0.0003s ]
SQL: SELECT * FROM `dingdan` WHERE ( p_id='3057' ) LIMIT 1   [ RunTime:0.0004s ]
INFO: [ app_end ] --START--
INFO: Run Behavior\ShowPageTraceBehavior [ RunTime:0.000934s ]
INFO: [ app_end ] --END-- [ RunTime:0.001001s ]

[ 2017-02-07T09:39:23+08:00 ] 127.0.0.1 /ceshi/DEMO/think/index.php/home/index/cont
INFO: [ app_init ] --START--
INFO: Run Behavior\BuildLiteBehavior [ RunTime:0.000029s ]
INFO: [ app_init ] --END-- [ RunTime:0.000868s ]
INFO: [ app_begin ] --START--
INFO: Run Behavior\ReadHtmlCacheBehavior [ RunTime:0.001560s ]
INFO: [ app_begin ] --END-- [ RunTime:0.001672s ]
SQL: SHOW COLUMNS FROM `dingdan` [ RunTime:0.0051s ]
SQL: UPDATE `dingdan` SET `dizhizt`='1' WHERE ( p_id='3056' ) [ RunTime:0.0008s ]
SQL: SHOW COLUMNS FROM `ding` [ RunTime:0.0031s ]
SQL: SELECT * FROM `dingdan` WHERE ( p_id='3056' ) LIMIT 1   [ RunTime:0.0009s ]
SQL: SHOW COLUMNS FROM `qizi` [ RunTime:0.0016s ]
SQL: SELECT * FROM `qizi` WHERE ( dianpu='清风亭阁' and qizi_color='紫旗' ) LIMIT 1   [ RunTime:0.0008s ]
SQL: SELECT * FROM `ding` WHERE ( (goodid='538804404645' and sk_name='3198137202040' and ding_name='颜色分类sss') or (goodid='538804404645' and sk_name='' and ding_name='') ) LIMIT 1   [ RunTime:0.0002s ]
SQL: SELECT * FROM `dingdan` WHERE ( p_id='3056' ) LIMIT 1   [ RunTime:0.0002s ]
INFO: [ app_end ] --START--
INFO: Run Behavior\ShowPageTraceBehavior [ RunTime:0.000915s ]
INFO: [ app_end ] --END-- [ RunTime:0.000960s ]

[ 2017-02-07T09:39:27+08:00 ] 127.0.0.1 /ceshi/DEMO/think/index.php/home/index/skui
INFO: [ app_init ] --START--
INFO: Run Behavior\BuildLiteBehavior [ RunTime:0.000011s ]
INFO: [ app_init ] --END-- [ RunTime:0.000460s ]
INFO: [ app_begin ] --START--
INFO: Run Behavior\ReadHtmlCacheBehavior [ RunTime:0.000697s ]
INFO: [ app_begin ] --END-- [ RunTime:0.000744s ]
SQL: SHOW COLUMNS FROM `sku` [ RunTime:0.0016s ]
SQL: SELECT * FROM `sku`  [ RunTime:0.0007s ]

[ 2017-02-07T09:39:29+08:00 ] 127.0.0.1 /ceshi/DEMO/think/index.php/home/index/pipei
INFO: [ app_init ] --START--
INFO: Run Behavior\BuildLiteBehavior [ RunTime:0.000013s ]
INFO: [ app_init ] --END-- [ RunTime:0.000437s ]
INFO: [ app_begin ] --START--
INFO: Run Behavior\ReadHtmlCacheBehavior [ RunTime:0.000656s ]
INFO: [ app_begin ] --END-- [ RunTime:0.000695s ]
SQL: SHOW COLUMNS FROM `dingdan` [ RunTime:0.0021s ]
SQL: SELECT * FROM `dingdan` WHERE ( p_id='3057' ) LIMIT 1   [ RunTime:0.0005s ]
SQL: SHOW COLUMNS FROM `ding` [ RunTime:0.0015s ]
SQL: SELECT * FROM `ding` WHERE ( goodid='38576556499' and sk_name='3218955493240' and ding_name='颜色分类:【上门】iPad2/3/4【换外屏】' ) LIMIT 1   [ RunTime:0.0008s ]
SQL: SELECT * FROM `ding` WHERE ( goodid='38576556499' and sk_name='3218955493240' ) LIMIT 1   [ RunTime:0.0002s ]
SQL: INSERT INTO `ding` (`ding_name`,`goodid`,`sk_name`,`sku_id`,`ding_zt`) VALUES ('颜色分类:【上门】iPad2/3/4【换外屏】','38576556499','3218955493240','1','1') [ RunTime:0.0360s ]
INFO: [ app_end ] --START--
INFO: Run Behavior\ShowPageTraceBehavior [ RunTime:0.000918s ]
INFO: [ app_end ] --END-- [ RunTime:0.000960s ]

[ 2017-02-07T09:39:30+08:00 ] 127.0.0.1 /ceshi/DEMO/think/index.php/home/index/skui
INFO: [ app_init ] --START--
INFO: Run Behavior\BuildLiteBehavior [ RunTime:0.000011s ]
INFO: [ app_init ] --END-- [ RunTime:0.000431s ]
INFO: [ app_begin ] --START--
INFO: Run Behavior\ReadHtmlCacheBehavior [ RunTime:0.000659s ]
INFO: [ app_begin ] --END-- [ RunTime:0.000701s ]
SQL: SHOW COLUMNS FROM `sku` [ RunTime:0.0015s ]
SQL: SELECT * FROM `sku`  [ RunTime:0.0006s ]

[ 2017-02-07T09:39:32+08:00 ] 127.0.0.1 /ceshi/DEMO/think/index.php/home/index/pipei
INFO: [ app_init ] --START--
INFO: Run Behavior\BuildLiteBehavior [ RunTime:0.000012s ]
INFO: [ app_init ] --END-- [ RunTime:0.000435s ]
INFO: [ app_begin ] --START--
INFO: Run Behavior\ReadHtmlCacheBehavior [ RunTime:0.000668s ]
INFO: [ app_begin ] --END-- [ RunTime:0.000728s ]
SQL: SHOW COLUMNS FROM `dingdan` [ RunTime:0.0021s ]
SQL: SELECT * FROM `dingdan` WHERE ( p_id='3056' ) LIMIT 1   [ RunTime:0.0005s ]
SQL: SHOW COLUMNS FROM `ding` [ RunTime:0.0014s ]
SQL: SELECT * FROM `ding` WHERE ( goodid='538804404645' and sk_name='3198137202040' and ding_name='颜色分类sss' ) LIMIT 1   [ RunTime:0.0007s ]
SQL: SELECT * FROM `ding` WHERE ( goodid='538804404645' and sk_name='3198137202040' ) LIMIT 1   [ RunTime:0.0002s ]
SQL: INSERT INTO `ding` (`ding_name`,`goodid`,`sk_name`,`sku_id`,`ding_zt`) VALUES ('颜色分类sss','538804404645','3198137202040','2','1') [ RunTime:0.0634s ]
INFO: [ app_end ] --START--
INFO: Run Behavior\ShowPageTraceBehavior [ RunTime:0.002768s ]
INFO: [ app_end ] --END-- [ RunTime:0.002970s ]

[ 2017-02-07T09:39:34+08:00 ] 127.0.0.1 /ceshi/DEMO/think/index.php/home/index/t_list
INFO: [ app_init ] --START--
INFO: Run Behavior\BuildLiteBehavior [ RunTime:0.000020s ]
INFO: [ app_init ] --END-- [ RunTime:0.000583s ]
INFO: [ app_begin ] --START--
INFO: Run Behavior\ReadHtmlCacheBehavior [ RunTime:0.000978s ]
INFO: [ app_begin ] --END-- [ RunTime:0.001056s ]
SQL: SHOW COLUMNS FROM `dingdan` [ RunTime:0.0021s ]
SQL: SELECT * FROM `dingdan` WHERE ( ztt='5' )  [ RunTime:0.0005s ]
INFO: [ app_end ] --START--
INFO: Run Behavior\ShowPageTraceBehavior [ RunTime:0.000724s ]
INFO: [ app_end ] --END-- [ RunTime:0.000760s ]

[ 2017-02-07T09:39:34+08:00 ] 127.0.0.1 /ceshi/DEMO/think/index.php/home/index/cont
INFO: [ app_init ] --START--
INFO: Run Behavior\BuildLiteBehavior [ RunTime:0.000017s ]
INFO: [ app_init ] --END-- [ RunTime:0.000501s ]
INFO: [ app_begin ] --START--
INFO: Run Behavior\ReadHtmlCacheBehavior [ RunTime:0.000680s ]
INFO: [ app_begin ] --END-- [ RunTime:0.000730s ]
SQL: SHOW COLUMNS FROM `dingdan` [ RunTime:0.0028s ]
SQL: UPDATE `dingdan` SET `dizhizt`='2' WHERE ( p_id='3057' ) [ RunTime:0.0004s ]
SQL: SHOW COLUMNS FROM `ding` [ RunTime:0.0019s ]
SQL: SELECT * FROM `dingdan` WHERE ( p_id='3057' ) LIMIT 1   [ RunTime:0.0009s ]
SQL: SHOW COLUMNS FROM `qizi` [ RunTime:0.0020s ]
SQL: SELECT * FROM `qizi` WHERE ( dianpu='清风亭阁' and qizi_color='紫旗' ) LIMIT 1   [ RunTime:0.0009s ]
SQL: SELECT * FROM `ding` WHERE ( (goodid='38576556499' and sk_name='3218955493240' and ding_name='颜色分类:【上门】iPad2/3/4【换外屏】') or (goodid='38576556499' and sk_name='' and ding_name='') ) LIMIT 1   [ RunTime:0.0003s ]
SQL: UPDATE `dingdan` SET `zt`='2',`qizi`='2' WHERE ( p_id='3057' ) [ RunTime:0.0478s ]
INFO: [ app_end ] --START--
INFO: Run Behavior\ShowPageTraceBehavior [ RunTime:0.002815s ]
INFO: [ app_end ] --END-- [ RunTime:0.002999s ]

[ 2017-02-07T09:39:34+08:00 ] 127.0.0.1 /ceshi/DEMO/think/index.php/home/index/cont
INFO: [ app_init ] --START--
INFO: Run Behavior\BuildLiteBehavior [ RunTime:0.000015s ]
INFO: [ app_init ] --END-- [ RunTime:0.000496s ]
INFO: [ app_begin ] --START--
INFO: Run Behavior\ReadHtmlCacheBehavior [ RunTime:0.000627s ]
INFO: [ app_begin ] --END-- [ RunTime:0.000669s ]
SQL: SHOW COLUMNS FROM `dingdan` [ RunTime:0.0086s ]
SQL: UPDATE `dingdan` SET `dizhizt`='1' WHERE ( p_id='3056' ) [ RunTime:0.0014s ]
SQL: SHOW COLUMNS FROM `ding` [ RunTime:0.0066s ]
SQL: SELECT * FROM `dingdan` WHERE ( p_id='3056' ) LIMIT 1   [ RunTime:0.0028s ]
SQL: SHOW COLUMNS FROM `qizi` [ RunTime:0.0050s ]
SQL: SELECT * FROM `qizi` WHERE ( dianpu='清风亭阁' and qizi_color='紫旗' ) LIMIT 1   [ RunTime:0.0023s ]
SQL: SELECT * FROM `ding` WHERE ( (goodid='538804404645' and sk_name='3198137202040' and ding_name='颜色分类sss') or (goodid='538804404645' and sk_name='' and ding_name='') ) LIMIT 1   [ RunTime:0.0007s ]

[ 2017-02-07T09:39:34+08:00 ] 127.0.0.1 /ceshi/DEMO/think/index.php/home/index/t_list
INFO: [ app_init ] --START--
INFO: Run Behavior\BuildLiteBehavior [ RunTime:0.000018s ]
INFO: [ app_init ] --END-- [ RunTime:0.000562s ]
INFO: [ app_begin ] --START--
INFO: Run Behavior\ReadHtmlCacheBehavior [ RunTime:0.000992s ]
INFO: [ app_begin ] --END-- [ RunTime:0.001061s ]
SQL: SHOW COLUMNS FROM `dingdan` [ RunTime:0.0030s ]
SQL: SELECT * FROM `dingdan` WHERE ( ztt='5' )  [ RunTime:0.0006s ]
INFO: [ app_end ] --START--
INFO: Run Behavior\ShowPageTraceBehavior [ RunTime:0.001053s ]
INFO: [ app_end ] --END-- [ RunTime:0.001136s ]

[ 2017-02-07T09:39:35+08:00 ] 127.0.0.1 /ceshi/DEMO/think/index.php/home/index/cont
INFO: [ app_init ] --START--
INFO: Run Behavior\BuildLiteBehavior [ RunTime:0.000020s ]
INFO: [ app_init ] --END-- [ RunTime:0.000537s ]
INFO: [ app_begin ] --START--
INFO: Run Behavior\ReadHtmlCacheBehavior [ RunTime:0.000966s ]
INFO: [ app_begin ] --END-- [ RunTime:0.001029s ]
SQL: SHOW COLUMNS FROM `dingdan` [ RunTime:0.0030s ]
SQL: UPDATE `dingdan` SET `dizhizt`='2' WHERE ( p_id='3057' ) [ RunTime:0.0005s ]
SQL: SHOW COLUMNS FROM `ding` [ RunTime:0.0017s ]
SQL: SELECT * FROM `dingdan` WHERE ( p_id='3057' ) LIMIT 1   [ RunTime:0.0008s ]
SQL: SHOW COLUMNS FROM `qizi` [ RunTime:0.0018s ]
SQL: SELECT * FROM `qizi` WHERE ( dianpu='清风亭阁' and qizi_color='紫旗' ) LIMIT 1   [ RunTime:0.0009s ]
SQL: SELECT * FROM `ding` WHERE ( (goodid='38576556499' and sk_name='3218955493240' and ding_name='颜色分类:【上门】iPad2/3/4【换外屏】') or (goodid='38576556499' and sk_name='' and ding_name='') ) LIMIT 1   [ RunTime:0.0003s ]
INFO: [ app_end ] --START--
INFO: Run Behavior\ShowPageTraceBehavior [ RunTime:0.001071s ]
INFO: [ app_end ] --END-- [ RunTime:0.001130s ]

[ 2017-02-07T09:39:35+08:00 ] 127.0.0.1 /ceshi/DEMO/think/index.php/home/index/cont
INFO: [ app_init ] --START--
INFO: Run Behavior\BuildLiteBehavior [ RunTime:0.000018s ]
INFO: [ app_init ] --END-- [ RunTime:0.000445s ]
INFO: [ app_begin ] --START--
INFO: Run Behavior\ReadHtmlCacheBehavior [ RunTime:0.000951s ]
INFO: [ app_begin ] --END-- [ RunTime:0.001019s ]
SQL: SHOW COLUMNS FROM `dingdan` [ RunTime:0.0029s ]
SQL: UPDATE `dingdan` SET `dizhizt`='1' WHERE ( p_id='3056' ) [ RunTime:0.0006s ]
SQL: SHOW COLUMNS FROM `ding` [ RunTime:0.0021s ]
SQL: SELECT * FROM `dingdan` WHERE ( p_id='3056' ) LIMIT 1   [ RunTime:0.0009s ]
SQL: SHOW COLUMNS FROM `qizi` [ RunTime:0.0018s ]
SQL: SELECT * FROM `qizi` WHERE ( dianpu='清风亭阁' and qizi_color='紫旗' ) LIMIT 1   [ RunTime:0.0007s ]
SQL: SELECT * FROM `ding` WHERE ( (goodid='538804404645' and sk_name='3198137202040' and ding_name='颜色分类sss') or (goodid='538804404645' and sk_name='' and ding_name='') ) LIMIT 1   [ RunTime:0.0002s ]

[ 2017-02-07T09:42:20+08:00 ] 127.0.0.1 /ceshi/DEMO/think/index.php/home/index/t_list
INFO: [ app_init ] --START--
INFO: Run Behavior\BuildLiteBehavior [ RunTime:0.000021s ]
INFO: [ app_init ] --END-- [ RunTime:0.000627s ]
INFO: [ app_begin ] --START--
INFO: Run Behavior\ReadHtmlCacheBehavior [ RunTime:0.000984s ]
INFO: [ app_begin ] --END-- [ RunTime:0.001070s ]
SQL: SHOW COLUMNS FROM `dingdan` [ RunTime:0.0485s ]
SQL: SELECT * FROM `dingdan` WHERE ( ztt='5' )  [ RunTime:0.0007s ]
INFO: [ app_end ] --START--
INFO: Run Behavior\ShowPageTraceBehavior [ RunTime:0.001054s ]
INFO: [ app_end ] --END-- [ RunTime:0.001122s ]

[ 2017-02-07T09:42:22+08:00 ] 127.0.0.1 /ceshi/DEMO/think/index.php/home/index/t_list
INFO: [ app_init ] --START--
INFO: Run Behavior\BuildLiteBehavior [ RunTime:0.000039s ]
INFO: [ app_init ] --END-- [ RunTime:0.000894s ]
INFO: [ app_begin ] --START--
INFO: Run Behavior\ReadHtmlCacheBehavior [ RunTime:0.002456s ]
INFO: [ app_begin ] --END-- [ RunTime:0.002604s ]
SQL: SHOW COLUMNS FROM `dingdan` [ RunTime:0.0040s ]
SQL: SELECT * FROM `dingdan` WHERE ( ztt='5' )  [ RunTime:0.0014s ]
INFO: [ app_end ] --START--
INFO: Run Behavior\ShowPageTraceBehavior [ RunTime:0.001269s ]
INFO: [ app_end ] --END-- [ RunTime:0.001341s ]

[ 2017-02-07T09:42:22+08:00 ] 127.0.0.1 /ceshi/DEMO/think/index.php/home/index/cont
INFO: [ app_init ] --START--
INFO: Run Behavior\BuildLiteBehavior [ RunTime:0.000027s ]
INFO: [ app_init ] --END-- [ RunTime:0.000613s ]
INFO: [ app_begin ] --START--
INFO: Run Behavior\ReadHtmlCacheBehavior [ RunTime:0.001035s ]
INFO: [ app_begin ] --END-- [ RunTime:0.001116s ]
SQL: SHOW COLUMNS FROM `dingdan` [ RunTime:0.0026s ]
SQL: UPDATE `dingdan` SET `dizhizt`='2' WHERE ( p_id='3058' ) [ RunTime:0.0401s ]
SQL: SHOW COLUMNS FROM `ding` [ RunTime:0.0020s ]
SQL: SELECT * FROM `dingdan` WHERE ( p_id='3058' ) LIMIT 1   [ RunTime:0.0010s ]
SQL: SHOW COLUMNS FROM `qizi` [ RunTime:0.0024s ]
SQL: SELECT * FROM `qizi` WHERE ( dianpu='清风亭阁' and qizi_color='紫旗' ) LIMIT 1   [ RunTime:0.0010s ]
SQL: SELECT * FROM `ding` WHERE ( (goodid='38576556499' and sk_name='3218955493240' and ding_name='颜色分类:【上门】iPad2/3/4【换外屏】') or (goodid='38576556499' and sk_name='' and ding_name='') ) LIMIT 1   [ RunTime:0.0002s ]
SQL: SELECT * FROM `dingdan` WHERE ( p_id='3058' ) LIMIT 1   [ RunTime:0.0002s ]
INFO: [ app_end ] --START--
INFO: Run Behavior\ShowPageTraceBehavior [ RunTime:0.000771s ]
INFO: [ app_end ] --END-- [ RunTime:0.000807s ]

[ 2017-02-07T09:42:22+08:00 ] 127.0.0.1 /ceshi/DEMO/think/index.php/home/index/cont
INFO: [ app_init ] --START--
INFO: Run Behavior\BuildLiteBehavior [ RunTime:0.000017s ]
INFO: [ app_init ] --END-- [ RunTime:0.000500s ]
INFO: [ app_begin ] --START--
INFO: Run Behavior\ReadHtmlCacheBehavior [ RunTime:0.000859s ]
INFO: [ app_begin ] --END-- [ RunTime:0.000939s ]
SQL: SHOW COLUMNS FROM `dingdan` [ RunTime:0.0020s ]
SQL: UPDATE `dingdan` SET `dizhizt`='1' WHERE ( p_id='3059' ) [ RunTime:0.0217s ]
SQL: SHOW COLUMNS FROM `ding` [ RunTime:0.0018s ]
SQL: SELECT * FROM `dingdan` WHERE ( p_id='3059' ) LIMIT 1   [ RunTime:0.0010s ]
SQL: SHOW COLUMNS FROM `qizi` [ RunTime:0.0015s ]
SQL: SELECT * FROM `qizi` WHERE ( dianpu='清风亭阁' and qizi_color='紫旗' ) LIMIT 1   [ RunTime:0.0008s ]
SQL: SELECT * FROM `ding` WHERE ( (goodid='538804404645' and sk_name='3198137202040' and ding_name='颜色分类sss') or (goodid='538804404645' and sk_name='' and ding_name='') ) LIMIT 1   [ RunTime:0.0002s ]
SQL: SELECT * FROM `dingdan` WHERE ( p_id='3059' ) LIMIT 1   [ RunTime:0.0002s ]
INFO: [ app_end ] --START--
INFO: Run Behavior\ShowPageTraceBehavior [ RunTime:0.000706s ]
INFO: [ app_end ] --END-- [ RunTime:0.000754s ]

[ 2017-02-07T09:42:28+08:00 ] 127.0.0.1 /ceshi/DEMO/think/index.php/home/index/t_list
INFO: [ app_init ] --START--
INFO: Run Behavior\BuildLiteBehavior [ RunTime:0.000021s ]
INFO: [ app_init ] --END-- [ RunTime:0.000549s ]
INFO: [ app_begin ] --START--
INFO: Run Behavior\ReadHtmlCacheBehavior [ RunTime:0.000883s ]
INFO: [ app_begin ] --END-- [ RunTime:0.000956s ]
SQL: SHOW COLUMNS FROM `dingdan` [ RunTime:0.0025s ]
SQL: SELECT * FROM `dingdan` WHERE ( ztt='5' )  [ RunTime:0.0005s ]
INFO: [ app_end ] --START--
INFO: Run Behavior\ShowPageTraceBehavior [ RunTime:0.000687s ]
INFO: [ app_end ] --END-- [ RunTime:0.000741s ]

[ 2017-02-07T09:42:28+08:00 ] 127.0.0.1 /ceshi/DEMO/think/index.php/home/index/cont
INFO: [ app_init ] --START--
INFO: Run Behavior\BuildLiteBehavior [ RunTime:0.000021s ]
INFO: [ app_init ] --END-- [ RunTime:0.000562s ]
INFO: [ app_begin ] --START--
INFO: Run Behavior\ReadHtmlCacheBehavior [ RunTime:0.000829s ]
INFO: [ app_begin ] --END-- [ RunTime:0.000894s ]
SQL: SHOW COLUMNS FROM `dingdan` [ RunTime:0.0021s ]
SQL: UPDATE `dingdan` SET `dizhizt`='2' WHERE ( p_id='3058' ) [ RunTime:0.0003s ]
SQL: SHOW COLUMNS FROM `ding` [ RunTime:0.0018s ]
SQL: SELECT * FROM `dingdan` WHERE ( p_id='3058' ) LIMIT 1   [ RunTime:0.0007s ]
SQL: SHOW COLUMNS FROM `qizi` [ RunTime:0.0020s ]
SQL: SELECT * FROM `qizi` WHERE ( dianpu='清风亭阁' and qizi_color='紫旗' ) LIMIT 1   [ RunTime:0.0006s ]
SQL: SELECT * FROM `ding` WHERE ( (goodid='38576556499' and sk_name='3218955493240' and ding_name='颜色分类:【上门】iPad2/3/4【换外屏】') or (goodid='38576556499' and sk_name='' and ding_name='') ) LIMIT 1   [ RunTime:0.0002s ]
SQL: SELECT * FROM `dingdan` WHERE ( p_id='3058' ) LIMIT 1   [ RunTime:0.0003s ]
INFO: [ app_end ] --START--
INFO: Run Behavior\ShowPageTraceBehavior [ RunTime:0.001083s ]
INFO: [ app_end ] --END-- [ RunTime:0.001147s ]

[ 2017-02-07T09:42:28+08:00 ] 127.0.0.1 /ceshi/DEMO/think/index.php/home/index/cont
INFO: [ app_init ] --START--
INFO: Run Behavior\BuildLiteBehavior [ RunTime:0.000014s ]
INFO: [ app_init ] --END-- [ RunTime:0.000404s ]
INFO: [ app_begin ] --START--
INFO: Run Behavior\ReadHtmlCacheBehavior [ RunTime:0.000885s ]
INFO: [ app_begin ] --END-- [ RunTime:0.000960s ]
SQL: SHOW COLUMNS FROM `dingdan` [ RunTime:0.0021s ]
SQL: UPDATE `dingdan` SET `dizhizt`='1' WHERE ( p_id='3059' ) [ RunTime:0.0003s ]
SQL: SHOW COLUMNS FROM `ding` [ RunTime:0.0019s ]
SQL: SELECT * FROM `dingdan` WHERE ( p_id='3059' ) LIMIT 1   [ RunTime:0.0009s ]
SQL: SHOW COLUMNS FROM `qizi` [ RunTime:0.0016s ]
SQL: SELECT * FROM `qizi` WHERE ( dianpu='清风亭阁' and qizi_color='紫旗' ) LIMIT 1   [ RunTime:0.0008s ]
SQL: SELECT * FROM `ding` WHERE ( (goodid='538804404645' and sk_name='3198137202040' and ding_name='颜色分类sss') or (goodid='538804404645' and sk_name='' and ding_name='') ) LIMIT 1   [ RunTime:0.0002s ]
SQL: SELECT * FROM `dingdan` WHERE ( p_id='3059' ) LIMIT 1   [ RunTime:0.0003s ]
INFO: [ app_end ] --START--
INFO: Run Behavior\ShowPageTraceBehavior [ RunTime:0.000853s ]
INFO: [ app_end ] --END-- [ RunTime:0.000897s ]

[ 2017-02-07T09:42:30+08:00 ] 127.0.0.1 /ceshi/DEMO/think/index.php/home/index/skui
INFO: [ app_init ] --START--
INFO: Run Behavior\BuildLiteBehavior [ RunTime:0.000017s ]
INFO: [ app_init ] --END-- [ RunTime:0.000477s ]
INFO: [ app_begin ] --START--
INFO: Run Behavior\ReadHtmlCacheBehavior [ RunTime:0.000629s ]
INFO: [ app_begin ] --END-- [ RunTime:0.000678s ]
SQL: SHOW COLUMNS FROM `sku` [ RunTime:0.0016s ]
SQL: SELECT * FROM `sku`  [ RunTime:0.0006s ]

[ 2017-02-07T09:42:31+08:00 ] 127.0.0.1 /ceshi/DEMO/think/index.php/home/index/pipei
INFO: [ app_init ] --START--
INFO: Run Behavior\BuildLiteBehavior [ RunTime:0.000012s ]
INFO: [ app_init ] --END-- [ RunTime:0.000355s ]
INFO: [ app_begin ] --START--
INFO: Run Behavior\ReadHtmlCacheBehavior [ RunTime:0.000649s ]
INFO: [ app_begin ] --END-- [ RunTime:0.000699s ]
SQL: SHOW COLUMNS FROM `dingdan` [ RunTime:0.0021s ]
SQL: SELECT * FROM `dingdan` WHERE ( p_id='3058' ) LIMIT 1   [ RunTime:0.0005s ]
SQL: SHOW COLUMNS FROM `ding` [ RunTime:0.0015s ]
SQL: SELECT * FROM `ding` WHERE ( goodid='38576556499' and sk_name='3218955493240' and ding_name='颜色分类:【上门】iPad2/3/4【换外屏】' ) LIMIT 1   [ RunTime:0.0007s ]
SQL: SELECT * FROM `ding` WHERE ( goodid='38576556499' and sk_name='3218955493240' ) LIMIT 1   [ RunTime:0.0002s ]
SQL: INSERT INTO `ding` (`ding_name`,`goodid`,`sk_name`,`sku_id`,`ding_zt`) VALUES ('颜色分类:【上门】iPad2/3/4【换外屏】','38576556499','3218955493240','2','1') [ RunTime:0.0577s ]
INFO: [ app_end ] --START--
INFO: Run Behavior\ShowPageTraceBehavior [ RunTime:0.002506s ]
INFO: [ app_end ] --END-- [ RunTime:0.002640s ]

[ 2017-02-07T09:42:32+08:00 ] 127.0.0.1 /ceshi/DEMO/think/index.php/home/index/skui
INFO: [ app_init ] --START--
INFO: Run Behavior\BuildLiteBehavior [ RunTime:0.000012s ]
INFO: [ app_init ] --END-- [ RunTime:0.000441s ]
INFO: [ app_begin ] --START--
INFO: Run Behavior\ReadHtmlCacheBehavior [ RunTime:0.000652s ]
INFO: [ app_begin ] --END-- [ RunTime:0.000694s ]
SQL: SHOW COLUMNS FROM `sku` [ RunTime:0.0018s ]
SQL: SELECT * FROM `sku`  [ RunTime:0.0006s ]

[ 2017-02-07T09:42:34+08:00 ] 127.0.0.1 /ceshi/DEMO/think/index.php/home/index/pipei
INFO: [ app_init ] --START--
INFO: Run Behavior\BuildLiteBehavior [ RunTime:0.000012s ]
INFO: [ app_init ] --END-- [ RunTime:0.000460s ]
INFO: [ app_begin ] --START--
INFO: Run Behavior\ReadHtmlCacheBehavior [ RunTime:0.000617s ]
INFO: [ app_begin ] --END-- [ RunTime:0.000659s ]
SQL: SHOW COLUMNS FROM `dingdan` [ RunTime:0.0020s ]
SQL: SELECT * FROM `dingdan` WHERE ( p_id='3059' ) LIMIT 1   [ RunTime:0.0005s ]
SQL: SHOW COLUMNS FROM `ding` [ RunTime:0.0015s ]
SQL: SELECT * FROM `ding` WHERE ( goodid='538804404645' and sk_name='3198137202040' and ding_name='颜色分类sss' ) LIMIT 1   [ RunTime:0.0007s ]
SQL: SELECT * FROM `ding` WHERE ( goodid='538804404645' and sk_name='3198137202040' ) LIMIT 1   [ RunTime:0.0002s ]
SQL: INSERT INTO `ding` (`ding_name`,`goodid`,`sk_name`,`sku_id`,`ding_zt`) VALUES ('颜色分类sss','538804404645','3198137202040','5','1') [ RunTime:0.0351s ]
INFO: [ app_end ] --START--
INFO: Run Behavior\ShowPageTraceBehavior [ RunTime:0.000830s ]
INFO: [ app_end ] --END-- [ RunTime:0.000871s ]

[ 2017-02-07T09:42:35+08:00 ] 127.0.0.1 /ceshi/DEMO/think/index.php/home/index/t_list
INFO: [ app_init ] --START--
INFO: Run Behavior\BuildLiteBehavior [ RunTime:0.000019s ]
INFO: [ app_init ] --END-- [ RunTime:0.000534s ]
INFO: [ app_begin ] --START--
INFO: Run Behavior\ReadHtmlCacheBehavior [ RunTime:0.000913s ]
INFO: [ app_begin ] --END-- [ RunTime:0.000992s ]
SQL: SHOW COLUMNS FROM `dingdan` [ RunTime:0.0027s ]
SQL: SELECT * FROM `dingdan` WHERE ( ztt='5' )  [ RunTime:0.0007s ]
INFO: [ app_end ] --START--
INFO: Run Behavior\ShowPageTraceBehavior [ RunTime:0.001020s ]
INFO: [ app_end ] --END-- [ RunTime:0.001074s ]

[ 2017-02-07T09:42:36+08:00 ] 127.0.0.1 /ceshi/DEMO/think/index.php/home/index/cont
INFO: [ app_init ] --START--
INFO: Run Behavior\BuildLiteBehavior [ RunTime:0.000013s ]
INFO: [ app_init ] --END-- [ RunTime:0.000413s ]
INFO: [ app_begin ] --START--
INFO: Run Behavior\ReadHtmlCacheBehavior [ RunTime:0.000597s ]
INFO: [ app_begin ] --END-- [ RunTime:0.000639s ]
SQL: SHOW COLUMNS FROM `dingdan` [ RunTime:0.0021s ]
SQL: UPDATE `dingdan` SET `dizhizt`='2' WHERE ( p_id='3058' ) [ RunTime:0.0004s ]
SQL: SHOW COLUMNS FROM `ding` [ RunTime:0.0019s ]
SQL: SELECT * FROM `dingdan` WHERE ( p_id='3058' ) LIMIT 1   [ RunTime:0.0011s ]
SQL: SHOW COLUMNS FROM `qizi` [ RunTime:0.0021s ]
SQL: SELECT * FROM `qizi` WHERE ( dianpu='清风亭阁' and qizi_color='紫旗' ) LIMIT 1   [ RunTime:0.0007s ]
SQL: SELECT * FROM `ding` WHERE ( (goodid='38576556499' and sk_name='3218955493240' and ding_name='颜色分类:【上门】iPad2/3/4【换外屏】') or (goodid='38576556499' and sk_name='' and ding_name='') ) LIMIT 1   [ RunTime:0.0003s ]
SQL: UPDATE `dingdan` SET `zt`='2',`qizi`='2' WHERE ( p_id='3058' ) [ RunTime:0.0473s ]
INFO: [ app_end ] --START--
INFO: Run Behavior\ShowPageTraceBehavior [ RunTime:0.000965s ]
INFO: [ app_end ] --END-- [ RunTime:0.001010s ]

[ 2017-02-07T09:42:36+08:00 ] 127.0.0.1 /ceshi/DEMO/think/index.php/home/index/cont
INFO: [ app_init ] --START--
INFO: Run Behavior\BuildLiteBehavior [ RunTime:0.000012s ]
INFO: [ app_init ] --END-- [ RunTime:0.000352s ]
INFO: [ app_begin ] --START--
INFO: Run Behavior\ReadHtmlCacheBehavior [ RunTime:0.000541s ]
INFO: [ app_begin ] --END-- [ RunTime:0.000581s ]
SQL: SHOW COLUMNS FROM `dingdan` [ RunTime:0.0020s ]
SQL: UPDATE `dingdan` SET `dizhizt`='1' WHERE ( p_id='3059' ) [ RunTime:0.0003s ]
SQL: SHOW COLUMNS FROM `ding` [ RunTime:0.0014s ]
SQL: SELECT * FROM `dingdan` WHERE ( p_id='3059' ) LIMIT 1   [ RunTime:0.0008s ]
SQL: SHOW COLUMNS FROM `qizi` [ RunTime:0.0022s ]
SQL: SELECT * FROM `qizi` WHERE ( dianpu='清风亭阁' and qizi_color='紫旗' ) LIMIT 1   [ RunTime:0.0021s ]
SQL: SELECT * FROM `ding` WHERE ( (goodid='538804404645' and sk_name='3198137202040' and ding_name='颜色分类sss') or (goodid='538804404645' and sk_name='' and ding_name='') ) LIMIT 1   [ RunTime:0.0006s ]
NOTIC: [8] Undefined variable: key F:\web\apache\htdocs\ceshi\DEMO\think\Application\Home\Common\function.php 第 547 行.

[ 2017-02-07T09:42:37+08:00 ] 127.0.0.1 /ceshi/DEMO/think/index.php/home/index/t_list
INFO: [ app_init ] --START--
INFO: Run Behavior\BuildLiteBehavior [ RunTime:0.000042s ]
INFO: [ app_init ] --END-- [ RunTime:0.001260s ]
INFO: [ app_begin ] --START--
INFO: Run Behavior\ReadHtmlCacheBehavior [ RunTime:0.001587s ]
INFO: [ app_begin ] --END-- [ RunTime:0.001715s ]
SQL: SHOW COLUMNS FROM `dingdan` [ RunTime:0.0045s ]
SQL: SELECT * FROM `dingdan` WHERE ( ztt='5' )  [ RunTime:0.0011s ]
INFO: [ app_end ] --START--
INFO: Run Behavior\ShowPageTraceBehavior [ RunTime:0.001067s ]
INFO: [ app_end ] --END-- [ RunTime:0.001141s ]

[ 2017-02-07T09:42:38+08:00 ] 127.0.0.1 /ceshi/DEMO/think/index.php/home/index/cont
INFO: [ app_init ] --START--
INFO: Run Behavior\BuildLiteBehavior [ RunTime:0.000019s ]
INFO: [ app_init ] --END-- [ RunTime:0.000518s ]
INFO: [ app_begin ] --START--
INFO: Run Behavior\ReadHtmlCacheBehavior [ RunTime:0.000910s ]
INFO: [ app_begin ] --END-- [ RunTime:0.000988s ]
SQL: SHOW COLUMNS FROM `dingdan` [ RunTime:0.0024s ]
SQL: UPDATE `dingdan` SET `dizhizt`='1' WHERE ( p_id='3059' ) [ RunTime:0.0004s ]
SQL: SHOW COLUMNS FROM `ding` [ RunTime:0.0018s ]
SQL: SELECT * FROM `dingdan` WHERE ( p_id='3059' ) LIMIT 1   [ RunTime:0.0008s ]
SQL: SHOW COLUMNS FROM `qizi` [ RunTime:0.0019s ]
SQL: SELECT * FROM `qizi` WHERE ( dianpu='清风亭阁' and qizi_color='紫旗' ) LIMIT 1   [ RunTime:0.0007s ]
SQL: SELECT * FROM `ding` WHERE ( (goodid='538804404645' and sk_name='3198137202040' and ding_name='颜色分类sss') or (goodid='538804404645' and sk_name='' and ding_name='') ) LIMIT 1   [ RunTime:0.0002s ]
NOTIC: [8] Undefined variable: key F:\web\apache\htdocs\ceshi\DEMO\think\Application\Home\Common\function.php 第 547 行.

[ 2017-02-07T09:42:38+08:00 ] 127.0.0.1 /ceshi/DEMO/think/index.php/home/index/cont
INFO: [ app_init ] --START--
INFO: Run Behavior\BuildLiteBehavior [ RunTime:0.000018s ]
INFO: [ app_init ] --END-- [ RunTime:0.000491s ]
INFO: [ app_begin ] --START--
INFO: Run Behavior\ReadHtmlCacheBehavior [ RunTime:0.000929s ]
INFO: [ app_begin ] --END-- [ RunTime:0.000994s ]
SQL: SHOW COLUMNS FROM `dingdan` [ RunTime:0.0022s ]
SQL: UPDATE `dingdan` SET `dizhizt`='2' WHERE ( p_id='3058' ) [ RunTime:0.0004s ]
SQL: SHOW COLUMNS FROM `ding` [ RunTime:0.0018s ]
SQL: SELECT * FROM `dingdan` WHERE ( p_id='3058' ) LIMIT 1   [ RunTime:0.0008s ]
SQL: SHOW COLUMNS FROM `qizi` [ RunTime:0.0018s ]
SQL: SELECT * FROM `qizi` WHERE ( dianpu='清风亭阁' and qizi_color='紫旗' ) LIMIT 1   [ RunTime:0.0008s ]
SQL: SELECT * FROM `ding` WHERE ( (goodid='38576556499' and sk_name='3218955493240' and ding_name='颜色分类:【上门】iPad2/3/4【换外屏】') or (goodid='38576556499' and sk_name='' and ding_name='') ) LIMIT 1   [ RunTime:0.0002s ]
INFO: [ app_end ] --START--
INFO: Run Behavior\ShowPageTraceBehavior [ RunTime:0.000737s ]
INFO: [ app_end ] --END-- [ RunTime:0.000774s ]

[ 2017-02-07T09:54:12+08:00 ] 127.0.0.1 /ceshi/DEMO/think/index.php/home/index/t_list
INFO: [ app_init ] --START--
INFO: Run Behavior\BuildLiteBehavior [ RunTime:0.000020s ]
INFO: [ app_init ] --END-- [ RunTime:0.000608s ]
INFO: [ app_begin ] --START--
INFO: Run Behavior\ReadHtmlCacheBehavior [ RunTime:0.000648s ]
INFO: [ app_begin ] --END-- [ RunTime:0.000703s ]
SQL: SHOW COLUMNS FROM `dingdan` [ RunTime:0.0039s ]
SQL: SELECT * FROM `dingdan` WHERE ( ztt='5' )  [ RunTime:0.0005s ]
INFO: [ app_end ] --START--
INFO: Run Behavior\ShowPageTraceBehavior [ RunTime:0.001047s ]
INFO: [ app_end ] --END-- [ RunTime:0.001113s ]

[ 2017-02-07T09:54:12+08:00 ] 127.0.0.1 /ceshi/DEMO/think/index.php/home/index/cont
INFO: [ app_init ] --START--
INFO: Run Behavior\BuildLiteBehavior [ RunTime:0.000013s ]
INFO: [ app_init ] --END-- [ RunTime:0.000365s ]
INFO: [ app_begin ] --START--
INFO: Run Behavior\ReadHtmlCacheBehavior [ RunTime:0.000704s ]
INFO: [ app_begin ] --END-- [ RunTime:0.000749s ]
SQL: SHOW COLUMNS FROM `dingdan` [ RunTime:0.0030s ]
SQL: UPDATE `dingdan` SET `dizhizt`='2' WHERE ( p_id='3058' ) [ RunTime:0.0004s ]
SQL: SHOW COLUMNS FROM `ding` [ RunTime:0.0024s ]
SQL: SELECT * FROM `dingdan` WHERE ( p_id='3058' ) LIMIT 1   [ RunTime:0.0010s ]
SQL: SHOW COLUMNS FROM `qizi` [ RunTime:0.0023s ]
SQL: SELECT * FROM `qizi` WHERE ( dianpu='清风亭阁' and qizi_color='紫旗' ) LIMIT 1   [ RunTime:0.0009s ]
SQL: SELECT * FROM `ding` WHERE ( (goodid='38576556499' and sk_name='3218955493240' and ding_name='颜色分类:【上门】iPad2/3/4【换外屏】') or (goodid='38576556499' and sk_name='' and ding_name='') ) LIMIT 1   [ RunTime:0.0002s ]
INFO: [ app_end ] --START--
INFO: Run Behavior\ShowPageTraceBehavior [ RunTime:0.001076s ]
INFO: [ app_end ] --END-- [ RunTime:0.001143s ]

[ 2017-02-07T09:54:12+08:00 ] 127.0.0.1 /ceshi/DEMO/think/index.php/home/index/cont
INFO: [ app_init ] --START--
INFO: Run Behavior\BuildLiteBehavior [ RunTime:0.000014s ]
INFO: [ app_init ] --END-- [ RunTime:0.000436s ]
INFO: [ app_begin ] --START--
INFO: Run Behavior\ReadHtmlCacheBehavior [ RunTime:0.000568s ]
INFO: [ app_begin ] --END-- [ RunTime:0.000621s ]
SQL: SHOW COLUMNS FROM `dingdan` [ RunTime:0.0031s ]
SQL: UPDATE `dingdan` SET `dizhizt`='1' WHERE ( p_id='3059' ) [ RunTime:0.0004s ]
SQL: SHOW COLUMNS FROM `ding` [ RunTime:0.0019s ]
SQL: SELECT * FROM `dingdan` WHERE ( p_id='3059' ) LIMIT 1   [ RunTime:0.0007s ]
SQL: SHOW COLUMNS FROM `qizi` [ RunTime:0.0014s ]
SQL: SELECT * FROM `qizi` WHERE ( dianpu='清风亭阁' and qizi_color='紫旗' ) LIMIT 1   [ RunTime:0.0006s ]
SQL: SELECT * FROM `ding` WHERE ( (goodid='538804404645' and sk_name='3198137202040' and ding_name='颜色分类sss') or (goodid='538804404645' and sk_name='' and ding_name='') ) LIMIT 1   [ RunTime:0.0002s ]
NOTIC: [8] Undefined variable: key F:\web\apache\htdocs\ceshi\DEMO\think\Application\Home\Common\function.php 第 547 行.

[ 2017-02-07T09:55:23+08:00 ] 127.0.0.1 /ceshi/DEMO/think/index.php/home/index/t_list
INFO: [ app_init ] --START--
INFO: Run Behavior\BuildLiteBehavior [ RunTime:0.000018s ]
INFO: [ app_init ] --END-- [ RunTime:0.000590s ]
INFO: [ app_begin ] --START--
INFO: Run Behavior\ReadHtmlCacheBehavior [ RunTime:0.000875s ]
INFO: [ app_begin ] --END-- [ RunTime:0.000933s ]
SQL: SHOW COLUMNS FROM `dingdan` [ RunTime:0.0233s ]
SQL: SELECT * FROM `dingdan` WHERE ( ztt='5' )  [ RunTime:0.0007s ]
INFO: [ app_end ] --START--
INFO: Run Behavior\ShowPageTraceBehavior [ RunTime:0.000861s ]
INFO: [ app_end ] --END-- [ RunTime:0.000908s ]

[ 2017-02-07T09:55:24+08:00 ] 127.0.0.1 /ceshi/DEMO/think/index.php/home/index/cont
INFO: [ app_init ] --START--
INFO: Run Behavior\BuildLiteBehavior [ RunTime:0.000019s ]
INFO: [ app_init ] --END-- [ RunTime:0.000595s ]
INFO: [ app_begin ] --START--
INFO: Run Behavior\ReadHtmlCacheBehavior [ RunTime:0.001026s ]
INFO: [ app_begin ] --END-- [ RunTime:0.001109s ]
SQL: SHOW COLUMNS FROM `dingdan` [ RunTime:0.0022s ]
SQL: UPDATE `dingdan` SET `dizhizt`='1' WHERE ( p_id='3059' ) [ RunTime:0.0003s ]
SQL: SHOW COLUMNS FROM `ding` [ RunTime:0.0017s ]
SQL: SELECT * FROM `dingdan` WHERE ( p_id='3059' ) LIMIT 1   [ RunTime:0.0007s ]
SQL: SHOW COLUMNS FROM `qizi` [ RunTime:0.0014s ]
SQL: SELECT * FROM `qizi` WHERE ( dianpu='清风亭阁' and qizi_color='紫旗' ) LIMIT 1   [ RunTime:0.0007s ]
SQL: SELECT * FROM `ding` WHERE ( (goodid='538804404645' and sk_name='3198137202040' and ding_name='颜色分类sss') or (goodid='538804404645' and sk_name='' and ding_name='') ) LIMIT 1   [ RunTime:0.0002s ]
NOTIC: [8] Undefined variable: key F:\web\apache\htdocs\ceshi\DEMO\think\Application\Home\Common\function.php 第 547 行.

[ 2017-02-07T09:55:24+08:00 ] 127.0.0.1 /ceshi/DEMO/think/index.php/home/index/cont
INFO: [ app_init ] --START--
INFO: Run Behavior\BuildLiteBehavior [ RunTime:0.000028s ]
INFO: [ app_init ] --END-- [ RunTime:0.000574s ]
INFO: [ app_begin ] --START--
INFO: Run Behavior\ReadHtmlCacheBehavior [ RunTime:0.000941s ]
INFO: [ app_begin ] --END-- [ RunTime:0.001013s ]
SQL: SHOW COLUMNS FROM `dingdan` [ RunTime:0.0039s ]
SQL: UPDATE `dingdan` SET `dizhizt`='2' WHERE ( p_id='3058' ) [ RunTime:0.0007s ]
SQL: SHOW COLUMNS FROM `ding` [ RunTime:0.0028s ]
SQL: SELECT * FROM `dingdan` WHERE ( p_id='3058' ) LIMIT 1   [ RunTime:0.0017s ]
SQL: SHOW COLUMNS FROM `qizi` [ RunTime:0.0027s ]
SQL: SELECT * FROM `qizi` WHERE ( dianpu='清风亭阁' and qizi_color='紫旗' ) LIMIT 1   [ RunTime:0.0012s ]
SQL: SELECT * FROM `ding` WHERE ( (goodid='38576556499' and sk_name='3218955493240' and ding_name='颜色分类:【上门】iPad2/3/4【换外屏】') or (goodid='38576556499' and sk_name='' and ding_name='') ) LIMIT 1   [ RunTime:0.0004s ]
INFO: [ app_end ] --START--
INFO: Run Behavior\ShowPageTraceBehavior [ RunTime:0.001367s ]
INFO: [ app_end ] --END-- [ RunTime:0.001444s ]

[ 2017-02-07T09:55:33+08:00 ] 127.0.0.1 /ceshi/DEMO/think/index.php
INFO: [ app_init ] --START--
INFO: Run Behavior\BuildLiteBehavior [ RunTime:0.000015s ]
INFO: [ app_init ] --END-- [ RunTime:0.000529s ]
INFO: [ app_begin ] --START--
INFO: Run Behavior\ReadHtmlCacheBehavior [ RunTime:0.000752s ]
INFO: [ app_begin ] --END-- [ RunTime:0.000797s ]
INFO: [ view_parse ] --START--
INFO: [ template_filter ] --START--
INFO: Run Behavior\ContentReplaceBehavior [ RunTime:0.000040s ]
INFO: [ template_filter ] --END-- [ RunTime:0.000074s ]
INFO: Run Behavior\ParseTemplateBehavior [ RunTime:0.006239s ]
INFO: [ view_parse ] --END-- [ RunTime:0.006281s ]
INFO: [ view_filter ] --START--
INFO: Run Behavior\WriteHtmlCacheBehavior [ RunTime:0.000417s ]
INFO: [ view_filter ] --END-- [ RunTime:0.000447s ]
INFO: [ app_end ] --START--
INFO: Run Behavior\ShowPageTraceBehavior [ RunTime:0.000646s ]
INFO: [ app_end ] --END-- [ RunTime:0.000679s ]

[ 2017-02-07T09:55:38+08:00 ] 127.0.0.1 /ceshi/DEMO/think/index.php/home/index/xuchuli
INFO: [ app_init ] --START--
INFO: Run Behavior\BuildLiteBehavior [ RunTime:0.000011s ]
INFO: [ app_init ] --END-- [ RunTime:0.000432s ]
INFO: [ app_begin ] --START--
INFO: Run Behavior\ReadHtmlCacheBehavior [ RunTime:0.000662s ]
INFO: [ app_begin ] --END-- [ RunTime:0.000700s ]
SQL: SHOW COLUMNS FROM `dingdan` [ RunTime:0.0021s ]
SQL: SELECT * FROM `dingdan` WHERE ( sku_zt='0' )  [ RunTime:0.0005s ]
INFO: [ app_end ] --START--
INFO: Run Behavior\ShowPageTraceBehavior [ RunTime:0.000797s ]
INFO: [ app_end ] --END-- [ RunTime:0.000834s ]

[ 2017-02-07T09:55:39+08:00 ] 127.0.0.1 /ceshi/DEMO/think/index.php/home/index/t_list
INFO: [ app_init ] --START--
INFO: Run Behavior\BuildLiteBehavior [ RunTime:0.000013s ]
INFO: [ app_init ] --END-- [ RunTime:0.000444s ]
INFO: [ app_begin ] --START--
INFO: Run Behavior\ReadHtmlCacheBehavior [ RunTime:0.000683s ]
INFO: [ app_begin ] --END-- [ RunTime:0.000721s ]
SQL: SHOW COLUMNS FROM `dingdan` [ RunTime:0.0027s ]
SQL: SELECT * FROM `dingdan` WHERE ( ztt='5' )  [ RunTime:0.0007s ]
INFO: [ app_end ] --START--
INFO: Run Behavior\ShowPageTraceBehavior [ RunTime:0.000779s ]
INFO: [ app_end ] --END-- [ RunTime:0.000814s ]

[ 2017-02-07T09:55:42+08:00 ] 127.0.0.1 /ceshi/DEMO/think/index.php/home/index/xuchuli
INFO: [ app_init ] --START--
INFO: Run Behavior\BuildLiteBehavior [ RunTime:0.000011s ]
INFO: [ app_init ] --END-- [ RunTime:0.000462s ]
INFO: [ app_begin ] --START--
INFO: Run Behavior\ReadHtmlCacheBehavior [ RunTime:0.000951s ]
INFO: [ app_begin ] --END-- [ RunTime:0.001029s ]
SQL: SHOW COLUMNS FROM `dingdan` [ RunTime:0.0021s ]
SQL: SELECT * FROM `dingdan` WHERE ( sku_zt='0' )  [ RunTime:0.0006s ]
INFO: [ app_end ] --START--
INFO: Run Behavior\ShowPageTraceBehavior [ RunTime:0.000858s ]
INFO: [ app_end ] --END-- [ RunTime:0.000900s ]

[ 2017-02-07T09:55:43+08:00 ] 127.0.0.1 /ceshi/DEMO/think/index.php/home/index/t_list
INFO: [ app_init ] --START--
INFO: Run Behavior\BuildLiteBehavior [ RunTime:0.000011s ]
INFO: [ app_init ] --END-- [ RunTime:0.000448s ]
INFO: [ app_begin ] --START--
INFO: Run Behavior\ReadHtmlCacheBehavior [ RunTime:0.000706s ]
INFO: [ app_begin ] --END-- [ RunTime:0.000747s ]
SQL: SHOW COLUMNS FROM `dingdan` [ RunTime:0.0020s ]
SQL: SELECT * FROM `dingdan` WHERE ( ztt='5' )  [ RunTime:0.0005s ]
INFO: [ app_end ] --START--
INFO: Run Behavior\ShowPageTraceBehavior [ RunTime:0.000772s ]
INFO: [ app_end ] --END-- [ RunTime:0.000808s ]

[ 2017-02-07T09:55:46+08:00 ] 127.0.0.1 /ceshi/DEMO/think/index.php/home/index/xuchuli
INFO: [ app_init ] --START--
INFO: Run Behavior\BuildLiteBehavior [ RunTime:0.000011s ]
INFO: [ app_init ] --END-- [ RunTime:0.000361s ]
INFO: [ app_begin ] --START--
INFO: Run Behavior\ReadHtmlCacheBehavior [ RunTime:0.000684s ]
INFO: [ app_begin ] --END-- [ RunTime:0.000724s ]
SQL: SHOW COLUMNS FROM `dingdan` [ RunTime:0.0026s ]
SQL: SELECT * FROM `dingdan` WHERE ( sku_zt='0' )  [ RunTime:0.0009s ]
INFO: [ app_end ] --START--
INFO: Run Behavior\ShowPageTraceBehavior [ RunTime:0.000820s ]
INFO: [ app_end ] --END-- [ RunTime:0.000865s ]

[ 2017-02-07T09:55:47+08:00 ] 127.0.0.1 /ceshi/DEMO/think/index.php/home/index/xuchuli
INFO: [ app_init ] --START--
INFO: Run Behavior\BuildLiteBehavior [ RunTime:0.000011s ]
INFO: [ app_init ] --END-- [ RunTime:0.000422s ]
INFO: [ app_begin ] --START--
INFO: Run Behavior\ReadHtmlCacheBehavior [ RunTime:0.000660s ]
INFO: [ app_begin ] --END-- [ RunTime:0.000700s ]
SQL: SHOW COLUMNS FROM `dingdan` [ RunTime:0.0020s ]
SQL: SELECT * FROM `dingdan` WHERE ( sku_zt='0' )  [ RunTime:0.0005s ]
INFO: [ app_end ] --START--
INFO: Run Behavior\ShowPageTraceBehavior [ RunTime:0.000774s ]
INFO: [ app_end ] --END-- [ RunTime:0.000811s ]

[ 2017-02-07T09:55:48+08:00 ] 127.0.0.1 /ceshi/DEMO/think/index.php/home/index/t_list
INFO: [ app_init ] --START--
INFO: Run Behavior\BuildLiteBehavior [ RunTime:0.000013s ]
INFO: [ app_init ] --END-- [ RunTime:0.000564s ]
INFO: [ app_begin ] --START--
INFO: Run Behavior\ReadHtmlCacheBehavior [ RunTime:0.000697s ]
INFO: [ app_begin ] --END-- [ RunTime:0.000736s ]
SQL: SHOW COLUMNS FROM `dingdan` [ RunTime:0.0021s ]
SQL: SELECT * FROM `dingdan` WHERE ( ztt='5' )  [ RunTime:0.0005s ]
INFO: [ app_end ] --START--
INFO: Run Behavior\ShowPageTraceBehavior [ RunTime:0.000729s ]
INFO: [ app_end ] --END-- [ RunTime:0.000764s ]

[ 2017-02-07T09:55:50+08:00 ] 127.0.0.1 /ceshi/DEMO/think/index.php/home/index/xuchuli
INFO: [ app_init ] --START--
INFO: Run Behavior\BuildLiteBehavior [ RunTime:0.000012s ]
INFO: [ app_init ] --END-- [ RunTime:0.000448s ]
INFO: [ app_begin ] --START--
INFO: Run Behavior\ReadHtmlCacheBehavior [ RunTime:0.000680s ]
INFO: [ app_begin ] --END-- [ RunTime:0.000719s ]
SQL: SHOW COLUMNS FROM `dingdan` [ RunTime:0.0022s ]
SQL: SELECT * FROM `dingdan` WHERE ( sku_zt='0' )  [ RunTime:0.0006s ]
INFO: [ app_end ] --START--
INFO: Run Behavior\ShowPageTraceBehavior [ RunTime:0.000790s ]
INFO: [ app_end ] --END-- [ RunTime:0.000828s ]

[ 2017-02-07T09:55:50+08:00 ] 127.0.0.1 /ceshi/DEMO/think/index.php/home/index/t_list
INFO: [ app_init ] --START--
INFO: Run Behavior\BuildLiteBehavior [ RunTime:0.000012s ]
INFO: [ app_init ] --END-- [ RunTime:0.000414s ]
INFO: [ app_begin ] --START--
INFO: Run Behavior\ReadHtmlCacheBehavior [ RunTime:0.000974s ]
INFO: [ app_begin ] --END-- [ RunTime:0.001067s ]
SQL: SHOW COLUMNS FROM `dingdan` [ RunTime:0.0021s ]
SQL: SELECT * FROM `dingdan` WHERE ( ztt='5' )  [ RunTime:0.0007s ]
INFO: [ app_end ] --START--
INFO: Run Behavior\ShowPageTraceBehavior [ RunTime:0.000835s ]
INFO: [ app_end ] --END-- [ RunTime:0.000873s ]

[ 2017-02-07T09:59:22+08:00 ] 127.0.0.1 /ceshi/DEMO/think/index.php
INFO: [ app_init ] --START--
INFO: Run Behavior\BuildLiteBehavior [ RunTime:0.000023s ]
INFO: [ app_init ] --END-- [ RunTime:0.000838s ]
INFO: [ app_begin ] --START--
INFO: Run Behavior\ReadHtmlCacheBehavior [ RunTime:0.001332s ]
INFO: [ app_begin ] --END-- [ RunTime:0.001413s ]
INFO: [ view_parse ] --START--
INFO: [ template_filter ] --START--
INFO: Run Behavior\ContentReplaceBehavior [ RunTime:0.000081s ]
INFO: [ template_filter ] --END-- [ RunTime:0.000161s ]
INFO: Run Behavior\ParseTemplateBehavior [ RunTime:0.014436s ]
INFO: [ view_parse ] --END-- [ RunTime:0.014519s ]
INFO: [ view_filter ] --START--
INFO: Run Behavior\WriteHtmlCacheBehavior [ RunTime:0.000832s ]
INFO: [ view_filter ] --END-- [ RunTime:0.000894s ]
INFO: [ app_end ] --START--
INFO: Run Behavior\ShowPageTraceBehavior [ RunTime:0.001263s ]
INFO: [ app_end ] --END-- [ RunTime:0.001330s ]

[ 2017-02-07T09:59:23+08:00 ] 127.0.0.1 /ceshi/DEMO/think/index.php/home/index/t_list
INFO: [ app_init ] --START--
INFO: Run Behavior\BuildLiteBehavior [ RunTime:0.000012s ]
INFO: [ app_init ] --END-- [ RunTime:0.000453s ]
INFO: [ app_begin ] --START--
INFO: Run Behavior\ReadHtmlCacheBehavior [ RunTime:0.000846s ]
INFO: [ app_begin ] --END-- [ RunTime:0.000922s ]
SQL: SHOW COLUMNS FROM `dingdan` [ RunTime:0.0022s ]
SQL: SELECT * FROM `dingdan` WHERE ( ztt='5' )  [ RunTime:0.0006s ]
INFO: [ app_end ] --START--
INFO: Run Behavior\ShowPageTraceBehavior [ RunTime:0.000759s ]
INFO: [ app_end ] --END-- [ RunTime:0.000796s ]

[ 2017-02-07T09:59:25+08:00 ] 127.0.0.1 /ceshi/DEMO/think/index.php/home/index/xuchuli
INFO: [ app_init ] --START--
INFO: Run Behavior\BuildLiteBehavior [ RunTime:0.000012s ]
INFO: [ app_init ] --END-- [ RunTime:0.000447s ]
INFO: [ app_begin ] --START--
INFO: Run Behavior\ReadHtmlCacheBehavior [ RunTime:0.000647s ]
INFO: [ app_begin ] --END-- [ RunTime:0.000685s ]
SQL: SHOW COLUMNS FROM `dingdan` [ RunTime:0.0024s ]
SQL: SELECT * FROM `dingdan` WHERE ( sku_zt='0' )  [ RunTime:0.0009s ]
INFO: [ app_end ] --START--
INFO: Run Behavior\ShowPageTraceBehavior [ RunTime:0.000779s ]
INFO: [ app_end ] --END-- [ RunTime:0.000817s ]

[ 2017-02-07T09:59:26+08:00 ] 127.0.0.1 /ceshi/DEMO/think/index.php/home/index/t_list
INFO: [ app_init ] --START--
INFO: Run Behavior\BuildLiteBehavior [ RunTime:0.000012s ]
INFO: [ app_init ] --END-- [ RunTime:0.000427s ]
INFO: [ app_begin ] --START--
INFO: Run Behavior\ReadHtmlCacheBehavior [ RunTime:0.000568s ]
INFO: [ app_begin ] --END-- [ RunTime:0.000612s ]
SQL: SHOW COLUMNS FROM `dingdan` [ RunTime:0.0024s ]
SQL: SELECT * FROM `dingdan` WHERE ( ztt='5' )  [ RunTime:0.0005s ]
INFO: [ app_end ] --START--
INFO: Run Behavior\ShowPageTraceBehavior [ RunTime:0.000672s ]
INFO: [ app_end ] --END-- [ RunTime:0.000708s ]

[ 2017-02-07T09:59:29+08:00 ] 127.0.0.1 /ceshi/DEMO/think/index.php/home/index/xuchuli
INFO: [ app_init ] --START--
INFO: Run Behavior\BuildLiteBehavior [ RunTime:0.000012s ]
INFO: [ app_init ] --END-- [ RunTime:0.000427s ]
INFO: [ app_begin ] --START--
INFO: Run Behavior\ReadHtmlCacheBehavior [ RunTime:0.000679s ]
INFO: [ app_begin ] --END-- [ RunTime:0.000751s ]
SQL: SHOW COLUMNS FROM `dingdan` [ RunTime:0.0027s ]
SQL: SELECT * FROM `dingdan` WHERE ( sku_zt='0' )  [ RunTime:0.0007s ]
INFO: [ app_end ] --START--
INFO: Run Behavior\ShowPageTraceBehavior [ RunTime:0.000824s ]
INFO: [ app_end ] --END-- [ RunTime:0.000873s ]

[ 2017-02-07T09:59:30+08:00 ] 127.0.0.1 /ceshi/DEMO/think/index.php/home/index/t_list
INFO: [ app_init ] --START--
INFO: Run Behavior\BuildLiteBehavior [ RunTime:0.000015s ]
INFO: [ app_init ] --END-- [ RunTime:0.000392s ]
INFO: [ app_begin ] --START--
INFO: Run Behavior\ReadHtmlCacheBehavior [ RunTime:0.000601s ]
INFO: [ app_begin ] --END-- [ RunTime:0.000643s ]
SQL: SHOW COLUMNS FROM `dingdan` [ RunTime:0.0020s ]
SQL: SELECT * FROM `dingdan` WHERE ( ztt='5' )  [ RunTime:0.0005s ]
INFO: [ app_end ] --START--
INFO: Run Behavior\ShowPageTraceBehavior [ RunTime:0.000753s ]
INFO: [ app_end ] --END-- [ RunTime:0.000788s ]

[ 2017-02-07T09:59:34+08:00 ] 127.0.0.1 /ceshi/DEMO/think/index.php/home/index/xuchuli
INFO: [ app_init ] --START--
INFO: Run Behavior\BuildLiteBehavior [ RunTime:0.000011s ]
INFO: [ app_init ] --END-- [ RunTime:0.000364s ]
INFO: [ app_begin ] --START--
INFO: Run Behavior\ReadHtmlCacheBehavior [ RunTime:0.000668s ]
INFO: [ app_begin ] --END-- [ RunTime:0.000716s ]
SQL: SHOW COLUMNS FROM `dingdan` [ RunTime:0.0021s ]
SQL: SELECT * FROM `dingdan` WHERE ( sku_zt='0' )  [ RunTime:0.0005s ]
INFO: [ app_end ] --START--
INFO: Run Behavior\ShowPageTraceBehavior [ RunTime:0.000794s ]
INFO: [ app_end ] --END-- [ RunTime:0.000833s ]

[ 2017-02-07T09:59:34+08:00 ] 127.0.0.1 /ceshi/DEMO/think/index.php/home/index/t_list
INFO: [ app_init ] --START--
INFO: Run Behavior\BuildLiteBehavior [ RunTime:0.000012s ]
INFO: [ app_init ] --END-- [ RunTime:0.000421s ]
INFO: [ app_begin ] --START--
INFO: Run Behavior\ReadHtmlCacheBehavior [ RunTime:0.000657s ]
INFO: [ app_begin ] --END-- [ RunTime:0.000705s ]
SQL: SHOW COLUMNS FROM `dingdan` [ RunTime:0.0020s ]
SQL: SELECT * FROM `dingdan` WHERE ( ztt='5' )  [ RunTime:0.0005s ]
INFO: [ app_end ] --START--
INFO: Run Behavior\ShowPageTraceBehavior [ RunTime:0.001463s ]
INFO: [ app_end ] --END-- [ RunTime:0.001531s ]

[ 2017-02-07T09:59:35+08:00 ] 127.0.0.1 /ceshi/DEMO/think/index.php/home/index/xuchuli
INFO: [ app_init ] --START--
INFO: Run Behavior\BuildLiteBehavior [ RunTime:0.000019s ]
INFO: [ app_init ] --END-- [ RunTime:0.000544s ]
INFO: [ app_begin ] --START--
INFO: Run Behavior\ReadHtmlCacheBehavior [ RunTime:0.000825s ]
INFO: [ app_begin ] --END-- [ RunTime:0.000883s ]
SQL: SHOW COLUMNS FROM `dingdan` [ RunTime:0.0021s ]
SQL: SELECT * FROM `dingdan` WHERE ( sku_zt='0' )  [ RunTime:0.0005s ]
INFO: [ app_end ] --START--
INFO: Run Behavior\ShowPageTraceBehavior [ RunTime:0.000659s ]
INFO: [ app_end ] --END-- [ RunTime:0.000696s ]

[ 2017-02-07T09:59:35+08:00 ] 127.0.0.1 /ceshi/DEMO/think/index.php/home/index/xuchuli
INFO: [ app_init ] --START--
INFO: Run Behavior\BuildLiteBehavior [ RunTime:0.000012s ]
INFO: [ app_init ] --END-- [ RunTime:0.000542s ]
INFO: [ app_begin ] --START--
INFO: Run Behavior\ReadHtmlCacheBehavior [ RunTime:0.000756s ]
INFO: [ app_begin ] --END-- [ RunTime:0.000794s ]
SQL: SHOW COLUMNS FROM `dingdan` [ RunTime:0.0022s ]
SQL: SELECT * FROM `dingdan` WHERE ( sku_zt='0' )  [ RunTime:0.0007s ]
INFO: [ app_end ] --START--
INFO: Run Behavior\ShowPageTraceBehavior [ RunTime:0.000739s ]
INFO: [ app_end ] --END-- [ RunTime:0.000776s ]

[ 2017-02-07T09:59:36+08:00 ] 127.0.0.1 /ceshi/DEMO/think/index.php/home/index/t_list
INFO: [ app_init ] --START--
INFO: Run Behavior\BuildLiteBehavior [ RunTime:0.000012s ]
INFO: [ app_init ] --END-- [ RunTime:0.000443s ]
INFO: [ app_begin ] --START--
INFO: Run Behavior\ReadHtmlCacheBehavior [ RunTime:0.000637s ]
INFO: [ app_begin ] --END-- [ RunTime:0.000675s ]
SQL: SHOW COLUMNS FROM `dingdan` [ RunTime:0.0020s ]
SQL: SELECT * FROM `dingdan` WHERE ( ztt='5' )  [ RunTime:0.0005s ]
INFO: [ app_end ] --START--
INFO: Run Behavior\ShowPageTraceBehavior [ RunTime:0.000706s ]
INFO: [ app_end ] --END-- [ RunTime:0.000739s ]

[ 2017-02-07T09:59:43+08:00 ] 127.0.0.1 /ceshi/DEMO/think/index.php
INFO: [ app_init ] --START--
INFO: Run Behavior\BuildLiteBehavior [ RunTime:0.000032s ]
INFO: [ app_init ] --END-- [ RunTime:0.001089s ]
INFO: [ app_begin ] --START--
INFO: Run Behavior\ReadHtmlCacheBehavior [ RunTime:0.001408s ]
INFO: [ app_begin ] --END-- [ RunTime:0.001508s ]
INFO: [ view_parse ] --START--
INFO: [ template_filter ] --START--
INFO: Run Behavior\ContentReplaceBehavior [ RunTime:0.000084s ]
INFO: [ template_filter ] --END-- [ RunTime:0.000168s ]
INFO: Run Behavior\ParseTemplateBehavior [ RunTime:0.013781s ]
INFO: [ view_parse ] --END-- [ RunTime:0.013869s ]
INFO: [ view_filter ] --START--
INFO: Run Behavior\WriteHtmlCacheBehavior [ RunTime:0.000848s ]
INFO: [ view_filter ] --END-- [ RunTime:0.000911s ]
INFO: [ app_end ] --START--
INFO: Run Behavior\ShowPageTraceBehavior [ RunTime:0.001299s ]
INFO: [ app_end ] --END-- [ RunTime:0.001381s ]

[ 2017-02-07T09:59:48+08:00 ] 127.0.0.1 /ceshi/DEMO/think/index.php/home/index/t_list
INFO: [ app_init ] --START--
INFO: Run Behavior\BuildLiteBehavior [ RunTime:0.000017s ]
INFO: [ app_init ] --END-- [ RunTime:0.001282s ]
INFO: [ app_begin ] --START--
INFO: Run Behavior\ReadHtmlCacheBehavior [ RunTime:0.000711s ]
INFO: [ app_begin ] --END-- [ RunTime:0.000758s ]
SQL: SHOW COLUMNS FROM `dingdan` [ RunTime:0.0024s ]
SQL: SELECT * FROM `dingdan` WHERE ( ztt='5' )  [ RunTime:0.0005s ]
INFO: [ app_end ] --START--
INFO: Run Behavior\ShowPageTraceBehavior [ RunTime:0.000754s ]
INFO: [ app_end ] --END-- [ RunTime:0.000790s ]

[ 2017-02-07T09:59:51+08:00 ] 127.0.0.1 /ceshi/DEMO/think/index.php/home/index/xuchuli
INFO: [ app_init ] --START--
INFO: Run Behavior\BuildLiteBehavior [ RunTime:0.000012s ]
INFO: [ app_init ] --END-- [ RunTime:0.000509s ]
INFO: [ app_begin ] --START--
INFO: Run Behavior\ReadHtmlCacheBehavior [ RunTime:0.000636s ]
INFO: [ app_begin ] --END-- [ RunTime:0.000675s ]
SQL: SHOW COLUMNS FROM `dingdan` [ RunTime:0.0025s ]
SQL: SELECT * FROM `dingdan` WHERE ( sku_zt='0' )  [ RunTime:0.0006s ]
INFO: [ app_end ] --START--
INFO: Run Behavior\ShowPageTraceBehavior [ RunTime:0.000877s ]
INFO: [ app_end ] --END-- [ RunTime:0.000919s ]

[ 2017-02-07T09:59:53+08:00 ] 127.0.0.1 /ceshi/DEMO/think/index.php/home/index/xuchuli
INFO: [ app_init ] --START--
INFO: Run Behavior\BuildLiteBehavior [ RunTime:0.000010s ]
INFO: [ app_init ] --END-- [ RunTime:0.000551s ]
INFO: [ app_begin ] --START--
INFO: Run Behavior\ReadHtmlCacheBehavior [ RunTime:0.000728s ]
INFO: [ app_begin ] --END-- [ RunTime:0.000768s ]
SQL: SHOW COLUMNS FROM `dingdan` [ RunTime:0.0022s ]
SQL: SELECT * FROM `dingdan` WHERE ( sku_zt='0' )  [ RunTime:0.0006s ]
INFO: [ app_end ] --START--
INFO: Run Behavior\ShowPageTraceBehavior [ RunTime:0.000855s ]
INFO: [ app_end ] --END-- [ RunTime:0.000892s ]

[ 2017-02-07T09:59:55+08:00 ] 127.0.0.1 /ceshi/DEMO/think/index.php/home/index/t_list
INFO: [ app_init ] --START--
INFO: Run Behavior\BuildLiteBehavior [ RunTime:0.000012s ]
INFO: [ app_init ] --END-- [ RunTime:0.000477s ]
INFO: [ app_begin ] --START--
INFO: Run Behavior\ReadHtmlCacheBehavior [ RunTime:0.000691s ]
INFO: [ app_begin ] --END-- [ RunTime:0.000730s ]
SQL: SHOW COLUMNS FROM `dingdan` [ RunTime:0.0021s ]
SQL: SELECT * FROM `dingdan` WHERE ( ztt='5' )  [ RunTime:0.0005s ]
INFO: [ app_end ] --START--
INFO: Run Behavior\ShowPageTraceBehavior [ RunTime:0.000842s ]
INFO: [ app_end ] --END-- [ RunTime:0.000880s ]

[ 2017-02-07T09:59:57+08:00 ] 127.0.0.1 /ceshi/DEMO/think/index.php/home/index/xuchuli
INFO: [ app_init ] --START--
INFO: Run Behavior\BuildLiteBehavior [ RunTime:0.000011s ]
INFO: [ app_init ] --END-- [ RunTime:0.000457s ]
INFO: [ app_begin ] --START--
INFO: Run Behavior\ReadHtmlCacheBehavior [ RunTime:0.000641s ]
INFO: [ app_begin ] --END-- [ RunTime:0.000679s ]
SQL: SHOW COLUMNS FROM `dingdan` [ RunTime:0.0021s ]
SQL: SELECT * FROM `dingdan` WHERE ( sku_zt='0' )  [ RunTime:0.0006s ]
INFO: [ app_end ] --START--
INFO: Run Behavior\ShowPageTraceBehavior [ RunTime:0.000871s ]
INFO: [ app_end ] --END-- [ RunTime:0.000911s ]

[ 2017-02-07T09:59:58+08:00 ] 127.0.0.1 /ceshi/DEMO/think/index.php/home/index/t_list
INFO: [ app_init ] --START--
INFO: Run Behavior\BuildLiteBehavior [ RunTime:0.000013s ]
INFO: [ app_init ] --END-- [ RunTime:0.000482s ]
INFO: [ app_begin ] --START--
INFO: Run Behavior\ReadHtmlCacheBehavior [ RunTime:0.000705s ]
INFO: [ app_begin ] --END-- [ RunTime:0.000745s ]
SQL: SHOW COLUMNS FROM `dingdan` [ RunTime:0.0027s ]
SQL: SELECT * FROM `dingdan` WHERE ( ztt='5' )  [ RunTime:0.0006s ]
INFO: [ app_end ] --START--
INFO: Run Behavior\ShowPageTraceBehavior [ RunTime:0.000803s ]
INFO: [ app_end ] --END-- [ RunTime:0.000841s ]

[ 2017-02-07T10:01:02+08:00 ] 127.0.0.1 /ceshi/DEMO/think/index.php
INFO: [ app_init ] --START--
INFO: Run Behavior\BuildLiteBehavior [ RunTime:0.000035s ]
INFO: [ app_init ] --END-- [ RunTime:0.001306s ]
INFO: [ app_begin ] --START--
INFO: Run Behavior\ReadHtmlCacheBehavior [ RunTime:0.001935s ]
INFO: [ app_begin ] --END-- [ RunTime:0.002042s ]
INFO: [ view_parse ] --START--
INFO: [ template_filter ] --START--
INFO: Run Behavior\ContentReplaceBehavior [ RunTime:0.000099s ]
INFO: [ template_filter ] --END-- [ RunTime:0.000188s ]
INFO: Run Behavior\ParseTemplateBehavior [ RunTime:0.015043s ]
INFO: [ view_parse ] --END-- [ RunTime:0.015164s ]
INFO: [ view_filter ] --START--
INFO: Run Behavior\WriteHtmlCacheBehavior [ RunTime:0.001020s ]
INFO: [ view_filter ] --END-- [ RunTime:0.001094s ]
INFO: [ app_end ] --START--
INFO: Run Behavior\ShowPageTraceBehavior [ RunTime:0.001561s ]
INFO: [ app_end ] --END-- [ RunTime:0.001641s ]

[ 2017-02-07T10:01:04+08:00 ] 127.0.0.1 /ceshi/DEMO/think/index.php/home/index/t_list
INFO: [ app_init ] --START--
INFO: Run Behavior\BuildLiteBehavior [ RunTime:0.000015s ]
INFO: [ app_init ] --END-- [ RunTime:0.000487s ]
INFO: [ app_begin ] --START--
INFO: Run Behavior\ReadHtmlCacheBehavior [ RunTime:0.000696s ]
INFO: [ app_begin ] --END-- [ RunTime:0.000739s ]
SQL: SHOW COLUMNS FROM `dingdan` [ RunTime:0.0022s ]
SQL: SELECT * FROM `dingdan` WHERE ( ztt='5' )  [ RunTime:0.0005s ]
INFO: [ app_end ] --START--
INFO: Run Behavior\ShowPageTraceBehavior [ RunTime:0.000851s ]
INFO: [ app_end ] --END-- [ RunTime:0.000890s ]

[ 2017-02-07T10:01:16+08:00 ] 127.0.0.1 /ceshi/DEMO/think/index.php/home/index/xuchuli
INFO: [ app_init ] --START--
INFO: Run Behavior\BuildLiteBehavior [ RunTime:0.000021s ]
INFO: [ app_init ] --END-- [ RunTime:0.000503s ]
INFO: [ app_begin ] --START--
INFO: Run Behavior\ReadHtmlCacheBehavior [ RunTime:0.000656s ]
INFO: [ app_begin ] --END-- [ RunTime:0.000701s ]
SQL: SHOW COLUMNS FROM `dingdan` [ RunTime:0.0022s ]
SQL: SELECT * FROM `dingdan` WHERE ( sku_zt='0' )  [ RunTime:0.0006s ]
INFO: [ app_end ] --START--
INFO: Run Behavior\ShowPageTraceBehavior [ RunTime:0.000775s ]
INFO: [ app_end ] --END-- [ RunTime:0.000817s ]

[ 2017-02-07T10:01:17+08:00 ] 127.0.0.1 /ceshi/DEMO/think/index.php/home/index/t_list
INFO: [ app_init ] --START--
INFO: Run Behavior\BuildLiteBehavior [ RunTime:0.000015s ]
INFO: [ app_init ] --END-- [ RunTime:0.000404s ]
INFO: [ app_begin ] --START--
INFO: Run Behavior\ReadHtmlCacheBehavior [ RunTime:0.000581s ]
INFO: [ app_begin ] --END-- [ RunTime:0.000626s ]
SQL: SHOW COLUMNS FROM `dingdan` [ RunTime:0.0034s ]
SQL: SELECT * FROM `dingdan` WHERE ( ztt='5' )  [ RunTime:0.0009s ]
INFO: [ app_end ] --START--
INFO: Run Behavior\ShowPageTraceBehavior [ RunTime:0.000750s ]
INFO: [ app_end ] --END-- [ RunTime:0.000786s ]

[ 2017-02-07T10:01:19+08:00 ] 127.0.0.1 /ceshi/DEMO/think/index.php/home/index/xuchuli
INFO: [ app_init ] --START--
INFO: Run Behavior\BuildLiteBehavior [ RunTime:0.000013s ]
INFO: [ app_init ] --END-- [ RunTime:0.000459s ]
INFO: [ app_begin ] --START--
INFO: Run Behavior\ReadHtmlCacheBehavior [ RunTime:0.000689s ]
INFO: [ app_begin ] --END-- [ RunTime:0.000727s ]
SQL: SHOW COLUMNS FROM `dingdan` [ RunTime:0.0025s ]
SQL: SELECT * FROM `dingdan` WHERE ( sku_zt='0' )  [ RunTime:0.0005s ]
INFO: [ app_end ] --START--
INFO: Run Behavior\ShowPageTraceBehavior [ RunTime:0.000734s ]
INFO: [ app_end ] --END-- [ RunTime:0.000771s ]

[ 2017-02-07T10:01:20+08:00 ] 127.0.0.1 /ceshi/DEMO/think/index.php/home/index/t_list
INFO: [ app_init ] --START--
INFO: Run Behavior\BuildLiteBehavior [ RunTime:0.000012s ]
INFO: [ app_init ] --END-- [ RunTime:0.000354s ]
INFO: [ app_begin ] --START--
INFO: Run Behavior\ReadHtmlCacheBehavior [ RunTime:0.000598s ]
INFO: [ app_begin ] --END-- [ RunTime:0.000647s ]
SQL: SHOW COLUMNS FROM `dingdan` [ RunTime:0.0021s ]
SQL: SELECT * FROM `dingdan` WHERE ( ztt='5' )  [ RunTime:0.0006s ]
INFO: [ app_end ] --START--
INFO: Run Behavior\ShowPageTraceBehavior [ RunTime:0.001045s ]
INFO: [ app_end ] --END-- [ RunTime:0.001112s ]

[ 2017-02-07T10:01:21+08:00 ] 127.0.0.1 /ceshi/DEMO/think/index.php/home/index/xuchuli
INFO: [ app_init ] --START--
INFO: Run Behavior\BuildLiteBehavior [ RunTime:0.000013s ]
INFO: [ app_init ] --END-- [ RunTime:0.000453s ]
INFO: [ app_begin ] --START--
INFO: Run Behavior\ReadHtmlCacheBehavior [ RunTime:0.000669s ]
INFO: [ app_begin ] --END-- [ RunTime:0.000710s ]
SQL: SHOW COLUMNS FROM `dingdan` [ RunTime:0.0023s ]
SQL: SELECT * FROM `dingdan` WHERE ( sku_zt='0' )  [ RunTime:0.0005s ]
INFO: [ app_end ] --START--
INFO: Run Behavior\ShowPageTraceBehavior [ RunTime:0.000716s ]
INFO: [ app_end ] --END-- [ RunTime:0.000757s ]

[ 2017-02-07T10:01:26+08:00 ] 127.0.0.1 /ceshi/DEMO/think/index.php/home/index/t_list
INFO: [ app_init ] --START--
INFO: Run Behavior\BuildLiteBehavior [ RunTime:0.000012s ]
INFO: [ app_init ] --END-- [ RunTime:0.000353s ]
INFO: [ app_begin ] --START--
INFO: Run Behavior\ReadHtmlCacheBehavior [ RunTime:0.000677s ]
INFO: [ app_begin ] --END-- [ RunTime:0.000727s ]
SQL: SHOW COLUMNS FROM `dingdan` [ RunTime:0.0029s ]
SQL: SELECT * FROM `dingdan` WHERE ( ztt='5' )  [ RunTime:0.0008s ]
INFO: [ app_end ] --START--
INFO: Run Behavior\ShowPageTraceBehavior [ RunTime:0.000747s ]
INFO: [ app_end ] --END-- [ RunTime:0.000792s ]

[ 2017-02-07T10:01:29+08:00 ] 127.0.0.1 /ceshi/DEMO/think/index.php/home/index/xuchuli
INFO: [ app_init ] --START--
INFO: Run Behavior\BuildLiteBehavior [ RunTime:0.000013s ]
INFO: [ app_init ] --END-- [ RunTime:0.000471s ]
INFO: [ app_begin ] --START--
INFO: Run Behavior\ReadHtmlCacheBehavior [ RunTime:0.000712s ]
INFO: [ app_begin ] --END-- [ RunTime:0.000766s ]
SQL: SHOW COLUMNS FROM `dingdan` [ RunTime:0.0021s ]
SQL: SELECT * FROM `dingdan` WHERE ( sku_zt='0' )  [ RunTime:0.0005s ]
INFO: [ app_end ] --START--
INFO: Run Behavior\ShowPageTraceBehavior [ RunTime:0.000723s ]
INFO: [ app_end ] --END-- [ RunTime:0.000760s ]

[ 2017-02-07T10:01:31+08:00 ] 127.0.0.1 /ceshi/DEMO/think/index.php/home/index/t_list
INFO: [ app_init ] --START--
INFO: Run Behavior\BuildLiteBehavior [ RunTime:0.000015s ]
INFO: [ app_init ] --END-- [ RunTime:0.000384s ]
INFO: [ app_begin ] --START--
INFO: Run Behavior\ReadHtmlCacheBehavior [ RunTime:0.000574s ]
INFO: [ app_begin ] --END-- [ RunTime:0.000620s ]
SQL: SHOW COLUMNS FROM `dingdan` [ RunTime:0.0022s ]
SQL: SELECT * FROM `dingdan` WHERE ( ztt='5' )  [ RunTime:0.0005s ]
INFO: [ app_end ] --START--
INFO: Run Behavior\ShowPageTraceBehavior [ RunTime:0.000764s ]
INFO: [ app_end ] --END-- [ RunTime:0.000803s ]

[ 2017-02-07T10:01:43+08:00 ] 127.0.0.1 /ceshi/DEMO/think/index.php/home/index/xuchuli
INFO: [ app_init ] --START--
INFO: Run Behavior\BuildLiteBehavior [ RunTime:0.000012s ]
INFO: [ app_init ] --END-- [ RunTime:0.000466s ]
INFO: [ app_begin ] --START--
INFO: Run Behavior\ReadHtmlCacheBehavior [ RunTime:0.000599s ]
INFO: [ app_begin ] --END-- [ RunTime:0.000651s ]
SQL: SHOW COLUMNS FROM `dingdan` [ RunTime:0.0020s ]
SQL: SELECT * FROM `dingdan` WHERE ( sku_zt='0' )  [ RunTime:0.0005s ]
INFO: [ app_end ] --START--
INFO: Run Behavior\ShowPageTraceBehavior [ RunTime:0.000933s ]
INFO: [ app_end ] --END-- [ RunTime:0.001005s ]

[ 2017-02-07T10:03:17+08:00 ] 127.0.0.1 /ceshi/DEMO/think/index.php/home/index/t_list
INFO: [ app_init ] --START--
INFO: Run Behavior\BuildLiteBehavior [ RunTime:0.000048s ]
INFO: [ app_init ] --END-- [ RunTime:0.001474s ]
INFO: [ app_begin ] --START--
INFO: Run Behavior\ReadHtmlCacheBehavior [ RunTime:0.002038s ]
INFO: [ app_begin ] --END-- [ RunTime:0.002221s ]
SQL: SHOW COLUMNS FROM `dingdan` [ RunTime:0.0041s ]
SQL: SELECT * FROM `dingdan` WHERE ( ztt='5' )  [ RunTime:0.0008s ]
INFO: [ app_end ] --START--
INFO: Run Behavior\ShowPageTraceBehavior [ RunTime:0.001426s ]
INFO: [ app_end ] --END-- [ RunTime:0.001498s ]

[ 2017-02-07T10:03:17+08:00 ] 127.0.0.1 /ceshi/DEMO/think/index.php/home/index/xuchuli
INFO: [ app_init ] --START--
INFO: Run Behavior\BuildLiteBehavior [ RunTime:0.000014s ]
INFO: [ app_init ] --END-- [ RunTime:0.000482s ]
INFO: [ app_begin ] --START--
INFO: Run Behavior\ReadHtmlCacheBehavior [ RunTime:0.000713s ]
INFO: [ app_begin ] --END-- [ RunTime:0.000757s ]
SQL: SHOW COLUMNS FROM `dingdan` [ RunTime:0.0021s ]
SQL: SELECT * FROM `dingdan` WHERE ( sku_zt='0' )  [ RunTime:0.0005s ]
INFO: [ app_end ] --START--
INFO: Run Behavior\ShowPageTraceBehavior [ RunTime:0.000716s ]
INFO: [ app_end ] --END-- [ RunTime:0.000755s ]

[ 2017-02-07T10:03:49+08:00 ] 127.0.0.1 /ceshi/DEMO/think/index.php/home/index/t_list
INFO: [ app_init ] --START--
INFO: Run Behavior\BuildLiteBehavior [ RunTime:0.000030s ]
INFO: [ app_init ] --END-- [ RunTime:0.001091s ]
INFO: [ app_begin ] --START--
INFO: Run Behavior\ReadHtmlCacheBehavior [ RunTime:0.001898s ]
INFO: [ app_begin ] --END-- [ RunTime:0.002005s ]
SQL: SHOW COLUMNS FROM `dingdan` [ RunTime:0.0044s ]
SQL: SELECT * FROM `dingdan` WHERE ( ztt='5' )  [ RunTime:0.0011s ]
INFO: [ app_end ] --START--
INFO: Run Behavior\ShowPageTraceBehavior [ RunTime:0.001518s ]
INFO: [ app_end ] --END-- [ RunTime:0.001598s ]

[ 2017-02-07T10:03:51+08:00 ] 127.0.0.1 /ceshi/DEMO/think/index.php
INFO: [ app_init ] --START--
INFO: Run Behavior\BuildLiteBehavior [ RunTime:0.000013s ]
INFO: [ app_init ] --END-- [ RunTime:0.000438s ]
INFO: [ app_begin ] --START--
INFO: Run Behavior\ReadHtmlCacheBehavior [ RunTime:0.000686s ]
INFO: [ app_begin ] --END-- [ RunTime:0.000727s ]
INFO: [ view_parse ] --START--
INFO: [ template_filter ] --START--
INFO: Run Behavior\ContentReplaceBehavior [ RunTime:0.000042s ]
INFO: [ template_filter ] --END-- [ RunTime:0.000084s ]
INFO: Run Behavior\ParseTemplateBehavior [ RunTime:0.006344s ]
INFO: [ view_parse ] --END-- [ RunTime:0.006391s ]
INFO: [ view_filter ] --START--
INFO: Run Behavior\WriteHtmlCacheBehavior [ RunTime:0.000347s ]
INFO: [ view_filter ] --END-- [ RunTime:0.000375s ]
INFO: [ app_end ] --START--
INFO: Run Behavior\ShowPageTraceBehavior [ RunTime:0.000608s ]
INFO: [ app_end ] --END-- [ RunTime:0.000641s ]

[ 2017-02-07T10:03:52+08:00 ] 127.0.0.1 /ceshi/DEMO/think/index.php/home/index/t_list
INFO: [ app_init ] --START--
INFO: Run Behavior\BuildLiteBehavior [ RunTime:0.000013s ]
INFO: [ app_init ] --END-- [ RunTime:0.000438s ]
INFO: [ app_begin ] --START--
INFO: Run Behavior\ReadHtmlCacheBehavior [ RunTime:0.000661s ]
INFO: [ app_begin ] --END-- [ RunTime:0.000701s ]
SQL: SHOW COLUMNS FROM `dingdan` [ RunTime:0.0029s ]
SQL: SELECT * FROM `dingdan` WHERE ( ztt='5' )  [ RunTime:0.0004s ]
INFO: [ app_end ] --START--
INFO: Run Behavior\ShowPageTraceBehavior [ RunTime:0.000787s ]
INFO: [ app_end ] --END-- [ RunTime:0.000823s ]

[ 2017-02-07T10:05:05+08:00 ] 127.0.0.1 /ceshi/DEMO/think/index.php/home/index/t_list
INFO: [ app_init ] --START--
INFO: Run Behavior\BuildLiteBehavior [ RunTime:0.000041s ]
INFO: [ app_init ] --END-- [ RunTime:0.000587s ]
INFO: [ app_begin ] --START--
INFO: Run Behavior\ReadHtmlCacheBehavior [ RunTime:0.000682s ]
INFO: [ app_begin ] --END-- [ RunTime:0.000751s ]
SQL: SHOW COLUMNS FROM `dingdan` [ RunTime:0.0023s ]
SQL: SELECT * FROM `dingdan` WHERE ( ztt='5' )  [ RunTime:0.0006s ]
INFO: [ app_end ] --START--
INFO: Run Behavior\ShowPageTraceBehavior [ RunTime:0.000907s ]
INFO: [ app_end ] --END-- [ RunTime:0.000974s ]

[ 2017-02-07T10:05:07+08:00 ] 127.0.0.1 /ceshi/DEMO/think/index.php/home/index/t_list
INFO: [ app_init ] --START--
INFO: Run Behavior\BuildLiteBehavior [ RunTime:0.000018s ]
INFO: [ app_init ] --END-- [ RunTime:0.000420s ]
INFO: [ app_begin ] --START--
INFO: Run Behavior\ReadHtmlCacheBehavior [ RunTime:0.000796s ]
INFO: [ app_begin ] --END-- [ RunTime:0.000854s ]
SQL: SHOW COLUMNS FROM `dingdan` [ RunTime:0.0021s ]
SQL: SELECT * FROM `dingdan` WHERE ( ztt='5' )  [ RunTime:0.0005s ]
INFO: [ app_end ] --START--
INFO: Run Behavior\ShowPageTraceBehavior [ RunTime:0.000670s ]
INFO: [ app_end ] --END-- [ RunTime:0.000708s ]

[ 2017-02-07T10:05:07+08:00 ] 127.0.0.1 /ceshi/DEMO/think/index.php/home/index/cont
INFO: [ app_init ] --START--
INFO: Run Behavior\BuildLiteBehavior [ RunTime:0.000012s ]
INFO: [ app_init ] --END-- [ RunTime:0.000354s ]
INFO: [ app_begin ] --START--
INFO: Run Behavior\ReadHtmlCacheBehavior [ RunTime:0.000612s ]
INFO: [ app_begin ] --END-- [ RunTime:0.000655s ]
SQL: SHOW COLUMNS FROM `dingdan` [ RunTime:0.0022s ]
SQL: UPDATE `dingdan` SET `dizhizt`='2' WHERE ( p_id='3060' ) [ RunTime:0.0417s ]
SQL: SHOW COLUMNS FROM `ding` [ RunTime:0.0017s ]
SQL: SELECT * FROM `dingdan` WHERE ( p_id='3060' ) LIMIT 1   [ RunTime:0.0007s ]
SQL: SHOW COLUMNS FROM `qizi` [ RunTime:0.0015s ]
SQL: SELECT * FROM `qizi` WHERE ( dianpu='清风亭阁' and qizi_color='紫旗' ) LIMIT 1   [ RunTime:0.0007s ]
SQL: SELECT * FROM `ding` WHERE ( (goodid='38576556499' and sk_name='3218955493240' and ding_name='颜色分类:【上门】iPad2/3/4【换外屏】') or (goodid='38576556499' and sk_name='' and ding_name='') ) LIMIT 1   [ RunTime:0.0002s ]
SQL: SELECT * FROM `dingdan` WHERE ( p_id='3060' ) LIMIT 1   [ RunTime:0.0002s ]
INFO: [ app_end ] --START--
INFO: Run Behavior\ShowPageTraceBehavior [ RunTime:0.000758s ]
INFO: [ app_end ] --END-- [ RunTime:0.000795s ]

[ 2017-02-07T10:05:07+08:00 ] 127.0.0.1 /ceshi/DEMO/think/index.php/home/index/cont
INFO: [ app_init ] --START--
INFO: Run Behavior\BuildLiteBehavior [ RunTime:0.000014s ]
INFO: [ app_init ] --END-- [ RunTime:0.000362s ]
INFO: [ app_begin ] --START--
INFO: Run Behavior\ReadHtmlCacheBehavior [ RunTime:0.000574s ]
INFO: [ app_begin ] --END-- [ RunTime:0.000622s ]
SQL: SHOW COLUMNS FROM `dingdan` [ RunTime:0.0021s ]
SQL: UPDATE `dingdan` SET `dizhizt`='1' WHERE ( p_id='3061' ) [ RunTime:0.0551s ]
SQL: SHOW COLUMNS FROM `ding` [ RunTime:0.0016s ]
SQL: SELECT * FROM `dingdan` WHERE ( p_id='3061' ) LIMIT 1   [ RunTime:0.0008s ]
SQL: SHOW COLUMNS FROM `qizi` [ RunTime:0.0015s ]
SQL: SELECT * FROM `qizi` WHERE ( dianpu='清风亭阁' and qizi_color='紫旗' ) LIMIT 1   [ RunTime:0.0007s ]
SQL: SELECT * FROM `ding` WHERE ( (goodid='538804404645' and sk_name='3198137202040' and ding_name='颜色分类sss') or (goodid='538804404645' and sk_name='' and ding_name='') ) LIMIT 1   [ RunTime:0.0002s ]
SQL: SELECT * FROM `dingdan` WHERE ( p_id='3061' ) LIMIT 1   [ RunTime:0.0002s ]
INFO: [ app_end ] --START--
INFO: Run Behavior\ShowPageTraceBehavior [ RunTime:0.000807s ]
INFO: [ app_end ] --END-- [ RunTime:0.000843s ]

[ 2017-02-07T10:07:10+08:00 ] 127.0.0.1 /ceshi/DEMO/think/index.php/home/index/t_list
INFO: [ app_init ] --START--
INFO: Run Behavior\BuildLiteBehavior [ RunTime:0.000021s ]
INFO: [ app_init ] --END-- [ RunTime:0.000606s ]
INFO: [ app_begin ] --START--
INFO: Run Behavior\ReadHtmlCacheBehavior [ RunTime:0.000575s ]
INFO: [ app_begin ] --END-- [ RunTime:0.000620s ]
SQL: SHOW COLUMNS FROM `dingdan` [ RunTime:0.0036s ]
SQL: SELECT * FROM `dingdan` WHERE ( ztt='5' )  [ RunTime:0.0006s ]
INFO: [ app_end ] --START--
INFO: Run Behavior\ShowPageTraceBehavior [ RunTime:0.001024s ]
INFO: [ app_end ] --END-- [ RunTime:0.001086s ]

[ 2017-02-07T10:07:10+08:00 ] 127.0.0.1 /ceshi/DEMO/think/index.php/home/index/cont
INFO: [ app_init ] --START--
INFO: Run Behavior\BuildLiteBehavior [ RunTime:0.000013s ]
INFO: [ app_init ] --END-- [ RunTime:0.000421s ]
INFO: [ app_begin ] --START--
INFO: Run Behavior\ReadHtmlCacheBehavior [ RunTime:0.000895s ]
INFO: [ app_begin ] --END-- [ RunTime:0.000964s ]
SQL: SHOW COLUMNS FROM `dingdan` [ RunTime:0.0032s ]
SQL: UPDATE `dingdan` SET `dizhizt`='1' WHERE ( p_id='3061' ) [ RunTime:0.0006s ]
SQL: SHOW COLUMNS FROM `ding` [ RunTime:0.0019s ]
SQL: SELECT * FROM `dingdan` WHERE ( p_id='3061' ) LIMIT 1   [ RunTime:0.0007s ]
SQL: SHOW COLUMNS FROM `qizi` [ RunTime:0.0014s ]
SQL: SELECT * FROM `qizi` WHERE ( dianpu='清风亭阁' and qizi_color='紫旗' ) LIMIT 1   [ RunTime:0.0009s ]
SQL: SELECT * FROM `ding` WHERE ( (goodid='538804404645' and sk_name='3198137202040' and ding_name='颜色分类sss') or (goodid='538804404645' and sk_name='' and ding_name='') ) LIMIT 1   [ RunTime:0.0003s ]
SQL: SELECT * FROM `dingdan` WHERE ( p_id='3061' ) LIMIT 1   [ RunTime:0.0003s ]
INFO: [ app_end ] --START--
INFO: Run Behavior\ShowPageTraceBehavior [ RunTime:0.001073s ]
INFO: [ app_end ] --END-- [ RunTime:0.001133s ]

[ 2017-02-07T10:07:11+08:00 ] 127.0.0.1 /ceshi/DEMO/think/index.php/home/index/cont
INFO: [ app_init ] --START--
INFO: Run Behavior\BuildLiteBehavior [ RunTime:0.000042s ]
INFO: [ app_init ] --END-- [ RunTime:0.001153s ]
INFO: [ app_begin ] --START--
INFO: Run Behavior\ReadHtmlCacheBehavior [ RunTime:0.001678s ]
INFO: [ app_begin ] --END-- [ RunTime:0.001801s ]
SQL: SHOW COLUMNS FROM `dingdan` [ RunTime:0.0044s ]
SQL: UPDATE `dingdan` SET `dizhizt`='2' WHERE ( p_id='3060' ) [ RunTime:0.0008s ]
SQL: SHOW COLUMNS FROM `ding` [ RunTime:0.0035s ]
SQL: SELECT * FROM `dingdan` WHERE ( p_id='3060' ) LIMIT 1   [ RunTime:0.0014s ]
SQL: SHOW COLUMNS FROM `qizi` [ RunTime:0.0028s ]
SQL: SELECT * FROM `qizi` WHERE ( dianpu='清风亭阁' and qizi_color='紫旗' ) LIMIT 1   [ RunTime:0.0015s ]
SQL: SELECT * FROM `ding` WHERE ( (goodid='38576556499' and sk_name='3218955493240' and ding_name='颜色分类:【上门】iPad2/3/4【换外屏】') or (goodid='38576556499' and sk_name='' and ding_name='') ) LIMIT 1   [ RunTime:0.0004s ]
SQL: SELECT * FROM `dingdan` WHERE ( p_id='3060' ) LIMIT 1   [ RunTime:0.0005s ]
INFO: [ app_end ] --START--
INFO: Run Behavior\ShowPageTraceBehavior [ RunTime:0.001415s ]
INFO: [ app_end ] --END-- [ RunTime:0.001490s ]

[ 2017-02-07T10:07:11+08:00 ] 127.0.0.1 /ceshi/DEMO/think/index.php/home/index/skui
INFO: [ app_init ] --START--
INFO: Run Behavior\BuildLiteBehavior [ RunTime:0.000012s ]
INFO: [ app_init ] --END-- [ RunTime:0.000407s ]
INFO: [ app_begin ] --START--
INFO: Run Behavior\ReadHtmlCacheBehavior [ RunTime:0.000612s ]
INFO: [ app_begin ] --END-- [ RunTime:0.000651s ]
SQL: SHOW COLUMNS FROM `sku` [ RunTime:0.0017s ]
SQL: SELECT * FROM `sku`  [ RunTime:0.0007s ]

[ 2017-02-07T10:07:13+08:00 ] 127.0.0.1 /ceshi/DEMO/think/index.php/home/index/pipei
INFO: [ app_init ] --START--
INFO: Run Behavior\BuildLiteBehavior [ RunTime:0.000013s ]
INFO: [ app_init ] --END-- [ RunTime:0.000463s ]
INFO: [ app_begin ] --START--
INFO: Run Behavior\ReadHtmlCacheBehavior [ RunTime:0.000665s ]
INFO: [ app_begin ] --END-- [ RunTime:0.000704s ]
SQL: SHOW COLUMNS FROM `dingdan` [ RunTime:0.0020s ]
SQL: SELECT * FROM `dingdan` WHERE ( p_id='3061' ) LIMIT 1   [ RunTime:0.0005s ]
SQL: SHOW COLUMNS FROM `ding` [ RunTime:0.0014s ]
SQL: SELECT * FROM `ding` WHERE ( goodid='538804404645' and sk_name='3198137202040' and ding_name='颜色分类sss' ) LIMIT 1   [ RunTime:0.0006s ]
SQL: SELECT * FROM `ding` WHERE ( goodid='538804404645' and sk_name='3198137202040' ) LIMIT 1   [ RunTime:0.0002s ]
SQL: INSERT INTO `ding` (`ding_name`,`goodid`,`sk_name`,`sku_id`,`ding_zt`) VALUES ('颜色分类sss','538804404645','3198137202040','2','1') [ RunTime:0.0559s ]
INFO: [ app_end ] --START--
INFO: Run Behavior\ShowPageTraceBehavior [ RunTime:0.002475s ]
INFO: [ app_end ] --END-- [ RunTime:0.002611s ]

[ 2017-02-07T10:07:14+08:00 ] 127.0.0.1 /ceshi/DEMO/think/index.php/home/index/skui
INFO: [ app_init ] --START--
INFO: Run Behavior\BuildLiteBehavior [ RunTime:0.000012s ]
INFO: [ app_init ] --END-- [ RunTime:0.000440s ]
INFO: [ app_begin ] --START--
INFO: Run Behavior\ReadHtmlCacheBehavior [ RunTime:0.000636s ]
INFO: [ app_begin ] --END-- [ RunTime:0.000675s ]
SQL: SHOW COLUMNS FROM `sku` [ RunTime:0.0016s ]
SQL: SELECT * FROM `sku`  [ RunTime:0.0008s ]

[ 2017-02-07T10:07:16+08:00 ] 127.0.0.1 /ceshi/DEMO/think/index.php/home/index/pipei
INFO: [ app_init ] --START--
INFO: Run Behavior\BuildLiteBehavior [ RunTime:0.000011s ]
INFO: [ app_init ] --END-- [ RunTime:0.000440s ]
INFO: [ app_begin ] --START--
INFO: Run Behavior\ReadHtmlCacheBehavior [ RunTime:0.000688s ]
INFO: [ app_begin ] --END-- [ RunTime:0.000726s ]
SQL: SHOW COLUMNS FROM `dingdan` [ RunTime:0.0021s ]
SQL: SELECT * FROM `dingdan` WHERE ( p_id='3060' ) LIMIT 1   [ RunTime:0.0005s ]
SQL: SHOW COLUMNS FROM `ding` [ RunTime:0.0015s ]
SQL: SELECT * FROM `ding` WHERE ( goodid='38576556499' and sk_name='3218955493240' and ding_name='颜色分类:【上门】iPad2/3/4【换外屏】' ) LIMIT 1   [ RunTime:0.0007s ]
SQL: SELECT * FROM `ding` WHERE ( goodid='38576556499' and sk_name='3218955493240' ) LIMIT 1   [ RunTime:0.0002s ]
SQL: INSERT INTO `ding` (`ding_name`,`goodid`,`sk_name`,`sku_id`,`ding_zt`) VALUES ('颜色分类:【上门】iPad2/3/4【换外屏】','38576556499','3218955493240','5','1') [ RunTime:0.0431s ]
INFO: [ app_end ] --START--
INFO: Run Behavior\ShowPageTraceBehavior [ RunTime:0.000846s ]
INFO: [ app_end ] --END-- [ RunTime:0.000897s ]

[ 2017-02-07T10:07:17+08:00 ] 127.0.0.1 /ceshi/DEMO/think/index.php/home/index/t_list
INFO: [ app_init ] --START--
INFO: Run Behavior\BuildLiteBehavior [ RunTime:0.000014s ]
INFO: [ app_init ] --END-- [ RunTime:0.000427s ]
INFO: [ app_begin ] --START--
INFO: Run Behavior\ReadHtmlCacheBehavior [ RunTime:0.000776s ]
INFO: [ app_begin ] --END-- [ RunTime:0.000829s ]
SQL: SHOW COLUMNS FROM `dingdan` [ RunTime:0.0148s ]
SQL: SELECT * FROM `dingdan` WHERE ( ztt='5' )  [ RunTime:0.0005s ]
INFO: [ app_end ] --START--
INFO: Run Behavior\ShowPageTraceBehavior [ RunTime:0.002294s ]
INFO: [ app_end ] --END-- [ RunTime:0.002359s ]

[ 2017-02-07T10:07:17+08:00 ] 127.0.0.1 /ceshi/DEMO/think/index.php/home/index/cont
INFO: [ app_init ] --START--
INFO: Run Behavior\BuildLiteBehavior [ RunTime:0.000013s ]
INFO: [ app_init ] --END-- [ RunTime:0.000391s ]
INFO: [ app_begin ] --START--
INFO: Run Behavior\ReadHtmlCacheBehavior [ RunTime:0.000779s ]
INFO: [ app_begin ] --END-- [ RunTime:0.000836s ]
SQL: SHOW COLUMNS FROM `dingdan` [ RunTime:0.0021s ]
SQL: UPDATE `dingdan` SET `dizhizt`='2' WHERE ( p_id='3060' ) [ RunTime:0.0004s ]
SQL: SHOW COLUMNS FROM `ding` [ RunTime:0.0015s ]
SQL: SELECT * FROM `dingdan` WHERE ( p_id='3060' ) LIMIT 1   [ RunTime:0.0009s ]
SQL: SHOW COLUMNS FROM `qizi` [ RunTime:0.0019s ]
SQL: SELECT * FROM `qizi` WHERE ( dianpu='清风亭阁' and qizi_color='紫旗' ) LIMIT 1   [ RunTime:0.0008s ]
SQL: SELECT * FROM `ding` WHERE ( (goodid='38576556499' and sk_name='3218955493240' and ding_name='颜色分类:【上门】iPad2/3/4【换外屏】') or (goodid='38576556499' and sk_name='' and ding_name='') ) LIMIT 1   [ RunTime:0.0002s ]
SQL: UPDATE `dingdan` SET `zt`='2',`qizi`='2' WHERE ( p_id='3060' ) [ RunTime:0.0491s ]
INFO: [ app_end ] --START--
INFO: Run Behavior\ShowPageTraceBehavior [ RunTime:0.000881s ]
INFO: [ app_end ] --END-- [ RunTime:0.000929s ]

[ 2017-02-07T10:07:17+08:00 ] 127.0.0.1 /ceshi/DEMO/think/index.php/home/index/cont
INFO: [ app_init ] --START--
INFO: Run Behavior\BuildLiteBehavior [ RunTime:0.000013s ]
INFO: [ app_init ] --END-- [ RunTime:0.000387s ]
INFO: [ app_begin ] --START--
INFO: Run Behavior\ReadHtmlCacheBehavior [ RunTime:0.000591s ]
INFO: [ app_begin ] --END-- [ RunTime:0.000635s ]
SQL: SHOW COLUMNS FROM `dingdan` [ RunTime:0.0028s ]
SQL: UPDATE `dingdan` SET `dizhizt`='1' WHERE ( p_id='3061' ) [ RunTime:0.0006s ]
SQL: SHOW COLUMNS FROM `ding` [ RunTime:0.0022s ]
SQL: SELECT * FROM `dingdan` WHERE ( p_id='3061' ) LIMIT 1   [ RunTime:0.0012s ]
SQL: SHOW COLUMNS FROM `qizi` [ RunTime:0.0017s ]
SQL: SELECT * FROM `qizi` WHERE ( dianpu='清风亭阁' and qizi_color='紫旗' ) LIMIT 1   [ RunTime:0.0007s ]
SQL: SELECT * FROM `ding` WHERE ( (goodid='538804404645' and sk_name='3198137202040' and ding_name='颜色分类sss') or (goodid='538804404645' and sk_name='' and ding_name='') ) LIMIT 1   [ RunTime:0.0002s ]
SQL: UPDATE `dingdan` SET `sku_id`='2',`sku_zt`='1',`qizi`='1',`zt`='2',`ztt`='1',`duanxin`='2' WHERE ( p_id='3061' ) [ RunTime:0.0537s ]
SQL: SELECT * FROM `dingdan` WHERE ( p_id='3061' ) LIMIT 1   [ RunTime:0.0003s ]
SQL: SHOW COLUMNS FROM `goods` [ RunTime:0.0017s ]
SQL: INSERT INTO `goods` (`goods_name`,`dingdanhao`,`user_name`,`phone`,`sku_id`,`address`,`p_id`) VALUES ('颜色分类sss','2985809439031406','李斌敏','17301205932','2','北京 北京市 朝阳区 小关街道北苑路小关北里甲2号和美妇儿医院','3061') [ RunTime:0.0196s ]
SQL: UPDATE `dingdan` SET `sku_id`='2',`sku_zt`='1',`qizi`='1',`zt`='2',`ztt`='2',`duanxin`='2' WHERE ( p_id='3061' ) [ RunTime:0.0219s ]
INFO: [ app_end ] --START--
INFO: Run Behavior\ShowPageTraceBehavior [ RunTime:0.000864s ]
INFO: [ app_end ] --END-- [ RunTime:0.000905s ]

[ 2017-02-07T10:07:21+08:00 ] 127.0.0.1 /ceshi/DEMO/think/index.php/home/index/t_list
INFO: [ app_init ] --START--
INFO: Run Behavior\BuildLiteBehavior [ RunTime:0.000011s ]
INFO: [ app_init ] --END-- [ RunTime:0.000442s ]
INFO: [ app_begin ] --START--
INFO: Run Behavior\ReadHtmlCacheBehavior [ RunTime:0.000634s ]
INFO: [ app_begin ] --END-- [ RunTime:0.000674s ]
SQL: SHOW COLUMNS FROM `dingdan` [ RunTime:0.0022s ]
SQL: SELECT * FROM `dingdan` WHERE ( ztt='5' )  [ RunTime:0.0006s ]
INFO: [ app_end ] --START--
INFO: Run Behavior\ShowPageTraceBehavior [ RunTime:0.000802s ]
INFO: [ app_end ] --END-- [ RunTime:0.000838s ]

[ 2017-02-07T10:07:22+08:00 ] 127.0.0.1 /ceshi/DEMO/think/index.php/home/index/t_list
INFO: [ app_init ] --START--
INFO: Run Behavior\BuildLiteBehavior [ RunTime:0.000011s ]
INFO: [ app_init ] --END-- [ RunTime:0.000369s ]
INFO: [ app_begin ] --START--
INFO: Run Behavior\ReadHtmlCacheBehavior [ RunTime:0.000809s ]
INFO: [ app_begin ] --END-- [ RunTime:0.000865s ]
SQL: SHOW COLUMNS FROM `dingdan` [ RunTime:0.0022s ]
SQL: SELECT * FROM `dingdan` WHERE ( ztt='5' )  [ RunTime:0.0005s ]
INFO: [ app_end ] --START--
INFO: Run Behavior\ShowPageTraceBehavior [ RunTime:0.000661s ]
INFO: [ app_end ] --END-- [ RunTime:0.000696s ]

[ 2017-02-07T10:07:58+08:00 ] 127.0.0.1 /ceshi/DEMO/think/index.php/home/index/t_list
INFO: [ app_init ] --START--
INFO: Run Behavior\BuildLiteBehavior [ RunTime:0.000029s ]
INFO: [ app_init ] --END-- [ RunTime:0.001087s ]
INFO: [ app_begin ] --START--
INFO: Run Behavior\ReadHtmlCacheBehavior [ RunTime:0.001623s ]
INFO: [ app_begin ] --END-- [ RunTime:0.001729s ]
SQL: SHOW COLUMNS FROM `dingdan` [ RunTime:0.0039s ]
SQL: SELECT * FROM `dingdan` WHERE ( ztt='5' )  [ RunTime:0.0013s ]
INFO: [ app_end ] --START--
INFO: Run Behavior\ShowPageTraceBehavior [ RunTime:0.001230s ]
INFO: [ app_end ] --END-- [ RunTime:0.001302s ]

[ 2017-02-07T10:08:11+08:00 ] 127.0.0.1 /ceshi/DEMO/think/index.php/home/index/xuchuli
INFO: [ app_init ] --START--
INFO: Run Behavior\BuildLiteBehavior [ RunTime:0.000026s ]
INFO: [ app_init ] --END-- [ RunTime:0.000948s ]
INFO: [ app_begin ] --START--
INFO: Run Behavior\ReadHtmlCacheBehavior [ RunTime:0.001968s ]
INFO: [ app_begin ] --END-- [ RunTime:0.002079s ]
SQL: SHOW COLUMNS FROM `dingdan` [ RunTime:0.0044s ]
SQL: SELECT * FROM `dingdan` WHERE ( sku_zt='0' )  [ RunTime:0.0017s ]
INFO: [ app_end ] --START--
INFO: Run Behavior\ShowPageTraceBehavior [ RunTime:0.001975s ]
INFO: [ app_end ] --END-- [ RunTime:0.002075s ]

[ 2017-02-07T10:08:11+08:00 ] 127.0.0.1 /ceshi/DEMO/think/index.php/home/index/t_list
INFO: [ app_init ] --START--
INFO: Run Behavior\BuildLiteBehavior [ RunTime:0.000011s ]
INFO: [ app_init ] --END-- [ RunTime:0.000457s ]
INFO: [ app_begin ] --START--
INFO: Run Behavior\ReadHtmlCacheBehavior [ RunTime:0.000664s ]
INFO: [ app_begin ] --END-- [ RunTime:0.000702s ]
SQL: SHOW COLUMNS FROM `dingdan` [ RunTime:0.0019s ]
SQL: SELECT * FROM `dingdan` WHERE ( ztt='5' )  [ RunTime:0.0005s ]
INFO: [ app_end ] --START--
INFO: Run Behavior\ShowPageTraceBehavior [ RunTime:0.000806s ]
INFO: [ app_end ] --END-- [ RunTime:0.000852s ]

[ 2017-02-07T10:10:51+08:00 ] 127.0.0.1 /ceshi/DEMO/think/index.php/home/index/xuchuli
INFO: [ app_init ] --START--
INFO: Run Behavior\BuildLiteBehavior [ RunTime:0.000033s ]
INFO: [ app_init ] --END-- [ RunTime:0.001211s ]
INFO: [ app_begin ] --START--
INFO: Run Behavior\ReadHtmlCacheBehavior [ RunTime:0.001785s ]
INFO: [ app_begin ] --END-- [ RunTime:0.001910s ]
SQL: SHOW COLUMNS FROM `dingdan` [ RunTime:0.0051s ]
SQL: SELECT * FROM `dingdan` WHERE ( sku_zt='0' )  [ RunTime:0.0012s ]
INFO: [ app_end ] --START--
INFO: Run Behavior\ShowPageTraceBehavior [ RunTime:0.001423s ]
INFO: [ app_end ] --END-- [ RunTime:0.001501s ]

[ 2017-02-07T10:10:52+08:00 ] 127.0.0.1 /ceshi/DEMO/think/index.php/home/index/t_list
INFO: [ app_init ] --START--
INFO: Run Behavior\BuildLiteBehavior [ RunTime:0.000013s ]
INFO: [ app_init ] --END-- [ RunTime:0.000376s ]
INFO: [ app_begin ] --START--
INFO: Run Behavior\ReadHtmlCacheBehavior [ RunTime:0.000576s ]
INFO: [ app_begin ] --END-- [ RunTime:0.000618s ]
SQL: SHOW COLUMNS FROM `dingdan` [ RunTime:0.0021s ]
SQL: SELECT * FROM `dingdan` WHERE ( ztt='5' )  [ RunTime:0.0006s ]
INFO: [ app_end ] --START--
INFO: Run Behavior\ShowPageTraceBehavior [ RunTime:0.000748s ]
INFO: [ app_end ] --END-- [ RunTime:0.000808s ]

[ 2017-02-07T10:12:18+08:00 ] 127.0.0.1 /ceshi/DEMO/think/index.php
INFO: [ app_init ] --START--
INFO: Run Behavior\BuildLiteBehavior [ RunTime:0.000090s ]
INFO: [ app_init ] --END-- [ RunTime:0.000611s ]
INFO: [ app_begin ] --START--
INFO: Run Behavior\ReadHtmlCacheBehavior [ RunTime:0.000690s ]
INFO: [ app_begin ] --END-- [ RunTime:0.000728s ]
INFO: [ view_parse ] --START--
INFO: [ template_filter ] --START--
INFO: Run Behavior\ContentReplaceBehavior [ RunTime:0.000040s ]
INFO: [ template_filter ] --END-- [ RunTime:0.000111s ]
INFO: Run Behavior\ParseTemplateBehavior [ RunTime:0.006835s ]
INFO: [ view_parse ] --END-- [ RunTime:0.006886s ]
INFO: [ view_filter ] --START--
INFO: Run Behavior\WriteHtmlCacheBehavior [ RunTime:0.000552s ]
INFO: [ view_filter ] --END-- [ RunTime:0.000586s ]
INFO: [ app_end ] --START--
INFO: Run Behavior\ShowPageTraceBehavior [ RunTime:0.000674s ]
INFO: [ app_end ] --END-- [ RunTime:0.000705s ]

[ 2017-02-07T10:12:19+08:00 ] 127.0.0.1 /ceshi/DEMO/think/index.php/home/index/t_list
INFO: [ app_init ] --START--
INFO: Run Behavior\BuildLiteBehavior [ RunTime:0.000013s ]
INFO: [ app_init ] --END-- [ RunTime:0.000461s ]
INFO: [ app_begin ] --START--
INFO: Run Behavior\ReadHtmlCacheBehavior [ RunTime:0.000700s ]
INFO: [ app_begin ] --END-- [ RunTime:0.000739s ]
SQL: SHOW COLUMNS FROM `dingdan` [ RunTime:0.0023s ]
SQL: SELECT * FROM `dingdan` WHERE ( ztt='5' )  [ RunTime:0.0005s ]
INFO: [ app_end ] --START--
INFO: Run Behavior\ShowPageTraceBehavior [ RunTime:0.000814s ]
INFO: [ app_end ] --END-- [ RunTime:0.000849s ]

[ 2017-02-07T10:12:55+08:00 ] 127.0.0.1 /ceshi/DEMO/think/index.php
INFO: [ app_init ] --START--
INFO: Run Behavior\BuildLiteBehavior [ RunTime:0.000029s ]
INFO: [ app_init ] --END-- [ RunTime:0.000865s ]
INFO: [ app_begin ] --START--
INFO: Run Behavior\ReadHtmlCacheBehavior [ RunTime:0.001519s ]
INFO: [ app_begin ] --END-- [ RunTime:0.001602s ]
INFO: [ view_parse ] --START--
INFO: [ template_filter ] --START--
INFO: Run Behavior\ContentReplaceBehavior [ RunTime:0.000082s ]
INFO: [ template_filter ] --END-- [ RunTime:0.000169s ]
INFO: Run Behavior\ParseTemplateBehavior [ RunTime:0.013662s ]
INFO: [ view_parse ] --END-- [ RunTime:0.013753s ]
INFO: [ view_filter ] --START--
INFO: Run Behavior\WriteHtmlCacheBehavior [ RunTime:0.001084s ]
INFO: [ view_filter ] --END-- [ RunTime:0.001150s ]
INFO: [ app_end ] --START--
INFO: Run Behavior\ShowPageTraceBehavior [ RunTime:0.001452s ]
INFO: [ app_end ] --END-- [ RunTime:0.001522s ]

[ 2017-02-07T10:12:56+08:00 ] 127.0.0.1 /ceshi/DEMO/think/index.php/home/index/t_list
INFO: [ app_init ] --START--
INFO: Run Behavior\BuildLiteBehavior [ RunTime:0.000012s ]
INFO: [ app_init ] --END-- [ RunTime:0.000467s ]
INFO: [ app_begin ] --START--
INFO: Run Behavior\ReadHtmlCacheBehavior [ RunTime:0.000699s ]
INFO: [ app_begin ] --END-- [ RunTime:0.000770s ]
SQL: SHOW COLUMNS FROM `dingdan` [ RunTime:0.0022s ]
SQL: SELECT * FROM `dingdan` WHERE ( ztt='5' )  [ RunTime:0.0006s ]
INFO: [ app_end ] --START--
INFO: Run Behavior\ShowPageTraceBehavior [ RunTime:0.000890s ]
INFO: [ app_end ] --END-- [ RunTime:0.000929s ]

[ 2017-02-07T10:14:59+08:00 ] 127.0.0.1 /ceshi/DEMO/think/index.php
INFO: [ app_init ] --START--
INFO: Run Behavior\BuildLiteBehavior [ RunTime:0.000037s ]
INFO: [ app_init ] --END-- [ RunTime:0.001376s ]
INFO: [ app_begin ] --START--
INFO: Run Behavior\ReadHtmlCacheBehavior [ RunTime:0.002009s ]
INFO: [ app_begin ] --END-- [ RunTime:0.002152s ]
INFO: [ view_parse ] --START--
INFO: [ template_filter ] --START--
INFO: Run Behavior\ContentReplaceBehavior [ RunTime:0.000103s ]
INFO: [ template_filter ] --END-- [ RunTime:0.000213s ]
INFO: Run Behavior\ParseTemplateBehavior [ RunTime:0.018394s ]
INFO: [ view_parse ] --END-- [ RunTime:0.018533s ]
INFO: [ view_filter ] --START--
INFO: Run Behavior\WriteHtmlCacheBehavior [ RunTime:0.000958s ]
INFO: [ view_filter ] --END-- [ RunTime:0.001025s ]
INFO: [ app_end ] --START--
INFO: Run Behavior\ShowPageTraceBehavior [ RunTime:0.002138s ]
INFO: [ app_end ] --END-- [ RunTime:0.002222s ]

[ 2017-02-07T10:15:00+08:00 ] 127.0.0.1 /ceshi/DEMO/think/index.php/home/index/t_list
INFO: [ app_init ] --START--
INFO: Run Behavior\BuildLiteBehavior [ RunTime:0.000013s ]
INFO: [ app_init ] --END-- [ RunTime:0.000362s ]
INFO: [ app_begin ] --START--
INFO: Run Behavior\ReadHtmlCacheBehavior [ RunTime:0.000813s ]
INFO: [ app_begin ] --END-- [ RunTime:0.000873s ]
SQL: SHOW COLUMNS FROM `dingdan` [ RunTime:0.0023s ]
SQL: SELECT * FROM `dingdan` WHERE ( ztt='5' )  [ RunTime:0.0005s ]
INFO: [ app_end ] --START--
INFO: Run Behavior\ShowPageTraceBehavior [ RunTime:0.000768s ]
INFO: [ app_end ] --END-- [ RunTime:0.000808s ]

[ 2017-02-07T10:15:16+08:00 ] 127.0.0.1 /ceshi/DEMO/think/index.php
INFO: [ app_init ] --START--
INFO: Run Behavior\BuildLiteBehavior [ RunTime:0.000014s ]
INFO: [ app_init ] --END-- [ RunTime:0.000486s ]
INFO: [ app_begin ] --START--
INFO: Run Behavior\ReadHtmlCacheBehavior [ RunTime:0.000590s ]
INFO: [ app_begin ] --END-- [ RunTime:0.000631s ]
INFO: [ view_parse ] --START--
INFO: [ template_filter ] --START--
INFO: Run Behavior\ContentReplaceBehavior [ RunTime:0.000039s ]
INFO: [ template_filter ] --END-- [ RunTime:0.000076s ]
INFO: Run Behavior\ParseTemplateBehavior [ RunTime:0.006277s ]
INFO: [ view_parse ] --END-- [ RunTime:0.006314s ]
INFO: [ view_filter ] --START--
INFO: Run Behavior\WriteHtmlCacheBehavior [ RunTime:0.000444s ]
INFO: [ view_filter ] --END-- [ RunTime:0.000474s ]
INFO: [ app_end ] --START--
INFO: Run Behavior\ShowPageTraceBehavior [ RunTime:0.000640s ]
INFO: [ app_end ] --END-- [ RunTime:0.000671s ]

[ 2017-02-07T10:15:17+08:00 ] 127.0.0.1 /ceshi/DEMO/think/index.php/home/index/t_list
INFO: [ app_init ] --START--
INFO: Run Behavior\BuildLiteBehavior [ RunTime:0.000013s ]
INFO: [ app_init ] --END-- [ RunTime:0.000387s ]
INFO: [ app_begin ] --START--
INFO: Run Behavior\ReadHtmlCacheBehavior [ RunTime:0.000756s ]
INFO: [ app_begin ] --END-- [ RunTime:0.000802s ]
SQL: SHOW COLUMNS FROM `dingdan` [ RunTime:0.0022s ]
SQL: SELECT * FROM `dingdan` WHERE ( ztt='5' )  [ RunTime:0.0005s ]
INFO: [ app_end ] --START--
INFO: Run Behavior\ShowPageTraceBehavior [ RunTime:0.000827s ]
INFO: [ app_end ] --END-- [ RunTime:0.000891s ]

[ 2017-02-07T10:17:58+08:00 ] 127.0.0.1 /ceshi/DEMO/think/index.php
INFO: [ app_init ] --START--
INFO: Run Behavior\BuildLiteBehavior [ RunTime:0.000012s ]
INFO: [ app_init ] --END-- [ RunTime:0.000459s ]
INFO: [ app_begin ] --START--
INFO: Run Behavior\ReadHtmlCacheBehavior [ RunTime:0.000647s ]
INFO: [ app_begin ] --END-- [ RunTime:0.000689s ]
INFO: [ view_parse ] --START--
INFO: [ template_filter ] --START--
INFO: Run Behavior\ContentReplaceBehavior [ RunTime:0.000043s ]
INFO: [ template_filter ] --END-- [ RunTime:0.000087s ]
INFO: Run Behavior\ParseTemplateBehavior [ RunTime:0.006307s ]
INFO: [ view_parse ] --END-- [ RunTime:0.006354s ]
INFO: [ view_filter ] --START--
INFO: Run Behavior\WriteHtmlCacheBehavior [ RunTime:0.000368s ]
INFO: [ view_filter ] --END-- [ RunTime:0.000399s ]
INFO: [ app_end ] --START--
INFO: Run Behavior\ShowPageTraceBehavior [ RunTime:0.000584s ]
INFO: [ app_end ] --END-- [ RunTime:0.000615s ]

[ 2017-02-07T10:17:59+08:00 ] 127.0.0.1 /ceshi/DEMO/think/index.php/home/index/t_list
INFO: [ app_init ] --START--
INFO: Run Behavior\BuildLiteBehavior [ RunTime:0.000012s ]
INFO: [ app_init ] --END-- [ RunTime:0.000354s ]
INFO: [ app_begin ] --START--
INFO: Run Behavior\ReadHtmlCacheBehavior [ RunTime:0.000688s ]
INFO: [ app_begin ] --END-- [ RunTime:0.000738s ]
SQL: SHOW COLUMNS FROM `dingdan` [ RunTime:0.0023s ]
SQL: SELECT * FROM `dingdan` WHERE ( ztt='5' )  [ RunTime:0.0006s ]
INFO: [ app_end ] --START--
INFO: Run Behavior\ShowPageTraceBehavior [ RunTime:0.000735s ]
INFO: [ app_end ] --END-- [ RunTime:0.000770s ]

[ 2017-02-07T10:18:55+08:00 ] 127.0.0.1 /ceshi/DEMO/think/index.php
INFO: [ app_init ] --START--
INFO: Run Behavior\BuildLiteBehavior [ RunTime:0.000013s ]
INFO: [ app_init ] --END-- [ RunTime:0.000488s ]
INFO: [ app_begin ] --START--
INFO: Run Behavior\ReadHtmlCacheBehavior [ RunTime:0.000999s ]
INFO: [ app_begin ] --END-- [ RunTime:0.001063s ]
INFO: [ view_parse ] --START--
INFO: [ template_filter ] --START--
INFO: Run Behavior\ContentReplaceBehavior [ RunTime:0.000040s ]
INFO: [ template_filter ] --END-- [ RunTime:0.000080s ]
INFO: Run Behavior\ParseTemplateBehavior [ RunTime:0.006215s ]
INFO: [ view_parse ] --END-- [ RunTime:0.006257s ]
INFO: [ view_filter ] --START--
INFO: Run Behavior\WriteHtmlCacheBehavior [ RunTime:0.000413s ]
INFO: [ view_filter ] --END-- [ RunTime:0.000444s ]
INFO: [ app_end ] --START--
INFO: Run Behavior\ShowPageTraceBehavior [ RunTime:0.000630s ]
INFO: [ app_end ] --END-- [ RunTime:0.000663s ]

[ 2017-02-07T10:19:14+08:00 ] 127.0.0.1 /ceshi/DEMO/think/index.php
INFO: [ app_init ] --START--
INFO: Run Behavior\BuildLiteBehavior [ RunTime:0.000013s ]
INFO: [ app_init ] --END-- [ RunTime:0.000460s ]
INFO: [ app_begin ] --START--
INFO: Run Behavior\ReadHtmlCacheBehavior [ RunTime:0.000679s ]
INFO: [ app_begin ] --END-- [ RunTime:0.000719s ]
INFO: [ view_parse ] --START--
INFO: [ template_filter ] --START--
INFO: Run Behavior\ContentReplaceBehavior [ RunTime:0.000038s ]
INFO: [ template_filter ] --END-- [ RunTime:0.000076s ]
INFO: Run Behavior\ParseTemplateBehavior [ RunTime:0.006912s ]
INFO: [ view_parse ] --END-- [ RunTime:0.006950s ]
INFO: [ view_filter ] --START--
INFO: Run Behavior\WriteHtmlCacheBehavior [ RunTime:0.000475s ]
INFO: [ view_filter ] --END-- [ RunTime:0.000505s ]
INFO: [ app_end ] --START--
INFO: Run Behavior\ShowPageTraceBehavior [ RunTime:0.000655s ]
INFO: [ app_end ] --END-- [ RunTime:0.000697s ]

[ 2017-02-07T10:19:23+08:00 ] 127.0.0.1 /ceshi/DEMO/think/index.php
INFO: [ app_init ] --START--
INFO: Run Behavior\BuildLiteBehavior [ RunTime:0.000027s ]
INFO: [ app_init ] --END-- [ RunTime:0.000866s ]
INFO: [ app_begin ] --START--
INFO: Run Behavior\ReadHtmlCacheBehavior [ RunTime:0.001073s ]
INFO: [ app_begin ] --END-- [ RunTime:0.001143s ]
INFO: [ view_parse ] --START--
INFO: [ template_filter ] --START--
INFO: Run Behavior\ContentReplaceBehavior [ RunTime:0.000117s ]
INFO: [ template_filter ] --END-- [ RunTime:0.000192s ]
INFO: Run Behavior\ParseTemplateBehavior [ RunTime:0.011127s ]
INFO: [ view_parse ] --END-- [ RunTime:0.011202s ]
INFO: [ view_filter ] --START--
INFO: Run Behavior\WriteHtmlCacheBehavior [ RunTime:0.000663s ]
INFO: [ view_filter ] --END-- [ RunTime:0.000718s ]
INFO: [ app_end ] --START--
INFO: Run Behavior\ShowPageTraceBehavior [ RunTime:0.001105s ]
INFO: [ app_end ] --END-- [ RunTime:0.001162s ]

[ 2017-02-07T10:19:23+08:00 ] 127.0.0.1 /ceshi/DEMO/think/index.php/home/index/xuchuli
INFO: [ app_init ] --START--
INFO: Run Behavior\BuildLiteBehavior [ RunTime:0.000012s ]
INFO: [ app_init ] --END-- [ RunTime:0.000496s ]
INFO: [ app_begin ] --START--
INFO: Run Behavior\ReadHtmlCacheBehavior [ RunTime:0.000695s ]
INFO: [ app_begin ] --END-- [ RunTime:0.000762s ]
SQL: SHOW COLUMNS FROM `dingdan` [ RunTime:0.0021s ]
SQL: SELECT * FROM `dingdan` WHERE ( sku_zt='0' )  [ RunTime:0.0006s ]
INFO: [ app_end ] --START--
INFO: Run Behavior\ShowPageTraceBehavior [ RunTime:0.000813s ]
INFO: [ app_end ] --END-- [ RunTime:0.000851s ]

[ 2017-02-07T10:19:24+08:00 ] 127.0.0.1 /ceshi/DEMO/think/index.php/home/index/t_list
INFO: [ app_init ] --START--
INFO: Run Behavior\BuildLiteBehavior [ RunTime:0.000012s ]
INFO: [ app_init ] --END-- [ RunTime:0.000463s ]
INFO: [ app_begin ] --START--
INFO: Run Behavior\ReadHtmlCacheBehavior [ RunTime:0.000788s ]
INFO: [ app_begin ] --END-- [ RunTime:0.000828s ]
SQL: SHOW COLUMNS FROM `dingdan` [ RunTime:0.0021s ]
SQL: SELECT * FROM `dingdan` WHERE ( ztt='5' )  [ RunTime:0.0005s ]
INFO: [ app_end ] --START--
INFO: Run Behavior\ShowPageTraceBehavior [ RunTime:0.000788s ]
INFO: [ app_end ] --END-- [ RunTime:0.000831s ]

