[ 2016-05-16T14:07:42+08:00 ] 127.0.0.1 /ceshi/yuzuo/index.php/Admin/index
INFO: [ app_init ] --START--
INFO: Run Behavior\BuildLiteBehavior [ RunTime:0.000075s ]
INFO: [ app_init ] --END-- [ RunTime:0.000828s ]
INFO: [ app_begin ] --START--
INFO: Run Behavior\ReadHtmlCacheBehavior [ RunTime:0.000875s ]
INFO: [ app_begin ] --END-- [ RunTime:0.000916s ]
INFO: [ view_parse ] --START--
INFO: [ template_filter ] --START--
INFO: Run Behavior\ContentReplaceBehavior [ RunTime:0.000028s ]
INFO: [ template_filter ] --END-- [ RunTime:0.000063s ]
INFO: Run Behavior\ParseTemplateBehavior [ RunTime:0.004929s ]
INFO: [ view_parse ] --END-- [ RunTime:0.004968s ]
INFO: [ view_filter ] --START--
INFO: Run Behavior\WriteHtmlCacheBehavior [ RunTime:0.000476s ]
INFO: [ view_filter ] --END-- [ RunTime:0.000504s ]
INFO: [ app_end ] --START--
INFO: Run Behavior\ShowPageTraceBehavior [ RunTime:0.000688s ]
INFO: [ app_end ] --END-- [ RunTime:0.000718s ]

[ 2016-05-16T14:07:44+08:00 ] 127.0.0.1 /ceshi/yuzuo/index.php/Admin/ddguanli/index
INFO: [ app_init ] --START--
INFO: Run Behavior\BuildLiteBehavior [ RunTime:0.000012s ]
INFO: [ app_init ] --END-- [ RunTime:0.000582s ]
INFO: [ app_begin ] --START--
INFO: Run Behavior\ReadHtmlCacheBehavior [ RunTime:0.001244s ]
INFO: [ app_begin ] --END-- [ RunTime:0.001326s ]
INFO: [ view_parse ] --START--
INFO: [ template_filter ] --START--
INFO: Run Behavior\ContentReplaceBehavior [ RunTime:0.000038s ]
INFO: [ template_filter ] --END-- [ RunTime:0.000093s ]
INFO: Run Behavior\ParseTemplateBehavior [ RunTime:0.005074s ]
INFO: [ view_parse ] --END-- [ RunTime:0.005130s ]
INFO: [ view_filter ] --START--
INFO: Run Behavior\WriteHtmlCacheBehavior [ RunTime:0.000406s ]
INFO: [ view_filter ] --END-- [ RunTime:0.000435s ]
INFO: [ app_end ] --START--
INFO: Run Behavior\ShowPageTraceBehavior [ RunTime:0.000615s ]
INFO: [ app_end ] --END-- [ RunTime:0.000648s ]

[ 2016-05-16T14:07:45+08:00 ] 127.0.0.1 /ceshi/yuzuo/index.php/Admin/Ddguanli/ddzt/id/0
INFO: [ app_init ] --START--
INFO: Run Behavior\BuildLiteBehavior [ RunTime:0.000012s ]
INFO: [ app_init ] --END-- [ RunTime:0.000427s ]
INFO: [ app_begin ] --START--
INFO: Run Behavior\ReadHtmlCacheBehavior [ RunTime:0.000618s ]
INFO: [ app_begin ] --END-- [ RunTime:0.000658s ]
SQL: SHOW COLUMNS FROM `goods` [ RunTime:0.0020s ]
SQL: SELECT * FROM `goods` INNER JOIN maintenance_ways on goods.ways_id=maintenance_ways.ways_id INNER JOIN wxzx on goods.wxzx_id=wxzx.wxzx_id  WHERE ( stau='0' )  [ RunTime:0.0007s ]
SQL: SHOW COLUMNS FROM `m_user` [ RunTime:0.0016s ]
SQL: SELECT * FROM `m_user` WHERE ( user_id='0' ) LIMIT 1   [ RunTime:0.0006s ]
INFO: [ view_parse ] --START--
INFO: [ template_filter ] --START--
INFO: Run Behavior\ContentReplaceBehavior [ RunTime:0.000028s ]
INFO: [ template_filter ] --END-- [ RunTime:0.000071s ]
NOTIC: [8] Undefined variable: v F:\web\apache\htdocs\ceshi\yuzuo\Application\Runtime\Cache\Admin\cbfc2edf53ddb5550293de6cc77a4a3b.php 第 31 行.
INFO: Run Behavior\ParseTemplateBehavior [ RunTime:0.007374s ]
INFO: [ view_parse ] --END-- [ RunTime:0.007419s ]
INFO: [ view_filter ] --START--
INFO: Run Behavior\WriteHtmlCacheBehavior [ RunTime:0.000498s ]
INFO: [ view_filter ] --END-- [ RunTime:0.000537s ]
INFO: [ app_end ] --START--
INFO: Run Behavior\ShowPageTraceBehavior [ RunTime:0.000692s ]
INFO: [ app_end ] --END-- [ RunTime:0.000723s ]

[ 2016-05-16T14:07:47+08:00 ] 127.0.0.1 /ceshi/yuzuo/index.php/Admin/Ddguanli/ddzt/id/1
INFO: [ app_init ] --START--
INFO: Run Behavior\BuildLiteBehavior [ RunTime:0.000010s ]
INFO: [ app_init ] --END-- [ RunTime:0.000429s ]
INFO: [ app_begin ] --START--
INFO: Run Behavior\ReadHtmlCacheBehavior [ RunTime:0.000663s ]
INFO: [ app_begin ] --END-- [ RunTime:0.000698s ]
SQL: SHOW COLUMNS FROM `goods` [ RunTime:0.0020s ]
SQL: SELECT * FROM `goods` INNER JOIN maintenance_ways on goods.ways_id=maintenance_ways.ways_id INNER JOIN wxzx on goods.wxzx_id=wxzx.wxzx_id  WHERE ( stau='1' )  [ RunTime:0.0006s ]
SQL: SHOW COLUMNS FROM `m_user` [ RunTime:0.0015s ]
NOTIC: [8] Undefined variable: user_id F:\web\apache\htdocs\ceshi\yuzuo\Application\Admin\Controller\DdguanliController.class.php 第 21 行.
SQL: SELECT * FROM `m_user` WHERE ( user_id='' ) LIMIT 1   [ RunTime:0.0006s ]
NOTIC: [8] Undefined variable: r F:\web\apache\htdocs\ceshi\yuzuo\Application\Admin\Controller\DdguanliController.class.php 第 42 行.
INFO: [ view_parse ] --START--
INFO: [ template_filter ] --START--
INFO: Run Behavior\ContentReplaceBehavior [ RunTime:0.000027s ]
INFO: [ template_filter ] --END-- [ RunTime:0.000068s ]
INFO: Run Behavior\ParseTemplateBehavior [ RunTime:0.006878s ]
INFO: [ view_parse ] --END-- [ RunTime:0.006918s ]
INFO: [ view_filter ] --START--
INFO: Run Behavior\WriteHtmlCacheBehavior [ RunTime:0.000495s ]
INFO: [ view_filter ] --END-- [ RunTime:0.000525s ]
INFO: [ app_end ] --START--
INFO: Run Behavior\ShowPageTraceBehavior [ RunTime:0.000664s ]
INFO: [ app_end ] --END-- [ RunTime:0.000694s ]

[ 2016-05-16T14:07:47+08:00 ] 127.0.0.1 /ceshi/yuzuo/index.php/Admin/Ddguanli/ddzt/id/2
INFO: [ app_init ] --START--
INFO: Run Behavior\BuildLiteBehavior [ RunTime:0.000011s ]
INFO: [ app_init ] --END-- [ RunTime:0.000437s ]
INFO: [ app_begin ] --START--
INFO: Run Behavior\ReadHtmlCacheBehavior [ RunTime:0.000689s ]
INFO: [ app_begin ] --END-- [ RunTime:0.000724s ]
SQL: SHOW COLUMNS FROM `goods` [ RunTime:0.0023s ]
SQL: SELECT * FROM `goods` INNER JOIN maintenance_ways on goods.ways_id=maintenance_ways.ways_id INNER JOIN wxzx on goods.wxzx_id=wxzx.wxzx_id  WHERE ( stau='2' )  [ RunTime:0.0015s ]
SQL: SHOW COLUMNS FROM `m_user` [ RunTime:0.0019s ]
NOTIC: [8] Undefined variable: user_id F:\web\apache\htdocs\ceshi\yuzuo\Application\Admin\Controller\DdguanliController.class.php 第 21 行.
SQL: SELECT * FROM `m_user` WHERE ( user_id='' ) LIMIT 1   [ RunTime:0.0005s ]
NOTIC: [8] Undefined variable: r F:\web\apache\htdocs\ceshi\yuzuo\Application\Admin\Controller\DdguanliController.class.php 第 42 行.
INFO: [ view_parse ] --START--
INFO: [ template_filter ] --START--
INFO: Run Behavior\ContentReplaceBehavior [ RunTime:0.000026s ]
INFO: [ template_filter ] --END-- [ RunTime:0.000059s ]
INFO: Run Behavior\ParseTemplateBehavior [ RunTime:0.005779s ]
INFO: [ view_parse ] --END-- [ RunTime:0.005821s ]
INFO: [ view_filter ] --START--
INFO: Run Behavior\WriteHtmlCacheBehavior [ RunTime:0.000487s ]
INFO: [ view_filter ] --END-- [ RunTime:0.000517s ]
INFO: [ app_end ] --START--
INFO: Run Behavior\ShowPageTraceBehavior [ RunTime:0.000693s ]
INFO: [ app_end ] --END-- [ RunTime:0.000724s ]

[ 2016-05-16T14:07:48+08:00 ] 127.0.0.1 /ceshi/yuzuo/index.php/Admin/Ddguanli/ddzt/id/3
INFO: [ app_init ] --START--
INFO: Run Behavior\BuildLiteBehavior [ RunTime:0.000012s ]
INFO: [ app_init ] --END-- [ RunTime:0.000470s ]
INFO: [ app_begin ] --START--
INFO: Run Behavior\ReadHtmlCacheBehavior [ RunTime:0.000690s ]
INFO: [ app_begin ] --END-- [ RunTime:0.000725s ]
SQL: SHOW COLUMNS FROM `goods` [ RunTime:0.0021s ]
SQL: SELECT * FROM `goods` INNER JOIN maintenance_ways on goods.ways_id=maintenance_ways.ways_id INNER JOIN wxzx on goods.wxzx_id=wxzx.wxzx_id  WHERE ( stau='3' )  [ RunTime:0.0007s ]
SQL: SHOW COLUMNS FROM `m_user` [ RunTime:0.0030s ]
NOTIC: [8] Undefined variable: user_id F:\web\apache\htdocs\ceshi\yuzuo\Application\Admin\Controller\DdguanliController.class.php 第 21 行.
SQL: SELECT * FROM `m_user` WHERE ( user_id='' ) LIMIT 1   [ RunTime:0.0007s ]
NOTIC: [8] Undefined variable: r F:\web\apache\htdocs\ceshi\yuzuo\Application\Admin\Controller\DdguanliController.class.php 第 42 行.
INFO: [ view_parse ] --START--
INFO: [ template_filter ] --START--
INFO: Run Behavior\ContentReplaceBehavior [ RunTime:0.000034s ]
INFO: [ template_filter ] --END-- [ RunTime:0.000094s ]
INFO: Run Behavior\ParseTemplateBehavior [ RunTime:0.006183s ]
INFO: [ view_parse ] --END-- [ RunTime:0.006231s ]
INFO: [ view_filter ] --START--
INFO: Run Behavior\WriteHtmlCacheBehavior [ RunTime:0.000512s ]
INFO: [ view_filter ] --END-- [ RunTime:0.000542s ]
INFO: [ app_end ] --START--
INFO: Run Behavior\ShowPageTraceBehavior [ RunTime:0.000690s ]
INFO: [ app_end ] --END-- [ RunTime:0.000721s ]

[ 2016-05-16T14:07:48+08:00 ] 127.0.0.1 /ceshi/yuzuo/index.php/Admin/Ddguanli/ddzt/id/0
INFO: [ app_init ] --START--
INFO: Run Behavior\BuildLiteBehavior [ RunTime:0.000010s ]
INFO: [ app_init ] --END-- [ RunTime:0.000438s ]
INFO: [ app_begin ] --START--
INFO: Run Behavior\ReadHtmlCacheBehavior [ RunTime:0.000665s ]
INFO: [ app_begin ] --END-- [ RunTime:0.000700s ]
SQL: SHOW COLUMNS FROM `goods` [ RunTime:0.0024s ]
SQL: SELECT * FROM `goods` INNER JOIN maintenance_ways on goods.ways_id=maintenance_ways.ways_id INNER JOIN wxzx on goods.wxzx_id=wxzx.wxzx_id  WHERE ( stau='0' )  [ RunTime:0.0007s ]
SQL: SHOW COLUMNS FROM `m_user` [ RunTime:0.0015s ]
SQL: SELECT * FROM `m_user` WHERE ( user_id='0' ) LIMIT 1   [ RunTime:0.0007s ]
INFO: [ view_parse ] --START--
INFO: [ template_filter ] --START--
INFO: Run Behavior\ContentReplaceBehavior [ RunTime:0.000025s ]
INFO: [ template_filter ] --END-- [ RunTime:0.000064s ]
NOTIC: [8] Undefined variable: v F:\web\apache\htdocs\ceshi\yuzuo\Application\Runtime\Cache\Admin\cbfc2edf53ddb5550293de6cc77a4a3b.php 第 31 行.
INFO: Run Behavior\ParseTemplateBehavior [ RunTime:0.006642s ]
INFO: [ view_parse ] --END-- [ RunTime:0.006677s ]
INFO: [ view_filter ] --START--
INFO: Run Behavior\WriteHtmlCacheBehavior [ RunTime:0.000502s ]
INFO: [ view_filter ] --END-- [ RunTime:0.000540s ]
INFO: [ app_end ] --START--
INFO: Run Behavior\ShowPageTraceBehavior [ RunTime:0.000684s ]
INFO: [ app_end ] --END-- [ RunTime:0.000714s ]

[ 2016-05-16T14:07:50+08:00 ] 127.0.0.1 /ceshi/yuzuo/index.php/Admin/Ddguanli/wxuser
INFO: [ app_init ] --START--
INFO: Run Behavior\BuildLiteBehavior [ RunTime:0.000012s ]
INFO: [ app_init ] --END-- [ RunTime:0.000382s ]
INFO: [ app_begin ] --START--
INFO: Run Behavior\ReadHtmlCacheBehavior [ RunTime:0.000627s ]
INFO: [ app_begin ] --END-- [ RunTime:0.000673s ]
SQL: SHOW COLUMNS FROM `goods` [ RunTime:0.0022s ]
SQL: SELECT * FROM `goods` INNER JOIN maintenance_ways on goods.ways_id=maintenance_ways.ways_id INNER JOIN wxzx on goods.wxzx_id=wxzx.wxzx_id  WHERE ( id='45' )  [ RunTime:0.0007s ]
SQL: SHOW COLUMNS FROM `m_user` [ RunTime:0.0016s ]
SQL: SELECT * FROM `m_user` WHERE ( wxzx_id='7' )  [ RunTime:0.0007s ]
INFO: [ view_parse ] --START--
INFO: [ template_filter ] --START--
INFO: Run Behavior\ContentReplaceBehavior [ RunTime:0.000029s ]
INFO: [ template_filter ] --END-- [ RunTime:0.000067s ]
NOTIC: [8] Undefined index: user_username F:\web\apache\htdocs\ceshi\yuzuo\Application\Runtime\Cache\Admin\afcc9a314b13f6511db0a3c8e33cc3fc.php 第 31 行.
INFO: Run Behavior\ParseTemplateBehavior [ RunTime:0.006769s ]
INFO: [ view_parse ] --END-- [ RunTime:0.006827s ]
INFO: [ view_filter ] --START--
INFO: Run Behavior\WriteHtmlCacheBehavior [ RunTime:0.000521s ]
INFO: [ view_filter ] --END-- [ RunTime:0.000551s ]
INFO: [ app_end ] --START--
INFO: Run Behavior\ShowPageTraceBehavior [ RunTime:0.000771s ]
INFO: [ app_end ] --END-- [ RunTime:0.000803s ]

[ 2016-05-16T14:07:52+08:00 ] 127.0.0.1 /ceshi/yuzuo/index.php/Admin/Ddguanli/save1/id/45/
INFO: [ app_init ] --START--
INFO: Run Behavior\BuildLiteBehavior [ RunTime:0.000012s ]
INFO: [ app_init ] --END-- [ RunTime:0.000402s ]
INFO: [ app_begin ] --START--
INFO: Run Behavior\ReadHtmlCacheBehavior [ RunTime:0.000645s ]
INFO: [ app_begin ] --END-- [ RunTime:0.000700s ]
SQL: SHOW COLUMNS FROM `goods` [ RunTime:0.0020s ]
SQL: UPDATE `goods` SET `user_id`='3',`stau`='1' WHERE ( id='45' ) [ RunTime:0.0452s ]
SQL: SHOW COLUMNS FROM `zt_time` [ RunTime:0.0022s ]
SQL: UPDATE `zt_time` SET `po_time`='2016-05-16 14:07:52' WHERE ( goods_id='45' ) [ RunTime:0.0549s ]
INFO: [ app_end ] --START--
INFO: Run Behavior\ShowPageTraceBehavior [ RunTime:0.002690s ]
INFO: [ app_end ] --END-- [ RunTime:0.002822s ]

[ 2016-05-16T14:07:52+08:00 ] 127.0.0.1 /ceshi/yuzuo/index.php/Admin/Ddguanli/index/
INFO: [ app_init ] --START--
INFO: Run Behavior\BuildLiteBehavior [ RunTime:0.000031s ]
INFO: [ app_init ] --END-- [ RunTime:0.001134s ]
INFO: [ app_begin ] --START--
INFO: Run Behavior\ReadHtmlCacheBehavior [ RunTime:0.001877s ]
INFO: [ app_begin ] --END-- [ RunTime:0.001988s ]
INFO: [ view_parse ] --START--
INFO: [ template_filter ] --START--
INFO: Run Behavior\ContentReplaceBehavior [ RunTime:0.000047s ]
INFO: [ template_filter ] --END-- [ RunTime:0.000112s ]
INFO: Run Behavior\ParseTemplateBehavior [ RunTime:0.008173s ]
INFO: [ view_parse ] --END-- [ RunTime:0.008270s ]
INFO: [ view_filter ] --START--
INFO: Run Behavior\WriteHtmlCacheBehavior [ RunTime:0.000753s ]
INFO: [ view_filter ] --END-- [ RunTime:0.000803s ]
INFO: [ app_end ] --START--
INFO: Run Behavior\ShowPageTraceBehavior [ RunTime:0.001117s ]
INFO: [ app_end ] --END-- [ RunTime:0.001171s ]

[ 2016-05-16T15:13:42+08:00 ] 127.0.0.1 /ceshi/yuzuo/index.php/Admin/index
INFO: [ app_init ] --START--
INFO: Run Behavior\BuildLiteBehavior [ RunTime:0.000013s ]
INFO: [ app_init ] --END-- [ RunTime:0.000484s ]
INFO: [ app_begin ] --START--
INFO: Run Behavior\ReadHtmlCacheBehavior [ RunTime:0.001246s ]
INFO: [ app_begin ] --END-- [ RunTime:0.001298s ]
INFO: [ view_parse ] --START--
INFO: [ template_filter ] --START--
INFO: Run Behavior\ContentReplaceBehavior [ RunTime:0.000028s ]
INFO: [ template_filter ] --END-- [ RunTime:0.000075s ]
INFO: Run Behavior\ParseTemplateBehavior [ RunTime:0.005942s ]
INFO: [ view_parse ] --END-- [ RunTime:0.005998s ]
INFO: [ view_filter ] --START--
INFO: Run Behavior\WriteHtmlCacheBehavior [ RunTime:0.000437s ]
INFO: [ view_filter ] --END-- [ RunTime:0.000466s ]
INFO: [ app_end ] --START--
INFO: Run Behavior\ShowPageTraceBehavior [ RunTime:0.000635s ]
INFO: [ app_end ] --END-- [ RunTime:0.000665s ]

[ 2016-05-16T15:13:44+08:00 ] 127.0.0.1 /ceshi/yuzuo/index.php/Admin/ddguanli/index
INFO: [ app_init ] --START--
INFO: Run Behavior\BuildLiteBehavior [ RunTime:0.000014s ]
INFO: [ app_init ] --END-- [ RunTime:0.000450s ]
INFO: [ app_begin ] --START--
INFO: Run Behavior\ReadHtmlCacheBehavior [ RunTime:0.000941s ]
INFO: [ app_begin ] --END-- [ RunTime:0.001021s ]
INFO: [ view_parse ] --START--
INFO: [ template_filter ] --START--
INFO: Run Behavior\ContentReplaceBehavior [ RunTime:0.000030s ]
INFO: [ template_filter ] --END-- [ RunTime:0.000072s ]
INFO: Run Behavior\ParseTemplateBehavior [ RunTime:0.005198s ]
INFO: [ view_parse ] --END-- [ RunTime:0.005274s ]
INFO: [ view_filter ] --START--
INFO: Run Behavior\WriteHtmlCacheBehavior [ RunTime:0.000404s ]
INFO: [ view_filter ] --END-- [ RunTime:0.000433s ]
INFO: [ app_end ] --START--
INFO: Run Behavior\ShowPageTraceBehavior [ RunTime:0.000625s ]
INFO: [ app_end ] --END-- [ RunTime:0.000662s ]

[ 2016-05-16T15:13:45+08:00 ] 127.0.0.1 /ceshi/yuzuo/index.php/Admin/Ddguanli/ddzt/id/0
INFO: [ app_init ] --START--
INFO: Run Behavior\BuildLiteBehavior [ RunTime:0.000012s ]
INFO: [ app_init ] --END-- [ RunTime:0.000376s ]
INFO: [ app_begin ] --START--
INFO: Run Behavior\ReadHtmlCacheBehavior [ RunTime:0.000616s ]
INFO: [ app_begin ] --END-- [ RunTime:0.000657s ]
SQL: SHOW COLUMNS FROM `goods` [ RunTime:0.0021s ]
SQL: SELECT * FROM `goods` INNER JOIN maintenance_ways on goods.ways_id=maintenance_ways.ways_id INNER JOIN wxzx on goods.wxzx_id=wxzx.wxzx_id  WHERE ( stau='0' )  [ RunTime:0.0007s ]
SQL: SHOW COLUMNS FROM `m_user` [ RunTime:0.0014s ]
SQL: SELECT * FROM `m_user` WHERE ( user_id='0' ) LIMIT 1   [ RunTime:0.0006s ]
INFO: [ view_parse ] --START--
INFO: [ template_filter ] --START--
INFO: Run Behavior\ContentReplaceBehavior [ RunTime:0.000061s ]
INFO: [ template_filter ] --END-- [ RunTime:0.000161s ]
NOTIC: [8] Undefined variable: v F:\web\apache\htdocs\ceshi\yuzuo\Application\Runtime\Cache\Admin\cbfc2edf53ddb5550293de6cc77a4a3b.php 第 31 行.
INFO: Run Behavior\ParseTemplateBehavior [ RunTime:0.006871s ]
INFO: [ view_parse ] --END-- [ RunTime:0.006904s ]
INFO: [ view_filter ] --START--
INFO: Run Behavior\WriteHtmlCacheBehavior [ RunTime:0.000460s ]
INFO: [ view_filter ] --END-- [ RunTime:0.000489s ]
INFO: [ app_end ] --START--
INFO: Run Behavior\ShowPageTraceBehavior [ RunTime:0.000683s ]
INFO: [ app_end ] --END-- [ RunTime:0.000713s ]

[ 2016-05-16T15:13:46+08:00 ] 127.0.0.1 /ceshi/yuzuo/index.php/Admin/Ddguanli/wxuser
INFO: [ app_init ] --START--
INFO: Run Behavior\BuildLiteBehavior [ RunTime:0.000012s ]
INFO: [ app_init ] --END-- [ RunTime:0.000382s ]
INFO: [ app_begin ] --START--
INFO: Run Behavior\ReadHtmlCacheBehavior [ RunTime:0.000658s ]
INFO: [ app_begin ] --END-- [ RunTime:0.000707s ]
SQL: SHOW COLUMNS FROM `goods` [ RunTime:0.0022s ]
SQL: SELECT * FROM `goods` INNER JOIN maintenance_ways on goods.ways_id=maintenance_ways.ways_id INNER JOIN wxzx on goods.wxzx_id=wxzx.wxzx_id  WHERE ( id='1' )  [ RunTime:0.0007s ]
SQL: SHOW COLUMNS FROM `m_user` [ RunTime:0.0016s ]
SQL: SELECT * FROM `m_user` WHERE ( wxzx_id='7' )  [ RunTime:0.0006s ]
INFO: [ view_parse ] --START--
INFO: [ template_filter ] --START--
INFO: Run Behavior\ContentReplaceBehavior [ RunTime:0.000029s ]
INFO: [ template_filter ] --END-- [ RunTime:0.000068s ]
NOTIC: [8] Undefined index: user_username F:\web\apache\htdocs\ceshi\yuzuo\Application\Runtime\Cache\Admin\afcc9a314b13f6511db0a3c8e33cc3fc.php 第 31 行.
INFO: Run Behavior\ParseTemplateBehavior [ RunTime:0.007053s ]
INFO: [ view_parse ] --END-- [ RunTime:0.007094s ]
INFO: [ view_filter ] --START--
INFO: Run Behavior\WriteHtmlCacheBehavior [ RunTime:0.000450s ]
INFO: [ view_filter ] --END-- [ RunTime:0.000479s ]
INFO: [ app_end ] --START--
INFO: Run Behavior\ShowPageTraceBehavior [ RunTime:0.000688s ]
INFO: [ app_end ] --END-- [ RunTime:0.000719s ]

[ 2016-05-16T15:13:48+08:00 ] 127.0.0.1 /ceshi/yuzuo/index.php/Admin/Ddguanli/save1/id/1/
INFO: [ app_init ] --START--
INFO: Run Behavior\BuildLiteBehavior [ RunTime:0.000012s ]
INFO: [ app_init ] --END-- [ RunTime:0.000438s ]
INFO: [ app_begin ] --START--
INFO: Run Behavior\ReadHtmlCacheBehavior [ RunTime:0.000648s ]
INFO: [ app_begin ] --END-- [ RunTime:0.000701s ]
SQL: SHOW COLUMNS FROM `goods` [ RunTime:0.0022s ]
SQL: UPDATE `goods` SET `user_id`='3',`stau`='1' WHERE ( id='1' ) [ RunTime:0.0502s ]
SQL: SHOW COLUMNS FROM `zt_time` [ RunTime:0.0021s ]
SQL: UPDATE `zt_time` SET `po_time`='2016-05-16 15:13:48' WHERE ( goods_id='1' ) [ RunTime:0.0282s ]
INFO: [ app_end ] --START--
INFO: Run Behavior\ShowPageTraceBehavior [ RunTime:0.000865s ]
INFO: [ app_end ] --END-- [ RunTime:0.000904s ]

[ 2016-05-16T15:13:48+08:00 ] 127.0.0.1 /ceshi/yuzuo/index.php/Admin/Ddguanli/index/
INFO: [ app_init ] --START--
INFO: Run Behavior\BuildLiteBehavior [ RunTime:0.000011s ]
INFO: [ app_init ] --END-- [ RunTime:0.000456s ]
INFO: [ app_begin ] --START--
INFO: Run Behavior\ReadHtmlCacheBehavior [ RunTime:0.000662s ]
INFO: [ app_begin ] --END-- [ RunTime:0.000698s ]
INFO: [ view_parse ] --START--
INFO: [ template_filter ] --START--
INFO: Run Behavior\ContentReplaceBehavior [ RunTime:0.000028s ]
INFO: [ template_filter ] --END-- [ RunTime:0.000064s ]
INFO: Run Behavior\ParseTemplateBehavior [ RunTime:0.004987s ]
INFO: [ view_parse ] --END-- [ RunTime:0.005025s ]
INFO: [ view_filter ] --START--
INFO: Run Behavior\WriteHtmlCacheBehavior [ RunTime:0.000499s ]
INFO: [ view_filter ] --END-- [ RunTime:0.000528s ]
INFO: [ app_end ] --START--
INFO: Run Behavior\ShowPageTraceBehavior [ RunTime:0.000711s ]
INFO: [ app_end ] --END-- [ RunTime:0.000752s ]

[ 2016-05-16T16:35:47+08:00 ] 127.0.0.1 /ceshi/yuzuo/index.php/Admin/index
INFO: [ app_init ] --START--
INFO: Run Behavior\BuildLiteBehavior [ RunTime:0.000012s ]
INFO: [ app_init ] --END-- [ RunTime:0.000457s ]
INFO: [ app_begin ] --START--
INFO: Run Behavior\ReadHtmlCacheBehavior [ RunTime:0.000748s ]
INFO: [ app_begin ] --END-- [ RunTime:0.000827s ]
INFO: [ view_parse ] --START--
INFO: [ template_filter ] --START--
INFO: Run Behavior\ContentReplaceBehavior [ RunTime:0.000024s ]
INFO: [ template_filter ] --END-- [ RunTime:0.000056s ]
INFO: Run Behavior\ParseTemplateBehavior [ RunTime:0.005097s ]
INFO: [ view_parse ] --END-- [ RunTime:0.005156s ]
INFO: [ view_filter ] --START--
INFO: Run Behavior\WriteHtmlCacheBehavior [ RunTime:0.000807s ]
INFO: [ view_filter ] --END-- [ RunTime:0.000857s ]
INFO: [ app_end ] --START--
INFO: Run Behavior\ShowPageTraceBehavior [ RunTime:0.000694s ]
INFO: [ app_end ] --END-- [ RunTime:0.000726s ]

[ 2016-05-16T16:35:48+08:00 ] 127.0.0.1 /ceshi/yuzuo/index.php/Admin/ddguanli/index
INFO: [ app_init ] --START--
INFO: Run Behavior\BuildLiteBehavior [ RunTime:0.000012s ]
INFO: [ app_init ] --END-- [ RunTime:0.000387s ]
INFO: [ app_begin ] --START--
INFO: Run Behavior\ReadHtmlCacheBehavior [ RunTime:0.000604s ]
INFO: [ app_begin ] --END-- [ RunTime:0.000645s ]
INFO: [ view_parse ] --START--
INFO: [ template_filter ] --START--
INFO: Run Behavior\ContentReplaceBehavior [ RunTime:0.000034s ]
INFO: [ template_filter ] --END-- [ RunTime:0.000088s ]
INFO: Run Behavior\ParseTemplateBehavior [ RunTime:0.004990s ]
INFO: [ view_parse ] --END-- [ RunTime:0.005051s ]
INFO: [ view_filter ] --START--
INFO: Run Behavior\WriteHtmlCacheBehavior [ RunTime:0.000798s ]
INFO: [ view_filter ] --END-- [ RunTime:0.000841s ]
INFO: [ app_end ] --START--
INFO: Run Behavior\ShowPageTraceBehavior [ RunTime:0.001755s ]
INFO: [ app_end ] --END-- [ RunTime:0.001864s ]

[ 2016-05-16T16:35:49+08:00 ] 127.0.0.1 /ceshi/yuzuo/index.php/Admin/Ddguanli/ddzt/id/0
INFO: [ app_init ] --START--
INFO: Run Behavior\BuildLiteBehavior [ RunTime:0.000019s ]
INFO: [ app_init ] --END-- [ RunTime:0.000449s ]
INFO: [ app_begin ] --START--
INFO: Run Behavior\ReadHtmlCacheBehavior [ RunTime:0.000660s ]
INFO: [ app_begin ] --END-- [ RunTime:0.000696s ]
SQL: SHOW COLUMNS FROM `goods` [ RunTime:0.0020s ]
SQL: SELECT * FROM `goods` INNER JOIN maintenance_ways on goods.ways_id=maintenance_ways.ways_id INNER JOIN wxzx on goods.wxzx_id=wxzx.wxzx_id  WHERE ( stau='0' )  [ RunTime:0.0006s ]
SQL: SHOW COLUMNS FROM `m_user` [ RunTime:0.0015s ]
SQL: SELECT * FROM `m_user` WHERE ( user_id='0' ) LIMIT 1   [ RunTime:0.0007s ]
INFO: [ view_parse ] --START--
INFO: [ template_filter ] --START--
INFO: Run Behavior\ContentReplaceBehavior [ RunTime:0.000026s ]
INFO: [ template_filter ] --END-- [ RunTime:0.000065s ]
NOTIC: [8] Undefined variable: v F:\web\apache\htdocs\ceshi\yuzuo\Application\Runtime\Cache\Admin\cbfc2edf53ddb5550293de6cc77a4a3b.php 第 31 行.
INFO: Run Behavior\ParseTemplateBehavior [ RunTime:0.006788s ]
INFO: [ view_parse ] --END-- [ RunTime:0.006822s ]
INFO: [ view_filter ] --START--
INFO: Run Behavior\WriteHtmlCacheBehavior [ RunTime:0.000387s ]
INFO: [ view_filter ] --END-- [ RunTime:0.000415s ]
INFO: [ app_end ] --START--
INFO: Run Behavior\ShowPageTraceBehavior [ RunTime:0.000592s ]
INFO: [ app_end ] --END-- [ RunTime:0.000622s ]

[ 2016-05-16T16:35:51+08:00 ] 127.0.0.1 /ceshi/yuzuo/index.php/Admin/Ddguanli/wxuser
INFO: [ app_init ] --START--
INFO: Run Behavior\BuildLiteBehavior [ RunTime:0.000012s ]
INFO: [ app_init ] --END-- [ RunTime:0.000370s ]
INFO: [ app_begin ] --START--
INFO: Run Behavior\ReadHtmlCacheBehavior [ RunTime:0.000584s ]
INFO: [ app_begin ] --END-- [ RunTime:0.000623s ]
SQL: SHOW COLUMNS FROM `goods` [ RunTime:0.0031s ]
SQL: SELECT * FROM `goods` INNER JOIN maintenance_ways on goods.ways_id=maintenance_ways.ways_id INNER JOIN wxzx on goods.wxzx_id=wxzx.wxzx_id  WHERE ( id='2' )  [ RunTime:0.0010s ]
SQL: SHOW COLUMNS FROM `m_user` [ RunTime:0.0016s ]
SQL: SELECT * FROM `m_user` WHERE ( wxzx_id='7' )  [ RunTime:0.0007s ]
INFO: [ view_parse ] --START--
INFO: [ template_filter ] --START--
INFO: Run Behavior\ContentReplaceBehavior [ RunTime:0.000027s ]
INFO: [ template_filter ] --END-- [ RunTime:0.000063s ]
NOTIC: [8] Undefined index: user_username F:\web\apache\htdocs\ceshi\yuzuo\Application\Runtime\Cache\Admin\afcc9a314b13f6511db0a3c8e33cc3fc.php 第 31 行.
INFO: Run Behavior\ParseTemplateBehavior [ RunTime:0.007032s ]
INFO: [ view_parse ] --END-- [ RunTime:0.007093s ]
INFO: [ view_filter ] --START--
INFO: Run Behavior\WriteHtmlCacheBehavior [ RunTime:0.000474s ]
INFO: [ view_filter ] --END-- [ RunTime:0.000502s ]
INFO: [ app_end ] --START--
INFO: Run Behavior\ShowPageTraceBehavior [ RunTime:0.000706s ]
INFO: [ app_end ] --END-- [ RunTime:0.000742s ]

[ 2016-05-16T16:35:53+08:00 ] 127.0.0.1 /ceshi/yuzuo/index.php/Admin/Ddguanli/save1/id/2/
INFO: [ app_init ] --START--
INFO: Run Behavior\BuildLiteBehavior [ RunTime:0.000013s ]
INFO: [ app_init ] --END-- [ RunTime:0.000406s ]
INFO: [ app_begin ] --START--
INFO: Run Behavior\ReadHtmlCacheBehavior [ RunTime:0.000613s ]
INFO: [ app_begin ] --END-- [ RunTime:0.000658s ]
SQL: SHOW COLUMNS FROM `goods` [ RunTime:0.0020s ]
SQL: UPDATE `goods` SET `user_id`='3',`stau`='1' WHERE ( id='2' ) [ RunTime:0.2144s ]
SQL: SHOW COLUMNS FROM `zt_time` [ RunTime:0.0060s ]
SQL: UPDATE `zt_time` SET `po_time`='2016-05-16 16:35:53' WHERE ( goods_id='2' ) [ RunTime:0.0394s ]
INFO: [ app_end ] --START--
INFO: Run Behavior\ShowPageTraceBehavior [ RunTime:0.002232s ]
INFO: [ app_end ] --END-- [ RunTime:0.002410s ]

[ 2016-05-16T16:35:53+08:00 ] 127.0.0.1 /ceshi/yuzuo/index.php/Admin/Ddguanli/index/
INFO: [ app_init ] --START--
INFO: Run Behavior\BuildLiteBehavior [ RunTime:0.000023s ]
INFO: [ app_init ] --END-- [ RunTime:0.000815s ]
INFO: [ app_begin ] --START--
INFO: Run Behavior\ReadHtmlCacheBehavior [ RunTime:0.001346s ]
INFO: [ app_begin ] --END-- [ RunTime:0.001452s ]
INFO: [ view_parse ] --START--
INFO: [ template_filter ] --START--
INFO: Run Behavior\ContentReplaceBehavior [ RunTime:0.000053s ]
INFO: [ template_filter ] --END-- [ RunTime:0.000123s ]
INFO: Run Behavior\ParseTemplateBehavior [ RunTime:0.009546s ]
INFO: [ view_parse ] --END-- [ RunTime:0.009622s ]
INFO: [ view_filter ] --START--
INFO: Run Behavior\WriteHtmlCacheBehavior [ RunTime:0.000829s ]
INFO: [ view_filter ] --END-- [ RunTime:0.000888s ]
INFO: [ app_end ] --START--
INFO: Run Behavior\ShowPageTraceBehavior [ RunTime:0.001263s ]
INFO: [ app_end ] --END-- [ RunTime:0.001328s ]

[ 2016-05-16T17:00:40+08:00 ] 127.0.0.1 /ceshi/yuzuo/index.php/Admin/Ddguanli/ddzt/id/0
INFO: [ app_init ] --START--
INFO: Run Behavior\BuildLiteBehavior [ RunTime:0.000014s ]
INFO: [ app_init ] --END-- [ RunTime:0.000399s ]
INFO: [ app_begin ] --START--
INFO: Run Behavior\ReadHtmlCacheBehavior [ RunTime:0.000808s ]
INFO: [ app_begin ] --END-- [ RunTime:0.000848s ]
SQL: SHOW COLUMNS FROM `goods` [ RunTime:0.0026s ]
SQL: SELECT * FROM `goods` INNER JOIN maintenance_ways on goods.ways_id=maintenance_ways.ways_id INNER JOIN wxzx on goods.wxzx_id=wxzx.wxzx_id  WHERE ( stau='0' )  [ RunTime:0.0008s ]
SQL: SHOW COLUMNS FROM `m_user` [ RunTime:0.0022s ]
SQL: SELECT * FROM `m_user` WHERE ( user_id='0' ) LIMIT 1   [ RunTime:0.0007s ]
INFO: [ view_parse ] --START--
INFO: [ template_filter ] --START--
INFO: Run Behavior\ContentReplaceBehavior [ RunTime:0.000026s ]
INFO: [ template_filter ] --END-- [ RunTime:0.000064s ]
NOTIC: [8] Undefined variable: v F:\web\apache\htdocs\ceshi\yuzuo\Application\Runtime\Cache\Admin\cbfc2edf53ddb5550293de6cc77a4a3b.php 第 31 行.
INFO: Run Behavior\ParseTemplateBehavior [ RunTime:0.006139s ]
INFO: [ view_parse ] --END-- [ RunTime:0.006194s ]
INFO: [ view_filter ] --START--
INFO: Run Behavior\WriteHtmlCacheBehavior [ RunTime:0.000441s ]
INFO: [ view_filter ] --END-- [ RunTime:0.000471s ]
INFO: [ app_end ] --START--
INFO: Run Behavior\ShowPageTraceBehavior [ RunTime:0.000594s ]
INFO: [ app_end ] --END-- [ RunTime:0.000627s ]

[ 2016-05-16T17:00:41+08:00 ] 127.0.0.1 /ceshi/yuzuo/index.php/Admin/Ddguanli/wxuser
INFO: [ app_init ] --START--
INFO: Run Behavior\BuildLiteBehavior [ RunTime:0.000021s ]
INFO: [ app_init ] --END-- [ RunTime:0.000756s ]
INFO: [ app_begin ] --START--
INFO: Run Behavior\ReadHtmlCacheBehavior [ RunTime:0.001163s ]
INFO: [ app_begin ] --END-- [ RunTime:0.001239s ]
SQL: SHOW COLUMNS FROM `goods` [ RunTime:0.0022s ]
SQL: SELECT * FROM `goods` INNER JOIN maintenance_ways on goods.ways_id=maintenance_ways.ways_id INNER JOIN wxzx on goods.wxzx_id=wxzx.wxzx_id  WHERE ( id='3' )  [ RunTime:0.0008s ]
SQL: SHOW COLUMNS FROM `m_user` [ RunTime:0.0018s ]
SQL: SELECT * FROM `m_user` WHERE ( wxzx_id='7' )  [ RunTime:0.0007s ]
INFO: [ view_parse ] --START--
INFO: [ template_filter ] --START--
INFO: Run Behavior\ContentReplaceBehavior [ RunTime:0.000028s ]
INFO: [ template_filter ] --END-- [ RunTime:0.000098s ]
NOTIC: [8] Undefined index: user_username F:\web\apache\htdocs\ceshi\yuzuo\Application\Runtime\Cache\Admin\afcc9a314b13f6511db0a3c8e33cc3fc.php 第 31 行.
INFO: Run Behavior\ParseTemplateBehavior [ RunTime:0.007017s ]
INFO: [ view_parse ] --END-- [ RunTime:0.007079s ]
INFO: [ view_filter ] --START--
INFO: Run Behavior\WriteHtmlCacheBehavior [ RunTime:0.000508s ]
INFO: [ view_filter ] --END-- [ RunTime:0.000537s ]
INFO: [ app_end ] --START--
INFO: Run Behavior\ShowPageTraceBehavior [ RunTime:0.000697s ]
INFO: [ app_end ] --END-- [ RunTime:0.000759s ]

[ 2016-05-16T17:00:43+08:00 ] 127.0.0.1 /ceshi/yuzuo/index.php/Admin/Ddguanli/save1/id/3/
INFO: [ app_init ] --START--
INFO: Run Behavior\BuildLiteBehavior [ RunTime:0.000012s ]
INFO: [ app_init ] --END-- [ RunTime:0.000379s ]
INFO: [ app_begin ] --START--
INFO: Run Behavior\ReadHtmlCacheBehavior [ RunTime:0.000721s ]
INFO: [ app_begin ] --END-- [ RunTime:0.000777s ]
SQL: SHOW COLUMNS FROM `goods` [ RunTime:0.0021s ]
SQL: UPDATE `goods` SET `user_id`='3',`stau`='1' WHERE ( id='3' ) [ RunTime:0.0398s ]
SQL: SHOW COLUMNS FROM `zt_time` [ RunTime:0.0023s ]
SQL: UPDATE `zt_time` SET `po_time`='2016-05-16 17:00:43' WHERE ( goods_id='3' ) [ RunTime:0.0504s ]
INFO: [ app_end ] --START--
INFO: Run Behavior\ShowPageTraceBehavior [ RunTime:0.000851s ]
INFO: [ app_end ] --END-- [ RunTime:0.000909s ]

[ 2016-05-16T17:00:43+08:00 ] 127.0.0.1 /ceshi/yuzuo/index.php/Admin/Ddguanli/index/
INFO: [ app_init ] --START--
INFO: Run Behavior\BuildLiteBehavior [ RunTime:0.000012s ]
INFO: [ app_init ] --END-- [ RunTime:0.000435s ]
INFO: [ app_begin ] --START--
INFO: Run Behavior\ReadHtmlCacheBehavior [ RunTime:0.000614s ]
INFO: [ app_begin ] --END-- [ RunTime:0.000649s ]
INFO: [ view_parse ] --START--
INFO: [ template_filter ] --START--
INFO: Run Behavior\ContentReplaceBehavior [ RunTime:0.000029s ]
INFO: [ template_filter ] --END-- [ RunTime:0.000066s ]
INFO: Run Behavior\ParseTemplateBehavior [ RunTime:0.005134s ]
INFO: [ view_parse ] --END-- [ RunTime:0.005202s ]
INFO: [ view_filter ] --START--
INFO: Run Behavior\WriteHtmlCacheBehavior [ RunTime:0.000502s ]
INFO: [ view_filter ] --END-- [ RunTime:0.000531s ]
INFO: [ app_end ] --START--
INFO: Run Behavior\ShowPageTraceBehavior [ RunTime:0.000693s ]
INFO: [ app_end ] --END-- [ RunTime:0.000725s ]

[ 2016-05-16T17:23:11+08:00 ] 127.0.0.1 /ceshi/yuzuo/index.php/Admin/Ddguanli/ddzt/id/0
INFO: [ app_init ] --START--
INFO: Run Behavior\BuildLiteBehavior [ RunTime:0.000013s ]
INFO: [ app_init ] --END-- [ RunTime:0.000903s ]
INFO: [ app_begin ] --START--
INFO: Run Behavior\ReadHtmlCacheBehavior [ RunTime:0.000837s ]
INFO: [ app_begin ] --END-- [ RunTime:0.000877s ]
SQL: SHOW COLUMNS FROM `goods` [ RunTime:0.0021s ]
SQL: SELECT * FROM `goods` INNER JOIN maintenance_ways on goods.ways_id=maintenance_ways.ways_id INNER JOIN wxzx on goods.wxzx_id=wxzx.wxzx_id  WHERE ( stau='0' )  [ RunTime:0.0007s ]
SQL: SHOW COLUMNS FROM `m_user` [ RunTime:0.0016s ]
SQL: SELECT * FROM `m_user` WHERE ( user_id='0' ) LIMIT 1   [ RunTime:0.0006s ]
INFO: [ view_parse ] --START--
INFO: [ template_filter ] --START--
INFO: Run Behavior\ContentReplaceBehavior [ RunTime:0.000027s ]
INFO: [ template_filter ] --END-- [ RunTime:0.000069s ]
NOTIC: [8] Undefined variable: v F:\web\apache\htdocs\ceshi\yuzuo\Application\Runtime\Cache\Admin\cbfc2edf53ddb5550293de6cc77a4a3b.php 第 31 行.
INFO: Run Behavior\ParseTemplateBehavior [ RunTime:0.007450s ]
INFO: [ view_parse ] --END-- [ RunTime:0.007554s ]
INFO: [ view_filter ] --START--
INFO: Run Behavior\WriteHtmlCacheBehavior [ RunTime:0.000940s ]
INFO: [ view_filter ] --END-- [ RunTime:0.001000s ]
INFO: [ app_end ] --START--
INFO: Run Behavior\ShowPageTraceBehavior [ RunTime:0.000766s ]
INFO: [ app_end ] --END-- [ RunTime:0.000799s ]

[ 2016-05-16T17:23:12+08:00 ] 127.0.0.1 /ceshi/yuzuo/index.php/Admin/Ddguanli/wxuser
INFO: [ app_init ] --START--
INFO: Run Behavior\BuildLiteBehavior [ RunTime:0.000016s ]
INFO: [ app_init ] --END-- [ RunTime:0.000411s ]
INFO: [ app_begin ] --START--
INFO: Run Behavior\ReadHtmlCacheBehavior [ RunTime:0.000642s ]
INFO: [ app_begin ] --END-- [ RunTime:0.000689s ]
SQL: SHOW COLUMNS FROM `goods` [ RunTime:0.0022s ]
SQL: SELECT * FROM `goods` INNER JOIN maintenance_ways on goods.ways_id=maintenance_ways.ways_id INNER JOIN wxzx on goods.wxzx_id=wxzx.wxzx_id  WHERE ( id='4' )  [ RunTime:0.0009s ]
SQL: SHOW COLUMNS FROM `m_user` [ RunTime:0.0017s ]
SQL: SELECT * FROM `m_user` WHERE ( wxzx_id='7' )  [ RunTime:0.0007s ]
INFO: [ view_parse ] --START--
INFO: [ template_filter ] --START--
INFO: Run Behavior\ContentReplaceBehavior [ RunTime:0.000026s ]
INFO: [ template_filter ] --END-- [ RunTime:0.000073s ]
NOTIC: [8] Undefined index: user_username F:\web\apache\htdocs\ceshi\yuzuo\Application\Runtime\Cache\Admin\afcc9a314b13f6511db0a3c8e33cc3fc.php 第 31 行.
INFO: Run Behavior\ParseTemplateBehavior [ RunTime:0.007018s ]
INFO: [ view_parse ] --END-- [ RunTime:0.007057s ]
INFO: [ view_filter ] --START--
INFO: Run Behavior\WriteHtmlCacheBehavior [ RunTime:0.000482s ]
INFO: [ view_filter ] --END-- [ RunTime:0.000512s ]
INFO: [ app_end ] --START--
INFO: Run Behavior\ShowPageTraceBehavior [ RunTime:0.000704s ]
INFO: [ app_end ] --END-- [ RunTime:0.000745s ]

[ 2016-05-16T17:23:14+08:00 ] 127.0.0.1 /ceshi/yuzuo/index.php/Admin/Ddguanli/save1/id/4/
INFO: [ app_init ] --START--
INFO: Run Behavior\BuildLiteBehavior [ RunTime:0.000011s ]
INFO: [ app_init ] --END-- [ RunTime:0.000385s ]
INFO: [ app_begin ] --START--
INFO: Run Behavior\ReadHtmlCacheBehavior [ RunTime:0.000659s ]
INFO: [ app_begin ] --END-- [ RunTime:0.000707s ]
SQL: SHOW COLUMNS FROM `goods` [ RunTime:0.0022s ]
SQL: UPDATE `goods` SET `user_id`='3',`stau`='1' WHERE ( id='4' ) [ RunTime:0.0599s ]
SQL: SHOW COLUMNS FROM `zt_time` [ RunTime:0.0078s ]
SQL: UPDATE `zt_time` SET `po_time`='2016-05-16 17:23:14' WHERE ( goods_id='4' ) [ RunTime:0.0384s ]
INFO: [ app_end ] --START--
INFO: Run Behavior\ShowPageTraceBehavior [ RunTime:0.002587s ]
INFO: [ app_end ] --END-- [ RunTime:0.002725s ]

[ 2016-05-16T17:23:14+08:00 ] 127.0.0.1 /ceshi/yuzuo/index.php/Admin/Ddguanli/index/
INFO: [ app_init ] --START--
INFO: Run Behavior\BuildLiteBehavior [ RunTime:0.000026s ]
INFO: [ app_init ] --END-- [ RunTime:0.000849s ]
INFO: [ app_begin ] --START--
INFO: Run Behavior\ReadHtmlCacheBehavior [ RunTime:0.001451s ]
INFO: [ app_begin ] --END-- [ RunTime:0.001537s ]
INFO: [ view_parse ] --START--
INFO: [ template_filter ] --START--
INFO: Run Behavior\ContentReplaceBehavior [ RunTime:0.000062s ]
INFO: [ template_filter ] --END-- [ RunTime:0.000147s ]
INFO: Run Behavior\ParseTemplateBehavior [ RunTime:0.010869s ]
INFO: [ view_parse ] --END-- [ RunTime:0.010946s ]
INFO: [ view_filter ] --START--
INFO: Run Behavior\WriteHtmlCacheBehavior [ RunTime:0.000649s ]
INFO: [ view_filter ] --END-- [ RunTime:0.000701s ]
INFO: [ app_end ] --START--
INFO: Run Behavior\ShowPageTraceBehavior [ RunTime:0.001434s ]
INFO: [ app_end ] --END-- [ RunTime:0.001563s ]

[ 2016-05-16T17:23:16+08:00 ] 127.0.0.1 /ceshi/yuzuo/index.php/Admin/Ddguanli/ddzt/id/1
INFO: [ app_init ] --START--
INFO: Run Behavior\BuildLiteBehavior [ RunTime:0.000010s ]
INFO: [ app_init ] --END-- [ RunTime:0.000381s ]
INFO: [ app_begin ] --START--
INFO: Run Behavior\ReadHtmlCacheBehavior [ RunTime:0.000602s ]
INFO: [ app_begin ] --END-- [ RunTime:0.000636s ]
SQL: SHOW COLUMNS FROM `goods` [ RunTime:0.0026s ]
SQL: SELECT * FROM `goods` INNER JOIN maintenance_ways on goods.ways_id=maintenance_ways.ways_id INNER JOIN wxzx on goods.wxzx_id=wxzx.wxzx_id  WHERE ( stau='1' )  [ RunTime:0.0006s ]
SQL: SHOW COLUMNS FROM `m_user` [ RunTime:0.0016s ]
SQL: SELECT * FROM `m_user` WHERE ( user_id='3' ) LIMIT 1   [ RunTime:0.0006s ]
NOTIC: [8] Undefined variable: r F:\web\apache\htdocs\ceshi\yuzuo\Application\Admin\Controller\DdguanliController.class.php 第 42 行.
INFO: [ view_parse ] --START--
INFO: [ template_filter ] --START--
INFO: Run Behavior\ContentReplaceBehavior [ RunTime:0.000026s ]
INFO: [ template_filter ] --END-- [ RunTime:0.000067s ]
NOTIC: [8] Undefined variable: v F:\web\apache\htdocs\ceshi\yuzuo\Application\Runtime\Cache\Admin\cbfc2edf53ddb5550293de6cc77a4a3b.php 第 31 行.
INFO: Run Behavior\ParseTemplateBehavior [ RunTime:0.006715s ]
INFO: [ view_parse ] --END-- [ RunTime:0.006793s ]
INFO: [ view_filter ] --START--
INFO: Run Behavior\WriteHtmlCacheBehavior [ RunTime:0.000615s ]
INFO: [ view_filter ] --END-- [ RunTime:0.000655s ]
INFO: [ app_end ] --START--
INFO: Run Behavior\ShowPageTraceBehavior [ RunTime:0.000612s ]
INFO: [ app_end ] --END-- [ RunTime:0.000644s ]

[ 2016-05-16T17:27:03+08:00 ] 127.0.0.1 /ceshi/yuzuo/index.php/Admin/index
INFO: [ app_init ] --START--
INFO: Run Behavior\BuildLiteBehavior [ RunTime:0.000013s ]
INFO: [ app_init ] --END-- [ RunTime:0.000521s ]
INFO: [ app_begin ] --START--
INFO: Run Behavior\ReadHtmlCacheBehavior [ RunTime:0.000641s ]
INFO: [ app_begin ] --END-- [ RunTime:0.000680s ]
INFO: [ view_parse ] --START--
INFO: [ template_filter ] --START--
INFO: Run Behavior\ContentReplaceBehavior [ RunTime:0.000048s ]
INFO: [ template_filter ] --END-- [ RunTime:0.000127s ]
INFO: Run Behavior\ParseTemplateBehavior [ RunTime:0.005769s ]
INFO: [ view_parse ] --END-- [ RunTime:0.005813s ]
INFO: [ view_filter ] --START--
INFO: Run Behavior\WriteHtmlCacheBehavior [ RunTime:0.000457s ]
INFO: [ view_filter ] --END-- [ RunTime:0.000486s ]
INFO: [ app_end ] --START--
INFO: Run Behavior\ShowPageTraceBehavior [ RunTime:0.000673s ]
INFO: [ app_end ] --END-- [ RunTime:0.000703s ]

[ 2016-05-16T17:27:04+08:00 ] 127.0.0.1 /ceshi/yuzuo/index.php/Admin/ddguanli/index
INFO: [ app_init ] --START--
INFO: Run Behavior\BuildLiteBehavior [ RunTime:0.000012s ]
INFO: [ app_init ] --END-- [ RunTime:0.000503s ]
INFO: [ app_begin ] --START--
INFO: Run Behavior\ReadHtmlCacheBehavior [ RunTime:0.000826s ]
INFO: [ app_begin ] --END-- [ RunTime:0.000928s ]
INFO: [ view_parse ] --START--
INFO: [ template_filter ] --START--
INFO: Run Behavior\ContentReplaceBehavior [ RunTime:0.000033s ]
INFO: [ template_filter ] --END-- [ RunTime:0.000077s ]
INFO: Run Behavior\ParseTemplateBehavior [ RunTime:0.005231s ]
INFO: [ view_parse ] --END-- [ RunTime:0.005269s ]
INFO: [ view_filter ] --START--
INFO: Run Behavior\WriteHtmlCacheBehavior [ RunTime:0.000368s ]
INFO: [ view_filter ] --END-- [ RunTime:0.000396s ]
INFO: [ app_end ] --START--
INFO: Run Behavior\ShowPageTraceBehavior [ RunTime:0.000597s ]
INFO: [ app_end ] --END-- [ RunTime:0.000633s ]

[ 2016-05-16T17:27:05+08:00 ] 127.0.0.1 /ceshi/yuzuo/index.php/Admin/Ddguanli/ddzt/id/0
INFO: [ app_init ] --START--
INFO: Run Behavior\BuildLiteBehavior [ RunTime:0.000010s ]
INFO: [ app_init ] --END-- [ RunTime:0.000355s ]
INFO: [ app_begin ] --START--
INFO: Run Behavior\ReadHtmlCacheBehavior [ RunTime:0.000609s ]
INFO: [ app_begin ] --END-- [ RunTime:0.000651s ]
SQL: SHOW COLUMNS FROM `goods` [ RunTime:0.0022s ]
SQL: SELECT * FROM `goods` INNER JOIN maintenance_ways on goods.ways_id=maintenance_ways.ways_id INNER JOIN wxzx on goods.wxzx_id=wxzx.wxzx_id  WHERE ( stau='0' )  [ RunTime:0.0008s ]
SQL: SHOW COLUMNS FROM `m_user` [ RunTime:0.0017s ]
SQL: SELECT * FROM `m_user` WHERE ( user_id='0' ) LIMIT 1   [ RunTime:0.0007s ]
INFO: [ view_parse ] --START--
INFO: [ template_filter ] --START--
INFO: Run Behavior\ContentReplaceBehavior [ RunTime:0.000026s ]
INFO: [ template_filter ] --END-- [ RunTime:0.000092s ]
NOTIC: [8] Undefined variable: v F:\web\apache\htdocs\ceshi\yuzuo\Application\Runtime\Cache\Admin\cbfc2edf53ddb5550293de6cc77a4a3b.php 第 31 行.
INFO: Run Behavior\ParseTemplateBehavior [ RunTime:0.006843s ]
INFO: [ view_parse ] --END-- [ RunTime:0.006877s ]
INFO: [ view_filter ] --START--
INFO: Run Behavior\WriteHtmlCacheBehavior [ RunTime:0.000528s ]
INFO: [ view_filter ] --END-- [ RunTime:0.000557s ]
INFO: [ app_end ] --START--
INFO: Run Behavior\ShowPageTraceBehavior [ RunTime:0.000713s ]
INFO: [ app_end ] --END-- [ RunTime:0.000743s ]

[ 2016-05-16T17:27:06+08:00 ] 127.0.0.1 /ceshi/yuzuo/index.php/Admin/Ddguanli/wxuser
INFO: [ app_init ] --START--
INFO: Run Behavior\BuildLiteBehavior [ RunTime:0.000013s ]
INFO: [ app_init ] --END-- [ RunTime:0.000386s ]
INFO: [ app_begin ] --START--
INFO: Run Behavior\ReadHtmlCacheBehavior [ RunTime:0.000634s ]
INFO: [ app_begin ] --END-- [ RunTime:0.000683s ]
SQL: SHOW COLUMNS FROM `goods` [ RunTime:0.0022s ]
SQL: SELECT * FROM `goods` INNER JOIN maintenance_ways on goods.ways_id=maintenance_ways.ways_id INNER JOIN wxzx on goods.wxzx_id=wxzx.wxzx_id  WHERE ( id='5' )  [ RunTime:0.0007s ]
SQL: SHOW COLUMNS FROM `m_user` [ RunTime:0.0015s ]
SQL: SELECT * FROM `m_user` WHERE ( wxzx_id='7' )  [ RunTime:0.0006s ]
INFO: [ view_parse ] --START--
INFO: [ template_filter ] --START--
INFO: Run Behavior\ContentReplaceBehavior [ RunTime:0.000027s ]
INFO: [ template_filter ] --END-- [ RunTime:0.000061s ]
NOTIC: [8] Undefined index: user_username F:\web\apache\htdocs\ceshi\yuzuo\Application\Runtime\Cache\Admin\afcc9a314b13f6511db0a3c8e33cc3fc.php 第 31 行.
INFO: Run Behavior\ParseTemplateBehavior [ RunTime:0.006824s ]
INFO: [ view_parse ] --END-- [ RunTime:0.006862s ]
INFO: [ view_filter ] --START--
INFO: Run Behavior\WriteHtmlCacheBehavior [ RunTime:0.000472s ]
INFO: [ view_filter ] --END-- [ RunTime:0.000502s ]
INFO: [ app_end ] --START--
INFO: Run Behavior\ShowPageTraceBehavior [ RunTime:0.000757s ]
INFO: [ app_end ] --END-- [ RunTime:0.000817s ]

[ 2016-05-16T17:27:08+08:00 ] 127.0.0.1 /ceshi/yuzuo/index.php/Admin/Ddguanli/save1/id/5/
INFO: [ app_init ] --START--
INFO: Run Behavior\BuildLiteBehavior [ RunTime:0.000013s ]
INFO: [ app_init ] --END-- [ RunTime:0.000396s ]
INFO: [ app_begin ] --START--
INFO: Run Behavior\ReadHtmlCacheBehavior [ RunTime:0.000648s ]
INFO: [ app_begin ] --END-- [ RunTime:0.000709s ]
SQL: SHOW COLUMNS FROM `goods` [ RunTime:0.0022s ]
SQL: UPDATE `goods` SET `user_id`='3',`stau`='1' WHERE ( id='5' ) [ RunTime:0.0608s ]
SQL: SHOW COLUMNS FROM `zt_time` [ RunTime:0.0068s ]
SQL: UPDATE `zt_time` SET `po_time`='2016-05-16 17:27:08' WHERE ( goods_id='5' ) [ RunTime:0.0281s ]
INFO: [ app_end ] --START--
INFO: Run Behavior\ShowPageTraceBehavior [ RunTime:0.002634s ]
INFO: [ app_end ] --END-- [ RunTime:0.002771s ]

[ 2016-05-16T17:27:08+08:00 ] 127.0.0.1 /ceshi/yuzuo/index.php/Admin/Ddguanli/index/
INFO: [ app_init ] --START--
INFO: Run Behavior\BuildLiteBehavior [ RunTime:0.000031s ]
INFO: [ app_init ] --END-- [ RunTime:0.001151s ]
INFO: [ app_begin ] --START--
INFO: Run Behavior\ReadHtmlCacheBehavior [ RunTime:0.001520s ]
INFO: [ app_begin ] --END-- [ RunTime:0.001632s ]
INFO: [ view_parse ] --START--
INFO: [ template_filter ] --START--
INFO: Run Behavior\ContentReplaceBehavior [ RunTime:0.000064s ]
INFO: [ template_filter ] --END-- [ RunTime:0.000157s ]
INFO: Run Behavior\ParseTemplateBehavior [ RunTime:0.011429s ]
INFO: [ view_parse ] --END-- [ RunTime:0.011519s ]
INFO: [ view_filter ] --START--
INFO: Run Behavior\WriteHtmlCacheBehavior [ RunTime:0.001014s ]
INFO: [ view_filter ] --END-- [ RunTime:0.001083s ]
INFO: [ app_end ] --START--
INFO: Run Behavior\ShowPageTraceBehavior [ RunTime:0.001634s ]
INFO: [ app_end ] --END-- [ RunTime:0.001733s ]

[ 2016-05-16T17:27:11+08:00 ] 127.0.0.1 /ceshi/yuzuo/index.php/Admin/index/index
INFO: [ app_init ] --START--
INFO: Run Behavior\BuildLiteBehavior [ RunTime:0.000013s ]
INFO: [ app_init ] --END-- [ RunTime:0.000401s ]
INFO: [ app_begin ] --START--
INFO: Run Behavior\ReadHtmlCacheBehavior [ RunTime:0.001004s ]
INFO: [ app_begin ] --END-- [ RunTime:0.001091s ]
INFO: [ view_parse ] --START--
INFO: [ template_filter ] --START--
INFO: Run Behavior\ContentReplaceBehavior [ RunTime:0.000027s ]
INFO: [ template_filter ] --END-- [ RunTime:0.000065s ]
INFO: Run Behavior\ParseTemplateBehavior [ RunTime:0.005468s ]
INFO: [ view_parse ] --END-- [ RunTime:0.005546s ]
INFO: [ view_filter ] --START--
INFO: Run Behavior\WriteHtmlCacheBehavior [ RunTime:0.000379s ]
INFO: [ view_filter ] --END-- [ RunTime:0.000407s ]
INFO: [ app_end ] --START--
INFO: Run Behavior\ShowPageTraceBehavior [ RunTime:0.000611s ]
INFO: [ app_end ] --END-- [ RunTime:0.000648s ]

[ 2016-05-16T17:38:27+08:00 ] 127.0.0.1 /ceshi/yuzuo/index.php/Admin/index
INFO: [ app_init ] --START--
INFO: Run Behavior\BuildLiteBehavior [ RunTime:0.000013s ]
INFO: [ app_init ] --END-- [ RunTime:0.000478s ]
INFO: [ app_begin ] --START--
INFO: Run Behavior\ReadHtmlCacheBehavior [ RunTime:0.000715s ]
INFO: [ app_begin ] --END-- [ RunTime:0.000755s ]
INFO: [ view_parse ] --START--
INFO: [ template_filter ] --START--
INFO: Run Behavior\ContentReplaceBehavior [ RunTime:0.000025s ]
INFO: [ template_filter ] --END-- [ RunTime:0.000056s ]
INFO: Run Behavior\ParseTemplateBehavior [ RunTime:0.005360s ]
INFO: [ view_parse ] --END-- [ RunTime:0.005424s ]
INFO: [ view_filter ] --START--
INFO: Run Behavior\WriteHtmlCacheBehavior [ RunTime:0.000463s ]
INFO: [ view_filter ] --END-- [ RunTime:0.000492s ]
INFO: [ app_end ] --START--
INFO: Run Behavior\ShowPageTraceBehavior [ RunTime:0.000696s ]
INFO: [ app_end ] --END-- [ RunTime:0.000726s ]

[ 2016-05-16T17:38:28+08:00 ] 127.0.0.1 /ceshi/yuzuo/index.php/Admin/ddguanli/index
INFO: [ app_init ] --START--
INFO: Run Behavior\BuildLiteBehavior [ RunTime:0.000013s ]
INFO: [ app_init ] --END-- [ RunTime:0.000397s ]
INFO: [ app_begin ] --START--
INFO: Run Behavior\ReadHtmlCacheBehavior [ RunTime:0.000667s ]
INFO: [ app_begin ] --END-- [ RunTime:0.000730s ]
INFO: [ view_parse ] --START--
INFO: [ template_filter ] --START--
INFO: Run Behavior\ContentReplaceBehavior [ RunTime:0.000029s ]
INFO: [ template_filter ] --END-- [ RunTime:0.000068s ]
INFO: Run Behavior\ParseTemplateBehavior [ RunTime:0.005601s ]
INFO: [ view_parse ] --END-- [ RunTime:0.005652s ]
INFO: [ view_filter ] --START--
INFO: Run Behavior\WriteHtmlCacheBehavior [ RunTime:0.000442s ]
INFO: [ view_filter ] --END-- [ RunTime:0.000470s ]
INFO: [ app_end ] --START--
INFO: Run Behavior\ShowPageTraceBehavior [ RunTime:0.000651s ]
INFO: [ app_end ] --END-- [ RunTime:0.000682s ]

[ 2016-05-16T17:38:29+08:00 ] 127.0.0.1 /ceshi/yuzuo/index.php/Admin/Ddguanli/ddzt/id/0
INFO: [ app_init ] --START--
INFO: Run Behavior\BuildLiteBehavior [ RunTime:0.000010s ]
INFO: [ app_init ] --END-- [ RunTime:0.000371s ]
INFO: [ app_begin ] --START--
INFO: Run Behavior\ReadHtmlCacheBehavior [ RunTime:0.000598s ]
INFO: [ app_begin ] --END-- [ RunTime:0.000639s ]
SQL: SHOW COLUMNS FROM `goods` [ RunTime:0.0022s ]
SQL: SELECT * FROM `goods` INNER JOIN maintenance_ways on goods.ways_id=maintenance_ways.ways_id INNER JOIN wxzx on goods.wxzx_id=wxzx.wxzx_id  WHERE ( stau='0' )  [ RunTime:0.0010s ]
SQL: SHOW COLUMNS FROM `m_user` [ RunTime:0.0016s ]
SQL: SELECT * FROM `m_user` WHERE ( user_id='0' ) LIMIT 1   [ RunTime:0.0006s ]
INFO: [ view_parse ] --START--
INFO: [ template_filter ] --START--
INFO: Run Behavior\ContentReplaceBehavior [ RunTime:0.000027s ]
INFO: [ template_filter ] --END-- [ RunTime:0.000065s ]
NOTIC: [8] Undefined variable: v F:\web\apache\htdocs\ceshi\yuzuo\Application\Runtime\Cache\Admin\cbfc2edf53ddb5550293de6cc77a4a3b.php 第 31 行.
NOTIC: [8] Undefined variable: v F:\web\apache\htdocs\ceshi\yuzuo\Application\Runtime\Cache\Admin\cbfc2edf53ddb5550293de6cc77a4a3b.php 第 31 行.
NOTIC: [8] Undefined variable: v F:\web\apache\htdocs\ceshi\yuzuo\Application\Runtime\Cache\Admin\cbfc2edf53ddb5550293de6cc77a4a3b.php 第 31 行.
NOTIC: [8] Undefined variable: v F:\web\apache\htdocs\ceshi\yuzuo\Application\Runtime\Cache\Admin\cbfc2edf53ddb5550293de6cc77a4a3b.php 第 31 行.
NOTIC: [8] Undefined variable: v F:\web\apache\htdocs\ceshi\yuzuo\Application\Runtime\Cache\Admin\cbfc2edf53ddb5550293de6cc77a4a3b.php 第 31 行.
NOTIC: [8] Undefined variable: v F:\web\apache\htdocs\ceshi\yuzuo\Application\Runtime\Cache\Admin\cbfc2edf53ddb5550293de6cc77a4a3b.php 第 31 行.
NOTIC: [8] Undefined variable: v F:\web\apache\htdocs\ceshi\yuzuo\Application\Runtime\Cache\Admin\cbfc2edf53ddb5550293de6cc77a4a3b.php 第 31 行.
NOTIC: [8] Undefined variable: v F:\web\apache\htdocs\ceshi\yuzuo\Application\Runtime\Cache\Admin\cbfc2edf53ddb5550293de6cc77a4a3b.php 第 31 行.
NOTIC: [8] Undefined variable: v F:\web\apache\htdocs\ceshi\yuzuo\Application\Runtime\Cache\Admin\cbfc2edf53ddb5550293de6cc77a4a3b.php 第 31 行.
NOTIC: [8] Undefined variable: v F:\web\apache\htdocs\ceshi\yuzuo\Application\Runtime\Cache\Admin\cbfc2edf53ddb5550293de6cc77a4a3b.php 第 31 行.
NOTIC: [8] Undefined variable: v F:\web\apache\htdocs\ceshi\yuzuo\Application\Runtime\Cache\Admin\cbfc2edf53ddb5550293de6cc77a4a3b.php 第 31 行.
NOTIC: [8] Undefined variable: v F:\web\apache\htdocs\ceshi\yuzuo\Application\Runtime\Cache\Admin\cbfc2edf53ddb5550293de6cc77a4a3b.php 第 31 行.
NOTIC: [8] Undefined variable: v F:\web\apache\htdocs\ceshi\yuzuo\Application\Runtime\Cache\Admin\cbfc2edf53ddb5550293de6cc77a4a3b.php 第 31 行.
INFO: Run Behavior\ParseTemplateBehavior [ RunTime:0.007073s ]
INFO: [ view_parse ] --END-- [ RunTime:0.007109s ]
INFO: [ view_filter ] --START--
INFO: Run Behavior\WriteHtmlCacheBehavior [ RunTime:0.000433s ]
INFO: [ view_filter ] --END-- [ RunTime:0.000470s ]
INFO: [ app_end ] --START--
INFO: Run Behavior\ShowPageTraceBehavior [ RunTime:0.000820s ]
INFO: [ app_end ] --END-- [ RunTime:0.000895s ]

[ 2016-05-16T17:38:32+08:00 ] 127.0.0.1 /ceshi/yuzuo/index.php/Admin/Ddguanli/wxuser
INFO: [ app_init ] --START--
INFO: Run Behavior\BuildLiteBehavior [ RunTime:0.000019s ]
INFO: [ app_init ] --END-- [ RunTime:0.000555s ]
INFO: [ app_begin ] --START--
INFO: Run Behavior\ReadHtmlCacheBehavior [ RunTime:0.001022s ]
INFO: [ app_begin ] --END-- [ RunTime:0.001106s ]
SQL: SHOW COLUMNS FROM `goods` [ RunTime:0.0032s ]
SQL: SELECT * FROM `goods` INNER JOIN maintenance_ways on goods.ways_id=maintenance_ways.ways_id INNER JOIN wxzx on goods.wxzx_id=wxzx.wxzx_id  WHERE ( id='18' )  [ RunTime:0.0011s ]
SQL: SHOW COLUMNS FROM `m_user` [ RunTime:0.0030s ]
SQL: SELECT * FROM `m_user` WHERE ( wxzx_id='7' )  [ RunTime:0.0009s ]
INFO: [ view_parse ] --START--
INFO: [ template_filter ] --START--
INFO: Run Behavior\ContentReplaceBehavior [ RunTime:0.000071s ]
INFO: [ template_filter ] --END-- [ RunTime:0.000176s ]
NOTIC: [8] Undefined index: user_username F:\web\apache\htdocs\ceshi\yuzuo\Application\Runtime\Cache\Admin\afcc9a314b13f6511db0a3c8e33cc3fc.php 第 31 行.
INFO: Run Behavior\ParseTemplateBehavior [ RunTime:0.007312s ]
INFO: [ view_parse ] --END-- [ RunTime:0.007370s ]
INFO: [ view_filter ] --START--
INFO: Run Behavior\WriteHtmlCacheBehavior [ RunTime:0.000419s ]
INFO: [ view_filter ] --END-- [ RunTime:0.000456s ]
INFO: [ app_end ] --START--
INFO: Run Behavior\ShowPageTraceBehavior [ RunTime:0.000654s ]
INFO: [ app_end ] --END-- [ RunTime:0.000692s ]

[ 2016-05-16T17:38:34+08:00 ] 127.0.0.1 /ceshi/yuzuo/index.php/Admin/Ddguanli/save1/id/18/
INFO: [ app_init ] --START--
INFO: Run Behavior\BuildLiteBehavior [ RunTime:0.000014s ]
INFO: [ app_init ] --END-- [ RunTime:0.000411s ]
INFO: [ app_begin ] --START--
INFO: Run Behavior\ReadHtmlCacheBehavior [ RunTime:0.000623s ]
INFO: [ app_begin ] --END-- [ RunTime:0.000678s ]
SQL: SHOW COLUMNS FROM `goods` [ RunTime:0.0023s ]
SQL: UPDATE `goods` SET `user_id`='3',`stau`='1' WHERE ( id='18' ) [ RunTime:0.1677s ]
SQL: SHOW COLUMNS FROM `zt_time` [ RunTime:0.0021s ]
SQL: UPDATE `zt_time` SET `po_time`='2016-05-16 17:38:34' WHERE ( goods_id='18' ) [ RunTime:0.0005s ]
INFO: [ app_end ] --START--
INFO: Run Behavior\ShowPageTraceBehavior [ RunTime:0.000734s ]
INFO: [ app_end ] --END-- [ RunTime:0.000781s ]

[ 2016-05-16T17:38:34+08:00 ] 127.0.0.1 /ceshi/yuzuo/index.php/Admin/Ddguanli/index/
INFO: [ app_init ] --START--
INFO: Run Behavior\BuildLiteBehavior [ RunTime:0.000011s ]
INFO: [ app_init ] --END-- [ RunTime:0.000449s ]
INFO: [ app_begin ] --START--
INFO: Run Behavior\ReadHtmlCacheBehavior [ RunTime:0.000686s ]
INFO: [ app_begin ] --END-- [ RunTime:0.000729s ]
INFO: [ view_parse ] --START--
INFO: [ template_filter ] --START--
INFO: Run Behavior\ContentReplaceBehavior [ RunTime:0.000030s ]
INFO: [ template_filter ] --END-- [ RunTime:0.000074s ]
INFO: Run Behavior\ParseTemplateBehavior [ RunTime:0.005920s ]
INFO: [ view_parse ] --END-- [ RunTime:0.005959s ]
INFO: [ view_filter ] --START--
INFO: Run Behavior\WriteHtmlCacheBehavior [ RunTime:0.000489s ]
INFO: [ view_filter ] --END-- [ RunTime:0.000519s ]
INFO: [ app_end ] --START--
INFO: Run Behavior\ShowPageTraceBehavior [ RunTime:0.000675s ]
INFO: [ app_end ] --END-- [ RunTime:0.000707s ]

[ 2016-05-16T17:38:34+08:00 ] 127.0.0.1 /ceshi/yuzuo/index.php/Admin/Ddguanli/ddzt/id/0
INFO: [ app_init ] --START--
INFO: Run Behavior\BuildLiteBehavior [ RunTime:0.000017s ]
INFO: [ app_init ] --END-- [ RunTime:0.000455s ]
INFO: [ app_begin ] --START--
INFO: Run Behavior\ReadHtmlCacheBehavior [ RunTime:0.000975s ]
INFO: [ app_begin ] --END-- [ RunTime:0.001043s ]
SQL: SHOW COLUMNS FROM `goods` [ RunTime:0.0025s ]
SQL: SELECT * FROM `goods` INNER JOIN maintenance_ways on goods.ways_id=maintenance_ways.ways_id INNER JOIN wxzx on goods.wxzx_id=wxzx.wxzx_id  WHERE ( stau='0' )  [ RunTime:0.0009s ]
SQL: SHOW COLUMNS FROM `m_user` [ RunTime:0.0019s ]
SQL: SELECT * FROM `m_user` WHERE ( user_id='0' ) LIMIT 1   [ RunTime:0.0006s ]
INFO: [ view_parse ] --START--
INFO: [ template_filter ] --START--
INFO: Run Behavior\ContentReplaceBehavior [ RunTime:0.000034s ]
INFO: [ template_filter ] --END-- [ RunTime:0.000110s ]
NOTIC: [8] Undefined variable: v F:\web\apache\htdocs\ceshi\yuzuo\Application\Runtime\Cache\Admin\cbfc2edf53ddb5550293de6cc77a4a3b.php 第 31 行.
NOTIC: [8] Undefined variable: v F:\web\apache\htdocs\ceshi\yuzuo\Application\Runtime\Cache\Admin\cbfc2edf53ddb5550293de6cc77a4a3b.php 第 31 行.
NOTIC: [8] Undefined variable: v F:\web\apache\htdocs\ceshi\yuzuo\Application\Runtime\Cache\Admin\cbfc2edf53ddb5550293de6cc77a4a3b.php 第 31 行.
NOTIC: [8] Undefined variable: v F:\web\apache\htdocs\ceshi\yuzuo\Application\Runtime\Cache\Admin\cbfc2edf53ddb5550293de6cc77a4a3b.php 第 31 行.
NOTIC: [8] Undefined variable: v F:\web\apache\htdocs\ceshi\yuzuo\Application\Runtime\Cache\Admin\cbfc2edf53ddb5550293de6cc77a4a3b.php 第 31 行.
NOTIC: [8] Undefined variable: v F:\web\apache\htdocs\ceshi\yuzuo\Application\Runtime\Cache\Admin\cbfc2edf53ddb5550293de6cc77a4a3b.php 第 31 行.
NOTIC: [8] Undefined variable: v F:\web\apache\htdocs\ceshi\yuzuo\Application\Runtime\Cache\Admin\cbfc2edf53ddb5550293de6cc77a4a3b.php 第 31 行.
NOTIC: [8] Undefined variable: v F:\web\apache\htdocs\ceshi\yuzuo\Application\Runtime\Cache\Admin\cbfc2edf53ddb5550293de6cc77a4a3b.php 第 31 行.
NOTIC: [8] Undefined variable: v F:\web\apache\htdocs\ceshi\yuzuo\Application\Runtime\Cache\Admin\cbfc2edf53ddb5550293de6cc77a4a3b.php 第 31 行.
NOTIC: [8] Undefined variable: v F:\web\apache\htdocs\ceshi\yuzuo\Application\Runtime\Cache\Admin\cbfc2edf53ddb5550293de6cc77a4a3b.php 第 31 行.
NOTIC: [8] Undefined variable: v F:\web\apache\htdocs\ceshi\yuzuo\Application\Runtime\Cache\Admin\cbfc2edf53ddb5550293de6cc77a4a3b.php 第 31 行.
NOTIC: [8] Undefined variable: v F:\web\apache\htdocs\ceshi\yuzuo\Application\Runtime\Cache\Admin\cbfc2edf53ddb5550293de6cc77a4a3b.php 第 31 行.
INFO: Run Behavior\ParseTemplateBehavior [ RunTime:0.008043s ]
INFO: [ view_parse ] --END-- [ RunTime:0.008106s ]
INFO: [ view_filter ] --START--
INFO: Run Behavior\WriteHtmlCacheBehavior [ RunTime:0.000658s ]
INFO: [ view_filter ] --END-- [ RunTime:0.000716s ]
INFO: [ app_end ] --START--
INFO: Run Behavior\ShowPageTraceBehavior [ RunTime:0.000889s ]
INFO: [ app_end ] --END-- [ RunTime:0.000943s ]

[ 2016-05-16T17:38:35+08:00 ] 127.0.0.1 /ceshi/yuzuo/index.php/Admin/Ddguanli/wxuser
INFO: [ app_init ] --START--
INFO: Run Behavior\BuildLiteBehavior [ RunTime:0.000012s ]
INFO: [ app_init ] --END-- [ RunTime:0.000390s ]
INFO: [ app_begin ] --START--
INFO: Run Behavior\ReadHtmlCacheBehavior [ RunTime:0.000668s ]
INFO: [ app_begin ] --END-- [ RunTime:0.000716s ]
SQL: SHOW COLUMNS FROM `goods` [ RunTime:0.0025s ]
SQL: SELECT * FROM `goods` INNER JOIN maintenance_ways on goods.ways_id=maintenance_ways.ways_id INNER JOIN wxzx on goods.wxzx_id=wxzx.wxzx_id  WHERE ( id='17' )  [ RunTime:0.0007s ]
SQL: SHOW COLUMNS FROM `m_user` [ RunTime:0.0016s ]
SQL: SELECT * FROM `m_user` WHERE ( wxzx_id='7' )  [ RunTime:0.0012s ]
INFO: [ view_parse ] --START--
INFO: [ template_filter ] --START--
INFO: Run Behavior\ContentReplaceBehavior [ RunTime:0.000029s ]
INFO: [ template_filter ] --END-- [ RunTime:0.000078s ]
NOTIC: [8] Undefined index: user_username F:\web\apache\htdocs\ceshi\yuzuo\Application\Runtime\Cache\Admin\afcc9a314b13f6511db0a3c8e33cc3fc.php 第 31 行.
INFO: Run Behavior\ParseTemplateBehavior [ RunTime:0.007064s ]
INFO: [ view_parse ] --END-- [ RunTime:0.007103s ]
INFO: [ view_filter ] --START--
INFO: Run Behavior\WriteHtmlCacheBehavior [ RunTime:0.000410s ]
INFO: [ view_filter ] --END-- [ RunTime:0.000439s ]
INFO: [ app_end ] --START--
INFO: Run Behavior\ShowPageTraceBehavior [ RunTime:0.000653s ]
INFO: [ app_end ] --END-- [ RunTime:0.000726s ]

[ 2016-05-16T17:38:37+08:00 ] 127.0.0.1 /ceshi/yuzuo/index.php/Admin/Ddguanli/save1/id/17/
INFO: [ app_init ] --START--
INFO: Run Behavior\BuildLiteBehavior [ RunTime:0.000012s ]
INFO: [ app_init ] --END-- [ RunTime:0.000386s ]
INFO: [ app_begin ] --START--
INFO: Run Behavior\ReadHtmlCacheBehavior [ RunTime:0.000655s ]
INFO: [ app_begin ] --END-- [ RunTime:0.000710s ]
SQL: SHOW COLUMNS FROM `goods` [ RunTime:0.0022s ]
SQL: UPDATE `goods` SET `user_id`='3',`stau`='1' WHERE ( id='17' ) [ RunTime:0.0536s ]
SQL: SHOW COLUMNS FROM `zt_time` [ RunTime:0.0021s ]
SQL: UPDATE `zt_time` SET `po_time`='2016-05-16 17:38:37' WHERE ( goods_id='17' ) [ RunTime:0.0005s ]
INFO: [ app_end ] --START--
INFO: Run Behavior\ShowPageTraceBehavior [ RunTime:0.000786s ]
INFO: [ app_end ] --END-- [ RunTime:0.000824s ]

[ 2016-05-16T17:38:37+08:00 ] 127.0.0.1 /ceshi/yuzuo/index.php/Admin/Ddguanli/index/
INFO: [ app_init ] --START--
INFO: Run Behavior\BuildLiteBehavior [ RunTime:0.000019s ]
INFO: [ app_init ] --END-- [ RunTime:0.000397s ]
INFO: [ app_begin ] --START--
INFO: Run Behavior\ReadHtmlCacheBehavior [ RunTime:0.000622s ]
INFO: [ app_begin ] --END-- [ RunTime:0.000667s ]
INFO: [ view_parse ] --START--
INFO: [ template_filter ] --START--
INFO: Run Behavior\ContentReplaceBehavior [ RunTime:0.000029s ]
INFO: [ template_filter ] --END-- [ RunTime:0.000076s ]
INFO: Run Behavior\ParseTemplateBehavior [ RunTime:0.005236s ]
INFO: [ view_parse ] --END-- [ RunTime:0.005285s ]
INFO: [ view_filter ] --START--
INFO: Run Behavior\WriteHtmlCacheBehavior [ RunTime:0.000406s ]
INFO: [ view_filter ] --END-- [ RunTime:0.000440s ]
INFO: [ app_end ] --START--
INFO: Run Behavior\ShowPageTraceBehavior [ RunTime:0.000646s ]
INFO: [ app_end ] --END-- [ RunTime:0.000681s ]

[ 2016-05-16T17:38:38+08:00 ] 127.0.0.1 /ceshi/yuzuo/index.php/Admin/Ddguanli/ddzt/id/0
INFO: [ app_init ] --START--
INFO: Run Behavior\BuildLiteBehavior [ RunTime:0.000011s ]
INFO: [ app_init ] --END-- [ RunTime:0.000388s ]
INFO: [ app_begin ] --START--
INFO: Run Behavior\ReadHtmlCacheBehavior [ RunTime:0.000600s ]
INFO: [ app_begin ] --END-- [ RunTime:0.000641s ]
SQL: SHOW COLUMNS FROM `goods` [ RunTime:0.0028s ]
SQL: SELECT * FROM `goods` INNER JOIN maintenance_ways on goods.ways_id=maintenance_ways.ways_id INNER JOIN wxzx on goods.wxzx_id=wxzx.wxzx_id  WHERE ( stau='0' )  [ RunTime:0.0009s ]
SQL: SHOW COLUMNS FROM `m_user` [ RunTime:0.0025s ]
SQL: SELECT * FROM `m_user` WHERE ( user_id='0' ) LIMIT 1   [ RunTime:0.0008s ]
INFO: [ view_parse ] --START--
INFO: [ template_filter ] --START--
INFO: Run Behavior\ContentReplaceBehavior [ RunTime:0.000027s ]
INFO: [ template_filter ] --END-- [ RunTime:0.000066s ]
NOTIC: [8] Undefined variable: v F:\web\apache\htdocs\ceshi\yuzuo\Application\Runtime\Cache\Admin\cbfc2edf53ddb5550293de6cc77a4a3b.php 第 31 行.
NOTIC: [8] Undefined variable: v F:\web\apache\htdocs\ceshi\yuzuo\Application\Runtime\Cache\Admin\cbfc2edf53ddb5550293de6cc77a4a3b.php 第 31 行.
NOTIC: [8] Undefined variable: v F:\web\apache\htdocs\ceshi\yuzuo\Application\Runtime\Cache\Admin\cbfc2edf53ddb5550293de6cc77a4a3b.php 第 31 行.
NOTIC: [8] Undefined variable: v F:\web\apache\htdocs\ceshi\yuzuo\Application\Runtime\Cache\Admin\cbfc2edf53ddb5550293de6cc77a4a3b.php 第 31 行.
NOTIC: [8] Undefined variable: v F:\web\apache\htdocs\ceshi\yuzuo\Application\Runtime\Cache\Admin\cbfc2edf53ddb5550293de6cc77a4a3b.php 第 31 行.
NOTIC: [8] Undefined variable: v F:\web\apache\htdocs\ceshi\yuzuo\Application\Runtime\Cache\Admin\cbfc2edf53ddb5550293de6cc77a4a3b.php 第 31 行.
NOTIC: [8] Undefined variable: v F:\web\apache\htdocs\ceshi\yuzuo\Application\Runtime\Cache\Admin\cbfc2edf53ddb5550293de6cc77a4a3b.php 第 31 行.
NOTIC: [8] Undefined variable: v F:\web\apache\htdocs\ceshi\yuzuo\Application\Runtime\Cache\Admin\cbfc2edf53ddb5550293de6cc77a4a3b.php 第 31 行.
NOTIC: [8] Undefined variable: v F:\web\apache\htdocs\ceshi\yuzuo\Application\Runtime\Cache\Admin\cbfc2edf53ddb5550293de6cc77a4a3b.php 第 31 行.
NOTIC: [8] Undefined variable: v F:\web\apache\htdocs\ceshi\yuzuo\Application\Runtime\Cache\Admin\cbfc2edf53ddb5550293de6cc77a4a3b.php 第 31 行.
NOTIC: [8] Undefined variable: v F:\web\apache\htdocs\ceshi\yuzuo\Application\Runtime\Cache\Admin\cbfc2edf53ddb5550293de6cc77a4a3b.php 第 31 行.
INFO: Run Behavior\ParseTemplateBehavior [ RunTime:0.006759s ]
INFO: [ view_parse ] --END-- [ RunTime:0.006828s ]
INFO: [ view_filter ] --START--
INFO: Run Behavior\WriteHtmlCacheBehavior [ RunTime:0.000462s ]
INFO: [ view_filter ] --END-- [ RunTime:0.000500s ]
INFO: [ app_end ] --START--
INFO: Run Behavior\ShowPageTraceBehavior [ RunTime:0.000665s ]
INFO: [ app_end ] --END-- [ RunTime:0.000696s ]

[ 2016-05-16T17:38:39+08:00 ] 127.0.0.1 /ceshi/yuzuo/index.php/Admin/Ddguanli/wxuser
INFO: [ app_init ] --START--
INFO: Run Behavior\BuildLiteBehavior [ RunTime:0.000013s ]
INFO: [ app_init ] --END-- [ RunTime:0.000378s ]
INFO: [ app_begin ] --START--
INFO: Run Behavior\ReadHtmlCacheBehavior [ RunTime:0.000649s ]
INFO: [ app_begin ] --END-- [ RunTime:0.000697s ]
SQL: SHOW COLUMNS FROM `goods` [ RunTime:0.0024s ]
SQL: SELECT * FROM `goods` INNER JOIN maintenance_ways on goods.ways_id=maintenance_ways.ways_id INNER JOIN wxzx on goods.wxzx_id=wxzx.wxzx_id  WHERE ( id='16' )  [ RunTime:0.0007s ]
SQL: SHOW COLUMNS FROM `m_user` [ RunTime:0.0016s ]
SQL: SELECT * FROM `m_user` WHERE ( wxzx_id='7' )  [ RunTime:0.0007s ]
INFO: [ view_parse ] --START--
INFO: [ template_filter ] --START--
INFO: Run Behavior\ContentReplaceBehavior [ RunTime:0.000027s ]
INFO: [ template_filter ] --END-- [ RunTime:0.000095s ]
NOTIC: [8] Undefined index: user_username F:\web\apache\htdocs\ceshi\yuzuo\Application\Runtime\Cache\Admin\afcc9a314b13f6511db0a3c8e33cc3fc.php 第 31 行.
INFO: Run Behavior\ParseTemplateBehavior [ RunTime:0.007478s ]
INFO: [ view_parse ] --END-- [ RunTime:0.007550s ]
INFO: [ view_filter ] --START--
INFO: Run Behavior\WriteHtmlCacheBehavior [ RunTime:0.000477s ]
INFO: [ view_filter ] --END-- [ RunTime:0.000518s ]
INFO: [ app_end ] --START--
INFO: Run Behavior\ShowPageTraceBehavior [ RunTime:0.001113s ]
INFO: [ app_end ] --END-- [ RunTime:0.001143s ]

[ 2016-05-16T17:38:41+08:00 ] 127.0.0.1 /ceshi/yuzuo/index.php/Admin/Ddguanli/save1/id/16/
INFO: [ app_init ] --START--
INFO: Run Behavior\BuildLiteBehavior [ RunTime:0.000012s ]
INFO: [ app_init ] --END-- [ RunTime:0.000389s ]
INFO: [ app_begin ] --START--
INFO: Run Behavior\ReadHtmlCacheBehavior [ RunTime:0.000629s ]
INFO: [ app_begin ] --END-- [ RunTime:0.000684s ]
SQL: SHOW COLUMNS FROM `goods` [ RunTime:0.0021s ]
SQL: UPDATE `goods` SET `user_id`='3',`stau`='1' WHERE ( id='16' ) [ RunTime:0.0592s ]
SQL: SHOW COLUMNS FROM `zt_time` [ RunTime:0.0065s ]
SQL: UPDATE `zt_time` SET `po_time`='2016-05-16 17:38:41' WHERE ( goods_id='16' ) [ RunTime:0.0016s ]
INFO: [ app_end ] --START--
INFO: Run Behavior\ShowPageTraceBehavior [ RunTime:0.002275s ]
INFO: [ app_end ] --END-- [ RunTime:0.002399s ]

[ 2016-05-16T17:38:41+08:00 ] 127.0.0.1 /ceshi/yuzuo/index.php/Admin/Ddguanli/index/
INFO: [ app_init ] --START--
INFO: Run Behavior\BuildLiteBehavior [ RunTime:0.000030s ]
INFO: [ app_init ] --END-- [ RunTime:0.001098s ]
INFO: [ app_begin ] --START--
INFO: Run Behavior\ReadHtmlCacheBehavior [ RunTime:0.001800s ]
INFO: [ app_begin ] --END-- [ RunTime:0.001899s ]
INFO: [ view_parse ] --START--
INFO: [ template_filter ] --START--
INFO: Run Behavior\ContentReplaceBehavior [ RunTime:0.000043s ]
INFO: [ template_filter ] --END-- [ RunTime:0.000104s ]
INFO: Run Behavior\ParseTemplateBehavior [ RunTime:0.009290s ]
INFO: [ view_parse ] --END-- [ RunTime:0.009373s ]
INFO: [ view_filter ] --START--
INFO: Run Behavior\WriteHtmlCacheBehavior [ RunTime:0.001005s ]
INFO: [ view_filter ] --END-- [ RunTime:0.001055s ]
INFO: [ app_end ] --START--
INFO: Run Behavior\ShowPageTraceBehavior [ RunTime:0.001407s ]
INFO: [ app_end ] --END-- [ RunTime:0.001463s ]

[ 2016-05-16T17:50:54+08:00 ] 127.0.0.1 /ceshi/yuzuo/index.php/Admin/index/index
INFO: [ app_init ] --START--
INFO: Run Behavior\BuildLiteBehavior [ RunTime:0.000037s ]
INFO: [ app_init ] --END-- [ RunTime:0.000758s ]
INFO: [ app_begin ] --START--
INFO: Run Behavior\ReadHtmlCacheBehavior [ RunTime:0.000801s ]
INFO: [ app_begin ] --END-- [ RunTime:0.000843s ]
INFO: [ view_parse ] --START--
INFO: [ template_filter ] --START--
INFO: Run Behavior\ContentReplaceBehavior [ RunTime:0.000027s ]
INFO: [ template_filter ] --END-- [ RunTime:0.000068s ]
INFO: Run Behavior\ParseTemplateBehavior [ RunTime:0.005128s ]
INFO: [ view_parse ] --END-- [ RunTime:0.005188s ]
INFO: [ view_filter ] --START--
INFO: Run Behavior\WriteHtmlCacheBehavior [ RunTime:0.000374s ]
INFO: [ view_filter ] --END-- [ RunTime:0.000404s ]
INFO: [ app_end ] --START--
INFO: Run Behavior\ShowPageTraceBehavior [ RunTime:0.000613s ]
INFO: [ app_end ] --END-- [ RunTime:0.000646s ]

[ 2016-05-16T17:51:34+08:00 ] 127.0.0.1 /ceshi/yuzuo/index.php/Admin/ddguanli/index
INFO: [ app_init ] --START--
INFO: Run Behavior\BuildLiteBehavior [ RunTime:0.000014s ]
INFO: [ app_init ] --END-- [ RunTime:0.000426s ]
INFO: [ app_begin ] --START--
INFO: Run Behavior\ReadHtmlCacheBehavior [ RunTime:0.001204s ]
INFO: [ app_begin ] --END-- [ RunTime:0.001312s ]
INFO: [ view_parse ] --START--
INFO: [ template_filter ] --START--
INFO: Run Behavior\ContentReplaceBehavior [ RunTime:0.000038s ]
INFO: [ template_filter ] --END-- [ RunTime:0.000097s ]
INFO: Run Behavior\ParseTemplateBehavior [ RunTime:0.006493s ]
INFO: [ view_parse ] --END-- [ RunTime:0.006549s ]
INFO: [ view_filter ] --START--
INFO: Run Behavior\WriteHtmlCacheBehavior [ RunTime:0.000884s ]
INFO: [ view_filter ] --END-- [ RunTime:0.000928s ]
INFO: [ app_end ] --START--
INFO: Run Behavior\ShowPageTraceBehavior [ RunTime:0.000726s ]
INFO: [ app_end ] --END-- [ RunTime:0.000788s ]

[ 2016-05-16T17:51:35+08:00 ] 127.0.0.1 /ceshi/yuzuo/index.php/Admin/Ddguanli/ddzt/id/0
INFO: [ app_init ] --START--
INFO: Run Behavior\BuildLiteBehavior [ RunTime:0.000014s ]
INFO: [ app_init ] --END-- [ RunTime:0.000424s ]
INFO: [ app_begin ] --START--
INFO: Run Behavior\ReadHtmlCacheBehavior [ RunTime:0.000779s ]
INFO: [ app_begin ] --END-- [ RunTime:0.000838s ]
SQL: SHOW COLUMNS FROM `goods` [ RunTime:0.0022s ]
SQL: SELECT * FROM `goods` INNER JOIN maintenance_ways on goods.ways_id=maintenance_ways.ways_id INNER JOIN wxzx on goods.wxzx_id=wxzx.wxzx_id  WHERE ( stau='0' )  [ RunTime:0.0008s ]
SQL: SHOW COLUMNS FROM `m_user` [ RunTime:0.0023s ]
SQL: SELECT * FROM `m_user` WHERE ( user_id='0' ) LIMIT 1   [ RunTime:0.0006s ]
INFO: [ view_parse ] --START--
INFO: [ template_filter ] --START--
INFO: Run Behavior\ContentReplaceBehavior [ RunTime:0.000028s ]
INFO: [ template_filter ] --END-- [ RunTime:0.000071s ]
NOTIC: [8] Undefined variable: v F:\web\apache\htdocs\ceshi\yuzuo\Application\Runtime\Cache\Admin\cbfc2edf53ddb5550293de6cc77a4a3b.php 第 31 行.
INFO: Run Behavior\ParseTemplateBehavior [ RunTime:0.006727s ]
INFO: [ view_parse ] --END-- [ RunTime:0.006765s ]
INFO: [ view_filter ] --START--
INFO: Run Behavior\WriteHtmlCacheBehavior [ RunTime:0.000407s ]
INFO: [ view_filter ] --END-- [ RunTime:0.000439s ]
INFO: [ app_end ] --START--
INFO: Run Behavior\ShowPageTraceBehavior [ RunTime:0.000985s ]
INFO: [ app_end ] --END-- [ RunTime:0.001026s ]

[ 2016-05-16T17:51:36+08:00 ] 127.0.0.1 /ceshi/yuzuo/index.php/Admin/Ddguanli/wxuser
INFO: [ app_init ] --START--
INFO: Run Behavior\BuildLiteBehavior [ RunTime:0.000013s ]
INFO: [ app_init ] --END-- [ RunTime:0.000369s ]
INFO: [ app_begin ] --START--
INFO: Run Behavior\ReadHtmlCacheBehavior [ RunTime:0.000644s ]
INFO: [ app_begin ] --END-- [ RunTime:0.000687s ]
SQL: SHOW COLUMNS FROM `goods` [ RunTime:0.0022s ]
SQL: SELECT * FROM `goods` INNER JOIN maintenance_ways on goods.ways_id=maintenance_ways.ways_id INNER JOIN wxzx on goods.wxzx_id=wxzx.wxzx_id  WHERE ( id='19' )  [ RunTime:0.0008s ]
SQL: SHOW COLUMNS FROM `m_user` [ RunTime:0.0015s ]
SQL: SELECT * FROM `m_user` WHERE ( wxzx_id='7' )  [ RunTime:0.0011s ]
INFO: [ view_parse ] --START--
INFO: [ template_filter ] --START--
INFO: Run Behavior\ContentReplaceBehavior [ RunTime:0.000037s ]
INFO: [ template_filter ] --END-- [ RunTime:0.000094s ]
NOTIC: [8] Undefined index: user_username F:\web\apache\htdocs\ceshi\yuzuo\Application\Runtime\Cache\Admin\afcc9a314b13f6511db0a3c8e33cc3fc.php 第 31 行.
INFO: Run Behavior\ParseTemplateBehavior [ RunTime:0.006827s ]
INFO: [ view_parse ] --END-- [ RunTime:0.006892s ]
INFO: [ view_filter ] --START--
INFO: Run Behavior\WriteHtmlCacheBehavior [ RunTime:0.000485s ]
INFO: [ view_filter ] --END-- [ RunTime:0.000514s ]
INFO: [ app_end ] --START--
INFO: Run Behavior\ShowPageTraceBehavior [ RunTime:0.000741s ]
INFO: [ app_end ] --END-- [ RunTime:0.000776s ]

[ 2016-05-16T17:51:38+08:00 ] 127.0.0.1 /ceshi/yuzuo/index.php/Admin/Ddguanli/save1/id/19/
INFO: [ app_init ] --START--
INFO: Run Behavior\BuildLiteBehavior [ RunTime:0.000012s ]
INFO: [ app_init ] --END-- [ RunTime:0.000391s ]
INFO: [ app_begin ] --START--
INFO: Run Behavior\ReadHtmlCacheBehavior [ RunTime:0.000676s ]
INFO: [ app_begin ] --END-- [ RunTime:0.000731s ]
SQL: SHOW COLUMNS FROM `goods` [ RunTime:0.0022s ]
SQL: UPDATE `goods` SET `user_id`='3',`stau`='1' WHERE ( id='19' ) [ RunTime:0.0405s ]
SQL: SHOW COLUMNS FROM `zt_time` [ RunTime:0.0065s ]
SQL: UPDATE `zt_time` SET `po_time`='2016-05-16 17:51:38' WHERE ( goods_id='19' ) [ RunTime:0.0333s ]
INFO: [ app_end ] --START--
INFO: Run Behavior\ShowPageTraceBehavior [ RunTime:0.002676s ]
INFO: [ app_end ] --END-- [ RunTime:0.002849s ]

[ 2016-05-16T17:51:38+08:00 ] 127.0.0.1 /ceshi/yuzuo/index.php/Admin/Ddguanli/index/
INFO: [ app_init ] --START--
INFO: Run Behavior\BuildLiteBehavior [ RunTime:0.000022s ]
INFO: [ app_init ] --END-- [ RunTime:0.000848s ]
INFO: [ app_begin ] --START--
INFO: Run Behavior\ReadHtmlCacheBehavior [ RunTime:0.001287s ]
INFO: [ app_begin ] --END-- [ RunTime:0.001360s ]
INFO: [ view_parse ] --START--
INFO: [ template_filter ] --START--
INFO: Run Behavior\ContentReplaceBehavior [ RunTime:0.000056s ]
INFO: [ template_filter ] --END-- [ RunTime:0.000141s ]
INFO: Run Behavior\ParseTemplateBehavior [ RunTime:0.010336s ]
INFO: [ view_parse ] --END-- [ RunTime:0.010416s ]
INFO: [ view_filter ] --START--
INFO: Run Behavior\WriteHtmlCacheBehavior [ RunTime:0.000859s ]
INFO: [ view_filter ] --END-- [ RunTime:0.000920s ]
INFO: [ app_end ] --START--
INFO: Run Behavior\ShowPageTraceBehavior [ RunTime:0.001282s ]
INFO: [ app_end ] --END-- [ RunTime:0.001348s ]

[ 2016-05-16T17:51:47+08:00 ] 127.0.0.1 /ceshi/yuzuo/index.php/Admin/index/index
INFO: [ app_init ] --START--
INFO: Run Behavior\BuildLiteBehavior [ RunTime:0.000012s ]
INFO: [ app_init ] --END-- [ RunTime:0.000480s ]
INFO: [ app_begin ] --START--
INFO: Run Behavior\ReadHtmlCacheBehavior [ RunTime:0.000957s ]
INFO: [ app_begin ] --END-- [ RunTime:0.001050s ]
INFO: [ view_parse ] --START--
INFO: [ template_filter ] --START--
INFO: Run Behavior\ContentReplaceBehavior [ RunTime:0.000032s ]
INFO: [ template_filter ] --END-- [ RunTime:0.000080s ]
INFO: Run Behavior\ParseTemplateBehavior [ RunTime:0.005854s ]
INFO: [ view_parse ] --END-- [ RunTime:0.005907s ]
INFO: [ view_filter ] --START--
INFO: Run Behavior\WriteHtmlCacheBehavior [ RunTime:0.000417s ]
INFO: [ view_filter ] --END-- [ RunTime:0.000448s ]
INFO: [ app_end ] --START--
INFO: Run Behavior\ShowPageTraceBehavior [ RunTime:0.000618s ]
INFO: [ app_end ] --END-- [ RunTime:0.000652s ]

[ 2016-05-16T18:04:12+08:00 ] 127.0.0.1 /ceshi/yuzuo/index.php/Admin/Ddguanli/ddzt/id/3
INFO: [ app_init ] --START--
INFO: Run Behavior\BuildLiteBehavior [ RunTime:0.000010s ]
INFO: [ app_init ] --END-- [ RunTime:0.000477s ]
INFO: [ app_begin ] --START--
INFO: Run Behavior\ReadHtmlCacheBehavior [ RunTime:0.000652s ]
INFO: [ app_begin ] --END-- [ RunTime:0.000688s ]
SQL: SHOW COLUMNS FROM `goods` [ RunTime:0.0024s ]
SQL: SELECT * FROM `goods` INNER JOIN maintenance_ways on goods.ways_id=maintenance_ways.ways_id INNER JOIN wxzx on goods.wxzx_id=wxzx.wxzx_id  WHERE ( stau='3' )  [ RunTime:0.0007s ]
SQL: SHOW COLUMNS FROM `m_user` [ RunTime:0.0016s ]
SQL: SELECT * FROM `m_user` WHERE ( user_id='3' ) LIMIT 1   [ RunTime:0.0007s ]
NOTIC: [8] Undefined variable: r F:\web\apache\htdocs\ceshi\yuzuo\Application\Admin\Controller\DdguanliController.class.php 第 42 行.
INFO: [ view_parse ] --START--
INFO: [ template_filter ] --START--
INFO: Run Behavior\ContentReplaceBehavior [ RunTime:0.000026s ]
INFO: [ template_filter ] --END-- [ RunTime:0.000095s ]
NOTIC: [8] Undefined variable: v F:\web\apache\htdocs\ceshi\yuzuo\Application\Runtime\Cache\Admin\cbfc2edf53ddb5550293de6cc77a4a3b.php 第 31 行.
INFO: Run Behavior\ParseTemplateBehavior [ RunTime:0.007175s ]
INFO: [ view_parse ] --END-- [ RunTime:0.007210s ]
INFO: [ view_filter ] --START--
INFO: Run Behavior\WriteHtmlCacheBehavior [ RunTime:0.000493s ]
INFO: [ view_filter ] --END-- [ RunTime:0.000532s ]
INFO: [ app_end ] --START--
INFO: Run Behavior\ShowPageTraceBehavior [ RunTime:0.000714s ]
INFO: [ app_end ] --END-- [ RunTime:0.000757s ]

[ 2016-05-16T18:04:13+08:00 ] 127.0.0.1 /ceshi/yuzuo/index.php/Admin/Ddguanli/ddzt/id/3
INFO: [ app_init ] --START--
INFO: Run Behavior\BuildLiteBehavior [ RunTime:0.000011s ]
INFO: [ app_init ] --END-- [ RunTime:0.000435s ]
INFO: [ app_begin ] --START--
INFO: Run Behavior\ReadHtmlCacheBehavior [ RunTime:0.000725s ]
INFO: [ app_begin ] --END-- [ RunTime:0.000760s ]
SQL: SHOW COLUMNS FROM `goods` [ RunTime:0.0022s ]
SQL: SELECT * FROM `goods` INNER JOIN maintenance_ways on goods.ways_id=maintenance_ways.ways_id INNER JOIN wxzx on goods.wxzx_id=wxzx.wxzx_id  WHERE ( stau='3' )  [ RunTime:0.0006s ]
SQL: SHOW COLUMNS FROM `m_user` [ RunTime:0.0014s ]
SQL: SELECT * FROM `m_user` WHERE ( user_id='3' ) LIMIT 1   [ RunTime:0.0006s ]
NOTIC: [8] Undefined variable: r F:\web\apache\htdocs\ceshi\yuzuo\Application\Admin\Controller\DdguanliController.class.php 第 42 行.
INFO: [ view_parse ] --START--
INFO: [ template_filter ] --START--
INFO: Run Behavior\ContentReplaceBehavior [ RunTime:0.000027s ]
INFO: [ template_filter ] --END-- [ RunTime:0.000067s ]
NOTIC: [8] Undefined variable: v F:\web\apache\htdocs\ceshi\yuzuo\Application\Runtime\Cache\Admin\cbfc2edf53ddb5550293de6cc77a4a3b.php 第 31 行.
INFO: Run Behavior\ParseTemplateBehavior [ RunTime:0.006420s ]
INFO: [ view_parse ] --END-- [ RunTime:0.006457s ]
INFO: [ view_filter ] --START--
INFO: Run Behavior\WriteHtmlCacheBehavior [ RunTime:0.000478s ]
INFO: [ view_filter ] --END-- [ RunTime:0.000508s ]
INFO: [ app_end ] --START--
INFO: Run Behavior\ShowPageTraceBehavior [ RunTime:0.000678s ]
INFO: [ app_end ] --END-- [ RunTime:0.000710s ]

[ 2016-05-16T18:04:17+08:00 ] 127.0.0.1 /ceshi/yuzuo/index.php/Admin/Ddguanli/ddzt/id/2
INFO: [ app_init ] --START--
INFO: Run Behavior\BuildLiteBehavior [ RunTime:0.000011s ]
INFO: [ app_init ] --END-- [ RunTime:0.000443s ]
INFO: [ app_begin ] --START--
INFO: Run Behavior\ReadHtmlCacheBehavior [ RunTime:0.000673s ]
INFO: [ app_begin ] --END-- [ RunTime:0.000708s ]
SQL: SHOW COLUMNS FROM `goods` [ RunTime:0.0022s ]
SQL: SELECT * FROM `goods` INNER JOIN maintenance_ways on goods.ways_id=maintenance_ways.ways_id INNER JOIN wxzx on goods.wxzx_id=wxzx.wxzx_id  WHERE ( stau='2' )  [ RunTime:0.0007s ]
SQL: SHOW COLUMNS FROM `m_user` [ RunTime:0.0015s ]
NOTIC: [8] Undefined variable: user_id F:\web\apache\htdocs\ceshi\yuzuo\Application\Admin\Controller\DdguanliController.class.php 第 21 行.
SQL: SELECT * FROM `m_user` WHERE ( user_id='' ) LIMIT 1   [ RunTime:0.0005s ]
NOTIC: [8] Undefined variable: r F:\web\apache\htdocs\ceshi\yuzuo\Application\Admin\Controller\DdguanliController.class.php 第 42 行.
INFO: [ view_parse ] --START--
INFO: [ template_filter ] --START--
INFO: Run Behavior\ContentReplaceBehavior [ RunTime:0.000027s ]
INFO: [ template_filter ] --END-- [ RunTime:0.000068s ]
INFO: Run Behavior\ParseTemplateBehavior [ RunTime:0.006955s ]
INFO: [ view_parse ] --END-- [ RunTime:0.006997s ]
INFO: [ view_filter ] --START--
INFO: Run Behavior\WriteHtmlCacheBehavior [ RunTime:0.000486s ]
INFO: [ view_filter ] --END-- [ RunTime:0.000519s ]
INFO: [ app_end ] --START--
INFO: Run Behavior\ShowPageTraceBehavior [ RunTime:0.000669s ]
INFO: [ app_end ] --END-- [ RunTime:0.000702s ]

[ 2016-05-16T18:04:18+08:00 ] 127.0.0.1 /ceshi/yuzuo/index.php/Admin/Ddguanli/ddzt/id/3
INFO: [ app_init ] --START--
INFO: Run Behavior\BuildLiteBehavior [ RunTime:0.000011s ]
INFO: [ app_init ] --END-- [ RunTime:0.000441s ]
INFO: [ app_begin ] --START--
INFO: Run Behavior\ReadHtmlCacheBehavior [ RunTime:0.000672s ]
INFO: [ app_begin ] --END-- [ RunTime:0.000708s ]
SQL: SHOW COLUMNS FROM `goods` [ RunTime:0.0025s ]
SQL: SELECT * FROM `goods` INNER JOIN maintenance_ways on goods.ways_id=maintenance_ways.ways_id INNER JOIN wxzx on goods.wxzx_id=wxzx.wxzx_id  WHERE ( stau='3' )  [ RunTime:0.0015s ]
SQL: SHOW COLUMNS FROM `m_user` [ RunTime:0.0017s ]
SQL: SELECT * FROM `m_user` WHERE ( user_id='3' ) LIMIT 1   [ RunTime:0.0006s ]
NOTIC: [8] Undefined variable: r F:\web\apache\htdocs\ceshi\yuzuo\Application\Admin\Controller\DdguanliController.class.php 第 42 行.
INFO: [ view_parse ] --START--
INFO: [ template_filter ] --START--
INFO: Run Behavior\ContentReplaceBehavior [ RunTime:0.000026s ]
INFO: [ template_filter ] --END-- [ RunTime:0.000058s ]
NOTIC: [8] Undefined variable: v F:\web\apache\htdocs\ceshi\yuzuo\Application\Runtime\Cache\Admin\cbfc2edf53ddb5550293de6cc77a4a3b.php 第 31 行.
INFO: Run Behavior\ParseTemplateBehavior [ RunTime:0.005807s ]
INFO: [ view_parse ] --END-- [ RunTime:0.005839s ]
INFO: [ view_filter ] --START--
INFO: Run Behavior\WriteHtmlCacheBehavior [ RunTime:0.000477s ]
INFO: [ view_filter ] --END-- [ RunTime:0.000506s ]
INFO: [ app_end ] --START--
INFO: Run Behavior\ShowPageTraceBehavior [ RunTime:0.000679s ]
INFO: [ app_end ] --END-- [ RunTime:0.000711s ]

[ 2016-05-16T18:04:22+08:00 ] 127.0.0.1 /ceshi/yuzuo/index.php/Admin/Ddguanli/ddzt/id/3
INFO: [ app_init ] --START--
INFO: Run Behavior\BuildLiteBehavior [ RunTime:0.000011s ]
INFO: [ app_init ] --END-- [ RunTime:0.000482s ]
INFO: [ app_begin ] --START--
INFO: Run Behavior\ReadHtmlCacheBehavior [ RunTime:0.000672s ]
INFO: [ app_begin ] --END-- [ RunTime:0.000707s ]
SQL: SHOW COLUMNS FROM `goods` [ RunTime:0.0022s ]
SQL: SELECT * FROM `goods` INNER JOIN maintenance_ways on goods.ways_id=maintenance_ways.ways_id INNER JOIN wxzx on goods.wxzx_id=wxzx.wxzx_id  WHERE ( stau='3' )  [ RunTime:0.0007s ]
SQL: SHOW COLUMNS FROM `m_user` [ RunTime:0.0016s ]
SQL: SELECT * FROM `m_user` WHERE ( user_id='3' ) LIMIT 1   [ RunTime:0.0007s ]
NOTIC: [8] Undefined variable: r F:\web\apache\htdocs\ceshi\yuzuo\Application\Admin\Controller\DdguanliController.class.php 第 42 行.
INFO: [ view_parse ] --START--
INFO: [ template_filter ] --START--
INFO: Run Behavior\ContentReplaceBehavior [ RunTime:0.000026s ]
INFO: [ template_filter ] --END-- [ RunTime:0.000064s ]
NOTIC: [8] Undefined variable: v F:\web\apache\htdocs\ceshi\yuzuo\Application\Runtime\Cache\Admin\cbfc2edf53ddb5550293de6cc77a4a3b.php 第 31 行.
INFO: Run Behavior\ParseTemplateBehavior [ RunTime:0.006637s ]
INFO: [ view_parse ] --END-- [ RunTime:0.006671s ]
INFO: [ view_filter ] --START--
INFO: Run Behavior\WriteHtmlCacheBehavior [ RunTime:0.000481s ]
INFO: [ view_filter ] --END-- [ RunTime:0.000510s ]
INFO: [ app_end ] --START--
INFO: Run Behavior\ShowPageTraceBehavior [ RunTime:0.000692s ]
INFO: [ app_end ] --END-- [ RunTime:0.000723s ]

[ 2016-05-16T18:04:24+08:00 ] 127.0.0.1 /ceshi/yuzuo/index.php/Admin/Ddguanli/index/
INFO: [ app_init ] --START--
INFO: Run Behavior\BuildLiteBehavior [ RunTime:0.000012s ]
INFO: [ app_init ] --END-- [ RunTime:0.000389s ]
INFO: [ app_begin ] --START--
INFO: Run Behavior\ReadHtmlCacheBehavior [ RunTime:0.000688s ]
INFO: [ app_begin ] --END-- [ RunTime:0.000745s ]
INFO: [ view_parse ] --START--
INFO: [ template_filter ] --START--
INFO: Run Behavior\ContentReplaceBehavior [ RunTime:0.000028s ]
INFO: [ template_filter ] --END-- [ RunTime:0.000071s ]
INFO: Run Behavior\ParseTemplateBehavior [ RunTime:0.006360s ]
INFO: [ view_parse ] --END-- [ RunTime:0.006421s ]
INFO: [ view_filter ] --START--
INFO: Run Behavior\WriteHtmlCacheBehavior [ RunTime:0.000410s ]
INFO: [ view_filter ] --END-- [ RunTime:0.000440s ]
INFO: [ app_end ] --START--
INFO: Run Behavior\ShowPageTraceBehavior [ RunTime:0.000625s ]
INFO: [ app_end ] --END-- [ RunTime:0.000658s ]

[ 2016-05-16T18:04:25+08:00 ] 127.0.0.1 /ceshi/yuzuo/index.php/Admin/Ddguanli/ddzt/id/3
INFO: [ app_init ] --START--
INFO: Run Behavior\BuildLiteBehavior [ RunTime:0.000010s ]
INFO: [ app_init ] --END-- [ RunTime:0.000372s ]
INFO: [ app_begin ] --START--
INFO: Run Behavior\ReadHtmlCacheBehavior [ RunTime:0.000622s ]
INFO: [ app_begin ] --END-- [ RunTime:0.000662s ]
SQL: SHOW COLUMNS FROM `goods` [ RunTime:0.0020s ]
SQL: SELECT * FROM `goods` INNER JOIN maintenance_ways on goods.ways_id=maintenance_ways.ways_id INNER JOIN wxzx on goods.wxzx_id=wxzx.wxzx_id  WHERE ( stau='3' )  [ RunTime:0.0007s ]
SQL: SHOW COLUMNS FROM `m_user` [ RunTime:0.0015s ]
SQL: SELECT * FROM `m_user` WHERE ( user_id='3' ) LIMIT 1   [ RunTime:0.0006s ]
NOTIC: [8] Undefined variable: r F:\web\apache\htdocs\ceshi\yuzuo\Application\Admin\Controller\DdguanliController.class.php 第 42 行.
INFO: [ view_parse ] --START--
INFO: [ template_filter ] --START--
INFO: Run Behavior\ContentReplaceBehavior [ RunTime:0.000030s ]
INFO: [ template_filter ] --END-- [ RunTime:0.000083s ]
NOTIC: [8] Undefined variable: v F:\web\apache\htdocs\ceshi\yuzuo\Application\Runtime\Cache\Admin\cbfc2edf53ddb5550293de6cc77a4a3b.php 第 31 行.
INFO: Run Behavior\ParseTemplateBehavior [ RunTime:0.007353s ]
INFO: [ view_parse ] --END-- [ RunTime:0.007388s ]
INFO: [ view_filter ] --START--
INFO: Run Behavior\WriteHtmlCacheBehavior [ RunTime:0.000475s ]
INFO: [ view_filter ] --END-- [ RunTime:0.000505s ]
INFO: [ app_end ] --START--
INFO: Run Behavior\ShowPageTraceBehavior [ RunTime:0.000792s ]
INFO: [ app_end ] --END-- [ RunTime:0.000823s ]

