[ 2016-06-09T16:49:45+08:00 ] 123.116.114.217 /index.php/Admin/index
INFO: [ app_init ] --START--
INFO: Run Behavior\BuildLiteBehavior [ RunTime:0.000013s ]
INFO: [ app_init ] --END-- [ RunTime:0.000253s ]
INFO: [ app_begin ] --START--
INFO: Run Behavior\ReadHtmlCacheBehavior [ RunTime:0.000365s ]
INFO: [ app_begin ] --END-- [ RunTime:0.000405s ]
INFO: [ view_parse ] --START--
INFO: [ template_filter ] --START--
INFO: Run Behavior\ContentReplaceBehavior [ RunTime:0.000025s ]
INFO: [ template_filter ] --END-- [ RunTime:0.000065s ]
INFO: Run Behavior\ParseTemplateBehavior [ RunTime:0.003943s ]
INFO: [ view_parse ] --END-- [ RunTime:0.003983s ]
INFO: [ view_filter ] --START--
INFO: Run Behavior\WriteHtmlCacheBehavior [ RunTime:0.000104s ]
INFO: [ view_filter ] --END-- [ RunTime:0.000137s ]
INFO: [ app_end ] --START--
INFO: Run Behavior\ShowPageTraceBehavior [ RunTime:0.000374s ]
INFO: [ app_end ] --END-- [ RunTime:0.000412s ]

[ 2016-06-09T16:49:51+08:00 ] 123.116.114.217 /index.php/Admin/Ddguanli/jixiu/ways_id/3
INFO: [ app_init ] --START--
INFO: Run Behavior\BuildLiteBehavior [ RunTime:0.000013s ]
INFO: [ app_init ] --END-- [ RunTime:0.000276s ]
INFO: [ app_begin ] --START--
INFO: Run Behavior\ReadHtmlCacheBehavior [ RunTime:0.000322s ]
INFO: [ app_begin ] --END-- [ RunTime:0.000361s ]
SQL: SHOW COLUMNS FROM `goods` [ RunTime:0.0009s ]
SQL: SELECT * FROM `goods` WHERE ( ways_id='3' and stau='0' )  [ RunTime:0.0006s ]
NOTIC: [8] Undefined variable: id /phpstudy/www/Application/Admin/Controller/DdguanliController.class.php 第 19 行.
SQL: SELECT * FROM `goods` INNER JOIN maintenance_ways on goods.ways_id=maintenance_ways.ways_id INNER JOIN wxzx on goods.wxzx_id=wxzx.wxzx_id INNER JOIN maintenance_model on goods.model_id=maintenance_model.model_id INNER JOIN maintenance_color on goods.color_id=maintenance_color.color_id INNER JOIN maintenance_plan on goods.plan_id=maintenance_plan.plan_id INNER JOIN maintenance_question on goods.question_id=maintenance_question.question_id  WHERE ( id in(27,28,29,30,31,32,56,64,65,67,75,76,78,79,84,85,86,87,89,90,91,92,93,94,95,96,97,98,99,100,101,102,103) )  [ RunTime:0.0010s ]
INFO: [ view_parse ] --START--
INFO: [ template_filter ] --START--
INFO: Run Behavior\ContentReplaceBehavior [ RunTime:0.000036s ]
INFO: [ template_filter ] --END-- [ RunTime:0.000082s ]
NOTIC: [8] Undefined variable: show /phpstudy/www/Application/Runtime/Cache/Admin/6c4c76002bd7e08eb8a1bbefe8d3aba3.php 第 49 行.
INFO: Run Behavior\ParseTemplateBehavior [ RunTime:0.005499s ]
INFO: [ view_parse ] --END-- [ RunTime:0.005537s ]
INFO: [ view_filter ] --START--
INFO: Run Behavior\WriteHtmlCacheBehavior [ RunTime:0.000104s ]
INFO: [ view_filter ] --END-- [ RunTime:0.000138s ]
INFO: [ app_end ] --START--
INFO: Run Behavior\ShowPageTraceBehavior [ RunTime:0.000407s ]
INFO: [ app_end ] --END-- [ RunTime:0.000466s ]

[ 2016-06-09T16:49:54+08:00 ] 123.116.114.217 /index.php/Admin/Ddguanli/wxuser/id/103/wxzx_id/9/ways_id/3
INFO: [ app_init ] --START--
INFO: Run Behavior\BuildLiteBehavior [ RunTime:0.000013s ]
INFO: [ app_init ] --END-- [ RunTime:0.000254s ]
INFO: [ app_begin ] --START--
INFO: Run Behavior\ReadHtmlCacheBehavior [ RunTime:0.000396s ]
INFO: [ app_begin ] --END-- [ RunTime:0.000445s ]
NOTIC: [8] Undefined index: r /phpstudy/www/Application/Admin/Controller/DdguanliController.class.php 第 128 行.
SQL: SHOW COLUMNS FROM `goods` [ RunTime:0.0009s ]
SQL: SELECT * FROM `goods` INNER JOIN maintenance_ways on goods.ways_id=maintenance_ways.ways_id INNER JOIN wxzx on goods.wxzx_id=wxzx.wxzx_id  WHERE ( id='103' )  [ RunTime:0.0003s ]
SQL: SHOW COLUMNS FROM `m_user` [ RunTime:0.0003s ]
SQL: SELECT * FROM `m_user` WHERE ( wxzx_id='9' )  [ RunTime:0.0002s ]
INFO: [ view_parse ] --START--
INFO: [ template_filter ] --START--
INFO: Run Behavior\ContentReplaceBehavior [ RunTime:0.000027s ]
INFO: [ template_filter ] --END-- [ RunTime:0.000065s ]
INFO: Run Behavior\ParseTemplateBehavior [ RunTime:0.004416s ]
INFO: [ view_parse ] --END-- [ RunTime:0.004456s ]
INFO: [ view_filter ] --START--
INFO: Run Behavior\WriteHtmlCacheBehavior [ RunTime:0.000106s ]
INFO: [ view_filter ] --END-- [ RunTime:0.000160s ]
INFO: [ app_end ] --START--
INFO: Run Behavior\ShowPageTraceBehavior [ RunTime:0.000365s ]
INFO: [ app_end ] --END-- [ RunTime:0.000401s ]

[ 2016-06-09T16:49:56+08:00 ] 123.116.114.217 /index.php/Admin/Ddguanli/save1
INFO: [ app_init ] --START--
INFO: Run Behavior\BuildLiteBehavior [ RunTime:0.000014s ]
INFO: [ app_init ] --END-- [ RunTime:0.000250s ]
INFO: [ app_begin ] --START--
INFO: Run Behavior\ReadHtmlCacheBehavior [ RunTime:0.000320s ]
INFO: [ app_begin ] --END-- [ RunTime:0.000360s ]
SQL: SHOW COLUMNS FROM `goods` [ RunTime:0.0010s ]
SQL: UPDATE `goods` SET `user_id`='13',`stau`='1' WHERE ( id='103' ) [ RunTime:0.0134s ]
SQL: SHOW COLUMNS FROM `zt_time` [ RunTime:0.0004s ]
SQL: UPDATE `zt_time` SET `po_time`='2016-06-09 16:49:56' WHERE ( goods_id='103' ) [ RunTime:0.0067s ]
INFO: [ app_end ] --START--
INFO: Run Behavior\ShowPageTraceBehavior [ RunTime:0.000444s ]
INFO: [ app_end ] --END-- [ RunTime:0.000488s ]

[ 2016-06-09T16:49:56+08:00 ] 123.116.114.217 /index.php/Admin/Ddguanli/yizhipai/ways_id/3
INFO: [ app_init ] --START--
INFO: Run Behavior\BuildLiteBehavior [ RunTime:0.000011s ]
INFO: [ app_init ] --END-- [ RunTime:0.000228s ]
INFO: [ app_begin ] --START--
INFO: Run Behavior\ReadHtmlCacheBehavior [ RunTime:0.000330s ]
INFO: [ app_begin ] --END-- [ RunTime:0.000370s ]
SQL: SHOW COLUMNS FROM `goods` [ RunTime:0.0006s ]
SQL: SELECT * FROM `goods` WHERE ( ways_id='3' and stau='1' )  [ RunTime:0.0003s ]
NOTIC: [8] Undefined variable: id /phpstudy/www/Application/Admin/Controller/DdguanliController.class.php 第 245 行.
SQL: SELECT * FROM `goods` INNER JOIN maintenance_ways on goods.ways_id=maintenance_ways.ways_id INNER JOIN wxzx on goods.wxzx_id=wxzx.wxzx_id INNER JOIN maintenance_model on goods.model_id=maintenance_model.model_id INNER JOIN maintenance_color on goods.color_id=maintenance_color.color_id INNER JOIN maintenance_plan on goods.plan_id=maintenance_plan.plan_id INNER JOIN maintenance_question on goods.question_id=maintenance_question.question_id INNER JOIN m_user on goods.user_id=m_user.user_id  WHERE ( id in(25,47,103) )  [ RunTime:0.0006s ]
INFO: [ view_parse ] --START--
INFO: [ template_filter ] --START--
INFO: Run Behavior\ContentReplaceBehavior [ RunTime:0.000033s ]
INFO: [ template_filter ] --END-- [ RunTime:0.000072s ]
INFO: Run Behavior\ParseTemplateBehavior [ RunTime:0.005216s ]
INFO: [ view_parse ] --END-- [ RunTime:0.005256s ]
INFO: [ view_filter ] --START--
INFO: Run Behavior\WriteHtmlCacheBehavior [ RunTime:0.000100s ]
INFO: [ view_filter ] --END-- [ RunTime:0.000134s ]
INFO: [ app_end ] --START--
INFO: Run Behavior\ShowPageTraceBehavior [ RunTime:0.000355s ]
INFO: [ app_end ] --END-- [ RunTime:0.000390s ]

