[ 2016-06-02T18:20:15+08:00 ] 123.116.118.93 /index.php/Admin/Index
INFO: [ app_init ] --START--
INFO: Run Behavior\BuildLiteBehavior [ RunTime:0.000014s ]
INFO: [ app_init ] --END-- [ RunTime:0.000257s ]
INFO: [ app_begin ] --START--
INFO: Run Behavior\ReadHtmlCacheBehavior [ RunTime:0.000325s ]
INFO: [ app_begin ] --END-- [ RunTime:0.000366s ]
INFO: [ view_parse ] --START--
INFO: [ template_filter ] --START--
INFO: Run Behavior\ContentReplaceBehavior [ RunTime:0.000024s ]
INFO: [ template_filter ] --END-- [ RunTime:0.000064s ]
INFO: Run Behavior\ParseTemplateBehavior [ RunTime:0.006838s ]
INFO: [ view_parse ] --END-- [ RunTime:0.006878s ]
INFO: [ view_filter ] --START--
INFO: Run Behavior\WriteHtmlCacheBehavior [ RunTime:0.000107s ]
INFO: [ view_filter ] --END-- [ RunTime:0.000140s ]
INFO: [ app_end ] --START--
INFO: Run Behavior\ShowPageTraceBehavior [ RunTime:0.004358s ]
INFO: [ app_end ] --END-- [ RunTime:0.004393s ]

[ 2016-06-02T18:20:32+08:00 ] 123.116.118.93 /index.php/Admin/Ddguanli/jixiu/ways_id/3
INFO: [ app_init ] --START--
INFO: Run Behavior\BuildLiteBehavior [ RunTime:0.000014s ]
INFO: [ app_init ] --END-- [ RunTime:0.003301s ]
INFO: [ app_begin ] --START--
INFO: Run Behavior\ReadHtmlCacheBehavior [ RunTime:0.000332s ]
INFO: [ app_begin ] --END-- [ RunTime:0.000371s ]
SQL: SHOW COLUMNS FROM `goods` [ RunTime:0.0010s ]
SQL: SELECT * FROM `goods` WHERE ( ways_id='3' and stau='0' )  [ RunTime:0.0004s ]
NOTIC: [8] Undefined variable: id /phpstudy/www/Application/Admin/Controller/DdguanliController.class.php 第 19 行.
SQL: SELECT * FROM `goods` INNER JOIN maintenance_ways on goods.ways_id=maintenance_ways.ways_id INNER JOIN wxzx on goods.wxzx_id=wxzx.wxzx_id INNER JOIN maintenance_model on goods.model_id=maintenance_model.model_id INNER JOIN maintenance_color on goods.color_id=maintenance_color.color_id INNER JOIN maintenance_plan on goods.plan_id=maintenance_plan.plan_id INNER JOIN maintenance_question on goods.question_id=maintenance_question.question_id  WHERE ( id in(7,13) )  [ RunTime:0.0006s ]
INFO: [ view_parse ] --START--
INFO: [ template_filter ] --START--
INFO: Run Behavior\ContentReplaceBehavior [ RunTime:0.000035s ]
INFO: [ template_filter ] --END-- [ RunTime:0.000073s ]
INFO: Run Behavior\ParseTemplateBehavior [ RunTime:0.008416s ]
INFO: [ view_parse ] --END-- [ RunTime:0.008457s ]
INFO: [ view_filter ] --START--
INFO: Run Behavior\WriteHtmlCacheBehavior [ RunTime:0.000116s ]
INFO: [ view_filter ] --END-- [ RunTime:0.000159s ]
INFO: [ app_end ] --START--
INFO: Run Behavior\ShowPageTraceBehavior [ RunTime:0.000348s ]
INFO: [ app_end ] --END-- [ RunTime:0.000385s ]

[ 2016-06-02T18:20:38+08:00 ] 123.116.118.93 /index.php/Admin/Ddguanli/daodian/ways_id/2
INFO: [ app_init ] --START--
INFO: Run Behavior\BuildLiteBehavior [ RunTime:0.000013s ]
INFO: [ app_init ] --END-- [ RunTime:0.000265s ]
INFO: [ app_begin ] --START--
INFO: Run Behavior\ReadHtmlCacheBehavior [ RunTime:0.000353s ]
INFO: [ app_begin ] --END-- [ RunTime:0.000396s ]
SQL: SHOW COLUMNS FROM `goods` [ RunTime:0.0037s ]
SQL: SELECT * FROM `goods` WHERE ( ways_id='2' and stau='0' )  [ RunTime:0.0003s ]
NOTIC: [8] Undefined variable: id /phpstudy/www/Application/Admin/Controller/DdguanliController.class.php 第 60 行.
SQL: SELECT * FROM `goods` INNER JOIN maintenance_ways on goods.ways_id=maintenance_ways.ways_id INNER JOIN wxzx on goods.wxzx_id=wxzx.wxzx_id INNER JOIN maintenance_model on goods.model_id=maintenance_model.model_id INNER JOIN maintenance_color on goods.color_id=maintenance_color.color_id INNER JOIN maintenance_plan on goods.plan_id=maintenance_plan.plan_id INNER JOIN maintenance_question on goods.question_id=maintenance_question.question_id  WHERE ( id='' )  [ RunTime:0.0004s ]
INFO: [ view_parse ] --START--
INFO: [ template_filter ] --START--
INFO: Run Behavior\ContentReplaceBehavior [ RunTime:0.000035s ]
INFO: [ template_filter ] --END-- [ RunTime:0.000076s ]
INFO: Run Behavior\ParseTemplateBehavior [ RunTime:0.009708s ]
INFO: [ view_parse ] --END-- [ RunTime:0.009753s ]
INFO: [ view_filter ] --START--
INFO: Run Behavior\WriteHtmlCacheBehavior [ RunTime:0.000109s ]
INFO: [ view_filter ] --END-- [ RunTime:0.000143s ]
INFO: [ app_end ] --START--
INFO: Run Behavior\ShowPageTraceBehavior [ RunTime:0.000353s ]
INFO: [ app_end ] --END-- [ RunTime:0.000389s ]

[ 2016-06-02T18:20:40+08:00 ] 112.64.235.254 /index.php/Admin/Ddguanli/daodian/ways_id/2
INFO: [ app_init ] --START--
INFO: Run Behavior\BuildLiteBehavior [ RunTime:0.000013s ]
INFO: [ app_init ] --END-- [ RunTime:0.000256s ]
INFO: [ app_begin ] --START--
INFO: Run Behavior\ReadHtmlCacheBehavior [ RunTime:0.000325s ]
INFO: [ app_begin ] --END-- [ RunTime:0.000379s ]
SQL: SHOW COLUMNS FROM `goods` [ RunTime:0.0028s ]
SQL: SELECT * FROM `goods` WHERE ( ways_id='2' and stau='0' )  [ RunTime:0.0003s ]
NOTIC: [8] Undefined variable: id /phpstudy/www/Application/Admin/Controller/DdguanliController.class.php 第 60 行.
SQL: SELECT * FROM `goods` INNER JOIN maintenance_ways on goods.ways_id=maintenance_ways.ways_id INNER JOIN wxzx on goods.wxzx_id=wxzx.wxzx_id INNER JOIN maintenance_model on goods.model_id=maintenance_model.model_id INNER JOIN maintenance_color on goods.color_id=maintenance_color.color_id INNER JOIN maintenance_plan on goods.plan_id=maintenance_plan.plan_id INNER JOIN maintenance_question on goods.question_id=maintenance_question.question_id  WHERE ( id='' )  [ RunTime:0.0004s ]
INFO: [ view_parse ] --START--
INFO: [ template_filter ] --START--
INFO: Run Behavior\ContentReplaceBehavior [ RunTime:0.000034s ]
INFO: [ template_filter ] --END-- [ RunTime:0.000073s ]
INFO: Run Behavior\ParseTemplateBehavior [ RunTime:0.005289s ]
INFO: [ view_parse ] --END-- [ RunTime:0.005332s ]
INFO: [ view_filter ] --START--
INFO: Run Behavior\WriteHtmlCacheBehavior [ RunTime:0.003135s ]
INFO: [ view_filter ] --END-- [ RunTime:0.003170s ]
INFO: [ app_end ] --START--
INFO: Run Behavior\ShowPageTraceBehavior [ RunTime:0.000359s ]
INFO: [ app_end ] --END-- [ RunTime:0.000397s ]

[ 2016-06-02T18:20:41+08:00 ] 123.116.118.93 /index.php/Admin/Ddguanli/jixiu/ways_id/3
INFO: [ app_init ] --START--
INFO: Run Behavior\BuildLiteBehavior [ RunTime:0.000013s ]
INFO: [ app_init ] --END-- [ RunTime:0.000266s ]
INFO: [ app_begin ] --START--
INFO: Run Behavior\ReadHtmlCacheBehavior [ RunTime:0.000328s ]
INFO: [ app_begin ] --END-- [ RunTime:0.000387s ]
SQL: SHOW COLUMNS FROM `goods` [ RunTime:0.0009s ]
SQL: SELECT * FROM `goods` WHERE ( ways_id='3' and stau='0' )  [ RunTime:0.0003s ]
NOTIC: [8] Undefined variable: id /phpstudy/www/Application/Admin/Controller/DdguanliController.class.php 第 19 行.
SQL: SELECT * FROM `goods` INNER JOIN maintenance_ways on goods.ways_id=maintenance_ways.ways_id INNER JOIN wxzx on goods.wxzx_id=wxzx.wxzx_id INNER JOIN maintenance_model on goods.model_id=maintenance_model.model_id INNER JOIN maintenance_color on goods.color_id=maintenance_color.color_id INNER JOIN maintenance_plan on goods.plan_id=maintenance_plan.plan_id INNER JOIN maintenance_question on goods.question_id=maintenance_question.question_id  WHERE ( id in(7,13) )  [ RunTime:0.0006s ]
INFO: [ view_parse ] --START--
INFO: [ template_filter ] --START--
INFO: Run Behavior\ContentReplaceBehavior [ RunTime:0.000035s ]
INFO: [ template_filter ] --END-- [ RunTime:0.000075s ]
INFO: Run Behavior\ParseTemplateBehavior [ RunTime:0.007598s ]
INFO: [ view_parse ] --END-- [ RunTime:0.007640s ]
INFO: [ view_filter ] --START--
INFO: Run Behavior\WriteHtmlCacheBehavior [ RunTime:0.000107s ]
INFO: [ view_filter ] --END-- [ RunTime:0.000141s ]
INFO: [ app_end ] --START--
INFO: Run Behavior\ShowPageTraceBehavior [ RunTime:0.000341s ]
INFO: [ app_end ] --END-- [ RunTime:0.000377s ]

[ 2016-06-02T18:20:42+08:00 ] 123.116.118.93 /index.php/Admin/Ddguanli/daodian/ways_id/2
INFO: [ app_init ] --START--
INFO: Run Behavior\BuildLiteBehavior [ RunTime:0.000013s ]
INFO: [ app_init ] --END-- [ RunTime:0.000258s ]
INFO: [ app_begin ] --START--
INFO: Run Behavior\ReadHtmlCacheBehavior [ RunTime:0.000325s ]
INFO: [ app_begin ] --END-- [ RunTime:0.000366s ]
SQL: SHOW COLUMNS FROM `goods` [ RunTime:0.0009s ]
SQL: SELECT * FROM `goods` WHERE ( ways_id='2' and stau='0' )  [ RunTime:0.0003s ]
NOTIC: [8] Undefined variable: id /phpstudy/www/Application/Admin/Controller/DdguanliController.class.php 第 60 行.
SQL: SELECT * FROM `goods` INNER JOIN maintenance_ways on goods.ways_id=maintenance_ways.ways_id INNER JOIN wxzx on goods.wxzx_id=wxzx.wxzx_id INNER JOIN maintenance_model on goods.model_id=maintenance_model.model_id INNER JOIN maintenance_color on goods.color_id=maintenance_color.color_id INNER JOIN maintenance_plan on goods.plan_id=maintenance_plan.plan_id INNER JOIN maintenance_question on goods.question_id=maintenance_question.question_id  WHERE ( id='' )  [ RunTime:0.0004s ]
INFO: [ view_parse ] --START--
INFO: [ template_filter ] --START--
INFO: Run Behavior\ContentReplaceBehavior [ RunTime:0.000034s ]
INFO: [ template_filter ] --END-- [ RunTime:0.003096s ]
INFO: Run Behavior\ParseTemplateBehavior [ RunTime:0.008254s ]
INFO: [ view_parse ] --END-- [ RunTime:0.008298s ]
INFO: [ view_filter ] --START--
INFO: Run Behavior\WriteHtmlCacheBehavior [ RunTime:0.000106s ]
INFO: [ view_filter ] --END-- [ RunTime:0.000141s ]
INFO: [ app_end ] --START--
INFO: Run Behavior\ShowPageTraceBehavior [ RunTime:0.000367s ]
INFO: [ app_end ] --END-- [ RunTime:0.000403s ]

[ 2016-06-02T18:20:43+08:00 ] 123.116.118.93 /index.php/Admin/Ddguanli/shangmen/ways_id/1
INFO: [ app_init ] --START--
INFO: Run Behavior\BuildLiteBehavior [ RunTime:0.000014s ]
INFO: [ app_init ] --END-- [ RunTime:0.000255s ]
INFO: [ app_begin ] --START--
INFO: Run Behavior\ReadHtmlCacheBehavior [ RunTime:0.003352s ]
INFO: [ app_begin ] --END-- [ RunTime:0.003394s ]
SQL: SHOW COLUMNS FROM `goods` [ RunTime:0.0009s ]
SQL: SELECT * FROM `goods` WHERE ( ways_id='1' and stau='0' )  [ RunTime:0.0004s ]
NOTIC: [8] Undefined variable: id /phpstudy/www/Application/Admin/Controller/DdguanliController.class.php 第 100 行.
SQL: SELECT * FROM `goods` INNER JOIN maintenance_ways on goods.ways_id=maintenance_ways.ways_id INNER JOIN wxzx on goods.wxzx_id=wxzx.wxzx_id INNER JOIN maintenance_model on goods.model_id=maintenance_model.model_id INNER JOIN maintenance_color on goods.color_id=maintenance_color.color_id INNER JOIN maintenance_plan on goods.plan_id=maintenance_plan.plan_id INNER JOIN maintenance_question on goods.question_id=maintenance_question.question_id  WHERE ( id='' )  [ RunTime:0.0004s ]
INFO: [ view_parse ] --START--
INFO: [ template_filter ] --START--
INFO: Run Behavior\ContentReplaceBehavior [ RunTime:0.000040s ]
INFO: [ template_filter ] --END-- [ RunTime:0.000089s ]
INFO: Run Behavior\ParseTemplateBehavior [ RunTime:0.008561s ]
INFO: [ view_parse ] --END-- [ RunTime:0.008607s ]
INFO: [ view_filter ] --START--
INFO: Run Behavior\WriteHtmlCacheBehavior [ RunTime:0.000108s ]
INFO: [ view_filter ] --END-- [ RunTime:0.000142s ]
INFO: [ app_end ] --START--
INFO: Run Behavior\ShowPageTraceBehavior [ RunTime:0.000355s ]
INFO: [ app_end ] --END-- [ RunTime:0.000390s ]

[ 2016-06-02T18:20:45+08:00 ] 123.116.118.93 /index.php/Admin/Ddguanli/jixiu/ways_id/3
INFO: [ app_init ] --START--
INFO: Run Behavior\BuildLiteBehavior [ RunTime:0.000014s ]
INFO: [ app_init ] --END-- [ RunTime:0.000255s ]
INFO: [ app_begin ] --START--
INFO: Run Behavior\ReadHtmlCacheBehavior [ RunTime:0.003350s ]
INFO: [ app_begin ] --END-- [ RunTime:0.003391s ]
SQL: SHOW COLUMNS FROM `goods` [ RunTime:0.0009s ]
SQL: SELECT * FROM `goods` WHERE ( ways_id='3' and stau='0' )  [ RunTime:0.0003s ]
NOTIC: [8] Undefined variable: id /phpstudy/www/Application/Admin/Controller/DdguanliController.class.php 第 19 行.
SQL: SELECT * FROM `goods` INNER JOIN maintenance_ways on goods.ways_id=maintenance_ways.ways_id INNER JOIN wxzx on goods.wxzx_id=wxzx.wxzx_id INNER JOIN maintenance_model on goods.model_id=maintenance_model.model_id INNER JOIN maintenance_color on goods.color_id=maintenance_color.color_id INNER JOIN maintenance_plan on goods.plan_id=maintenance_plan.plan_id INNER JOIN maintenance_question on goods.question_id=maintenance_question.question_id  WHERE ( id in(7,13) )  [ RunTime:0.0006s ]
INFO: [ view_parse ] --START--
INFO: [ template_filter ] --START--
INFO: Run Behavior\ContentReplaceBehavior [ RunTime:0.000034s ]
INFO: [ template_filter ] --END-- [ RunTime:0.000073s ]
INFO: Run Behavior\ParseTemplateBehavior [ RunTime:0.005207s ]
INFO: [ view_parse ] --END-- [ RunTime:0.005251s ]
INFO: [ view_filter ] --START--
INFO: Run Behavior\WriteHtmlCacheBehavior [ RunTime:0.004079s ]
INFO: [ view_filter ] --END-- [ RunTime:0.004114s ]
INFO: [ app_end ] --START--
INFO: Run Behavior\ShowPageTraceBehavior [ RunTime:0.000341s ]
INFO: [ app_end ] --END-- [ RunTime:0.000376s ]

[ 2016-06-02T18:20:45+08:00 ] 101.226.227.143 /index.php/Admin/Ddguanli/shangmen/ways_id/1
INFO: [ app_init ] --START--
INFO: Run Behavior\BuildLiteBehavior [ RunTime:0.000011s ]
INFO: [ app_init ] --END-- [ RunTime:0.000238s ]
INFO: [ app_begin ] --START--
INFO: Run Behavior\ReadHtmlCacheBehavior [ RunTime:0.000343s ]
INFO: [ app_begin ] --END-- [ RunTime:0.000388s ]
SQL: SHOW COLUMNS FROM `goods` [ RunTime:0.0009s ]
SQL: SELECT * FROM `goods` WHERE ( ways_id='1' and stau='0' )  [ RunTime:0.0003s ]
NOTIC: [8] Undefined variable: id /phpstudy/www/Application/Admin/Controller/DdguanliController.class.php 第 100 行.
SQL: SELECT * FROM `goods` INNER JOIN maintenance_ways on goods.ways_id=maintenance_ways.ways_id INNER JOIN wxzx on goods.wxzx_id=wxzx.wxzx_id INNER JOIN maintenance_model on goods.model_id=maintenance_model.model_id INNER JOIN maintenance_color on goods.color_id=maintenance_color.color_id INNER JOIN maintenance_plan on goods.plan_id=maintenance_plan.plan_id INNER JOIN maintenance_question on goods.question_id=maintenance_question.question_id  WHERE ( id='' )  [ RunTime:0.0004s ]
INFO: [ view_parse ] --START--
INFO: [ template_filter ] --START--
INFO: Run Behavior\ContentReplaceBehavior [ RunTime:0.000038s ]
INFO: [ template_filter ] --END-- [ RunTime:0.000078s ]
INFO: Run Behavior\ParseTemplateBehavior [ RunTime:0.015292s ]
INFO: [ view_parse ] --END-- [ RunTime:0.015333s ]
INFO: [ view_filter ] --START--
INFO: Run Behavior\WriteHtmlCacheBehavior [ RunTime:0.000112s ]
INFO: [ view_filter ] --END-- [ RunTime:0.000147s ]
INFO: [ app_end ] --START--
INFO: Run Behavior\ShowPageTraceBehavior [ RunTime:0.000358s ]
INFO: [ app_end ] --END-- [ RunTime:0.005420s ]

[ 2016-06-02T18:20:45+08:00 ] 101.226.33.201 /index.php/Admin/Ddguanli/shangmen/ways_id/1
INFO: [ app_init ] --START--
INFO: Run Behavior\BuildLiteBehavior [ RunTime:0.000014s ]
INFO: [ app_init ] --END-- [ RunTime:0.000267s ]
INFO: [ app_begin ] --START--
INFO: Run Behavior\ReadHtmlCacheBehavior [ RunTime:0.000339s ]
INFO: [ app_begin ] --END-- [ RunTime:0.000382s ]
SQL: SHOW COLUMNS FROM `goods` [ RunTime:0.0006s ]
SQL: SELECT * FROM `goods` WHERE ( ways_id='1' and stau='0' )  [ RunTime:0.0002s ]
NOTIC: [8] Undefined variable: id /phpstudy/www/Application/Admin/Controller/DdguanliController.class.php 第 100 行.
SQL: SELECT * FROM `goods` INNER JOIN maintenance_ways on goods.ways_id=maintenance_ways.ways_id INNER JOIN wxzx on goods.wxzx_id=wxzx.wxzx_id INNER JOIN maintenance_model on goods.model_id=maintenance_model.model_id INNER JOIN maintenance_color on goods.color_id=maintenance_color.color_id INNER JOIN maintenance_plan on goods.plan_id=maintenance_plan.plan_id INNER JOIN maintenance_question on goods.question_id=maintenance_question.question_id  WHERE ( id='' )  [ RunTime:0.0003s ]
INFO: [ view_parse ] --START--
INFO: [ template_filter ] --START--
INFO: Run Behavior\ContentReplaceBehavior [ RunTime:0.000038s ]
INFO: [ template_filter ] --END-- [ RunTime:0.000081s ]
INFO: Run Behavior\ParseTemplateBehavior [ RunTime:0.011380s ]
INFO: [ view_parse ] --END-- [ RunTime:0.011456s ]
INFO: [ view_filter ] --START--
INFO: Run Behavior\WriteHtmlCacheBehavior [ RunTime:0.000117s ]
INFO: [ view_filter ] --END-- [ RunTime:0.000152s ]
INFO: [ app_end ] --START--
INFO: Run Behavior\ShowPageTraceBehavior [ RunTime:0.005228s ]
INFO: [ app_end ] --END-- [ RunTime:0.005271s ]

[ 2016-06-02T18:23:14+08:00 ] 123.116.118.93 /index.php/Admin/Ddguanli/shangmen/ways_id/1
INFO: [ app_init ] --START--
INFO: Run Behavior\BuildLiteBehavior [ RunTime:0.000014s ]
INFO: [ app_init ] --END-- [ RunTime:0.000265s ]
INFO: [ app_begin ] --START--
INFO: Run Behavior\ReadHtmlCacheBehavior [ RunTime:0.000366s ]
INFO: [ app_begin ] --END-- [ RunTime:0.000407s ]
SQL: SHOW COLUMNS FROM `goods` [ RunTime:0.0010s ]
SQL: SELECT * FROM `goods` WHERE ( ways_id='1' and stau='0' )  [ RunTime:0.0003s ]
NOTIC: [8] Undefined variable: id /phpstudy/www/Application/Admin/Controller/DdguanliController.class.php 第 98 行.
SQL: SELECT * FROM `goods` INNER JOIN maintenance_ways on goods.ways_id=maintenance_ways.ways_id INNER JOIN wxzx on goods.wxzx_id=wxzx.wxzx_id INNER JOIN maintenance_model on goods.model_id=maintenance_model.model_id INNER JOIN maintenance_color on goods.color_id=maintenance_color.color_id INNER JOIN maintenance_plan on goods.plan_id=maintenance_plan.plan_id INNER JOIN maintenance_question on goods.question_id=maintenance_question.question_id  WHERE ( id in(14) )  [ RunTime:0.0004s ]
INFO: [ view_parse ] --START--
INFO: [ template_filter ] --START--
INFO: Run Behavior\ContentReplaceBehavior [ RunTime:0.000035s ]
INFO: [ template_filter ] --END-- [ RunTime:0.000073s ]
INFO: Run Behavior\ParseTemplateBehavior [ RunTime:0.007316s ]
INFO: [ view_parse ] --END-- [ RunTime:0.007358s ]
INFO: [ view_filter ] --START--
INFO: Run Behavior\WriteHtmlCacheBehavior [ RunTime:0.004128s ]
INFO: [ view_filter ] --END-- [ RunTime:0.004164s ]
INFO: [ app_end ] --START--
INFO: Run Behavior\ShowPageTraceBehavior [ RunTime:0.000344s ]
INFO: [ app_end ] --END-- [ RunTime:0.000381s ]

[ 2016-06-02T18:23:19+08:00 ] 123.116.118.93 /index.php/Admin/Ddguanli/xiangqing/id/14/ways_id/1
INFO: [ app_init ] --START--
INFO: Run Behavior\BuildLiteBehavior [ RunTime:0.000014s ]
INFO: [ app_init ] --END-- [ RunTime:0.000252s ]
INFO: [ app_begin ] --START--
INFO: Run Behavior\ReadHtmlCacheBehavior [ RunTime:0.003475s ]
INFO: [ app_begin ] --END-- [ RunTime:0.003551s ]
SQL: SHOW COLUMNS FROM `goods` [ RunTime:0.0009s ]
SQL: SELECT * FROM `goods` WHERE ( id='14' ) LIMIT 1   [ RunTime:0.0003s ]
SQL: SHOW COLUMNS FROM `maintenance_question` [ RunTime:0.0004s ]
SQL: SELECT * FROM `maintenance_question` WHERE ( question_id in (10,11) )  [ RunTime:0.0002s ]
SQL: SHOW COLUMNS FROM `maintenance_plan` [ RunTime:0.0004s ]
SQL: SELECT * FROM `maintenance_plan` WHERE ( plan_id in (2,17) )  [ RunTime:0.0002s ]
SQL: SELECT * FROM `goods` INNER JOIN maintenance_ways on goods.ways_id=maintenance_ways.ways_id INNER JOIN wxzx on goods.wxzx_id=wxzx.wxzx_id INNER JOIN maintenance_model on goods.model_id=maintenance_model.model_id INNER JOIN maintenance_color on goods.color_id=maintenance_color.color_id INNER JOIN maintenance_plan on goods.plan_id=maintenance_plan.plan_id INNER JOIN maintenance_question on goods.question_id=maintenance_question.question_id  WHERE ( id='14' ) LIMIT 1   [ RunTime:0.0011s ]
SQL: SHOW COLUMNS FROM `zt_time` [ RunTime:0.0004s ]
SQL: SELECT * FROM `zt_time` WHERE ( goods_id in (14) ) LIMIT 1   [ RunTime:0.0002s ]
INFO: [ view_parse ] --START--
INFO: [ template_filter ] --START--
INFO: Run Behavior\ContentReplaceBehavior [ RunTime:0.000028s ]
INFO: [ template_filter ] --END-- [ RunTime:0.000068s ]
NOTIC: [8] Undefined index: user_username /phpstudy/www/Application/Runtime/Cache/Admin/c88342a07b8da1396a3bfc26b486f499.php 第 25 行.
NOTIC: [8] Undefined variable: vv /phpstudy/www/Application/Runtime/Cache/Admin/c88342a07b8da1396a3bfc26b486f499.php 第 31 行.
INFO: Run Behavior\ParseTemplateBehavior [ RunTime:0.011842s ]
INFO: [ view_parse ] --END-- [ RunTime:0.011878s ]
INFO: [ view_filter ] --START--
INFO: Run Behavior\WriteHtmlCacheBehavior [ RunTime:0.000106s ]
INFO: [ view_filter ] --END-- [ RunTime:0.000140s ]
INFO: [ app_end ] --START--
INFO: Run Behavior\ShowPageTraceBehavior [ RunTime:0.000338s ]
INFO: [ app_end ] --END-- [ RunTime:0.000394s ]

[ 2016-06-02T18:23:21+08:00 ] 112.64.235.251 /index.php/Admin/Ddguanli/xiangqing/id/14/ways_id/1
INFO: [ app_init ] --START--
INFO: Run Behavior\BuildLiteBehavior [ RunTime:0.000014s ]
INFO: [ app_init ] --END-- [ RunTime:0.000255s ]
INFO: [ app_begin ] --START--
INFO: Run Behavior\ReadHtmlCacheBehavior [ RunTime:0.000325s ]
INFO: [ app_begin ] --END-- [ RunTime:0.000366s ]
SQL: SHOW COLUMNS FROM `goods` [ RunTime:0.0009s ]
SQL: SELECT * FROM `goods` WHERE ( id='14' ) LIMIT 1   [ RunTime:0.0003s ]
SQL: SHOW COLUMNS FROM `maintenance_question` [ RunTime:0.0004s ]
SQL: SELECT * FROM `maintenance_question` WHERE ( question_id in (10,11) )  [ RunTime:0.0002s ]
SQL: SHOW COLUMNS FROM `maintenance_plan` [ RunTime:0.0003s ]
SQL: SELECT * FROM `maintenance_plan` WHERE ( plan_id in (2,17) )  [ RunTime:0.0002s ]
SQL: SELECT * FROM `goods` INNER JOIN maintenance_ways on goods.ways_id=maintenance_ways.ways_id INNER JOIN wxzx on goods.wxzx_id=wxzx.wxzx_id INNER JOIN maintenance_model on goods.model_id=maintenance_model.model_id INNER JOIN maintenance_color on goods.color_id=maintenance_color.color_id INNER JOIN maintenance_plan on goods.plan_id=maintenance_plan.plan_id INNER JOIN maintenance_question on goods.question_id=maintenance_question.question_id  WHERE ( id='14' ) LIMIT 1   [ RunTime:0.0004s ]
SQL: SHOW COLUMNS FROM `zt_time` [ RunTime:0.0004s ]
SQL: SELECT * FROM `zt_time` WHERE ( goods_id in (14) ) LIMIT 1   [ RunTime:0.0017s ]
INFO: [ view_parse ] --START--
INFO: [ template_filter ] --START--
INFO: Run Behavior\ContentReplaceBehavior [ RunTime:0.000029s ]
INFO: [ template_filter ] --END-- [ RunTime:0.000067s ]
NOTIC: [8] Undefined index: user_username /phpstudy/www/Application/Runtime/Cache/Admin/c88342a07b8da1396a3bfc26b486f499.php 第 25 行.
NOTIC: [8] Undefined variable: vv /phpstudy/www/Application/Runtime/Cache/Admin/c88342a07b8da1396a3bfc26b486f499.php 第 31 行.
INFO: Run Behavior\ParseTemplateBehavior [ RunTime:0.008867s ]
INFO: [ view_parse ] --END-- [ RunTime:0.008904s ]
INFO: [ view_filter ] --START--
INFO: Run Behavior\WriteHtmlCacheBehavior [ RunTime:0.000107s ]
INFO: [ view_filter ] --END-- [ RunTime:0.000141s ]
INFO: [ app_end ] --START--
INFO: Run Behavior\ShowPageTraceBehavior [ RunTime:0.000335s ]
INFO: [ app_end ] --END-- [ RunTime:0.000372s ]

[ 2016-06-02T18:23:22+08:00 ] 123.116.118.93 /index.php/Admin/Ddguanli/yizhipai/ways_id/1/stau/1
INFO: [ app_init ] --START--
INFO: Run Behavior\BuildLiteBehavior [ RunTime:0.000017s ]
INFO: [ app_init ] --END-- [ RunTime:0.000291s ]
INFO: [ app_begin ] --START--
INFO: Run Behavior\ReadHtmlCacheBehavior [ RunTime:0.000331s ]
INFO: [ app_begin ] --END-- [ RunTime:0.000370s ]
SQL: SHOW COLUMNS FROM `goods` [ RunTime:0.0009s ]
SQL: SELECT * FROM `goods` WHERE ( ways_id='1' and stau='1' )  [ RunTime:0.0004s ]
NOTIC: [8] Undefined variable: id /phpstudy/www/Application/Admin/Controller/DdguanliController.class.php 第 247 行.
SQL: SELECT * FROM `goods` INNER JOIN maintenance_ways on goods.ways_id=maintenance_ways.ways_id INNER JOIN wxzx on goods.wxzx_id=wxzx.wxzx_id INNER JOIN maintenance_model on goods.model_id=maintenance_model.model_id INNER JOIN maintenance_color on goods.color_id=maintenance_color.color_id INNER JOIN maintenance_plan on goods.plan_id=maintenance_plan.plan_id INNER JOIN maintenance_question on goods.question_id=maintenance_question.question_id  WHERE ( id='' )  [ RunTime:0.0037s ]
INFO: [ view_parse ] --START--
INFO: [ template_filter ] --START--
INFO: Run Behavior\ContentReplaceBehavior [ RunTime:0.000056s ]
INFO: [ template_filter ] --END-- [ RunTime:0.000098s ]
INFO: Run Behavior\ParseTemplateBehavior [ RunTime:0.005274s ]
INFO: [ view_parse ] --END-- [ RunTime:0.005314s ]
INFO: [ view_filter ] --START--
INFO: Run Behavior\WriteHtmlCacheBehavior [ RunTime:0.000107s ]
INFO: [ view_filter ] --END-- [ RunTime:0.000142s ]
INFO: [ app_end ] --START--
INFO: Run Behavior\ShowPageTraceBehavior [ RunTime:0.000550s ]
INFO: [ app_end ] --END-- [ RunTime:0.000616s ]

[ 2016-06-02T18:23:24+08:00 ] 123.116.118.93 /index.php/Admin/Ddguanli/shangmen/ways_id/1
INFO: [ app_init ] --START--
INFO: Run Behavior\BuildLiteBehavior [ RunTime:0.000013s ]
INFO: [ app_init ] --END-- [ RunTime:0.000258s ]
INFO: [ app_begin ] --START--
INFO: Run Behavior\ReadHtmlCacheBehavior [ RunTime:0.003349s ]
INFO: [ app_begin ] --END-- [ RunTime:0.003390s ]
SQL: SHOW COLUMNS FROM `goods` [ RunTime:0.0093s ]
SQL: SELECT * FROM `goods` WHERE ( ways_id='1' and stau='0' )  [ RunTime:0.0003s ]
NOTIC: [8] Undefined variable: id /phpstudy/www/Application/Admin/Controller/DdguanliController.class.php 第 98 行.
SQL: SELECT * FROM `goods` INNER JOIN maintenance_ways on goods.ways_id=maintenance_ways.ways_id INNER JOIN wxzx on goods.wxzx_id=wxzx.wxzx_id INNER JOIN maintenance_model on goods.model_id=maintenance_model.model_id INNER JOIN maintenance_color on goods.color_id=maintenance_color.color_id INNER JOIN maintenance_plan on goods.plan_id=maintenance_plan.plan_id INNER JOIN maintenance_question on goods.question_id=maintenance_question.question_id  WHERE ( id in(14) )  [ RunTime:0.0004s ]
INFO: [ view_parse ] --START--
INFO: [ template_filter ] --START--
INFO: Run Behavior\ContentReplaceBehavior [ RunTime:0.000034s ]
INFO: [ template_filter ] --END-- [ RunTime:0.000073s ]
INFO: Run Behavior\ParseTemplateBehavior [ RunTime:0.008279s ]
INFO: [ view_parse ] --END-- [ RunTime:0.008323s ]
INFO: [ view_filter ] --START--
INFO: Run Behavior\WriteHtmlCacheBehavior [ RunTime:0.000102s ]
INFO: [ view_filter ] --END-- [ RunTime:0.000138s ]
INFO: [ app_end ] --START--
INFO: Run Behavior\ShowPageTraceBehavior [ RunTime:0.000359s ]
INFO: [ app_end ] --END-- [ RunTime:0.000395s ]

[ 2016-06-02T18:23:26+08:00 ] 123.116.118.93 /index.php/Admin/Ddguanli/wxuser/id/14/wxzx_id/9/ways_id/1
INFO: [ app_init ] --START--
INFO: Run Behavior\BuildLiteBehavior [ RunTime:0.000014s ]
INFO: [ app_init ] --END-- [ RunTime:0.000254s ]
INFO: [ app_begin ] --START--
INFO: Run Behavior\ReadHtmlCacheBehavior [ RunTime:0.000327s ]
INFO: [ app_begin ] --END-- [ RunTime:0.000368s ]
NOTIC: [8] Undefined index: r /phpstudy/www/Application/Admin/Controller/DdguanliController.class.php 第 128 行.
SQL: SHOW COLUMNS FROM `goods` [ RunTime:0.0009s ]
SQL: SELECT * FROM `goods` INNER JOIN maintenance_ways on goods.ways_id=maintenance_ways.ways_id INNER JOIN wxzx on goods.wxzx_id=wxzx.wxzx_id  WHERE ( id='14' )  [ RunTime:0.0036s ]
SQL: SHOW COLUMNS FROM `m_user` [ RunTime:0.0003s ]
SQL: SELECT * FROM `m_user` WHERE ( wxzx_id='9' )  [ RunTime:0.0002s ]
INFO: [ view_parse ] --START--
INFO: [ template_filter ] --START--
INFO: Run Behavior\ContentReplaceBehavior [ RunTime:0.000024s ]
INFO: [ template_filter ] --END-- [ RunTime:0.000062s ]
INFO: Run Behavior\ParseTemplateBehavior [ RunTime:0.004457s ]
INFO: [ view_parse ] --END-- [ RunTime:0.004499s ]
INFO: [ view_filter ] --START--
INFO: Run Behavior\WriteHtmlCacheBehavior [ RunTime:0.000103s ]
INFO: [ view_filter ] --END-- [ RunTime:0.000137s ]
INFO: [ app_end ] --START--
INFO: Run Behavior\ShowPageTraceBehavior [ RunTime:0.000370s ]
INFO: [ app_end ] --END-- [ RunTime:0.000405s ]

[ 2016-06-02T18:24:01+08:00 ] 123.116.118.93 /index.php/Admin/Ddguanli/save1
INFO: [ app_init ] --START--
INFO: Run Behavior\BuildLiteBehavior [ RunTime:0.000013s ]
INFO: [ app_init ] --END-- [ RunTime:0.000311s ]
INFO: [ app_begin ] --START--
INFO: Run Behavior\ReadHtmlCacheBehavior [ RunTime:0.000322s ]
INFO: [ app_begin ] --END-- [ RunTime:0.000365s ]
SQL: SHOW COLUMNS FROM `goods` [ RunTime:0.0010s ]
SQL: UPDATE `goods` SET `user_id`='15',`stau`='1' WHERE ( id='14' ) [ RunTime:0.0203s ]
SQL: SHOW COLUMNS FROM `zt_time` [ RunTime:0.0005s ]
SQL: UPDATE `zt_time` SET `po_time`='2016-06-02 18:24:01' WHERE ( goods_id='14' ) [ RunTime:0.0093s ]
INFO: [ app_end ] --START--
INFO: Run Behavior\ShowPageTraceBehavior [ RunTime:0.000380s ]
INFO: [ app_end ] --END-- [ RunTime:0.000433s ]

[ 2016-06-02T18:24:02+08:00 ] 123.116.118.93 /index.php/Admin/Ddguanli/yizhipai/ways_id/1
INFO: [ app_init ] --START--
INFO: Run Behavior\BuildLiteBehavior [ RunTime:0.000012s ]
INFO: [ app_init ] --END-- [ RunTime:0.000269s ]
INFO: [ app_begin ] --START--
INFO: Run Behavior\ReadHtmlCacheBehavior [ RunTime:0.000321s ]
INFO: [ app_begin ] --END-- [ RunTime:0.000362s ]
SQL: SHOW COLUMNS FROM `goods` [ RunTime:0.0009s ]
SQL: SELECT * FROM `goods` WHERE ( ways_id='1' and stau='1' )  [ RunTime:0.0037s ]
NOTIC: [8] Undefined variable: id /phpstudy/www/Application/Admin/Controller/DdguanliController.class.php 第 245 行.
SQL: SELECT * FROM `goods` INNER JOIN maintenance_ways on goods.ways_id=maintenance_ways.ways_id INNER JOIN wxzx on goods.wxzx_id=wxzx.wxzx_id INNER JOIN maintenance_model on goods.model_id=maintenance_model.model_id INNER JOIN maintenance_color on goods.color_id=maintenance_color.color_id INNER JOIN maintenance_plan on goods.plan_id=maintenance_plan.plan_id INNER JOIN maintenance_question on goods.question_id=maintenance_question.question_id INNER JOIN m_user on goods.user_id=m_user.user_id  WHERE ( id in(14) )  [ RunTime:0.0005s ]
INFO: [ view_parse ] --START--
INFO: [ template_filter ] --START--
INFO: Run Behavior\ContentReplaceBehavior [ RunTime:0.000035s ]
INFO: [ template_filter ] --END-- [ RunTime:0.000074s ]
INFO: Run Behavior\ParseTemplateBehavior [ RunTime:0.005273s ]
INFO: [ view_parse ] --END-- [ RunTime:0.005314s ]
INFO: [ view_filter ] --START--
INFO: Run Behavior\WriteHtmlCacheBehavior [ RunTime:0.000107s ]
INFO: [ view_filter ] --END-- [ RunTime:0.000141s ]
INFO: [ app_end ] --START--
INFO: Run Behavior\ShowPageTraceBehavior [ RunTime:0.000337s ]
INFO: [ app_end ] --END-- [ RunTime:0.000372s ]

[ 2016-06-02T18:25:25+08:00 ] 123.116.118.93 /index.php/Admin/Ddguanli/yizhipai/ways_id/1
INFO: [ app_init ] --START--
INFO: Run Behavior\BuildLiteBehavior [ RunTime:0.000014s ]
INFO: [ app_init ] --END-- [ RunTime:0.002113s ]
INFO: [ app_begin ] --START--
INFO: Run Behavior\ReadHtmlCacheBehavior [ RunTime:0.000327s ]
INFO: [ app_begin ] --END-- [ RunTime:0.000367s ]
SQL: SHOW COLUMNS FROM `goods` [ RunTime:0.0010s ]
SQL: SELECT * FROM `goods` WHERE ( ways_id='1' and stau='1' )  [ RunTime:0.0036s ]
NOTIC: [8] Undefined variable: id /phpstudy/www/Application/Admin/Controller/DdguanliController.class.php 第 245 行.
SQL: SELECT * FROM `goods` INNER JOIN maintenance_ways on goods.ways_id=maintenance_ways.ways_id INNER JOIN wxzx on goods.wxzx_id=wxzx.wxzx_id INNER JOIN maintenance_model on goods.model_id=maintenance_model.model_id INNER JOIN maintenance_color on goods.color_id=maintenance_color.color_id INNER JOIN maintenance_plan on goods.plan_id=maintenance_plan.plan_id INNER JOIN maintenance_question on goods.question_id=maintenance_question.question_id INNER JOIN m_user on goods.user_id=m_user.user_id  WHERE ( id in(14) )  [ RunTime:0.0005s ]
INFO: [ view_parse ] --START--
INFO: [ template_filter ] --START--
INFO: Run Behavior\ContentReplaceBehavior [ RunTime:0.000035s ]
INFO: [ template_filter ] --END-- [ RunTime:0.000073s ]
INFO: Run Behavior\ParseTemplateBehavior [ RunTime:0.007333s ]
INFO: [ view_parse ] --END-- [ RunTime:0.007374s ]
INFO: [ view_filter ] --START--
INFO: Run Behavior\WriteHtmlCacheBehavior [ RunTime:0.000107s ]
INFO: [ view_filter ] --END-- [ RunTime:0.000141s ]
INFO: [ app_end ] --START--
INFO: Run Behavior\ShowPageTraceBehavior [ RunTime:0.000346s ]
INFO: [ app_end ] --END-- [ RunTime:0.000382s ]

