[ 2016-06-07T15:30:55+08:00 ] 106.121.5.62 /index.php/HomeIndex//membercentent
INFO: [ app_init ] --START--
INFO: Run Behavior\BuildLiteBehavior [ RunTime:0.000013s ]
INFO: [ app_init ] --END-- [ RunTime:0.000260s ]
ERR: 无法加载模块:HomeIndex

[ 2016-06-07T15:30:56+08:00 ] 101.226.33.219 /index.php/HomeIndex//membercentent
INFO: [ app_init ] --START--
INFO: Run Behavior\BuildLiteBehavior [ RunTime:0.000011s ]
INFO: [ app_init ] --END-- [ RunTime:0.000261s ]
ERR: 无法加载模块:HomeIndex

[ 2016-06-07T15:30:56+08:00 ] 101.226.227.97 /index.php/HomeIndex//membercentent
INFO: [ app_init ] --START--
INFO: Run Behavior\BuildLiteBehavior [ RunTime:0.000011s ]
INFO: [ app_init ] --END-- [ RunTime:0.000242s ]
ERR: 无法加载模块:HomeIndex

[ 2016-06-07T16:00:41+08:00 ] 106.121.5.62 /index.php/HomeIndex//membercentent
INFO: [ app_init ] --START--
INFO: Run Behavior\BuildLiteBehavior [ RunTime:0.000013s ]
INFO: [ app_init ] --END-- [ RunTime:0.000254s ]
ERR: 无法加载模块:HomeIndex

[ 2016-06-07T16:00:47+08:00 ] 106.121.5.62 /index.php/HomeIndex//membercentent
INFO: [ app_init ] --START--
INFO: Run Behavior\BuildLiteBehavior [ RunTime:0.000014s ]
INFO: [ app_init ] --END-- [ RunTime:0.000268s ]
ERR: 无法加载模块:HomeIndex

[ 2016-06-07T16:00:54+08:00 ] 106.121.5.62 /index.php/HomeIndex//membercentent
INFO: [ app_init ] --START--
INFO: Run Behavior\BuildLiteBehavior [ RunTime:0.000016s ]
INFO: [ app_init ] --END-- [ RunTime:0.000263s ]
ERR: 无法加载模块:HomeIndex

[ 2016-06-07T16:01:15+08:00 ] 106.121.5.62 /index.php/HomeIndex//membercentent
INFO: [ app_init ] --START--
INFO: Run Behavior\BuildLiteBehavior [ RunTime:0.000013s ]
INFO: [ app_init ] --END-- [ RunTime:0.000255s ]
ERR: 无法加载模块:HomeIndex

[ 2016-06-07T16:02:23+08:00 ] 106.121.5.62 /index.php/HomeIndex//membercentent
INFO: [ app_init ] --START--
INFO: Run Behavior\BuildLiteBehavior [ RunTime:0.000014s ]
INFO: [ app_init ] --END-- [ RunTime:0.000289s ]
ERR: 无法加载模块:HomeIndex

