[ 2017-01-14T13:18:45+08:00 ] 127.0.0.1 /ceshi/thinkphp_3.2.3_full/index.php
INFO: [ app_init ] --START--
INFO: Run Behavior\BuildLiteBehavior [ RunTime:0.000048s ]
INFO: [ app_init ] --END-- [ RunTime:0.002945s ]
INFO: [ app_begin ] --START--
INFO: Run Behavior\ReadHtmlCacheBehavior [ RunTime:0.009747s ]
INFO: [ app_begin ] --END-- [ RunTime:0.009921s ]
ERR: SQLSTATE[HY000] [1045] Access denied for user 'root'@'123.116.117.112' (using password: YES)

[ 2017-01-14T13:21:32+08:00 ] 127.0.0.1 /ceshi/thinkphp_3.2.3_full/index.php
INFO: [ app_init ] --START--
INFO: Run Behavior\BuildLiteBehavior [ RunTime:0.000013s ]
INFO: [ app_init ] --END-- [ RunTime:0.000490s ]
INFO: [ app_begin ] --START--
INFO: Run Behavior\ReadHtmlCacheBehavior [ RunTime:0.000652s ]
INFO: [ app_begin ] --END-- [ RunTime:0.000689s ]
SQL: SHOW COLUMNS FROM `dingdan` [ RunTime:0.0118s ]
SQL: SELECT * FROM `dingdan`  [ RunTime:0.0028s ]
SQL: SELECT COUNT(*) AS tp_count FROM `dingdan` WHERE ( zt='3' ) LIMIT 1   [ RunTime:0.0008s ]
SQL: SELECT COUNT(*) AS tp_count FROM `dingdan` WHERE ( zt='1' ) LIMIT 1   [ RunTime:0.0007s ]
INFO: [ view_parse ] --START--
INFO: [ template_filter ] --START--
INFO: Run Behavior\ContentReplaceBehavior [ RunTime:0.000071s ]
INFO: [ template_filter ] --END-- [ RunTime:0.000187s ]
NOTIC: [8] Undefined index:  F:\web\apache\htdocs\ceshi\thinkphp_3.2.3_full\Application\Runtime\Cache\Home\2a94b8bda04ff446dcedd42276fc99ee.php 第 8 行.
NOTIC: [8] Undefined index:  F:\web\apache\htdocs\ceshi\thinkphp_3.2.3_full\Application\Runtime\Cache\Home\2a94b8bda04ff446dcedd42276fc99ee.php 第 8 行.
NOTIC: [8] Undefined index:  F:\web\apache\htdocs\ceshi\thinkphp_3.2.3_full\Application\Runtime\Cache\Home\2a94b8bda04ff446dcedd42276fc99ee.php 第 8 行.
NOTIC: [8] Undefined index:  F:\web\apache\htdocs\ceshi\thinkphp_3.2.3_full\Application\Runtime\Cache\Home\2a94b8bda04ff446dcedd42276fc99ee.php 第 8 行.
NOTIC: [8] Undefined index:  F:\web\apache\htdocs\ceshi\thinkphp_3.2.3_full\Application\Runtime\Cache\Home\2a94b8bda04ff446dcedd42276fc99ee.php 第 8 行.
NOTIC: [8] Undefined index:  F:\web\apache\htdocs\ceshi\thinkphp_3.2.3_full\Application\Runtime\Cache\Home\2a94b8bda04ff446dcedd42276fc99ee.php 第 8 行.
NOTIC: [8] Undefined index:  F:\web\apache\htdocs\ceshi\thinkphp_3.2.3_full\Application\Runtime\Cache\Home\2a94b8bda04ff446dcedd42276fc99ee.php 第 8 行.
NOTIC: [8] Undefined index:  F:\web\apache\htdocs\ceshi\thinkphp_3.2.3_full\Application\Runtime\Cache\Home\2a94b8bda04ff446dcedd42276fc99ee.php 第 8 行.
NOTIC: [8] Undefined index:  F:\web\apache\htdocs\ceshi\thinkphp_3.2.3_full\Application\Runtime\Cache\Home\2a94b8bda04ff446dcedd42276fc99ee.php 第 8 行.
NOTIC: [8] Undefined index:  F:\web\apache\htdocs\ceshi\thinkphp_3.2.3_full\Application\Runtime\Cache\Home\2a94b8bda04ff446dcedd42276fc99ee.php 第 8 行.
NOTIC: [8] Undefined index:  F:\web\apache\htdocs\ceshi\thinkphp_3.2.3_full\Application\Runtime\Cache\Home\2a94b8bda04ff446dcedd42276fc99ee.php 第 8 行.
NOTIC: [8] Undefined index:  F:\web\apache\htdocs\ceshi\thinkphp_3.2.3_full\Application\Runtime\Cache\Home\2a94b8bda04ff446dcedd42276fc99ee.php 第 8 行.
NOTIC: [8] Undefined index:  F:\web\apache\htdocs\ceshi\thinkphp_3.2.3_full\Application\Runtime\Cache\Home\2a94b8bda04ff446dcedd42276fc99ee.php 第 8 行.
NOTIC: [8] Undefined index:  F:\web\apache\htdocs\ceshi\thinkphp_3.2.3_full\Application\Runtime\Cache\Home\2a94b8bda04ff446dcedd42276fc99ee.php 第 8 行.
NOTIC: [8] Undefined index:  F:\web\apache\htdocs\ceshi\thinkphp_3.2.3_full\Application\Runtime\Cache\Home\2a94b8bda04ff446dcedd42276fc99ee.php 第 8 行.
NOTIC: [8] Undefined index:  F:\web\apache\htdocs\ceshi\thinkphp_3.2.3_full\Application\Runtime\Cache\Home\2a94b8bda04ff446dcedd42276fc99ee.php 第 8 行.
NOTIC: [8] Undefined index:  F:\web\apache\htdocs\ceshi\thinkphp_3.2.3_full\Application\Runtime\Cache\Home\2a94b8bda04ff446dcedd42276fc99ee.php 第 8 行.
NOTIC: [8] Undefined index:  F:\web\apache\htdocs\ceshi\thinkphp_3.2.3_full\Application\Runtime\Cache\Home\2a94b8bda04ff446dcedd42276fc99ee.php 第 8 行.
NOTIC: [8] Undefined index:  F:\web\apache\htdocs\ceshi\thinkphp_3.2.3_full\Application\Runtime\Cache\Home\2a94b8bda04ff446dcedd42276fc99ee.php 第 8 行.
NOTIC: [8] Undefined index:  F:\web\apache\htdocs\ceshi\thinkphp_3.2.3_full\Application\Runtime\Cache\Home\2a94b8bda04ff446dcedd42276fc99ee.php 第 8 行.
NOTIC: [8] Undefined index:  F:\web\apache\htdocs\ceshi\thinkphp_3.2.3_full\Application\Runtime\Cache\Home\2a94b8bda04ff446dcedd42276fc99ee.php 第 8 行.
NOTIC: [8] Undefined index:  F:\web\apache\htdocs\ceshi\thinkphp_3.2.3_full\Application\Runtime\Cache\Home\2a94b8bda04ff446dcedd42276fc99ee.php 第 8 行.
NOTIC: [8] Undefined index:  F:\web\apache\htdocs\ceshi\thinkphp_3.2.3_full\Application\Runtime\Cache\Home\2a94b8bda04ff446dcedd42276fc99ee.php 第 8 行.
NOTIC: [8] Undefined index:  F:\web\apache\htdocs\ceshi\thinkphp_3.2.3_full\Application\Runtime\Cache\Home\2a94b8bda04ff446dcedd42276fc99ee.php 第 8 行.
NOTIC: [8] Undefined index:  F:\web\apache\htdocs\ceshi\thinkphp_3.2.3_full\Application\Runtime\Cache\Home\2a94b8bda04ff446dcedd42276fc99ee.php 第 8 行.
NOTIC: [8] Undefined index:  F:\web\apache\htdocs\ceshi\thinkphp_3.2.3_full\Application\Runtime\Cache\Home\2a94b8bda04ff446dcedd42276fc99ee.php 第 8 行.
NOTIC: [8] Undefined index:  F:\web\apache\htdocs\ceshi\thinkphp_3.2.3_full\Application\Runtime\Cache\Home\2a94b8bda04ff446dcedd42276fc99ee.php 第 8 行.
NOTIC: [8] Undefined index:  F:\web\apache\htdocs\ceshi\thinkphp_3.2.3_full\Application\Runtime\Cache\Home\2a94b8bda04ff446dcedd42276fc99ee.php 第 8 行.
NOTIC: [8] Undefined index:  F:\web\apache\htdocs\ceshi\thinkphp_3.2.3_full\Application\Runtime\Cache\Home\2a94b8bda04ff446dcedd42276fc99ee.php 第 8 行.
NOTIC: [8] Undefined index:  F:\web\apache\htdocs\ceshi\thinkphp_3.2.3_full\Application\Runtime\Cache\Home\2a94b8bda04ff446dcedd42276fc99ee.php 第 8 行.
NOTIC: [8] Undefined index:  F:\web\apache\htdocs\ceshi\thinkphp_3.2.3_full\Application\Runtime\Cache\Home\2a94b8bda04ff446dcedd42276fc99ee.php 第 8 行.
NOTIC: [8] Undefined index:  F:\web\apache\htdocs\ceshi\thinkphp_3.2.3_full\Application\Runtime\Cache\Home\2a94b8bda04ff446dcedd42276fc99ee.php 第 8 行.
NOTIC: [8] Undefined index:  F:\web\apache\htdocs\ceshi\thinkphp_3.2.3_full\Application\Runtime\Cache\Home\2a94b8bda04ff446dcedd42276fc99ee.php 第 8 行.
NOTIC: [8] Undefined index:  F:\web\apache\htdocs\ceshi\thinkphp_3.2.3_full\Application\Runtime\Cache\Home\2a94b8bda04ff446dcedd42276fc99ee.php 第 8 行.
NOTIC: [8] Undefined index:  F:\web\apache\htdocs\ceshi\thinkphp_3.2.3_full\Application\Runtime\Cache\Home\2a94b8bda04ff446dcedd42276fc99ee.php 第 8 行.
NOTIC: [8] Undefined index:  F:\web\apache\htdocs\ceshi\thinkphp_3.2.3_full\Application\Runtime\Cache\Home\2a94b8bda04ff446dcedd42276fc99ee.php 第 8 行.
NOTIC: [8] Undefined index:  F:\web\apache\htdocs\ceshi\thinkphp_3.2.3_full\Application\Runtime\Cache\Home\2a94b8bda04ff446dcedd42276fc99ee.php 第 8 行.
NOTIC: [8] Undefined index:  F:\web\apache\htdocs\ceshi\thinkphp_3.2.3_full\Application\Runtime\Cache\Home\2a94b8bda04ff446dcedd42276fc99ee.php 第 8 行.
NOTIC: [8] Undefined index:  F:\web\apache\htdocs\ceshi\thinkphp_3.2.3_full\Application\Runtime\Cache\Home\2a94b8bda04ff446dcedd42276fc99ee.php 第 8 行.
NOTIC: [8] Undefined index:  F:\web\apache\htdocs\ceshi\thinkphp_3.2.3_full\Application\Runtime\Cache\Home\2a94b8bda04ff446dcedd42276fc99ee.php 第 8 行.
NOTIC: [8] Undefined index:  F:\web\apache\htdocs\ceshi\thinkphp_3.2.3_full\Application\Runtime\Cache\Home\2a94b8bda04ff446dcedd42276fc99ee.php 第 8 行.
NOTIC: [8] Undefined index:  F:\web\apache\htdocs\ceshi\thinkphp_3.2.3_full\Application\Runtime\Cache\Home\2a94b8bda04ff446dcedd42276fc99ee.php 第 8 行.
NOTIC: [8] Undefined index:  F:\web\apache\htdocs\ceshi\thinkphp_3.2.3_full\Application\Runtime\Cache\Home\2a94b8bda04ff446dcedd42276fc99ee.php 第 8 行.
NOTIC: [8] Undefined index:  F:\web\apache\htdocs\ceshi\thinkphp_3.2.3_full\Application\Runtime\Cache\Home\2a94b8bda04ff446dcedd42276fc99ee.php 第 8 行.
INFO: Run Behavior\ParseTemplateBehavior [ RunTime:0.118068s ]
INFO: [ view_parse ] --END-- [ RunTime:0.118222s ]
INFO: [ view_filter ] --START--
INFO: Run Behavior\WriteHtmlCacheBehavior [ RunTime:0.016581s ]
INFO: [ view_filter ] --END-- [ RunTime:0.016713s ]
INFO: [ app_end ] --START--
INFO: Run Behavior\ShowPageTraceBehavior [ RunTime:0.019262s ]
INFO: [ app_end ] --END-- [ RunTime:0.019368s ]

