[ 2016-07-26T09:56:46+08:00 ] 123.116.117.127 /Admin/Index/index
INFO: [ app_init ] --START--
INFO: Run Behavior\BuildLiteBehavior [ RunTime:0.000012s ]
INFO: [ app_init ] --END-- [ RunTime:0.000265s ]
INFO: [ app_begin ] --START--
INFO: Run Behavior\ReadHtmlCacheBehavior [ RunTime:0.000361s ]
INFO: [ app_begin ] --END-- [ RunTime:0.000401s ]
INFO: [ view_parse ] --START--
INFO: [ template_filter ] --START--
INFO: Run Behavior\ContentReplaceBehavior [ RunTime:0.000024s ]
INFO: [ template_filter ] --END-- [ RunTime:0.000063s ]
INFO: Run Behavior\ParseTemplateBehavior [ RunTime:0.003692s ]
INFO: [ view_parse ] --END-- [ RunTime:0.003731s ]
INFO: [ view_filter ] --START--
INFO: Run Behavior\WriteHtmlCacheBehavior [ RunTime:0.000116s ]
INFO: [ view_filter ] --END-- [ RunTime:0.000149s ]
INFO: [ app_end ] --START--
INFO: Run Behavior\ShowPageTraceBehavior [ RunTime:0.000368s ]
INFO: [ app_end ] --END-- [ RunTime:0.000404s ]

[ 2016-07-26T18:20:26+08:00 ] 123.116.117.127 /Admin/Index/index
INFO: [ app_init ] --START--
INFO: Run Behavior\BuildLiteBehavior [ RunTime:0.000012s ]
INFO: [ app_init ] --END-- [ RunTime:0.000264s ]
INFO: [ app_begin ] --START--
INFO: Run Behavior\ReadHtmlCacheBehavior [ RunTime:0.000360s ]
INFO: [ app_begin ] --END-- [ RunTime:0.000448s ]
INFO: [ view_parse ] --START--
INFO: [ template_filter ] --START--
INFO: Run Behavior\ContentReplaceBehavior [ RunTime:0.000026s ]
INFO: [ template_filter ] --END-- [ RunTime:0.000068s ]
INFO: Run Behavior\ParseTemplateBehavior [ RunTime:0.003934s ]
INFO: [ view_parse ] --END-- [ RunTime:0.003974s ]
INFO: [ view_filter ] --START--
INFO: Run Behavior\WriteHtmlCacheBehavior [ RunTime:0.000150s ]
INFO: [ view_filter ] --END-- [ RunTime:0.000183s ]
INFO: [ app_end ] --START--
INFO: Run Behavior\ShowPageTraceBehavior [ RunTime:0.000363s ]
INFO: [ app_end ] --END-- [ RunTime:0.000398s ]

[ 2016-07-26T18:20:31+08:00 ] 123.116.117.127 /Admin/Guanlishifu/index
INFO: [ app_init ] --START--
INFO: Run Behavior\BuildLiteBehavior [ RunTime:0.000015s ]
INFO: [ app_init ] --END-- [ RunTime:0.000298s ]
INFO: [ app_begin ] --START--
INFO: Run Behavior\ReadHtmlCacheBehavior [ RunTime:0.000350s ]
INFO: [ app_begin ] --END-- [ RunTime:0.000389s ]
INFO: [ view_parse ] --START--
INFO: [ template_filter ] --START--
INFO: Run Behavior\ContentReplaceBehavior [ RunTime:0.000025s ]
INFO: [ template_filter ] --END-- [ RunTime:0.000064s ]
INFO: Run Behavior\ParseTemplateBehavior [ RunTime:0.003641s ]
INFO: [ view_parse ] --END-- [ RunTime:0.003682s ]
INFO: [ view_filter ] --START--
INFO: Run Behavior\WriteHtmlCacheBehavior [ RunTime:0.000113s ]
INFO: [ view_filter ] --END-- [ RunTime:0.000146s ]
INFO: [ app_end ] --START--
INFO: Run Behavior\ShowPageTraceBehavior [ RunTime:0.000365s ]
INFO: [ app_end ] --END-- [ RunTime:0.000400s ]

[ 2016-07-26T18:20:31+08:00 ] 180.153.161.217 /Admin/Guanlishifu/index
INFO: [ app_init ] --START--
INFO: Run Behavior\BuildLiteBehavior [ RunTime:0.000013s ]
INFO: [ app_init ] --END-- [ RunTime:0.000287s ]
INFO: [ app_begin ] --START--
INFO: Run Behavior\ReadHtmlCacheBehavior [ RunTime:0.000327s ]
INFO: [ app_begin ] --END-- [ RunTime:0.000366s ]
INFO: [ view_parse ] --START--
INFO: [ template_filter ] --START--
INFO: Run Behavior\ContentReplaceBehavior [ RunTime:0.000023s ]
INFO: [ template_filter ] --END-- [ RunTime:0.000064s ]
INFO: Run Behavior\ParseTemplateBehavior [ RunTime:0.003860s ]
INFO: [ view_parse ] --END-- [ RunTime:0.003931s ]
INFO: [ view_filter ] --START--
INFO: Run Behavior\WriteHtmlCacheBehavior [ RunTime:0.000155s ]
INFO: [ view_filter ] --END-- [ RunTime:0.000191s ]
INFO: [ app_end ] --START--
INFO: Run Behavior\ShowPageTraceBehavior [ RunTime:0.000438s ]
INFO: [ app_end ] --END-- [ RunTime:0.000511s ]

[ 2016-07-26T18:20:31+08:00 ] 180.163.2.118 /Admin/Guanlishifu/index
INFO: [ app_init ] --START--
INFO: Run Behavior\BuildLiteBehavior [ RunTime:0.000012s ]
INFO: [ app_init ] --END-- [ RunTime:0.000285s ]
INFO: [ app_begin ] --START--
INFO: Run Behavior\ReadHtmlCacheBehavior [ RunTime:0.000328s ]
INFO: [ app_begin ] --END-- [ RunTime:0.000368s ]
INFO: [ view_parse ] --START--
INFO: [ template_filter ] --START--
INFO: Run Behavior\ContentReplaceBehavior [ RunTime:0.000028s ]
INFO: [ template_filter ] --END-- [ RunTime:0.000072s ]
INFO: Run Behavior\ParseTemplateBehavior [ RunTime:0.003902s ]
INFO: [ view_parse ] --END-- [ RunTime:0.003952s ]
INFO: [ view_filter ] --START--
INFO: Run Behavior\WriteHtmlCacheBehavior [ RunTime:0.000117s ]
INFO: [ view_filter ] --END-- [ RunTime:0.000150s ]
INFO: [ app_end ] --START--
INFO: Run Behavior\ShowPageTraceBehavior [ RunTime:0.000404s ]
INFO: [ app_end ] --END-- [ RunTime:0.000438s ]

[ 2016-07-26T18:20:33+08:00 ] 123.116.117.127 /Admin/Guanlishifu/tixianguanli
INFO: [ app_init ] --START--
INFO: Run Behavior\BuildLiteBehavior [ RunTime:0.000013s ]
INFO: [ app_init ] --END-- [ RunTime:0.000294s ]
INFO: [ app_begin ] --START--
INFO: Run Behavior\ReadHtmlCacheBehavior [ RunTime:0.000348s ]
INFO: [ app_begin ] --END-- [ RunTime:0.000407s ]
SQL: SHOW COLUMNS FROM `tixianshenqing` [ RunTime:0.0005s ]
SQL: SELECT * FROM `tixianshenqing` INNER JOIN yinhang on tixianshenqing.yinhang_id=yinhang.yinhang_id INNER JOIN m_user on tixianshenqing.user_id=m_user.user_id  WHERE ( zta=1 )  [ RunTime:0.0004s ]
INFO: [ view_parse ] --START--
INFO: [ template_filter ] --START--
INFO: Run Behavior\ContentReplaceBehavior [ RunTime:0.000026s ]
INFO: [ template_filter ] --END-- [ RunTime:0.000064s ]
INFO: Run Behavior\ParseTemplateBehavior [ RunTime:0.004958s ]
INFO: [ view_parse ] --END-- [ RunTime:0.005044s ]
INFO: [ view_filter ] --START--
INFO: Run Behavior\WriteHtmlCacheBehavior [ RunTime:0.000117s ]
INFO: [ view_filter ] --END-- [ RunTime:0.000150s ]
INFO: [ app_end ] --START--
INFO: Run Behavior\ShowPageTraceBehavior [ RunTime:0.000348s ]
INFO: [ app_end ] --END-- [ RunTime:0.000382s ]

[ 2016-07-26T18:20:33+08:00 ] 112.64.235.249 /Admin/Guanlishifu/tixianguanli
INFO: [ app_init ] --START--
INFO: Run Behavior\BuildLiteBehavior [ RunTime:0.000012s ]
INFO: [ app_init ] --END-- [ RunTime:0.000260s ]
INFO: [ app_begin ] --START--
INFO: Run Behavior\ReadHtmlCacheBehavior [ RunTime:0.000353s ]
INFO: [ app_begin ] --END-- [ RunTime:0.000394s ]
SQL: SHOW COLUMNS FROM `tixianshenqing` [ RunTime:0.0005s ]
SQL: SELECT * FROM `tixianshenqing` INNER JOIN yinhang on tixianshenqing.yinhang_id=yinhang.yinhang_id INNER JOIN m_user on tixianshenqing.user_id=m_user.user_id  WHERE ( zta=1 )  [ RunTime:0.0001s ]
INFO: [ view_parse ] --START--
INFO: [ template_filter ] --START--
INFO: Run Behavior\ContentReplaceBehavior [ RunTime:0.000026s ]
INFO: [ template_filter ] --END-- [ RunTime:0.000064s ]
INFO: Run Behavior\ParseTemplateBehavior [ RunTime:0.004930s ]
INFO: [ view_parse ] --END-- [ RunTime:0.004970s ]
INFO: [ view_filter ] --START--
INFO: Run Behavior\WriteHtmlCacheBehavior [ RunTime:0.000113s ]
INFO: [ view_filter ] --END-- [ RunTime:0.000146s ]
INFO: [ app_end ] --START--
INFO: Run Behavior\ShowPageTraceBehavior [ RunTime:0.000367s ]
INFO: [ app_end ] --END-- [ RunTime:0.000401s ]

[ 2016-07-26T18:20:34+08:00 ] 123.116.117.127 /Admin/Guanlishifu/index
INFO: [ app_init ] --START--
INFO: Run Behavior\BuildLiteBehavior [ RunTime:0.000015s ]
INFO: [ app_init ] --END-- [ RunTime:0.000296s ]
INFO: [ app_begin ] --START--
INFO: Run Behavior\ReadHtmlCacheBehavior [ RunTime:0.000333s ]
INFO: [ app_begin ] --END-- [ RunTime:0.000373s ]
INFO: [ view_parse ] --START--
INFO: [ template_filter ] --START--
INFO: Run Behavior\ContentReplaceBehavior [ RunTime:0.000024s ]
INFO: [ template_filter ] --END-- [ RunTime:0.000063s ]
INFO: Run Behavior\ParseTemplateBehavior [ RunTime:0.003611s ]
INFO: [ view_parse ] --END-- [ RunTime:0.003653s ]
INFO: [ view_filter ] --START--
INFO: Run Behavior\WriteHtmlCacheBehavior [ RunTime:0.000113s ]
INFO: [ view_filter ] --END-- [ RunTime:0.000145s ]
INFO: [ app_end ] --START--
INFO: Run Behavior\ShowPageTraceBehavior [ RunTime:0.000338s ]
INFO: [ app_end ] --END-- [ RunTime:0.000372s ]

[ 2016-07-26T18:20:34+08:00 ] 123.116.117.127 /Admin/Guanlishifu/shifudingdan
INFO: [ app_init ] --START--
INFO: Run Behavior\BuildLiteBehavior [ RunTime:0.000013s ]
INFO: [ app_init ] --END-- [ RunTime:0.000280s ]
INFO: [ app_begin ] --START--
INFO: Run Behavior\ReadHtmlCacheBehavior [ RunTime:0.000330s ]
INFO: [ app_begin ] --END-- [ RunTime:0.000371s ]
SQL: SHOW COLUMNS FROM `dingdanhao` [ RunTime:0.0006s ]
SQL: SELECT * FROM `dingdanhao` INNER JOIN ddxxb on dingdanhao.id=ddxxb.dingdanhaoid INNER JOIN chanpinku on ddxxb.cpk_id=chanpinku.cpk_id  WHERE ( fkzt=1 )  [ RunTime:0.0008s ]
NOTIC: [8] Undefined variable: a /www/pj/Application/Admin/Controller/GuanlishifuController.class.php 第 72 行.
INFO: [ view_parse ] --START--
INFO: [ template_filter ] --START--
INFO: Run Behavior\ContentReplaceBehavior [ RunTime:0.000047s ]
INFO: [ template_filter ] --END-- [ RunTime:0.000088s ]
INFO: Run Behavior\ParseTemplateBehavior [ RunTime:0.005124s ]
INFO: [ view_parse ] --END-- [ RunTime:0.005163s ]
INFO: [ view_filter ] --START--
INFO: Run Behavior\WriteHtmlCacheBehavior [ RunTime:0.000121s ]
INFO: [ view_filter ] --END-- [ RunTime:0.000160s ]
INFO: [ app_end ] --START--
INFO: Run Behavior\ShowPageTraceBehavior [ RunTime:0.000360s ]
INFO: [ app_end ] --END-- [ RunTime:0.000396s ]

[ 2016-07-26T18:20:34+08:00 ] 101.226.33.225 /Admin/Guanlishifu/shifudingdan
INFO: [ app_init ] --START--
INFO: Run Behavior\BuildLiteBehavior [ RunTime:0.000012s ]
INFO: [ app_init ] --END-- [ RunTime:0.000297s ]
INFO: [ app_begin ] --START--
INFO: Run Behavior\ReadHtmlCacheBehavior [ RunTime:0.000365s ]
INFO: [ app_begin ] --END-- [ RunTime:0.000405s ]
SQL: SHOW COLUMNS FROM `dingdanhao` [ RunTime:0.0006s ]
SQL: SELECT * FROM `dingdanhao` INNER JOIN ddxxb on dingdanhao.id=ddxxb.dingdanhaoid INNER JOIN chanpinku on ddxxb.cpk_id=chanpinku.cpk_id  WHERE ( fkzt=1 )  [ RunTime:0.0001s ]
NOTIC: [8] Undefined variable: a /www/pj/Application/Admin/Controller/GuanlishifuController.class.php 第 72 行.
INFO: [ view_parse ] --START--
INFO: [ template_filter ] --START--
INFO: Run Behavior\ContentReplaceBehavior [ RunTime:0.000029s ]
INFO: [ template_filter ] --END-- [ RunTime:0.000068s ]
INFO: Run Behavior\ParseTemplateBehavior [ RunTime:0.005238s ]
INFO: [ view_parse ] --END-- [ RunTime:0.005276s ]
INFO: [ view_filter ] --START--
INFO: Run Behavior\WriteHtmlCacheBehavior [ RunTime:0.000124s ]
INFO: [ view_filter ] --END-- [ RunTime:0.000165s ]
INFO: [ app_end ] --START--
INFO: Run Behavior\ShowPageTraceBehavior [ RunTime:0.000375s ]
INFO: [ app_end ] --END-- [ RunTime:0.000411s ]

[ 2016-07-26T18:20:34+08:00 ] 180.153.206.18 /Admin/Guanlishifu/shifudingdan
INFO: [ app_init ] --START--
INFO: Run Behavior\BuildLiteBehavior [ RunTime:0.000011s ]
INFO: [ app_init ] --END-- [ RunTime:0.000255s ]
INFO: [ app_begin ] --START--
INFO: Run Behavior\ReadHtmlCacheBehavior [ RunTime:0.000333s ]
INFO: [ app_begin ] --END-- [ RunTime:0.000373s ]
SQL: SHOW COLUMNS FROM `dingdanhao` [ RunTime:0.0005s ]
SQL: SELECT * FROM `dingdanhao` INNER JOIN ddxxb on dingdanhao.id=ddxxb.dingdanhaoid INNER JOIN chanpinku on ddxxb.cpk_id=chanpinku.cpk_id  WHERE ( fkzt=1 )  [ RunTime:0.0001s ]
NOTIC: [8] Undefined variable: a /www/pj/Application/Admin/Controller/GuanlishifuController.class.php 第 72 行.
INFO: [ view_parse ] --START--
INFO: [ template_filter ] --START--
INFO: Run Behavior\ContentReplaceBehavior [ RunTime:0.000028s ]
INFO: [ template_filter ] --END-- [ RunTime:0.000066s ]
INFO: Run Behavior\ParseTemplateBehavior [ RunTime:0.005208s ]
INFO: [ view_parse ] --END-- [ RunTime:0.005247s ]
INFO: [ view_filter ] --START--
INFO: Run Behavior\WriteHtmlCacheBehavior [ RunTime:0.000116s ]
INFO: [ view_filter ] --END-- [ RunTime:0.000150s ]
INFO: [ app_end ] --START--
INFO: Run Behavior\ShowPageTraceBehavior [ RunTime:0.000369s ]
INFO: [ app_end ] --END-- [ RunTime:0.000403s ]

[ 2016-07-26T18:20:42+08:00 ] 123.116.117.127 /Admin/Guanlishifu/shenhetongguo/id/49
INFO: [ app_init ] --START--
INFO: Run Behavior\BuildLiteBehavior [ RunTime:0.000013s ]
INFO: [ app_init ] --END-- [ RunTime:0.000267s ]
INFO: [ app_begin ] --START--
INFO: Run Behavior\ReadHtmlCacheBehavior [ RunTime:0.000332s ]
INFO: [ app_begin ] --END-- [ RunTime:0.000373s ]
SQL: SHOW COLUMNS FROM `dingdanhao` [ RunTime:0.0006s ]
SQL: SELECT * FROM `dingdanhao` WHERE ( id='49' ) LIMIT 1   [ RunTime:0.0003s ]
SQL: SHOW COLUMNS FROM `ddxxb` [ RunTime:0.0003s ]
SQL: SELECT * FROM `ddxxb` WHERE ( use_id='6' and dingdanhaoid='49' )  [ RunTime:0.0003s ]
NOTIC: [8] Undefined variable: ddxxid /www/pj/Application/Admin/Controller/GuanlishifuController.class.php 第 97 行.
NOTIC: [8] Undefined variable: skm /www/pj/Application/Admin/Controller/GuanlishifuController.class.php 第 98 行.
NOTIC: [8] Undefined variable: ddnums /www/pj/Application/Admin/Controller/GuanlishifuController.class.php 第 100 行.
NOTIC: [8] Undefined variable: useid /www/pj/Application/Admin/Controller/GuanlishifuController.class.php 第 101 行.
SQL: SHOW COLUMNS FROM `cangku` [ RunTime:0.0003s ]
SQL: INSERT INTO `cangku` (`cangku_name`,`cpk_id`,`numss`,`user_id`,`mdid`,`ddxx_id`) VALUES ('vvxjygrzxveqdncn','1','1','6','1','203') [ RunTime:0.0176s ]
SQL: UPDATE `dingdanhao` SET `fkzt`='2' WHERE ( id='49' ) [ RunTime:0.0094s ]
INFO: [ app_end ] --START--
INFO: Run Behavior\ShowPageTraceBehavior [ RunTime:0.000493s ]
INFO: [ app_end ] --END-- [ RunTime:0.000538s ]

[ 2016-07-26T18:20:42+08:00 ] 123.116.117.127 /Admin/Guanlishifu/shifudingdan
INFO: [ app_init ] --START--
INFO: Run Behavior\BuildLiteBehavior [ RunTime:0.000011s ]
INFO: [ app_init ] --END-- [ RunTime:0.000256s ]
INFO: [ app_begin ] --START--
INFO: Run Behavior\ReadHtmlCacheBehavior [ RunTime:0.000337s ]
INFO: [ app_begin ] --END-- [ RunTime:0.000376s ]
SQL: SHOW COLUMNS FROM `dingdanhao` [ RunTime:0.0006s ]
SQL: SELECT * FROM `dingdanhao` INNER JOIN ddxxb on dingdanhao.id=ddxxb.dingdanhaoid INNER JOIN chanpinku on ddxxb.cpk_id=chanpinku.cpk_id  WHERE ( fkzt=1 )  [ RunTime:0.0006s ]
NOTIC: [8] Undefined variable: a /www/pj/Application/Admin/Controller/GuanlishifuController.class.php 第 72 行.
INFO: [ view_parse ] --START--
INFO: [ template_filter ] --START--
INFO: Run Behavior\ContentReplaceBehavior [ RunTime:0.000027s ]
INFO: [ template_filter ] --END-- [ RunTime:0.000065s ]
INFO: Run Behavior\ParseTemplateBehavior [ RunTime:0.005232s ]
INFO: [ view_parse ] --END-- [ RunTime:0.005271s ]
INFO: [ view_filter ] --START--
INFO: Run Behavior\WriteHtmlCacheBehavior [ RunTime:0.000114s ]
INFO: [ view_filter ] --END-- [ RunTime:0.000148s ]
INFO: [ app_end ] --START--
INFO: Run Behavior\ShowPageTraceBehavior [ RunTime:0.000347s ]
INFO: [ app_end ] --END-- [ RunTime:0.000382s ]

[ 2016-07-26T18:20:42+08:00 ] 112.64.235.86 /Admin/Guanlishifu/shenhetongguo/id/49
INFO: [ app_init ] --START--
INFO: Run Behavior\BuildLiteBehavior [ RunTime:0.000011s ]
INFO: [ app_init ] --END-- [ RunTime:0.000260s ]
INFO: [ app_begin ] --START--
INFO: Run Behavior\ReadHtmlCacheBehavior [ RunTime:0.000395s ]
INFO: [ app_begin ] --END-- [ RunTime:0.000435s ]
SQL: SHOW COLUMNS FROM `dingdanhao` [ RunTime:0.0005s ]
SQL: SELECT * FROM `dingdanhao` WHERE ( id='49' ) LIMIT 1   [ RunTime:0.0003s ]
SQL: SHOW COLUMNS FROM `ddxxb` [ RunTime:0.0003s ]
SQL: SELECT * FROM `ddxxb` WHERE ( use_id='6' and dingdanhaoid='49' )  [ RunTime:0.0001s ]
NOTIC: [8] Undefined variable: ddxxid /www/pj/Application/Admin/Controller/GuanlishifuController.class.php 第 97 行.
NOTIC: [8] Undefined variable: skm /www/pj/Application/Admin/Controller/GuanlishifuController.class.php 第 98 行.
NOTIC: [8] Undefined variable: ddnums /www/pj/Application/Admin/Controller/GuanlishifuController.class.php 第 100 行.
NOTIC: [8] Undefined variable: useid /www/pj/Application/Admin/Controller/GuanlishifuController.class.php 第 101 行.
SQL: SHOW COLUMNS FROM `cangku` [ RunTime:0.0004s ]
SQL: INSERT INTO `cangku` (`cangku_name`,`cpk_id`,`numss`,`user_id`,`mdid`,`ddxx_id`) VALUES ('vvxjygrzxveqdncn','1','1','6','1','203') [ RunTime:0.0142s ]
SQL: UPDATE `dingdanhao` SET `fkzt`='2' WHERE ( id='49' ) [ RunTime:0.0089s ]
INFO: [ app_end ] --START--
INFO: Run Behavior\ShowPageTraceBehavior [ RunTime:0.000434s ]
INFO: [ app_end ] --END-- [ RunTime:0.000476s ]

[ 2016-07-26T18:20:43+08:00 ] 123.116.117.127 /Admin/Guanlishifu/shenhetongguo/id/50
INFO: [ app_init ] --START--
INFO: Run Behavior\BuildLiteBehavior [ RunTime:0.000013s ]
INFO: [ app_init ] --END-- [ RunTime:0.000293s ]
INFO: [ app_begin ] --START--
INFO: Run Behavior\ReadHtmlCacheBehavior [ RunTime:0.000348s ]
INFO: [ app_begin ] --END-- [ RunTime:0.000388s ]
SQL: SHOW COLUMNS FROM `dingdanhao` [ RunTime:0.0007s ]
SQL: SELECT * FROM `dingdanhao` WHERE ( id='50' ) LIMIT 1   [ RunTime:0.0003s ]
SQL: SHOW COLUMNS FROM `ddxxb` [ RunTime:0.0004s ]
SQL: SELECT * FROM `ddxxb` WHERE ( use_id='6' and dingdanhaoid='50' )  [ RunTime:0.0003s ]
NOTIC: [8] Undefined variable: ddxxid /www/pj/Application/Admin/Controller/GuanlishifuController.class.php 第 97 行.
NOTIC: [8] Undefined variable: skm /www/pj/Application/Admin/Controller/GuanlishifuController.class.php 第 98 行.
NOTIC: [8] Undefined variable: ddnums /www/pj/Application/Admin/Controller/GuanlishifuController.class.php 第 100 行.
NOTIC: [8] Undefined variable: useid /www/pj/Application/Admin/Controller/GuanlishifuController.class.php 第 101 行.
SQL: SHOW COLUMNS FROM `cangku` [ RunTime:0.0003s ]
SQL: INSERT INTO `cangku` (`cangku_name`,`cpk_id`,`numss`,`user_id`,`mdid`,`ddxx_id`) VALUES ('zdzdnqtrfvanhnnk','1','1','6','1','204') [ RunTime:0.0118s ]
SQL: UPDATE `dingdanhao` SET `fkzt`='2' WHERE ( id='50' ) [ RunTime:0.0089s ]
INFO: [ app_end ] --START--
INFO: Run Behavior\ShowPageTraceBehavior [ RunTime:0.000566s ]
INFO: [ app_end ] --END-- [ RunTime:0.000671s ]

[ 2016-07-26T18:20:43+08:00 ] 123.116.117.127 /Admin/Guanlishifu/shifudingdan
INFO: [ app_init ] --START--
INFO: Run Behavior\BuildLiteBehavior [ RunTime:0.000018s ]
INFO: [ app_init ] --END-- [ RunTime:0.000289s ]
INFO: [ app_begin ] --START--
INFO: Run Behavior\ReadHtmlCacheBehavior [ RunTime:0.000408s ]
INFO: [ app_begin ] --END-- [ RunTime:0.000454s ]
SQL: SHOW COLUMNS FROM `dingdanhao` [ RunTime:0.0006s ]
SQL: SELECT * FROM `dingdanhao` INNER JOIN ddxxb on dingdanhao.id=ddxxb.dingdanhaoid INNER JOIN chanpinku on ddxxb.cpk_id=chanpinku.cpk_id  WHERE ( fkzt=1 )  [ RunTime:0.0006s ]
NOTIC: [8] Undefined variable: a /www/pj/Application/Admin/Controller/GuanlishifuController.class.php 第 72 行.
INFO: [ view_parse ] --START--
INFO: [ template_filter ] --START--
INFO: Run Behavior\ContentReplaceBehavior [ RunTime:0.000050s ]
INFO: [ template_filter ] --END-- [ RunTime:0.004155s ]
INFO: Run Behavior\ParseTemplateBehavior [ RunTime:0.018192s ]
INFO: [ view_parse ] --END-- [ RunTime:0.018234s ]
INFO: [ view_filter ] --START--
INFO: Run Behavior\WriteHtmlCacheBehavior [ RunTime:0.000129s ]
INFO: [ view_filter ] --END-- [ RunTime:0.000164s ]
INFO: [ app_end ] --START--
INFO: Run Behavior\ShowPageTraceBehavior [ RunTime:0.000417s ]
INFO: [ app_end ] --END-- [ RunTime:0.000454s ]

[ 2016-07-26T18:20:43+08:00 ] 112.64.235.245 /Admin/Guanlishifu/shenhetongguo/id/50
INFO: [ app_init ] --START--
INFO: Run Behavior\BuildLiteBehavior [ RunTime:0.000013s ]
INFO: [ app_init ] --END-- [ RunTime:0.000271s ]
INFO: [ app_begin ] --START--
INFO: Run Behavior\ReadHtmlCacheBehavior [ RunTime:0.000349s ]
INFO: [ app_begin ] --END-- [ RunTime:0.000387s ]
SQL: SHOW COLUMNS FROM `dingdanhao` [ RunTime:0.0006s ]
SQL: SELECT * FROM `dingdanhao` WHERE ( id='50' ) LIMIT 1   [ RunTime:0.0011s ]
SQL: SHOW COLUMNS FROM `ddxxb` [ RunTime:0.0008s ]
SQL: SELECT * FROM `ddxxb` WHERE ( use_id='6' and dingdanhaoid='50' )  [ RunTime:0.0003s ]
NOTIC: [8] Undefined variable: ddxxid /www/pj/Application/Admin/Controller/GuanlishifuController.class.php 第 97 行.
NOTIC: [8] Undefined variable: skm /www/pj/Application/Admin/Controller/GuanlishifuController.class.php 第 98 行.
NOTIC: [8] Undefined variable: ddnums /www/pj/Application/Admin/Controller/GuanlishifuController.class.php 第 100 行.
NOTIC: [8] Undefined variable: useid /www/pj/Application/Admin/Controller/GuanlishifuController.class.php 第 101 行.
SQL: SHOW COLUMNS FROM `cangku` [ RunTime:0.0008s ]
SQL: INSERT INTO `cangku` (`cangku_name`,`cpk_id`,`numss`,`user_id`,`mdid`,`ddxx_id`) VALUES ('zdzdnqtrfvanhnnk','1','1','6','1','204') [ RunTime:0.0135s ]
SQL: UPDATE `dingdanhao` SET `fkzt`='2' WHERE ( id='50' ) [ RunTime:0.0233s ]
INFO: [ app_end ] --START--
INFO: Run Behavior\ShowPageTraceBehavior [ RunTime:0.000522s ]
INFO: [ app_end ] --END-- [ RunTime:0.000566s ]

[ 2016-07-26T18:20:43+08:00 ] 101.226.33.217 /Admin/Guanlishifu/shenhetongguo/id/50
INFO: [ app_init ] --START--
INFO: Run Behavior\BuildLiteBehavior [ RunTime:0.000035s ]
INFO: [ app_init ] --END-- [ RunTime:0.000316s ]
INFO: [ app_begin ] --START--
INFO: Run Behavior\ReadHtmlCacheBehavior [ RunTime:0.000356s ]
INFO: [ app_begin ] --END-- [ RunTime:0.000396s ]
SQL: SHOW COLUMNS FROM `dingdanhao` [ RunTime:0.0004s ]
SQL: SELECT * FROM `dingdanhao` WHERE ( id='50' ) LIMIT 1   [ RunTime:0.0005s ]
SQL: SHOW COLUMNS FROM `ddxxb` [ RunTime:0.0006s ]
SQL: SELECT * FROM `ddxxb` WHERE ( use_id='6' and dingdanhaoid='50' )  [ RunTime:0.0006s ]
NOTIC: [8] Undefined variable: ddxxid /www/pj/Application/Admin/Controller/GuanlishifuController.class.php 第 97 行.
NOTIC: [8] Undefined variable: skm /www/pj/Application/Admin/Controller/GuanlishifuController.class.php 第 98 行.
NOTIC: [8] Undefined variable: ddnums /www/pj/Application/Admin/Controller/GuanlishifuController.class.php 第 100 行.
NOTIC: [8] Undefined variable: useid /www/pj/Application/Admin/Controller/GuanlishifuController.class.php 第 101 行.
SQL: SHOW COLUMNS FROM `cangku` [ RunTime:0.0008s ]
SQL: INSERT INTO `cangku` (`cangku_name`,`cpk_id`,`numss`,`user_id`,`mdid`,`ddxx_id`) VALUES ('zdzdnqtrfvanhnnk','1','1','6','1','204') [ RunTime:0.0188s ]
SQL: UPDATE `dingdanhao` SET `fkzt`='2' WHERE ( id='50' ) [ RunTime:0.0277s ]
INFO: [ app_end ] --START--
INFO: Run Behavior\ShowPageTraceBehavior [ RunTime:0.000435s ]
INFO: [ app_end ] --END-- [ RunTime:0.000479s ]

[ 2016-07-26T18:20:45+08:00 ] 123.116.117.127 /Admin/Guanlishifu/shenhetongguo/id/53
INFO: [ app_init ] --START--
INFO: Run Behavior\BuildLiteBehavior [ RunTime:0.000012s ]
INFO: [ app_init ] --END-- [ RunTime:0.000279s ]
INFO: [ app_begin ] --START--
INFO: Run Behavior\ReadHtmlCacheBehavior [ RunTime:0.000345s ]
INFO: [ app_begin ] --END-- [ RunTime:0.000384s ]
SQL: SHOW COLUMNS FROM `dingdanhao` [ RunTime:0.0006s ]
SQL: SELECT * FROM `dingdanhao` WHERE ( id='53' ) LIMIT 1   [ RunTime:0.0003s ]
SQL: SHOW COLUMNS FROM `ddxxb` [ RunTime:0.0003s ]
SQL: SELECT * FROM `ddxxb` WHERE ( use_id='6' and dingdanhaoid='53' )  [ RunTime:0.0003s ]
NOTIC: [8] Undefined variable: ddxxid /www/pj/Application/Admin/Controller/GuanlishifuController.class.php 第 97 行.
NOTIC: [8] Undefined variable: skm /www/pj/Application/Admin/Controller/GuanlishifuController.class.php 第 98 行.
NOTIC: [8] Undefined variable: ddnums /www/pj/Application/Admin/Controller/GuanlishifuController.class.php 第 100 行.
NOTIC: [8] Undefined variable: useid /www/pj/Application/Admin/Controller/GuanlishifuController.class.php 第 101 行.
SQL: SHOW COLUMNS FROM `cangku` [ RunTime:0.0003s ]
SQL: INSERT INTO `cangku` (`cangku_name`,`cpk_id`,`numss`,`user_id`,`mdid`,`ddxx_id`) VALUES ('gcmdnsdpvfyamlyc','2271','1','6','121','216'),('kvnxafxczcojxzmj','2272','1','6','121','217'),('byuqkklkmieyhgcf','2273','1','6','121','218') [ RunTime:0.0141s ]
SQL: UPDATE `dingdanhao` SET `fkzt`='2' WHERE ( id='53' ) [ RunTime:0.0081s ]
INFO: [ app_end ] --START--
INFO: Run Behavior\ShowPageTraceBehavior [ RunTime:0.000369s ]
INFO: [ app_end ] --END-- [ RunTime:0.000410s ]

[ 2016-07-26T18:20:45+08:00 ] 123.116.117.127 /Admin/Guanlishifu/shifudingdan
INFO: [ app_init ] --START--
INFO: Run Behavior\BuildLiteBehavior [ RunTime:0.000011s ]
INFO: [ app_init ] --END-- [ RunTime:0.000250s ]
INFO: [ app_begin ] --START--
INFO: Run Behavior\ReadHtmlCacheBehavior [ RunTime:0.000405s ]
INFO: [ app_begin ] --END-- [ RunTime:0.000452s ]
SQL: SHOW COLUMNS FROM `dingdanhao` [ RunTime:0.0005s ]
SQL: SELECT * FROM `dingdanhao` INNER JOIN ddxxb on dingdanhao.id=ddxxb.dingdanhaoid INNER JOIN chanpinku on ddxxb.cpk_id=chanpinku.cpk_id  WHERE ( fkzt=1 )  [ RunTime:0.0005s ]
NOTIC: [8] Undefined variable: arr /www/pj/Application/Admin/Controller/GuanlishifuController.class.php 第 71 行.
INFO: [ view_parse ] --START--
INFO: [ template_filter ] --START--
INFO: Run Behavior\ContentReplaceBehavior [ RunTime:0.000031s ]
INFO: [ template_filter ] --END-- [ RunTime:0.000068s ]
INFO: Run Behavior\ParseTemplateBehavior [ RunTime:0.010356s ]
INFO: [ view_parse ] --END-- [ RunTime:0.010395s ]
INFO: [ view_filter ] --START--
INFO: Run Behavior\WriteHtmlCacheBehavior [ RunTime:0.000118s ]
INFO: [ view_filter ] --END-- [ RunTime:0.000152s ]
INFO: [ app_end ] --START--
INFO: Run Behavior\ShowPageTraceBehavior [ RunTime:0.000356s ]
INFO: [ app_end ] --END-- [ RunTime:0.000392s ]

[ 2016-07-26T18:20:45+08:00 ] 101.226.65.104 /Admin/Guanlishifu/shenhetongguo/id/53
INFO: [ app_init ] --START--
INFO: Run Behavior\BuildLiteBehavior [ RunTime:0.000010s ]
INFO: [ app_init ] --END-- [ RunTime:0.000250s ]
INFO: [ app_begin ] --START--
INFO: Run Behavior\ReadHtmlCacheBehavior [ RunTime:0.000330s ]
INFO: [ app_begin ] --END-- [ RunTime:0.000369s ]
SQL: SHOW COLUMNS FROM `dingdanhao` [ RunTime:0.0005s ]
SQL: SELECT * FROM `dingdanhao` WHERE ( id='53' ) LIMIT 1   [ RunTime:0.0002s ]
SQL: SHOW COLUMNS FROM `ddxxb` [ RunTime:0.0003s ]
SQL: SELECT * FROM `ddxxb` WHERE ( use_id='6' and dingdanhaoid='53' )  [ RunTime:0.0001s ]
NOTIC: [8] Undefined variable: ddxxid /www/pj/Application/Admin/Controller/GuanlishifuController.class.php 第 97 行.
NOTIC: [8] Undefined variable: skm /www/pj/Application/Admin/Controller/GuanlishifuController.class.php 第 98 行.
NOTIC: [8] Undefined variable: ddnums /www/pj/Application/Admin/Controller/GuanlishifuController.class.php 第 100 行.
NOTIC: [8] Undefined variable: useid /www/pj/Application/Admin/Controller/GuanlishifuController.class.php 第 101 行.
SQL: SHOW COLUMNS FROM `cangku` [ RunTime:0.0003s ]
SQL: INSERT INTO `cangku` (`cangku_name`,`cpk_id`,`numss`,`user_id`,`mdid`,`ddxx_id`) VALUES ('gcmdnsdpvfyamlyc','2271','1','6','121','216'),('kvnxafxczcojxzmj','2272','1','6','121','217'),('byuqkklkmieyhgcf','2273','1','6','121','218') [ RunTime:0.0113s ]
SQL: UPDATE `dingdanhao` SET `fkzt`='2' WHERE ( id='53' ) [ RunTime:0.0160s ]
INFO: [ app_end ] --START--
INFO: Run Behavior\ShowPageTraceBehavior [ RunTime:0.000438s ]
INFO: [ app_end ] --END-- [ RunTime:0.000481s ]

[ 2016-07-26T18:20:48+08:00 ] 180.153.214.182 /Admin/Guanlishifu/shenhetongguo/id/53
INFO: [ app_init ] --START--
INFO: Run Behavior\BuildLiteBehavior [ RunTime:0.000012s ]
INFO: [ app_init ] --END-- [ RunTime:0.000264s ]
INFO: [ app_begin ] --START--
INFO: Run Behavior\ReadHtmlCacheBehavior [ RunTime:0.000329s ]
INFO: [ app_begin ] --END-- [ RunTime:0.000368s ]
SQL: SHOW COLUMNS FROM `dingdanhao` [ RunTime:0.0005s ]
SQL: SELECT * FROM `dingdanhao` WHERE ( id='53' ) LIMIT 1   [ RunTime:0.0001s ]
SQL: SHOW COLUMNS FROM `ddxxb` [ RunTime:0.0003s ]
SQL: SELECT * FROM `ddxxb` WHERE ( use_id='6' and dingdanhaoid='53' )  [ RunTime:0.0001s ]
NOTIC: [8] Undefined variable: ddxxid /www/pj/Application/Admin/Controller/GuanlishifuController.class.php 第 97 行.
NOTIC: [8] Undefined variable: skm /www/pj/Application/Admin/Controller/GuanlishifuController.class.php 第 98 行.
NOTIC: [8] Undefined variable: ddnums /www/pj/Application/Admin/Controller/GuanlishifuController.class.php 第 100 行.
NOTIC: [8] Undefined variable: useid /www/pj/Application/Admin/Controller/GuanlishifuController.class.php 第 101 行.
SQL: SHOW COLUMNS FROM `cangku` [ RunTime:0.0003s ]
SQL: INSERT INTO `cangku` (`cangku_name`,`cpk_id`,`numss`,`user_id`,`mdid`,`ddxx_id`) VALUES ('gcmdnsdpvfyamlyc','2271','1','6','121','216'),('kvnxafxczcojxzmj','2272','1','6','121','217'),('byuqkklkmieyhgcf','2273','1','6','121','218') [ RunTime:0.0144s ]
SQL: UPDATE `dingdanhao` SET `fkzt`='2' WHERE ( id='53' ) [ RunTime:0.0095s ]
INFO: [ app_end ] --START--
INFO: Run Behavior\ShowPageTraceBehavior [ RunTime:0.000377s ]
INFO: [ app_end ] --END-- [ RunTime:0.000418s ]

[ 2016-07-26T18:20:49+08:00 ] 101.226.66.187 /Admin/Guanlishifu/shenhetongguo/id/49
INFO: [ app_init ] --START--
INFO: Run Behavior\BuildLiteBehavior [ RunTime:0.000013s ]
INFO: [ app_init ] --END-- [ RunTime:0.000293s ]
INFO: [ app_begin ] --START--
INFO: Run Behavior\ReadHtmlCacheBehavior [ RunTime:0.000329s ]
INFO: [ app_begin ] --END-- [ RunTime:0.000368s ]
SQL: SHOW COLUMNS FROM `dingdanhao` [ RunTime:0.0005s ]
SQL: SELECT * FROM `dingdanhao` WHERE ( id='49' ) LIMIT 1   [ RunTime:0.0003s ]
SQL: SHOW COLUMNS FROM `ddxxb` [ RunTime:0.0003s ]
SQL: SELECT * FROM `ddxxb` WHERE ( use_id='6' and dingdanhaoid='49' )  [ RunTime:0.0001s ]
NOTIC: [8] Undefined variable: ddxxid /www/pj/Application/Admin/Controller/GuanlishifuController.class.php 第 97 行.
NOTIC: [8] Undefined variable: skm /www/pj/Application/Admin/Controller/GuanlishifuController.class.php 第 98 行.
NOTIC: [8] Undefined variable: ddnums /www/pj/Application/Admin/Controller/GuanlishifuController.class.php 第 100 行.
NOTIC: [8] Undefined variable: useid /www/pj/Application/Admin/Controller/GuanlishifuController.class.php 第 101 行.
SQL: SHOW COLUMNS FROM `cangku` [ RunTime:0.0004s ]
SQL: INSERT INTO `cangku` (`cangku_name`,`cpk_id`,`numss`,`user_id`,`mdid`,`ddxx_id`) VALUES ('vvxjygrzxveqdncn','1','1','6','1','203') [ RunTime:0.0141s ]
SQL: UPDATE `dingdanhao` SET `fkzt`='2' WHERE ( id='49' ) [ RunTime:0.0106s ]
INFO: [ app_end ] --START--
INFO: Run Behavior\ShowPageTraceBehavior [ RunTime:0.000567s ]
INFO: [ app_end ] --END-- [ RunTime:0.000613s ]

[ 2016-07-26T18:31:13+08:00 ] 123.116.117.127 /Admin/Guanlishifu/shifudingdan
INFO: [ app_init ] --START--
INFO: Run Behavior\BuildLiteBehavior [ RunTime:0.000013s ]
INFO: [ app_init ] --END-- [ RunTime:0.000266s ]
INFO: [ app_begin ] --START--
INFO: Run Behavior\ReadHtmlCacheBehavior [ RunTime:0.000333s ]
INFO: [ app_begin ] --END-- [ RunTime:0.000373s ]
SQL: SHOW COLUMNS FROM `dingdanhao` [ RunTime:0.0006s ]
SQL: SELECT * FROM `dingdanhao` INNER JOIN ddxxb on dingdanhao.id=ddxxb.dingdanhaoid INNER JOIN chanpinku on ddxxb.cpk_id=chanpinku.cpk_id  WHERE ( fkzt=1 )  [ RunTime:0.0005s ]
NOTIC: [8] Undefined variable: a /www/pj/Application/Admin/Controller/GuanlishifuController.class.php 第 72 行.
INFO: [ view_parse ] --START--
INFO: [ template_filter ] --START--
INFO: Run Behavior\ContentReplaceBehavior [ RunTime:0.000028s ]
INFO: [ template_filter ] --END-- [ RunTime:0.000066s ]
INFO: Run Behavior\ParseTemplateBehavior [ RunTime:0.005013s ]
INFO: [ view_parse ] --END-- [ RunTime:0.005051s ]
INFO: [ view_filter ] --START--
INFO: Run Behavior\WriteHtmlCacheBehavior [ RunTime:0.000136s ]
INFO: [ view_filter ] --END-- [ RunTime:0.000170s ]
INFO: [ app_end ] --START--
INFO: Run Behavior\ShowPageTraceBehavior [ RunTime:0.000346s ]
INFO: [ app_end ] --END-- [ RunTime:0.000381s ]

[ 2016-07-26T18:31:14+08:00 ] 123.116.117.127 /Admin/Guanlishifu/shenhetongguo/id/56
INFO: [ app_init ] --START--
INFO: Run Behavior\BuildLiteBehavior [ RunTime:0.000013s ]
INFO: [ app_init ] --END-- [ RunTime:0.000264s ]
INFO: [ app_begin ] --START--
INFO: Run Behavior\ReadHtmlCacheBehavior [ RunTime:0.000332s ]
INFO: [ app_begin ] --END-- [ RunTime:0.000372s ]
SQL: SHOW COLUMNS FROM `dingdanhao` [ RunTime:0.0006s ]
SQL: SELECT * FROM `dingdanhao` WHERE ( id='56' ) LIMIT 1   [ RunTime:0.0003s ]
SQL: SHOW COLUMNS FROM `ddxxb` [ RunTime:0.0004s ]
SQL: SELECT * FROM `ddxxb` WHERE ( use_id='6' and dingdanhaoid='56' )  [ RunTime:0.0003s ]
NOTIC: [8] Undefined variable: ddxxid /www/pj/Application/Admin/Controller/GuanlishifuController.class.php 第 97 行.
NOTIC: [8] Undefined variable: skm /www/pj/Application/Admin/Controller/GuanlishifuController.class.php 第 98 行.
NOTIC: [8] Undefined variable: ddnums /www/pj/Application/Admin/Controller/GuanlishifuController.class.php 第 100 行.
NOTIC: [8] Undefined variable: useid /www/pj/Application/Admin/Controller/GuanlishifuController.class.php 第 101 行.
SQL: SHOW COLUMNS FROM `cangku` [ RunTime:0.0003s ]
SQL: INSERT INTO `cangku` (`cangku_name`,`cpk_id`,`numss`,`user_id`,`mdid`,`ddxx_id`) VALUES ('wyrwdzpmnlaaksiv','1743','1','6','93','223'),('zmwmvwmqlzemxydi','1744','1','6','93','224') [ RunTime:0.0131s ]
SQL: UPDATE `dingdanhao` SET `fkzt`='2' WHERE ( id='56' ) [ RunTime:0.0101s ]
INFO: [ app_end ] --START--
INFO: Run Behavior\ShowPageTraceBehavior [ RunTime:0.000392s ]
INFO: [ app_end ] --END-- [ RunTime:0.000434s ]

[ 2016-07-26T18:31:14+08:00 ] 123.116.117.127 /Admin/Guanlishifu/shifudingdan
INFO: [ app_init ] --START--
INFO: Run Behavior\BuildLiteBehavior [ RunTime:0.000011s ]
INFO: [ app_init ] --END-- [ RunTime:0.000289s ]
INFO: [ app_begin ] --START--
INFO: Run Behavior\ReadHtmlCacheBehavior [ RunTime:0.000332s ]
INFO: [ app_begin ] --END-- [ RunTime:0.000371s ]
SQL: SHOW COLUMNS FROM `dingdanhao` [ RunTime:0.0005s ]
SQL: SELECT * FROM `dingdanhao` INNER JOIN ddxxb on dingdanhao.id=ddxxb.dingdanhaoid INNER JOIN chanpinku on ddxxb.cpk_id=chanpinku.cpk_id  WHERE ( fkzt=1 )  [ RunTime:0.0005s ]
NOTIC: [8] Undefined variable: arr /www/pj/Application/Admin/Controller/GuanlishifuController.class.php 第 71 行.
INFO: [ view_parse ] --START--
INFO: [ template_filter ] --START--
INFO: Run Behavior\ContentReplaceBehavior [ RunTime:0.000028s ]
INFO: [ template_filter ] --END-- [ RunTime:0.000066s ]
INFO: Run Behavior\ParseTemplateBehavior [ RunTime:0.005108s ]
INFO: [ view_parse ] --END-- [ RunTime:0.005167s ]
INFO: [ view_filter ] --START--
INFO: Run Behavior\WriteHtmlCacheBehavior [ RunTime:0.000137s ]
INFO: [ view_filter ] --END-- [ RunTime:0.000182s ]
INFO: [ app_end ] --START--
INFO: Run Behavior\ShowPageTraceBehavior [ RunTime:0.000356s ]
INFO: [ app_end ] --END-- [ RunTime:0.000402s ]

[ 2016-07-26T18:31:14+08:00 ] 101.226.66.177 /Admin/Guanlishifu/shenhetongguo/id/56
INFO: [ app_init ] --START--
INFO: Run Behavior\BuildLiteBehavior [ RunTime:0.000011s ]
INFO: [ app_init ] --END-- [ RunTime:0.000249s ]
INFO: [ app_begin ] --START--
INFO: Run Behavior\ReadHtmlCacheBehavior [ RunTime:0.000370s ]
INFO: [ app_begin ] --END-- [ RunTime:0.000410s ]
SQL: SHOW COLUMNS FROM `dingdanhao` [ RunTime:0.0004s ]
SQL: SELECT * FROM `dingdanhao` WHERE ( id='56' ) LIMIT 1   [ RunTime:0.0002s ]
SQL: SHOW COLUMNS FROM `ddxxb` [ RunTime:0.0004s ]
SQL: SELECT * FROM `ddxxb` WHERE ( use_id='6' and dingdanhaoid='56' )  [ RunTime:0.0001s ]
NOTIC: [8] Undefined variable: ddxxid /www/pj/Application/Admin/Controller/GuanlishifuController.class.php 第 97 行.
NOTIC: [8] Undefined variable: skm /www/pj/Application/Admin/Controller/GuanlishifuController.class.php 第 98 行.
NOTIC: [8] Undefined variable: ddnums /www/pj/Application/Admin/Controller/GuanlishifuController.class.php 第 100 行.
NOTIC: [8] Undefined variable: useid /www/pj/Application/Admin/Controller/GuanlishifuController.class.php 第 101 行.
SQL: SHOW COLUMNS FROM `cangku` [ RunTime:0.0003s ]
SQL: INSERT INTO `cangku` (`cangku_name`,`cpk_id`,`numss`,`user_id`,`mdid`,`ddxx_id`) VALUES ('wyrwdzpmnlaaksiv','1743','1','6','93','223'),('zmwmvwmqlzemxydi','1744','1','6','93','224') [ RunTime:0.0108s ]
SQL: UPDATE `dingdanhao` SET `fkzt`='2' WHERE ( id='56' ) [ RunTime:0.0062s ]
INFO: [ app_end ] --START--
INFO: Run Behavior\ShowPageTraceBehavior [ RunTime:0.000359s ]
INFO: [ app_end ] --END-- [ RunTime:0.000432s ]

[ 2016-07-26T18:31:21+08:00 ] 180.153.214.178 /Admin/Guanlishifu/shenhetongguo/id/56
INFO: [ app_init ] --START--
INFO: Run Behavior\BuildLiteBehavior [ RunTime:0.000013s ]
INFO: [ app_init ] --END-- [ RunTime:0.000292s ]
INFO: [ app_begin ] --START--
INFO: Run Behavior\ReadHtmlCacheBehavior [ RunTime:0.000348s ]
INFO: [ app_begin ] --END-- [ RunTime:0.000389s ]
SQL: SHOW COLUMNS FROM `dingdanhao` [ RunTime:0.0005s ]
SQL: SELECT * FROM `dingdanhao` WHERE ( id='56' ) LIMIT 1   [ RunTime:0.0001s ]
SQL: SHOW COLUMNS FROM `ddxxb` [ RunTime:0.0003s ]
SQL: SELECT * FROM `ddxxb` WHERE ( use_id='6' and dingdanhaoid='56' )  [ RunTime:0.0001s ]
NOTIC: [8] Undefined variable: ddxxid /www/pj/Application/Admin/Controller/GuanlishifuController.class.php 第 97 行.
NOTIC: [8] Undefined variable: skm /www/pj/Application/Admin/Controller/GuanlishifuController.class.php 第 98 行.
NOTIC: [8] Undefined variable: ddnums /www/pj/Application/Admin/Controller/GuanlishifuController.class.php 第 100 行.
NOTIC: [8] Undefined variable: useid /www/pj/Application/Admin/Controller/GuanlishifuController.class.php 第 101 行.
SQL: SHOW COLUMNS FROM `cangku` [ RunTime:0.0003s ]
SQL: INSERT INTO `cangku` (`cangku_name`,`cpk_id`,`numss`,`user_id`,`mdid`,`ddxx_id`) VALUES ('wyrwdzpmnlaaksiv','1743','1','6','93','223'),('zmwmvwmqlzemxydi','1744','1','6','93','224') [ RunTime:0.0190s ]
SQL: UPDATE `dingdanhao` SET `fkzt`='2' WHERE ( id='56' ) [ RunTime:0.0121s ]
INFO: [ app_end ] --START--
INFO: Run Behavior\ShowPageTraceBehavior [ RunTime:0.000554s ]
INFO: [ app_end ] --END-- [ RunTime:0.000619s ]

