[ 2016-06-20T11:42:04+08:00 ] 127.0.0.1 /ceshi/www/index.php/Admin/index
INFO: [ app_init ] --START--
INFO: Run Behavior\BuildLiteBehavior [ RunTime:0.000011s ]
INFO: [ app_init ] --END-- [ RunTime:0.000422s ]
INFO: [ app_begin ] --START--
INFO: Run Behavior\ReadHtmlCacheBehavior [ RunTime:0.000543s ]
INFO: [ app_begin ] --END-- [ RunTime:0.000576s ]
INFO: [ view_parse ] --START--
INFO: [ template_filter ] --START--
INFO: Run Behavior\ContentReplaceBehavior [ RunTime:0.000028s ]
INFO: [ template_filter ] --END-- [ RunTime:0.000099s ]
INFO: Run Behavior\ParseTemplateBehavior [ RunTime:0.035083s ]
INFO: [ view_parse ] --END-- [ RunTime:0.035137s ]
INFO: [ view_filter ] --START--
INFO: Run Behavior\WriteHtmlCacheBehavior [ RunTime:0.000290s ]
INFO: [ view_filter ] --END-- [ RunTime:0.000327s ]
INFO: [ app_end ] --START--
INFO: Run Behavior\ShowPageTraceBehavior [ RunTime:0.000545s ]
INFO: [ app_end ] --END-- [ RunTime:0.000583s ]

[ 2016-06-20T11:42:06+08:00 ] 127.0.0.1 /ceshi/www/index.php/Admin/Ddguanli/jixiu/ways_id/3
INFO: [ app_init ] --START--
INFO: Run Behavior\BuildLiteBehavior [ RunTime:0.000012s ]
INFO: [ app_init ] --END-- [ RunTime:0.000383s ]
INFO: [ app_begin ] --START--
INFO: Run Behavior\ReadHtmlCacheBehavior [ RunTime:0.000534s ]
INFO: [ app_begin ] --END-- [ RunTime:0.000574s ]
SQL: SHOW COLUMNS FROM `goods` [ RunTime:0.0030s ]
SQL: SELECT * FROM `goods` WHERE ( ways_id='3' and stau='0' )  [ RunTime:0.0005s ]
NOTIC: [8] Undefined variable: id F:\web\apache\htdocs\ceshi\www\Application\Admin\Controller\DdguanliController.class.php 第 19 行.
SQL: SELECT * FROM `goods` INNER JOIN maintenance_ways on goods.ways_id=maintenance_ways.ways_id INNER JOIN wxzx on goods.wxzx_id=wxzx.wxzx_id INNER JOIN maintenance_model on goods.model_id=maintenance_model.model_id INNER JOIN maintenance_color on goods.color_id=maintenance_color.color_id INNER JOIN maintenance_plan on goods.plan_id=maintenance_plan.plan_id INNER JOIN maintenance_question on goods.question_id=maintenance_question.question_id  WHERE ( id in(81) )  [ RunTime:0.0009s ]
INFO: [ view_parse ] --START--
INFO: [ template_filter ] --START--
INFO: Run Behavior\ContentReplaceBehavior [ RunTime:0.000038s ]
INFO: [ template_filter ] --END-- [ RunTime:0.000077s ]
NOTIC: [8] Undefined variable: show F:\web\apache\htdocs\ceshi\www\Application\Runtime\Cache\Admin\6c4c76002bd7e08eb8a1bbefe8d3aba3.php 第 49 行.
INFO: Run Behavior\ParseTemplateBehavior [ RunTime:0.122053s ]
INFO: [ view_parse ] --END-- [ RunTime:0.122178s ]
INFO: [ view_filter ] --START--
INFO: Run Behavior\WriteHtmlCacheBehavior [ RunTime:0.001147s ]
INFO: [ view_filter ] --END-- [ RunTime:0.001268s ]
INFO: [ app_end ] --START--
INFO: Run Behavior\ShowPageTraceBehavior [ RunTime:0.002042s ]
INFO: [ app_end ] --END-- [ RunTime:0.002196s ]

[ 2016-06-20T11:42:07+08:00 ] 127.0.0.1 /ceshi/www/index.php/Admin/Ddguanli/xiangqing/id/81/ways_id/3
INFO: [ app_init ] --START--
INFO: Run Behavior\BuildLiteBehavior [ RunTime:0.000022s ]
INFO: [ app_init ] --END-- [ RunTime:0.000629s ]
INFO: [ app_begin ] --START--
INFO: Run Behavior\ReadHtmlCacheBehavior [ RunTime:0.000806s ]
INFO: [ app_begin ] --END-- [ RunTime:0.000863s ]
SQL: SHOW COLUMNS FROM `goods` [ RunTime:0.0037s ]
SQL: SELECT * FROM `goods` WHERE ( id='81' ) LIMIT 1   [ RunTime:0.0014s ]
SQL: SHOW COLUMNS FROM `maintenance_question` [ RunTime:0.0019s ]
SQL: SELECT * FROM `maintenance_question` WHERE ( question_id in (1) )  [ RunTime:0.0007s ]
SQL: SHOW COLUMNS FROM `maintenance_plan` [ RunTime:0.0017s ]
SQL: SELECT * FROM `maintenance_plan` WHERE ( plan_id in (2) )  [ RunTime:0.0006s ]
SQL: SELECT * FROM `goods` INNER JOIN maintenance_ways on goods.ways_id=maintenance_ways.ways_id INNER JOIN wxzx on goods.wxzx_id=wxzx.wxzx_id INNER JOIN maintenance_model on goods.model_id=maintenance_model.model_id INNER JOIN maintenance_color on goods.color_id=maintenance_color.color_id INNER JOIN maintenance_plan on goods.plan_id=maintenance_plan.plan_id INNER JOIN maintenance_question on goods.question_id=maintenance_question.question_id  WHERE ( id='81' ) LIMIT 1   [ RunTime:0.0006s ]
SQL: SHOW COLUMNS FROM `jiance` [ RunTime:0.0018s ]
SQL: SHOW COLUMNS FROM `chanpinku` [ RunTime:0.0029s ]
SQL: SHOW COLUMNS FROM `zt_time` [ RunTime:0.0032s ]
SQL: SELECT * FROM `zt_time` WHERE ( goods_id in (81) ) LIMIT 1   [ RunTime:0.0008s ]
NOTIC: [8] Undefined variable: arr10 F:\web\apache\htdocs\ceshi\www\Application\Admin\Controller\DdguanliController.class.php 第 458 行.
NOTIC: [8] Undefined variable: arr8 F:\web\apache\htdocs\ceshi\www\Application\Admin\Controller\DdguanliController.class.php 第 459 行.
NOTIC: [8] Undefined variable: arr9 F:\web\apache\htdocs\ceshi\www\Application\Admin\Controller\DdguanliController.class.php 第 460 行.
INFO: [ view_parse ] --START--
INFO: [ template_filter ] --START--
INFO: Run Behavior\ContentReplaceBehavior [ RunTime:0.000054s ]
INFO: [ template_filter ] --END-- [ RunTime:0.000102s ]
NOTIC: [8] Undefined index: user_username F:\web\apache\htdocs\ceshi\www\Application\Runtime\Cache\Admin\c88342a07b8da1396a3bfc26b486f499.php 第 25 行.
NOTIC: [8] Undefined variable: vv F:\web\apache\htdocs\ceshi\www\Application\Runtime\Cache\Admin\c88342a07b8da1396a3bfc26b486f499.php 第 31 行.
INFO: Run Behavior\ParseTemplateBehavior [ RunTime:0.068194s ]
INFO: [ view_parse ] --END-- [ RunTime:0.068234s ]
INFO: [ view_filter ] --START--
INFO: Run Behavior\WriteHtmlCacheBehavior [ RunTime:0.000374s ]
INFO: [ view_filter ] --END-- [ RunTime:0.000408s ]
INFO: [ app_end ] --START--
INFO: Run Behavior\ShowPageTraceBehavior [ RunTime:0.000594s ]
INFO: [ app_end ] --END-- [ RunTime:0.000630s ]

