[ 2016-09-12T00:02:45+08:00 ] 101.247.188.237 /download/9A215E8F489DDE01DFFFBC82FDB08C36AAD74069.torrent
INFO: [ app_init ] --START--
INFO: Run Behavior\BuildLiteBehavior [ RunTime:0.000014s ]
INFO: [ app_init ] --END-- [ RunTime:0.000269s ]
ERR: 无法加载模块:Download

[ 2016-09-12T01:29:04+08:00 ] 222.185.35.27 /download/8D98E92783CD26B854B396C96C8C84C052FB9F04.torrent
INFO: [ app_init ] --START--
INFO: Run Behavior\BuildLiteBehavior [ RunTime:0.000013s ]
INFO: [ app_init ] --END-- [ RunTime:0.000267s ]
ERR: 无法加载模块:Download

[ 2016-09-12T01:39:00+08:00 ] 110.249.97.51 /download/8F26D64AA628C476ED53A764D59C5EB89BF69743.torrent
INFO: [ app_init ] --START--
INFO: Run Behavior\BuildLiteBehavior [ RunTime:0.000013s ]
INFO: [ app_init ] --END-- [ RunTime:0.000269s ]
ERR: 无法加载模块:Download

[ 2016-09-12T01:39:20+08:00 ] 110.249.97.51 /download/8F26D64AA628C476ED53A764D59C5EB89BF69743.torrent
INFO: [ app_init ] --START--
INFO: Run Behavior\BuildLiteBehavior [ RunTime:0.000012s ]
INFO: [ app_init ] --END-- [ RunTime:0.000271s ]
ERR: 无法加载模块:Download

[ 2016-09-12T01:39:20+08:00 ] 110.249.97.51 /download/8F26D64AA628C476ED53A764D59C5EB89BF69743.torrent
INFO: [ app_init ] --START--
INFO: Run Behavior\BuildLiteBehavior [ RunTime:0.000011s ]
INFO: [ app_init ] --END-- [ RunTime:0.000280s ]
ERR: 无法加载模块:Download

[ 2016-09-12T01:39:25+08:00 ] 110.249.97.51 /download/8F26D64AA628C476ED53A764D59C5EB89BF69743.torrent
INFO: [ app_init ] --START--
INFO: Run Behavior\BuildLiteBehavior [ RunTime:0.000015s ]
INFO: [ app_init ] --END-- [ RunTime:0.000276s ]
ERR: 无法加载模块:Download

[ 2016-09-12T01:39:26+08:00 ] 110.249.97.51 /download/8F26D64AA628C476ED53A764D59C5EB89BF69743.torrent
INFO: [ app_init ] --START--
INFO: Run Behavior\BuildLiteBehavior [ RunTime:0.000018s ]
INFO: [ app_init ] --END-- [ RunTime:0.000346s ]
ERR: 无法加载模块:Download

[ 2016-09-12T01:39:26+08:00 ] 110.249.97.51 /download/8F26D64AA628C476ED53A764D59C5EB89BF69743.torrent
INFO: [ app_init ] --START--
INFO: Run Behavior\BuildLiteBehavior [ RunTime:0.000012s ]
INFO: [ app_init ] --END-- [ RunTime:0.000292s ]
ERR: 无法加载模块:Download

[ 2016-09-12T01:39:41+08:00 ] 110.249.97.51 /download/8F26D64AA628C476ED53A764D59C5EB89BF69743.torrent
INFO: [ app_init ] --START--
INFO: Run Behavior\BuildLiteBehavior [ RunTime:0.000015s ]
INFO: [ app_init ] --END-- [ RunTime:0.000286s ]
ERR: 无法加载模块:Download

[ 2016-09-12T01:39:51+08:00 ] 110.249.97.51 /download/8F26D64AA628C476ED53A764D59C5EB89BF69743.torrent
INFO: [ app_init ] --START--
INFO: Run Behavior\BuildLiteBehavior [ RunTime:0.000013s ]
INFO: [ app_init ] --END-- [ RunTime:0.000273s ]
ERR: 无法加载模块:Download

[ 2016-09-12T01:39:51+08:00 ] 110.249.97.51 /download/8F26D64AA628C476ED53A764D59C5EB89BF69743.torrent
INFO: [ app_init ] --START--
INFO: Run Behavior\BuildLiteBehavior [ RunTime:0.000013s ]
INFO: [ app_init ] --END-- [ RunTime:0.000330s ]
ERR: 无法加载模块:Download

[ 2016-09-12T01:39:52+08:00 ] 110.249.97.51 /download/8F26D64AA628C476ED53A764D59C5EB89BF69743.torrent
INFO: [ app_init ] --START--
INFO: Run Behavior\BuildLiteBehavior [ RunTime:0.000015s ]
INFO: [ app_init ] --END-- [ RunTime:0.000286s ]
ERR: 无法加载模块:Download

[ 2016-09-12T01:40:06+08:00 ] 110.249.97.51 /download/8F26D64AA628C476ED53A764D59C5EB89BF69743.torrent
INFO: [ app_init ] --START--
INFO: Run Behavior\BuildLiteBehavior [ RunTime:0.000013s ]
INFO: [ app_init ] --END-- [ RunTime:0.000271s ]
ERR: 无法加载模块:Download

[ 2016-09-12T01:40:06+08:00 ] 110.249.97.51 /download/8F26D64AA628C476ED53A764D59C5EB89BF69743.torrent
INFO: [ app_init ] --START--
INFO: Run Behavior\BuildLiteBehavior [ RunTime:0.000012s ]
INFO: [ app_init ] --END-- [ RunTime:0.000262s ]
ERR: 无法加载模块:Download

[ 2016-09-12T01:40:06+08:00 ] 110.249.97.51 /download/8F26D64AA628C476ED53A764D59C5EB89BF69743.torrent
INFO: [ app_init ] --START--
INFO: Run Behavior\BuildLiteBehavior [ RunTime:0.000013s ]
INFO: [ app_init ] --END-- [ RunTime:0.000287s ]
ERR: 无法加载模块:Download

[ 2016-09-12T01:40:06+08:00 ] 110.249.97.51 /download/8F26D64AA628C476ED53A764D59C5EB89BF69743.torrent
INFO: [ app_init ] --START--
INFO: Run Behavior\BuildLiteBehavior [ RunTime:0.000013s ]
INFO: [ app_init ] --END-- [ RunTime:0.000343s ]
ERR: 无法加载模块:Download

[ 2016-09-12T01:40:14+08:00 ] 110.249.97.51 /download/8F26D64AA628C476ED53A764D59C5EB89BF69743.torrent
INFO: [ app_init ] --START--
INFO: Run Behavior\BuildLiteBehavior [ RunTime:0.000014s ]
INFO: [ app_init ] --END-- [ RunTime:0.000275s ]
ERR: 无法加载模块:Download

[ 2016-09-12T01:40:23+08:00 ] 110.249.97.51 /download/8F26D64AA628C476ED53A764D59C5EB89BF69743.torrent
INFO: [ app_init ] --START--
INFO: Run Behavior\BuildLiteBehavior [ RunTime:0.000013s ]
INFO: [ app_init ] --END-- [ RunTime:0.000290s ]
ERR: 无法加载模块:Download

[ 2016-09-12T01:40:44+08:00 ] 110.249.97.51 /download/8F26D64AA628C476ED53A764D59C5EB89BF69743.torrent
INFO: [ app_init ] --START--
INFO: Run Behavior\BuildLiteBehavior [ RunTime:0.000013s ]
INFO: [ app_init ] --END-- [ RunTime:0.000273s ]
ERR: 无法加载模块:Download

[ 2016-09-12T01:40:44+08:00 ] 110.249.97.51 /download/8F26D64AA628C476ED53A764D59C5EB89BF69743.torrent
INFO: [ app_init ] --START--
INFO: Run Behavior\BuildLiteBehavior [ RunTime:0.000014s ]
INFO: [ app_init ] --END-- [ RunTime:0.000291s ]
ERR: 无法加载模块:Download

[ 2016-09-12T01:41:03+08:00 ] 110.249.97.51 /download/8F26D64AA628C476ED53A764D59C5EB89BF69743.torrent
INFO: [ app_init ] --START--
INFO: Run Behavior\BuildLiteBehavior [ RunTime:0.000013s ]
INFO: [ app_init ] --END-- [ RunTime:0.000270s ]
ERR: 无法加载模块:Download

[ 2016-09-12T01:41:14+08:00 ] 110.249.97.51 /download/8F26D64AA628C476ED53A764D59C5EB89BF69743.torrent
INFO: [ app_init ] --START--
INFO: Run Behavior\BuildLiteBehavior [ RunTime:0.000018s ]
INFO: [ app_init ] --END-- [ RunTime:0.000287s ]
ERR: 无法加载模块:Download

[ 2016-09-12T01:41:14+08:00 ] 110.249.97.51 /download/8F26D64AA628C476ED53A764D59C5EB89BF69743.torrent
INFO: [ app_init ] --START--
INFO: Run Behavior\BuildLiteBehavior [ RunTime:0.000013s ]
INFO: [ app_init ] --END-- [ RunTime:0.000293s ]
ERR: 无法加载模块:Download

[ 2016-09-12T01:41:15+08:00 ] 110.249.97.51 /download/8F26D64AA628C476ED53A764D59C5EB89BF69743.torrent
INFO: [ app_init ] --START--
INFO: Run Behavior\BuildLiteBehavior [ RunTime:0.000013s ]
INFO: [ app_init ] --END-- [ RunTime:0.000343s ]
ERR: 无法加载模块:Download

[ 2016-09-12T01:41:26+08:00 ] 110.249.97.51 /download/8F26D64AA628C476ED53A764D59C5EB89BF69743.torrent
INFO: [ app_init ] --START--
INFO: Run Behavior\BuildLiteBehavior [ RunTime:0.000013s ]
INFO: [ app_init ] --END-- [ RunTime:0.000297s ]
ERR: 无法加载模块:Download

[ 2016-09-12T01:41:26+08:00 ] 110.249.97.51 /download/8F26D64AA628C476ED53A764D59C5EB89BF69743.torrent
INFO: [ app_init ] --START--
INFO: Run Behavior\BuildLiteBehavior [ RunTime:0.000014s ]
INFO: [ app_init ] --END-- [ RunTime:0.000284s ]
ERR: 无法加载模块:Download

[ 2016-09-12T03:19:44+08:00 ] 117.146.139.246 /download/8DFA1507B873F87751CE085761DE03B283CAB194.torrent
INFO: [ app_init ] --START--
INFO: Run Behavior\BuildLiteBehavior [ RunTime:0.000013s ]
INFO: [ app_init ] --END-- [ RunTime:0.000267s ]
ERR: 无法加载模块:Download

[ 2016-09-12T04:15:00+08:00 ] 123.125.71.18 /robots.txt
INFO: [ app_init ] --START--
INFO: Run Behavior\BuildLiteBehavior [ RunTime:0.000014s ]
INFO: [ app_init ] --END-- [ RunTime:0.000322s ]
ERR: 无法加载模块:Robots

[ 2016-09-12T06:11:13+08:00 ] 1.84.46.248 /download/207137DDA75B5327595A2C341B17EBEA5FF08264.torrent
INFO: [ app_init ] --START--
INFO: Run Behavior\BuildLiteBehavior [ RunTime:0.000014s ]
INFO: [ app_init ] --END-- [ RunTime:0.000275s ]
ERR: 无法加载模块:Download

[ 2016-09-12T06:11:13+08:00 ] 1.84.46.248 /download/207137DDA75B5327595A2C341B17EBEA5FF08264.torrent
INFO: [ app_init ] --START--
INFO: Run Behavior\BuildLiteBehavior [ RunTime:0.000013s ]
INFO: [ app_init ] --END-- [ RunTime:0.000290s ]
ERR: 无法加载模块:Download

[ 2016-09-12T07:58:32+08:00 ] 124.74.105.2 /favicon.ico
INFO: [ app_init ] --START--
INFO: Run Behavior\BuildLiteBehavior [ RunTime:0.000013s ]
INFO: [ app_init ] --END-- [ RunTime:0.000267s ]
ERR: 无法加载模块:Favicon

[ 2016-09-12T08:57:27+08:00 ] 123.151.38.94 /Public/img/ioc/16.ioc
INFO: [ app_init ] --START--
INFO: Run Behavior\BuildLiteBehavior [ RunTime:0.000013s ]
INFO: [ app_init ] --END-- [ RunTime:0.000275s ]
ERR: 无法加载模块:Public

[ 2016-09-12T08:57:27+08:00 ] 123.151.38.94 /Public/img/ioc/16.ioc
INFO: [ app_init ] --START--
INFO: Run Behavior\BuildLiteBehavior [ RunTime:0.000012s ]
INFO: [ app_init ] --END-- [ RunTime:0.000263s ]
ERR: 无法加载模块:Public

[ 2016-09-12T08:57:56+08:00 ] 157.55.39.23 /AA40E5ED619327096BED7808CCD8B341097E86FE.html
INFO: [ app_init ] --START--
INFO: Run Behavior\BuildLiteBehavior [ RunTime:0.000013s ]
INFO: [ app_init ] --END-- [ RunTime:0.000292s ]
ERR: 无法加载模块:AA40E5ED619327096BED7808CCD8B341097E86FE

[ 2016-09-12T09:01:19+08:00 ] 123.151.38.94 /Public/img/ioc/16.ioc
INFO: [ app_init ] --START--
INFO: Run Behavior\BuildLiteBehavior [ RunTime:0.000013s ]
INFO: [ app_init ] --END-- [ RunTime:0.000267s ]
ERR: 无法加载模块:Public

[ 2016-09-12T09:01:20+08:00 ] 123.151.38.94 /Public/img/ioc/16.ioc
INFO: [ app_init ] --START--
INFO: Run Behavior\BuildLiteBehavior [ RunTime:0.000014s ]
INFO: [ app_init ] --END-- [ RunTime:0.000272s ]
ERR: 无法加载模块:Public

[ 2016-09-12T09:01:20+08:00 ] 123.151.38.94 /Public/img/ioc/16.ioc
INFO: [ app_init ] --START--
INFO: Run Behavior\BuildLiteBehavior [ RunTime:0.000013s ]
INFO: [ app_init ] --END-- [ RunTime:0.000286s ]
ERR: 无法加载模块:Public

[ 2016-09-12T09:05:08+08:00 ] 124.131.208.222 /download/207137DDA75B5327595A2C341B17EBEA5FF08264.torrent
INFO: [ app_init ] --START--
INFO: Run Behavior\BuildLiteBehavior [ RunTime:0.000013s ]
INFO: [ app_init ] --END-- [ RunTime:0.000271s ]
ERR: 无法加载模块:Download

[ 2016-09-12T09:05:27+08:00 ] 124.131.208.222 /download/207137DDA75B5327595A2C341B17EBEA5FF08264.torrent
INFO: [ app_init ] --START--
INFO: Run Behavior\BuildLiteBehavior [ RunTime:0.000013s ]
INFO: [ app_init ] --END-- [ RunTime:0.000322s ]
ERR: 无法加载模块:Download

[ 2016-09-12T09:13:45+08:00 ] 123.116.122.90 /favicon.ico
INFO: [ app_init ] --START--
INFO: Run Behavior\BuildLiteBehavior [ RunTime:0.000013s ]
INFO: [ app_init ] --END-- [ RunTime:0.000267s ]
ERR: 无法加载模块:Favicon

[ 2016-09-12T09:14:25+08:00 ] 123.116.122.90 /favicon.ico
INFO: [ app_init ] --START--
INFO: Run Behavior\BuildLiteBehavior [ RunTime:0.000015s ]
INFO: [ app_init ] --END-- [ RunTime:0.000272s ]
ERR: 无法加载模块:Favicon

[ 2016-09-12T09:16:39+08:00 ] 123.116.122.90 /favicon.ico
INFO: [ app_init ] --START--
INFO: Run Behavior\BuildLiteBehavior [ RunTime:0.000013s ]
INFO: [ app_init ] --END-- [ RunTime:0.000293s ]
ERR: 无法加载模块:Favicon

[ 2016-09-12T09:16:55+08:00 ] 123.151.38.94 /favicon.ico
INFO: [ app_init ] --START--
INFO: Run Behavior\BuildLiteBehavior [ RunTime:0.000014s ]
INFO: [ app_init ] --END-- [ RunTime:0.000272s ]
ERR: 无法加载模块:Favicon

[ 2016-09-12T09:18:32+08:00 ] 123.116.122.90 /favicon.ico
INFO: [ app_init ] --START--
INFO: Run Behavior\BuildLiteBehavior [ RunTime:0.000016s ]
INFO: [ app_init ] --END-- [ RunTime:0.000350s ]
ERR: 无法加载模块:Favicon

[ 2016-09-12T09:20:54+08:00 ] 123.116.122.90 /favicon.ico
INFO: [ app_init ] --START--
INFO: Run Behavior\BuildLiteBehavior [ RunTime:0.000019s ]
INFO: [ app_init ] --END-- [ RunTime:0.000295s ]
ERR: 无法加载模块:Favicon

[ 2016-09-12T09:21:25+08:00 ] 123.116.122.90 /favicon.ico
INFO: [ app_init ] --START--
INFO: Run Behavior\BuildLiteBehavior [ RunTime:0.000012s ]
INFO: [ app_init ] --END-- [ RunTime:0.000287s ]
ERR: 无法加载模块:Favicon

[ 2016-09-12T09:21:36+08:00 ] 123.116.122.90 /favicon.ico
INFO: [ app_init ] --START--
INFO: Run Behavior\BuildLiteBehavior [ RunTime:0.000017s ]
INFO: [ app_init ] --END-- [ RunTime:0.000318s ]
ERR: 无法加载模块:Favicon

[ 2016-09-12T09:21:48+08:00 ] 123.116.122.90 /favicon.ico
INFO: [ app_init ] --START--
INFO: Run Behavior\BuildLiteBehavior [ RunTime:0.000012s ]
INFO: [ app_init ] --END-- [ RunTime:0.000309s ]
ERR: 无法加载模块:Favicon

[ 2016-09-12T09:45:36+08:00 ] 123.116.122.90 /Public/js/maps/swiper.min.js.map
INFO: [ app_init ] --START--
INFO: Run Behavior\BuildLiteBehavior [ RunTime:0.000014s ]
INFO: [ app_init ] --END-- [ RunTime:0.000292s ]
ERR: 无法加载模块:Public

[ 2016-09-12T09:53:10+08:00 ] 61.156.116.26 /download/207137DDA75B5327595A2C341B17EBEA5FF08264.torrent
INFO: [ app_init ] --START--
INFO: Run Behavior\BuildLiteBehavior [ RunTime:0.000013s ]
INFO: [ app_init ] --END-- [ RunTime:0.000289s ]
ERR: 无法加载模块:Download

[ 2016-09-12T09:53:18+08:00 ] 61.156.116.26 /download/207137DDA75B5327595A2C341B17EBEA5FF08264.torrent
INFO: [ app_init ] --START--
INFO: Run Behavior\BuildLiteBehavior [ RunTime:0.000013s ]
INFO: [ app_init ] --END-- [ RunTime:0.000287s ]
ERR: 无法加载模块:Download

[ 2016-09-12T09:53:18+08:00 ] 61.156.116.26 /download/207137DDA75B5327595A2C341B17EBEA5FF08264.torrent
INFO: [ app_init ] --START--
INFO: Run Behavior\BuildLiteBehavior [ RunTime:0.000013s ]
INFO: [ app_init ] --END-- [ RunTime:0.000292s ]
ERR: 无法加载模块:Download

[ 2016-09-12T09:53:24+08:00 ] 61.156.116.26 /download/207137DDA75B5327595A2C341B17EBEA5FF08264.torrent
INFO: [ app_init ] --START--
INFO: Run Behavior\BuildLiteBehavior [ RunTime:0.000014s ]
INFO: [ app_init ] --END-- [ RunTime:0.000270s ]
ERR: 无法加载模块:Download

[ 2016-09-12T09:53:25+08:00 ] 61.156.116.26 /download/207137DDA75B5327595A2C341B17EBEA5FF08264.torrent
INFO: [ app_init ] --START--
INFO: Run Behavior\BuildLiteBehavior [ RunTime:0.000013s ]
INFO: [ app_init ] --END-- [ RunTime:0.000266s ]
ERR: 无法加载模块:Download

[ 2016-09-12T09:53:25+08:00 ] 61.156.116.26 /download/207137DDA75B5327595A2C341B17EBEA5FF08264.torrent
INFO: [ app_init ] --START--
INFO: Run Behavior\BuildLiteBehavior [ RunTime:0.000012s ]
INFO: [ app_init ] --END-- [ RunTime:0.000289s ]
ERR: 无法加载模块:Download

[ 2016-09-12T09:54:27+08:00 ] 123.116.122.90 /favicon.ico
INFO: [ app_init ] --START--
INFO: Run Behavior\BuildLiteBehavior [ RunTime:0.000014s ]
INFO: [ app_init ] --END-- [ RunTime:0.000273s ]
ERR: 无法加载模块:Favicon

[ 2016-09-12T10:01:20+08:00 ] 106.121.7.34 /favicon.ico
INFO: [ app_init ] --START--
INFO: Run Behavior\BuildLiteBehavior [ RunTime:0.000013s ]
INFO: [ app_init ] --END-- [ RunTime:0.000269s ]
ERR: 无法加载模块:Favicon

[ 2016-09-12T10:01:42+08:00 ] 106.121.7.34 /favicon.ico
INFO: [ app_init ] --START--
INFO: Run Behavior\BuildLiteBehavior [ RunTime:0.000012s ]
INFO: [ app_init ] --END-- [ RunTime:0.000268s ]
ERR: 无法加载模块:Favicon

[ 2016-09-12T10:05:40+08:00 ] 123.116.122.90 /favicon.ico
INFO: [ app_init ] --START--
INFO: Run Behavior\BuildLiteBehavior [ RunTime:0.000013s ]
INFO: [ app_init ] --END-- [ RunTime:0.000267s ]
ERR: 无法加载模块:Favicon

[ 2016-09-12T10:19:24+08:00 ] 123.116.122.90 /favicon.ico
INFO: [ app_init ] --START--
INFO: Run Behavior\BuildLiteBehavior [ RunTime:0.000013s ]
INFO: [ app_init ] --END-- [ RunTime:0.000291s ]
ERR: 无法加载模块:Favicon

[ 2016-09-12T10:38:38+08:00 ] 123.151.38.94 /Public/img/ioc/16.ioc
INFO: [ app_init ] --START--
INFO: Run Behavior\BuildLiteBehavior [ RunTime:0.000014s ]
INFO: [ app_init ] --END-- [ RunTime:0.003752s ]
ERR: 无法加载模块:Public

[ 2016-09-12T10:38:57+08:00 ] 123.151.38.94 /favicon.ico
INFO: [ app_init ] --START--
INFO: Run Behavior\BuildLiteBehavior [ RunTime:0.000014s ]
INFO: [ app_init ] --END-- [ RunTime:0.000302s ]
ERR: 无法加载模块:Favicon

[ 2016-09-12T11:01:42+08:00 ] 85.14.244.98 /robots.txt
INFO: [ app_init ] --START--
INFO: Run Behavior\BuildLiteBehavior [ RunTime:0.000013s ]
INFO: [ app_init ] --END-- [ RunTime:0.000271s ]
ERR: 无法加载模块:Robots

[ 2016-09-12T11:08:48+08:00 ] 123.151.38.94 /Public/img/ioc/16.ioc
INFO: [ app_init ] --START--
INFO: Run Behavior\BuildLiteBehavior [ RunTime:0.000013s ]
INFO: [ app_init ] --END-- [ RunTime:0.000296s ]
ERR: 无法加载模块:Public

[ 2016-09-12T11:10:16+08:00 ] 106.121.7.34 /favicon.ico
INFO: [ app_init ] --START--
INFO: Run Behavior\BuildLiteBehavior [ RunTime:0.000013s ]
INFO: [ app_init ] --END-- [ RunTime:0.000268s ]
ERR: 无法加载模块:Favicon

[ 2016-09-12T11:10:26+08:00 ] 106.121.7.34 /Public/img/ioc/16.ioc
INFO: [ app_init ] --START--
INFO: Run Behavior\BuildLiteBehavior [ RunTime:0.000014s ]
INFO: [ app_init ] --END-- [ RunTime:0.000268s ]
ERR: 无法加载模块:Public

[ 2016-09-12T11:10:28+08:00 ] 106.121.7.34 /Public/img/ioc/16.ioc
INFO: [ app_init ] --START--
INFO: Run Behavior\BuildLiteBehavior [ RunTime:0.000012s ]
INFO: [ app_init ] --END-- [ RunTime:0.000269s ]
ERR: 无法加载模块:Public

[ 2016-09-12T11:10:30+08:00 ] 106.121.7.34 /Public/img/ioc/16.ioc
INFO: [ app_init ] --START--
INFO: Run Behavior\BuildLiteBehavior [ RunTime:0.000012s ]
INFO: [ app_init ] --END-- [ RunTime:0.000267s ]
ERR: 无法加载模块:Public

[ 2016-09-12T11:10:33+08:00 ] 106.121.7.34 /Public/img/ioc/16.ioc
INFO: [ app_init ] --START--
INFO: Run Behavior\BuildLiteBehavior [ RunTime:0.000013s ]
INFO: [ app_init ] --END-- [ RunTime:0.000266s ]
ERR: 无法加载模块:Public

[ 2016-09-12T11:32:24+08:00 ] 106.121.7.34 /favicon.ico
INFO: [ app_init ] --START--
INFO: Run Behavior\BuildLiteBehavior [ RunTime:0.000013s ]
INFO: [ app_init ] --END-- [ RunTime:0.000299s ]
ERR: 无法加载模块:Favicon

[ 2016-09-12T11:41:31+08:00 ] 123.116.122.90 /favicon.ico
INFO: [ app_init ] --START--
INFO: Run Behavior\BuildLiteBehavior [ RunTime:0.000018s ]
INFO: [ app_init ] --END-- [ RunTime:0.000306s ]
ERR: 无法加载模块:Favicon

[ 2016-09-12T11:41:37+08:00 ] 123.116.122.90 /favicon.ico
INFO: [ app_init ] --START--
INFO: Run Behavior\BuildLiteBehavior [ RunTime:0.000014s ]
INFO: [ app_init ] --END-- [ RunTime:0.000269s ]
ERR: 无法加载模块:Favicon

[ 2016-09-12T11:49:30+08:00 ] 106.121.7.34 /favicon.ico
INFO: [ app_init ] --START--
INFO: Run Behavior\BuildLiteBehavior [ RunTime:0.000013s ]
INFO: [ app_init ] --END-- [ RunTime:0.000270s ]
ERR: 无法加载模块:Favicon

[ 2016-09-12T11:50:18+08:00 ] 106.121.7.34 /favicon.ico
INFO: [ app_init ] --START--
INFO: Run Behavior\BuildLiteBehavior [ RunTime:0.000016s ]
INFO: [ app_init ] --END-- [ RunTime:0.000298s ]
ERR: 无法加载模块:Favicon

[ 2016-09-12T12:06:06+08:00 ] 106.121.7.34 /favicon.ico
INFO: [ app_init ] --START--
INFO: Run Behavior\BuildLiteBehavior [ RunTime:0.000014s ]
INFO: [ app_init ] --END-- [ RunTime:0.000267s ]
ERR: 无法加载模块:Favicon

[ 2016-09-12T12:07:31+08:00 ] 106.121.7.34 /favicon.ico
INFO: [ app_init ] --START--
INFO: Run Behavior\BuildLiteBehavior [ RunTime:0.000013s ]
INFO: [ app_init ] --END-- [ RunTime:0.000264s ]
ERR: 无法加载模块:Favicon

[ 2016-09-12T12:25:03+08:00 ] 123.116.122.90 /favicon.ico
INFO: [ app_init ] --START--
INFO: Run Behavior\BuildLiteBehavior [ RunTime:0.000013s ]
INFO: [ app_init ] --END-- [ RunTime:0.000295s ]
ERR: 无法加载模块:Favicon

[ 2016-09-12T12:25:03+08:00 ] 123.116.122.90 /favicon.ico
INFO: [ app_init ] --START--
INFO: Run Behavior\BuildLiteBehavior [ RunTime:0.000011s ]
INFO: [ app_init ] --END-- [ RunTime:0.000301s ]
ERR: 无法加载模块:Favicon

[ 2016-09-12T12:39:38+08:00 ] 207.46.13.161 /robots.txt
INFO: [ app_init ] --START--
INFO: Run Behavior\BuildLiteBehavior [ RunTime:0.000013s ]
INFO: [ app_init ] --END-- [ RunTime:0.000395s ]
ERR: 无法加载模块:Robots

[ 2016-09-12T12:40:58+08:00 ] 202.206.211.231 /download/5A6C823ADD491E5B90BA490B19FE15DFB4637147.torrent
INFO: [ app_init ] --START--
INFO: Run Behavior\BuildLiteBehavior [ RunTime:0.000012s ]
INFO: [ app_init ] --END-- [ RunTime:0.000285s ]
ERR: 无法加载模块:Download

[ 2016-09-12T12:40:58+08:00 ] 202.206.211.231 /download/5A6C823ADD491E5B90BA490B19FE15DFB4637147.torrent
INFO: [ app_init ] --START--
INFO: Run Behavior\BuildLiteBehavior [ RunTime:0.000010s ]
INFO: [ app_init ] --END-- [ RunTime:0.000252s ]
ERR: 无法加载模块:Download

[ 2016-09-12T12:40:59+08:00 ] 202.206.211.231 /download/5A6C823ADD491E5B90BA490B19FE15DFB4637147.torrent
INFO: [ app_init ] --START--
INFO: Run Behavior\BuildLiteBehavior [ RunTime:0.000013s ]
INFO: [ app_init ] --END-- [ RunTime:0.000262s ]
ERR: 无法加载模块:Download

[ 2016-09-12T12:41:39+08:00 ] 202.206.211.231 /download/5A6C823ADD491E5B90BA490B19FE15DFB4637147.torrent
INFO: [ app_init ] --START--
INFO: Run Behavior\BuildLiteBehavior [ RunTime:0.000013s ]
INFO: [ app_init ] --END-- [ RunTime:0.000294s ]
ERR: 无法加载模块:Download

[ 2016-09-12T12:41:40+08:00 ] 202.206.211.231 /download/5A6C823ADD491E5B90BA490B19FE15DFB4637147.torrent
INFO: [ app_init ] --START--
INFO: Run Behavior\BuildLiteBehavior [ RunTime:0.000012s ]
INFO: [ app_init ] --END-- [ RunTime:0.000287s ]
ERR: 无法加载模块:Download

[ 2016-09-12T12:41:40+08:00 ] 202.206.211.231 /download/5A6C823ADD491E5B90BA490B19FE15DFB4637147.torrent
INFO: [ app_init ] --START--
INFO: Run Behavior\BuildLiteBehavior [ RunTime:0.000013s ]
INFO: [ app_init ] --END-- [ RunTime:0.000306s ]
ERR: 无法加载模块:Download

[ 2016-09-12T12:41:41+08:00 ] 202.206.211.231 /download/5A6C823ADD491E5B90BA490B19FE15DFB4637147.torrent
INFO: [ app_init ] --START--
INFO: Run Behavior\BuildLiteBehavior [ RunTime:0.000015s ]
INFO: [ app_init ] --END-- [ RunTime:0.000304s ]
ERR: 无法加载模块:Download

[ 2016-09-12T12:41:41+08:00 ] 202.206.211.231 /download/5A6C823ADD491E5B90BA490B19FE15DFB4637147.torrent
INFO: [ app_init ] --START--
INFO: Run Behavior\BuildLiteBehavior [ RunTime:0.000012s ]
INFO: [ app_init ] --END-- [ RunTime:0.000260s ]
ERR: 无法加载模块:Download

[ 2016-09-12T12:41:42+08:00 ] 202.206.211.231 /download/5A6C823ADD491E5B90BA490B19FE15DFB4637147.torrent
INFO: [ app_init ] --START--
INFO: Run Behavior\BuildLiteBehavior [ RunTime:0.000017s ]
INFO: [ app_init ] --END-- [ RunTime:0.000284s ]
ERR: 无法加载模块:Download

[ 2016-09-12T12:47:08+08:00 ] 124.226.21.136 /download/CDB1898A813720D27C01585EDB89FD37937EF2AB.torrent
INFO: [ app_init ] --START--
INFO: Run Behavior\BuildLiteBehavior [ RunTime:0.000013s ]
INFO: [ app_init ] --END-- [ RunTime:0.000267s ]
ERR: 无法加载模块:Download

[ 2016-09-12T12:47:08+08:00 ] 124.226.21.136 /download/CDB1898A813720D27C01585EDB89FD37937EF2AB.torrent
INFO: [ app_init ] --START--
INFO: Run Behavior\BuildLiteBehavior [ RunTime:0.000013s ]
INFO: [ app_init ] --END-- [ RunTime:0.000268s ]
ERR: 无法加载模块:Download

[ 2016-09-12T12:47:38+08:00 ] 124.226.21.136 /download/CDB1898A813720D27C01585EDB89FD37937EF2AB.torrent
INFO: [ app_init ] --START--
INFO: Run Behavior\BuildLiteBehavior [ RunTime:0.000015s ]
INFO: [ app_init ] --END-- [ RunTime:0.000298s ]
ERR: 无法加载模块:Download

[ 2016-09-12T13:06:15+08:00 ] 49.223.186.105 /download/37011EF4763B7D81220ED533353E112C768964D2.torrent
INFO: [ app_init ] --START--
INFO: Run Behavior\BuildLiteBehavior [ RunTime:0.000013s ]
INFO: [ app_init ] --END-- [ RunTime:0.000268s ]
ERR: 无法加载模块:Download

[ 2016-09-12T13:11:45+08:00 ] 123.116.122.90 /favicon.ico
INFO: [ app_init ] --START--
INFO: Run Behavior\BuildLiteBehavior [ RunTime:0.000013s ]
INFO: [ app_init ] --END-- [ RunTime:0.000283s ]
ERR: 无法加载模块:Favicon

[ 2016-09-12T13:14:40+08:00 ] 49.223.186.105 /download/7E5E5955B3543FA8E2EB9B337095B3DB74C9A3CC.torrent
INFO: [ app_init ] --START--
INFO: Run Behavior\BuildLiteBehavior [ RunTime:0.000012s ]
INFO: [ app_init ] --END-- [ RunTime:0.000289s ]
ERR: 无法加载模块:Download

[ 2016-09-12T13:17:58+08:00 ] 123.151.38.94 /Public/img/ioc/16.ioc
INFO: [ app_init ] --START--
INFO: Run Behavior\BuildLiteBehavior [ RunTime:0.000014s ]
INFO: [ app_init ] --END-- [ RunTime:0.000268s ]
ERR: 无法加载模块:Public

[ 2016-09-12T13:17:58+08:00 ] 123.151.38.94 /Public/img/ioc/16.ioc
INFO: [ app_init ] --START--
INFO: Run Behavior\BuildLiteBehavior [ RunTime:0.000011s ]
INFO: [ app_init ] --END-- [ RunTime:0.000252s ]
ERR: 无法加载模块:Public

[ 2016-09-12T13:19:17+08:00 ] 123.151.38.94 /favicon.ico
INFO: [ app_init ] --START--
INFO: Run Behavior\BuildLiteBehavior [ RunTime:0.000013s ]
INFO: [ app_init ] --END-- [ RunTime:0.000288s ]
ERR: 无法加载模块:Favicon

[ 2016-09-12T13:19:17+08:00 ] 123.151.38.94 /favicon.ico
INFO: [ app_init ] --START--
INFO: Run Behavior\BuildLiteBehavior [ RunTime:0.000013s ]
INFO: [ app_init ] --END-- [ RunTime:0.000295s ]
ERR: 无法加载模块:Favicon

[ 2016-09-12T13:36:53+08:00 ] 49.223.186.105 /download/37011EF4763B7D81220ED533353E112C768964D2.torrent
INFO: [ app_init ] --START--
INFO: Run Behavior\BuildLiteBehavior [ RunTime:0.000013s ]
INFO: [ app_init ] --END-- [ RunTime:0.000266s ]
ERR: 无法加载模块:Download

[ 2016-09-12T13:41:15+08:00 ] 123.151.38.94 /favicon.ico
INFO: [ app_init ] --START--
INFO: Run Behavior\BuildLiteBehavior [ RunTime:0.000036s ]
INFO: [ app_init ] --END-- [ RunTime:0.000307s ]
ERR: 无法加载模块:Favicon

[ 2016-09-12T14:02:05+08:00 ] 69.58.178.57 /robots.txt
INFO: [ app_init ] --START--
INFO: Run Behavior\BuildLiteBehavior [ RunTime:0.000015s ]
INFO: [ app_init ] --END-- [ RunTime:0.000278s ]
ERR: 无法加载模块:Robots

[ 2016-09-12T14:02:40+08:00 ] 123.116.122.90 /favicon.ico
INFO: [ app_init ] --START--
INFO: Run Behavior\BuildLiteBehavior [ RunTime:0.000013s ]
INFO: [ app_init ] --END-- [ RunTime:0.000286s ]
ERR: 无法加载模块:Favicon

[ 2016-09-12T14:10:22+08:00 ] 106.18.21.20 /download/207137DDA75B5327595A2C341B17EBEA5FF08264.torrent
INFO: [ app_init ] --START--
INFO: Run Behavior\BuildLiteBehavior [ RunTime:0.000013s ]
INFO: [ app_init ] --END-- [ RunTime:0.000321s ]
ERR: 无法加载模块:Download

[ 2016-09-12T14:11:13+08:00 ] 123.116.122.90 /favicon.ico
INFO: [ app_init ] --START--
INFO: Run Behavior\BuildLiteBehavior [ RunTime:0.000013s ]
INFO: [ app_init ] --END-- [ RunTime:0.000269s ]
ERR: 无法加载模块:Favicon

[ 2016-09-12T14:11:13+08:00 ] 123.116.122.90 /favicon.ico
INFO: [ app_init ] --START--
INFO: Run Behavior\BuildLiteBehavior [ RunTime:0.000013s ]
INFO: [ app_init ] --END-- [ RunTime:0.000265s ]
ERR: 无法加载模块:Favicon

[ 2016-09-12T14:11:16+08:00 ] 106.18.21.20 /download/207137DDA75B5327595A2C341B17EBEA5FF08264.torrent
INFO: [ app_init ] --START--
INFO: Run Behavior\BuildLiteBehavior [ RunTime:0.000014s ]
INFO: [ app_init ] --END-- [ RunTime:0.000406s ]
ERR: 无法加载模块:Download

[ 2016-09-12T14:11:24+08:00 ] 106.18.21.20 /download/207137DDA75B5327595A2C341B17EBEA5FF08264.torrent
INFO: [ app_init ] --START--
INFO: Run Behavior\BuildLiteBehavior [ RunTime:0.000013s ]
INFO: [ app_init ] --END-- [ RunTime:0.000272s ]
ERR: 无法加载模块:Download

[ 2016-09-12T14:11:24+08:00 ] 106.18.21.20 /download/207137DDA75B5327595A2C341B17EBEA5FF08264.torrent
INFO: [ app_init ] --START--
INFO: Run Behavior\BuildLiteBehavior [ RunTime:0.000013s ]
INFO: [ app_init ] --END-- [ RunTime:0.000303s ]
ERR: 无法加载模块:Download

[ 2016-09-12T14:14:58+08:00 ] 117.152.71.19 /download/207137DDA75B5327595A2C341B17EBEA5FF08264.torrent
INFO: [ app_init ] --START--
INFO: Run Behavior\BuildLiteBehavior [ RunTime:0.000014s ]
INFO: [ app_init ] --END-- [ RunTime:0.000303s ]
ERR: 无法加载模块:Download

[ 2016-09-12T14:14:58+08:00 ] 117.152.71.19 /download/207137DDA75B5327595A2C341B17EBEA5FF08264.torrent
INFO: [ app_init ] --START--
INFO: Run Behavior\BuildLiteBehavior [ RunTime:0.000013s ]
INFO: [ app_init ] --END-- [ RunTime:0.000269s ]
ERR: 无法加载模块:Download

[ 2016-09-12T14:15:04+08:00 ] 117.152.71.19 /download/207137DDA75B5327595A2C341B17EBEA5FF08264.torrent
INFO: [ app_init ] --START--
INFO: Run Behavior\BuildLiteBehavior [ RunTime:0.000016s ]
INFO: [ app_init ] --END-- [ RunTime:0.000316s ]
ERR: 无法加载模块:Download

[ 2016-09-12T14:15:04+08:00 ] 117.152.71.19 /download/207137DDA75B5327595A2C341B17EBEA5FF08264.torrent
INFO: [ app_init ] --START--
INFO: Run Behavior\BuildLiteBehavior [ RunTime:0.000014s ]
INFO: [ app_init ] --END-- [ RunTime:0.000272s ]
ERR: 无法加载模块:Download

[ 2016-09-12T14:15:16+08:00 ] 117.152.71.19 /download/207137DDA75B5327595A2C341B17EBEA5FF08264.torrent
INFO: [ app_init ] --START--
INFO: Run Behavior\BuildLiteBehavior [ RunTime:0.000014s ]
INFO: [ app_init ] --END-- [ RunTime:0.000327s ]
ERR: 无法加载模块:Download

[ 2016-09-12T14:15:28+08:00 ] 117.152.71.19 /download/207137DDA75B5327595A2C341B17EBEA5FF08264.torrent
INFO: [ app_init ] --START--
INFO: Run Behavior\BuildLiteBehavior [ RunTime:0.000016s ]
INFO: [ app_init ] --END-- [ RunTime:0.000282s ]
ERR: 无法加载模块:Download

[ 2016-09-12T14:15:28+08:00 ] 117.152.71.19 /download/207137DDA75B5327595A2C341B17EBEA5FF08264.torrent
INFO: [ app_init ] --START--
INFO: Run Behavior\BuildLiteBehavior [ RunTime:0.000012s ]
INFO: [ app_init ] --END-- [ RunTime:0.000265s ]
ERR: 无法加载模块:Download

[ 2016-09-12T14:15:28+08:00 ] 117.152.71.19 /download/207137DDA75B5327595A2C341B17EBEA5FF08264.torrent
INFO: [ app_init ] --START--
INFO: Run Behavior\BuildLiteBehavior [ RunTime:0.000012s ]
INFO: [ app_init ] --END-- [ RunTime:0.000271s ]
ERR: 无法加载模块:Download

[ 2016-09-12T14:15:52+08:00 ] 117.152.71.19 /download/207137DDA75B5327595A2C341B17EBEA5FF08264.torrent
INFO: [ app_init ] --START--
INFO: Run Behavior\BuildLiteBehavior [ RunTime:0.000012s ]
INFO: [ app_init ] --END-- [ RunTime:0.000288s ]
ERR: 无法加载模块:Download

[ 2016-09-12T14:16:04+08:00 ] 117.152.71.19 /download/207137DDA75B5327595A2C341B17EBEA5FF08264.torrent
INFO: [ app_init ] --START--
INFO: Run Behavior\BuildLiteBehavior [ RunTime:0.000013s ]
INFO: [ app_init ] --END-- [ RunTime:0.000296s ]
ERR: 无法加载模块:Download

[ 2016-09-12T14:16:04+08:00 ] 117.152.71.19 /download/207137DDA75B5327595A2C341B17EBEA5FF08264.torrent
INFO: [ app_init ] --START--
INFO: Run Behavior\BuildLiteBehavior [ RunTime:0.000012s ]
INFO: [ app_init ] --END-- [ RunTime:0.000265s ]
ERR: 无法加载模块:Download

[ 2016-09-12T14:16:20+08:00 ] 117.152.71.19 /download/207137DDA75B5327595A2C341B17EBEA5FF08264.torrent
INFO: [ app_init ] --START--
INFO: Run Behavior\BuildLiteBehavior [ RunTime:0.000015s ]
INFO: [ app_init ] --END-- [ RunTime:0.000276s ]
ERR: 无法加载模块:Download

[ 2016-09-12T14:16:20+08:00 ] 117.152.71.19 /download/207137DDA75B5327595A2C341B17EBEA5FF08264.torrent
INFO: [ app_init ] --START--
INFO: Run Behavior\BuildLiteBehavior [ RunTime:0.000012s ]
INFO: [ app_init ] --END-- [ RunTime:0.000272s ]
ERR: 无法加载模块:Download

[ 2016-09-12T14:36:30+08:00 ] 123.116.122.90 /Public/js/maps/swiper.min.js.map
INFO: [ app_init ] --START--
INFO: Run Behavior\BuildLiteBehavior [ RunTime:0.000014s ]
INFO: [ app_init ] --END-- [ RunTime:0.000270s ]
ERR: 无法加载模块:Public

[ 2016-09-12T14:39:39+08:00 ] 180.153.163.190 /Public/js/maps/swiper.min.js.map
INFO: [ app_init ] --START--
INFO: Run Behavior\BuildLiteBehavior [ RunTime:0.000013s ]
INFO: [ app_init ] --END-- [ RunTime:0.000266s ]
ERR: 无法加载模块:Public

[ 2016-09-12T14:48:03+08:00 ] 45.221.84.90 /download/207137DDA75B5327595A2C341B17EBEA5FF08264.torrent
INFO: [ app_init ] --START--
INFO: Run Behavior\BuildLiteBehavior [ RunTime:0.000017s ]
INFO: [ app_init ] --END-- [ RunTime:0.000293s ]
ERR: 无法加载模块:Download

[ 2016-09-12T15:44:53+08:00 ] 123.151.38.94 /Public/img/ioc/16.ioc
INFO: [ app_init ] --START--
INFO: Run Behavior\BuildLiteBehavior [ RunTime:0.000013s ]
INFO: [ app_init ] --END-- [ RunTime:0.000264s ]
ERR: 无法加载模块:Public

[ 2016-09-12T16:01:51+08:00 ] 123.151.40.40 /Public/img/ioc/16.ioc
INFO: [ app_init ] --START--
INFO: Run Behavior\BuildLiteBehavior [ RunTime:0.000013s ]
INFO: [ app_init ] --END-- [ RunTime:0.000269s ]
ERR: 无法加载模块:Public

[ 2016-09-12T16:01:51+08:00 ] 123.151.40.40 /Public/img/ioc/16.ioc
INFO: [ app_init ] --START--
INFO: Run Behavior\BuildLiteBehavior [ RunTime:0.000016s ]
INFO: [ app_init ] --END-- [ RunTime:0.000281s ]
ERR: 无法加载模块:Public

[ 2016-09-12T16:02:54+08:00 ] 123.151.40.40 /favicon.ico
INFO: [ app_init ] --START--
INFO: Run Behavior\BuildLiteBehavior [ RunTime:0.000033s ]
INFO: [ app_init ] --END-- [ RunTime:0.000287s ]
ERR: 无法加载模块:Favicon

[ 2016-09-12T16:02:54+08:00 ] 123.151.40.40 /favicon.ico
INFO: [ app_init ] --START--
INFO: Run Behavior\BuildLiteBehavior [ RunTime:0.000012s ]
INFO: [ app_init ] --END-- [ RunTime:0.000260s ]
ERR: 无法加载模块:Favicon

[ 2016-09-12T16:06:59+08:00 ] 111.151.236.88 /download/5A6C823ADD491E5B90BA490B19FE15DFB4637147.torrent
INFO: [ app_init ] --START--
INFO: Run Behavior\BuildLiteBehavior [ RunTime:0.000013s ]
INFO: [ app_init ] --END-- [ RunTime:0.000274s ]
ERR: 无法加载模块:Download

[ 2016-09-12T16:07:31+08:00 ] 123.151.40.40 /Public/img/ioc/16.ioc
INFO: [ app_init ] --START--
INFO: Run Behavior\BuildLiteBehavior [ RunTime:0.000012s ]
INFO: [ app_init ] --END-- [ RunTime:0.000277s ]
ERR: 无法加载模块:Public

[ 2016-09-12T16:07:32+08:00 ] 123.151.40.40 /Public/img/ioc/16.ioc
INFO: [ app_init ] --START--
INFO: Run Behavior\BuildLiteBehavior [ RunTime:0.000013s ]
INFO: [ app_init ] --END-- [ RunTime:0.000265s ]
ERR: 无法加载模块:Public

[ 2016-09-12T16:27:58+08:00 ] 123.151.38.94 /Public/img/ioc/16.ioc
INFO: [ app_init ] --START--
INFO: Run Behavior\BuildLiteBehavior [ RunTime:0.000013s ]
INFO: [ app_init ] --END-- [ RunTime:0.000272s ]
ERR: 无法加载模块:Public

[ 2016-09-12T16:28:39+08:00 ] 123.151.38.94 /favicon.ico
INFO: [ app_init ] --START--
INFO: Run Behavior\BuildLiteBehavior [ RunTime:0.000018s ]
INFO: [ app_init ] --END-- [ RunTime:0.000313s ]
ERR: 无法加载模块:Favicon

[ 2016-09-12T17:37:20+08:00 ] 106.89.186.232 /favicon.ico
INFO: [ app_init ] --START--
INFO: Run Behavior\BuildLiteBehavior [ RunTime:0.000013s ]
INFO: [ app_init ] --END-- [ RunTime:0.000269s ]
ERR: 无法加载模块:Favicon

[ 2016-09-12T17:53:49+08:00 ] 123.151.176.198 /Public/img/ioc/16.ioc
INFO: [ app_init ] --START--
INFO: Run Behavior\BuildLiteBehavior [ RunTime:0.000013s ]
INFO: [ app_init ] --END-- [ RunTime:0.000265s ]
ERR: 无法加载模块:Public

[ 2016-09-12T17:53:49+08:00 ] 123.151.176.198 /Public/img/ioc/16.ioc
INFO: [ app_init ] --START--
INFO: Run Behavior\BuildLiteBehavior [ RunTime:0.000012s ]
INFO: [ app_init ] --END-- [ RunTime:0.000263s ]
ERR: 无法加载模块:Public

[ 2016-09-12T18:03:33+08:00 ] 123.151.38.94 /Public/img/ioc/16.ioc
INFO: [ app_init ] --START--
INFO: Run Behavior\BuildLiteBehavior [ RunTime:0.000013s ]
INFO: [ app_init ] --END-- [ RunTime:0.000287s ]
ERR: 无法加载模块:Public

[ 2016-09-12T18:04:14+08:00 ] 123.151.38.94 /favicon.ico
INFO: [ app_init ] --START--
INFO: Run Behavior\BuildLiteBehavior [ RunTime:0.000013s ]
INFO: [ app_init ] --END-- [ RunTime:0.000289s ]
ERR: 无法加载模块:Favicon

[ 2016-09-12T18:11:42+08:00 ] 123.151.38.94 /Public/img/ioc/16.ioc
INFO: [ app_init ] --START--
INFO: Run Behavior\BuildLiteBehavior [ RunTime:0.000013s ]
INFO: [ app_init ] --END-- [ RunTime:0.000268s ]
ERR: 无法加载模块:Public

[ 2016-09-12T18:32:39+08:00 ] 111.161.57.31 /Public/img/ioc/16.ioc
INFO: [ app_init ] --START--
INFO: Run Behavior\BuildLiteBehavior [ RunTime:0.000015s ]
INFO: [ app_init ] --END-- [ RunTime:0.000401s ]
ERR: 无法加载模块:Public

[ 2016-09-12T18:32:39+08:00 ] 111.161.57.31 /Public/img/ioc/16.ioc
INFO: [ app_init ] --START--
INFO: Run Behavior\BuildLiteBehavior [ RunTime:0.000014s ]
INFO: [ app_init ] --END-- [ RunTime:0.000299s ]
ERR: 无法加载模块:Public

[ 2016-09-12T18:32:39+08:00 ] 111.161.57.31 /Public/img/ioc/16.ioc
INFO: [ app_init ] --START--
INFO: Run Behavior\BuildLiteBehavior [ RunTime:0.000014s ]
INFO: [ app_init ] --END-- [ RunTime:0.000313s ]
ERR: 无法加载模块:Public

[ 2016-09-12T18:32:39+08:00 ] 111.161.57.31 /Public/img/ioc/16.ioc
INFO: [ app_init ] --START--
INFO: Run Behavior\BuildLiteBehavior [ RunTime:0.000014s ]
INFO: [ app_init ] --END-- [ RunTime:0.000334s ]
ERR: 无法加载模块:Public

[ 2016-09-12T18:42:40+08:00 ] 111.161.57.31 /Public/img/ioc/16.ioc
INFO: [ app_init ] --START--
INFO: Run Behavior\BuildLiteBehavior [ RunTime:0.000013s ]
INFO: [ app_init ] --END-- [ RunTime:0.000268s ]
ERR: 无法加载模块:Public

[ 2016-09-12T18:42:40+08:00 ] 111.161.57.31 /Public/img/ioc/16.ioc
INFO: [ app_init ] --START--
INFO: Run Behavior\BuildLiteBehavior [ RunTime:0.000013s ]
INFO: [ app_init ] --END-- [ RunTime:0.000268s ]
ERR: 无法加载模块:Public

[ 2016-09-12T18:42:40+08:00 ] 111.161.57.31 /Public/img/ioc/16.ioc
INFO: [ app_init ] --START--
INFO: Run Behavior\BuildLiteBehavior [ RunTime:0.000015s ]
INFO: [ app_init ] --END-- [ RunTime:0.000270s ]
ERR: 无法加载模块:Public

[ 2016-09-12T18:42:40+08:00 ] 111.161.57.31 /Public/img/ioc/16.ioc
INFO: [ app_init ] --START--
INFO: Run Behavior\BuildLiteBehavior [ RunTime:0.000013s ]
INFO: [ app_init ] --END-- [ RunTime:0.000297s ]
ERR: 无法加载模块:Public

[ 2016-09-12T19:29:11+08:00 ] 114.253.95.68 /Public/img/ioc/16.ioc
INFO: [ app_init ] --START--
INFO: Run Behavior\BuildLiteBehavior [ RunTime:0.000013s ]
INFO: [ app_init ] --END-- [ RunTime:0.000291s ]
ERR: 无法加载模块:Public

[ 2016-09-12T20:02:19+08:00 ] 218.108.217.168 /download/207137DDA75B5327595A2C341B17EBEA5FF08264.torrent
INFO: [ app_init ] --START--
INFO: Run Behavior\BuildLiteBehavior [ RunTime:0.000013s ]
INFO: [ app_init ] --END-- [ RunTime:0.000267s ]
ERR: 无法加载模块:Download

[ 2016-09-12T20:02:19+08:00 ] 218.108.217.168 /download/207137DDA75B5327595A2C341B17EBEA5FF08264.torrent
INFO: [ app_init ] --START--
INFO: Run Behavior\BuildLiteBehavior [ RunTime:0.000013s ]
INFO: [ app_init ] --END-- [ RunTime:0.000265s ]
ERR: 无法加载模块:Download

[ 2016-09-12T20:02:19+08:00 ] 218.108.217.168 /download/207137DDA75B5327595A2C341B17EBEA5FF08264.torrent
INFO: [ app_init ] --START--
INFO: Run Behavior\BuildLiteBehavior [ RunTime:0.000013s ]
INFO: [ app_init ] --END-- [ RunTime:0.000267s ]
ERR: 无法加载模块:Download

[ 2016-09-12T20:02:19+08:00 ] 218.108.217.168 /download/207137DDA75B5327595A2C341B17EBEA5FF08264.torrent
INFO: [ app_init ] --START--
INFO: Run Behavior\BuildLiteBehavior [ RunTime:0.000012s ]
INFO: [ app_init ] --END-- [ RunTime:0.000265s ]
ERR: 无法加载模块:Download

[ 2016-09-12T20:02:25+08:00 ] 218.108.217.168 /download/207137DDA75B5327595A2C341B17EBEA5FF08264.torrent
INFO: [ app_init ] --START--
INFO: Run Behavior\BuildLiteBehavior [ RunTime:0.000013s ]
INFO: [ app_init ] --END-- [ RunTime:0.000266s ]
ERR: 无法加载模块:Download

[ 2016-09-12T20:02:25+08:00 ] 218.108.217.168 /download/207137DDA75B5327595A2C341B17EBEA5FF08264.torrent
INFO: [ app_init ] --START--
INFO: Run Behavior\BuildLiteBehavior [ RunTime:0.000016s ]
INFO: [ app_init ] --END-- [ RunTime:0.000287s ]
ERR: 无法加载模块:Download

[ 2016-09-12T20:02:25+08:00 ] 218.108.217.168 /download/207137DDA75B5327595A2C341B17EBEA5FF08264.torrent
INFO: [ app_init ] --START--
INFO: Run Behavior\BuildLiteBehavior [ RunTime:0.000013s ]
INFO: [ app_init ] --END-- [ RunTime:0.000280s ]
ERR: 无法加载模块:Download

[ 2016-09-12T20:02:31+08:00 ] 218.108.217.168 /download/207137DDA75B5327595A2C341B17EBEA5FF08264.torrent
INFO: [ app_init ] --START--
INFO: Run Behavior\BuildLiteBehavior [ RunTime:0.000013s ]
INFO: [ app_init ] --END-- [ RunTime:0.000268s ]
ERR: 无法加载模块:Download

[ 2016-09-12T20:02:31+08:00 ] 218.108.217.168 /download/207137DDA75B5327595A2C341B17EBEA5FF08264.torrent
INFO: [ app_init ] --START--
INFO: Run Behavior\BuildLiteBehavior [ RunTime:0.000012s ]
INFO: [ app_init ] --END-- [ RunTime:0.000259s ]
ERR: 无法加载模块:Download

[ 2016-09-12T20:02:31+08:00 ] 218.108.217.168 /download/207137DDA75B5327595A2C341B17EBEA5FF08264.torrent
INFO: [ app_init ] --START--
INFO: Run Behavior\BuildLiteBehavior [ RunTime:0.000011s ]
INFO: [ app_init ] --END-- [ RunTime:0.000253s ]
ERR: 无法加载模块:Download

[ 2016-09-12T20:02:37+08:00 ] 218.108.217.168 /download/207137DDA75B5327595A2C341B17EBEA5FF08264.torrent
INFO: [ app_init ] --START--
INFO: Run Behavior\BuildLiteBehavior [ RunTime:0.000013s ]
INFO: [ app_init ] --END-- [ RunTime:0.000287s ]
ERR: 无法加载模块:Download

[ 2016-09-12T20:02:37+08:00 ] 218.108.217.168 /download/207137DDA75B5327595A2C341B17EBEA5FF08264.torrent
INFO: [ app_init ] --START--
INFO: Run Behavior\BuildLiteBehavior [ RunTime:0.000016s ]
INFO: [ app_init ] --END-- [ RunTime:0.000325s ]
ERR: 无法加载模块:Download

[ 2016-09-12T20:02:37+08:00 ] 218.108.217.168 /download/207137DDA75B5327595A2C341B17EBEA5FF08264.torrent
INFO: [ app_init ] --START--
INFO: Run Behavior\BuildLiteBehavior [ RunTime:0.000014s ]
INFO: [ app_init ] --END-- [ RunTime:0.000280s ]
ERR: 无法加载模块:Download

[ 2016-09-12T20:02:49+08:00 ] 218.108.217.168 /download/207137DDA75B5327595A2C341B17EBEA5FF08264.torrent
INFO: [ app_init ] --START--
INFO: Run Behavior\BuildLiteBehavior [ RunTime:0.000011s ]
INFO: [ app_init ] --END-- [ RunTime:0.000276s ]
ERR: 无法加载模块:Download

[ 2016-09-12T20:02:51+08:00 ] 218.108.217.168 /download/207137DDA75B5327595A2C341B17EBEA5FF08264.torrent
INFO: [ app_init ] --START--
INFO: Run Behavior\BuildLiteBehavior [ RunTime:0.000017s ]
INFO: [ app_init ] --END-- [ RunTime:0.000286s ]
ERR: 无法加载模块:Download

[ 2016-09-12T20:02:51+08:00 ] 218.108.217.168 /download/207137DDA75B5327595A2C341B17EBEA5FF08264.torrent
INFO: [ app_init ] --START--
INFO: Run Behavior\BuildLiteBehavior [ RunTime:0.000013s ]
INFO: [ app_init ] --END-- [ RunTime:0.000267s ]
ERR: 无法加载模块:Download

[ 2016-09-12T20:03:01+08:00 ] 218.108.217.168 /download/207137DDA75B5327595A2C341B17EBEA5FF08264.torrent
INFO: [ app_init ] --START--
INFO: Run Behavior\BuildLiteBehavior [ RunTime:0.000016s ]
INFO: [ app_init ] --END-- [ RunTime:0.000301s ]
ERR: 无法加载模块:Download

[ 2016-09-12T20:03:01+08:00 ] 218.108.217.168 /download/207137DDA75B5327595A2C341B17EBEA5FF08264.torrent
INFO: [ app_init ] --START--
INFO: Run Behavior\BuildLiteBehavior [ RunTime:0.000019s ]
INFO: [ app_init ] --END-- [ RunTime:0.000359s ]
ERR: 无法加载模块:Download

[ 2016-09-12T20:03:01+08:00 ] 218.108.217.168 /download/207137DDA75B5327595A2C341B17EBEA5FF08264.torrent
INFO: [ app_init ] --START--
INFO: Run Behavior\BuildLiteBehavior [ RunTime:0.000016s ]
INFO: [ app_init ] --END-- [ RunTime:0.000299s ]
ERR: 无法加载模块:Download

[ 2016-09-12T20:03:13+08:00 ] 218.108.217.168 /download/207137DDA75B5327595A2C341B17EBEA5FF08264.torrent
INFO: [ app_init ] --START--
INFO: Run Behavior\BuildLiteBehavior [ RunTime:0.000015s ]
INFO: [ app_init ] --END-- [ RunTime:0.000274s ]
ERR: 无法加载模块:Download

[ 2016-09-12T20:03:14+08:00 ] 218.108.217.168 /download/207137DDA75B5327595A2C341B17EBEA5FF08264.torrent
INFO: [ app_init ] --START--
INFO: Run Behavior\BuildLiteBehavior [ RunTime:0.000012s ]
INFO: [ app_init ] --END-- [ RunTime:0.000286s ]
ERR: 无法加载模块:Download

[ 2016-09-12T20:03:14+08:00 ] 218.108.217.168 /download/207137DDA75B5327595A2C341B17EBEA5FF08264.torrent
INFO: [ app_init ] --START--
INFO: Run Behavior\BuildLiteBehavior [ RunTime:0.000013s ]
INFO: [ app_init ] --END-- [ RunTime:0.000265s ]
ERR: 无法加载模块:Download

[ 2016-09-12T20:03:25+08:00 ] 218.108.217.168 /download/207137DDA75B5327595A2C341B17EBEA5FF08264.torrent
INFO: [ app_init ] --START--
INFO: Run Behavior\BuildLiteBehavior [ RunTime:0.000013s ]
INFO: [ app_init ] --END-- [ RunTime:0.000288s ]
ERR: 无法加载模块:Download

[ 2016-09-12T20:03:25+08:00 ] 218.108.217.168 /download/207137DDA75B5327595A2C341B17EBEA5FF08264.torrent
INFO: [ app_init ] --START--
INFO: Run Behavior\BuildLiteBehavior [ RunTime:0.000012s ]
INFO: [ app_init ] --END-- [ RunTime:0.000279s ]
ERR: 无法加载模块:Download

[ 2016-09-12T20:03:25+08:00 ] 218.108.217.168 /download/207137DDA75B5327595A2C341B17EBEA5FF08264.torrent
INFO: [ app_init ] --START--
INFO: Run Behavior\BuildLiteBehavior [ RunTime:0.000011s ]
INFO: [ app_init ] --END-- [ RunTime:0.000253s ]
ERR: 无法加载模块:Download

[ 2016-09-12T20:03:42+08:00 ] 218.108.217.168 /download/207137DDA75B5327595A2C341B17EBEA5FF08264.torrent
INFO: [ app_init ] --START--
INFO: Run Behavior\BuildLiteBehavior [ RunTime:0.000019s ]
INFO: [ app_init ] --END-- [ RunTime:0.000394s ]
ERR: 无法加载模块:Download

[ 2016-09-12T20:03:42+08:00 ] 218.108.217.168 /download/207137DDA75B5327595A2C341B17EBEA5FF08264.torrent
INFO: [ app_init ] --START--
INFO: Run Behavior\BuildLiteBehavior [ RunTime:0.000013s ]
INFO: [ app_init ] --END-- [ RunTime:0.000287s ]
ERR: 无法加载模块:Download

[ 2016-09-12T20:03:42+08:00 ] 218.108.217.168 /download/207137DDA75B5327595A2C341B17EBEA5FF08264.torrent
INFO: [ app_init ] --START--
INFO: Run Behavior\BuildLiteBehavior [ RunTime:0.000012s ]
INFO: [ app_init ] --END-- [ RunTime:0.000265s ]
ERR: 无法加载模块:Download

[ 2016-09-12T20:03:45+08:00 ] 101.46.114.241 /download/207137DDA75B5327595A2C341B17EBEA5FF08264.torrent
INFO: [ app_init ] --START--
INFO: Run Behavior\BuildLiteBehavior [ RunTime:0.000013s ]
INFO: [ app_init ] --END-- [ RunTime:0.000269s ]
ERR: 无法加载模块:Download

[ 2016-09-12T20:04:00+08:00 ] 218.108.217.168 /download/207137DDA75B5327595A2C341B17EBEA5FF08264.torrent
INFO: [ app_init ] --START--
INFO: Run Behavior\BuildLiteBehavior [ RunTime:0.000013s ]
INFO: [ app_init ] --END-- [ RunTime:0.000286s ]
ERR: 无法加载模块:Download

[ 2016-09-12T20:04:01+08:00 ] 218.108.217.168 /download/207137DDA75B5327595A2C341B17EBEA5FF08264.torrent
INFO: [ app_init ] --START--
INFO: Run Behavior\BuildLiteBehavior [ RunTime:0.000012s ]
INFO: [ app_init ] --END-- [ RunTime:0.000268s ]
ERR: 无法加载模块:Download

[ 2016-09-12T20:04:01+08:00 ] 218.108.217.168 /download/207137DDA75B5327595A2C341B17EBEA5FF08264.torrent
INFO: [ app_init ] --START--
INFO: Run Behavior\BuildLiteBehavior [ RunTime:0.000012s ]
INFO: [ app_init ] --END-- [ RunTime:0.000266s ]
ERR: 无法加载模块:Download

[ 2016-09-12T20:04:18+08:00 ] 218.108.217.168 /download/207137DDA75B5327595A2C341B17EBEA5FF08264.torrent
INFO: [ app_init ] --START--
INFO: Run Behavior\BuildLiteBehavior [ RunTime:0.000013s ]
INFO: [ app_init ] --END-- [ RunTime:0.000289s ]
ERR: 无法加载模块:Download

[ 2016-09-12T20:04:18+08:00 ] 218.108.217.168 /download/207137DDA75B5327595A2C341B17EBEA5FF08264.torrent
INFO: [ app_init ] --START--
INFO: Run Behavior\BuildLiteBehavior [ RunTime:0.000016s ]
INFO: [ app_init ] --END-- [ RunTime:0.000282s ]
ERR: 无法加载模块:Download

[ 2016-09-12T20:04:22+08:00 ] 218.108.217.168 /download/207137DDA75B5327595A2C341B17EBEA5FF08264.torrent
INFO: [ app_init ] --START--
INFO: Run Behavior\BuildLiteBehavior [ RunTime:0.000013s ]
INFO: [ app_init ] --END-- [ RunTime:0.000270s ]
ERR: 无法加载模块:Download

[ 2016-09-12T20:04:39+08:00 ] 218.108.217.168 /download/207137DDA75B5327595A2C341B17EBEA5FF08264.torrent
INFO: [ app_init ] --START--
INFO: Run Behavior\BuildLiteBehavior [ RunTime:0.000014s ]
INFO: [ app_init ] --END-- [ RunTime:0.000271s ]
ERR: 无法加载模块:Download

[ 2016-09-12T20:04:39+08:00 ] 218.108.217.168 /download/207137DDA75B5327595A2C341B17EBEA5FF08264.torrent
INFO: [ app_init ] --START--
INFO: Run Behavior\BuildLiteBehavior [ RunTime:0.000031s ]
INFO: [ app_init ] --END-- [ RunTime:0.000283s ]
ERR: 无法加载模块:Download

[ 2016-09-12T20:04:39+08:00 ] 218.108.217.168 /download/207137DDA75B5327595A2C341B17EBEA5FF08264.torrent
INFO: [ app_init ] --START--
INFO: Run Behavior\BuildLiteBehavior [ RunTime:0.000013s ]
INFO: [ app_init ] --END-- [ RunTime:0.000270s ]
ERR: 无法加载模块:Download

[ 2016-09-12T20:05:01+08:00 ] 218.108.217.168 /download/207137DDA75B5327595A2C341B17EBEA5FF08264.torrent
INFO: [ app_init ] --START--
INFO: Run Behavior\BuildLiteBehavior [ RunTime:0.000013s ]
INFO: [ app_init ] --END-- [ RunTime:0.000271s ]
ERR: 无法加载模块:Download

[ 2016-09-12T20:05:01+08:00 ] 218.108.217.168 /download/207137DDA75B5327595A2C341B17EBEA5FF08264.torrent
INFO: [ app_init ] --START--
INFO: Run Behavior\BuildLiteBehavior [ RunTime:0.000013s ]
INFO: [ app_init ] --END-- [ RunTime:0.000281s ]
ERR: 无法加载模块:Download

[ 2016-09-12T20:05:01+08:00 ] 218.108.217.168 /download/207137DDA75B5327595A2C341B17EBEA5FF08264.torrent
INFO: [ app_init ] --START--
INFO: Run Behavior\BuildLiteBehavior [ RunTime:0.000012s ]
INFO: [ app_init ] --END-- [ RunTime:0.000296s ]
ERR: 无法加载模块:Download

[ 2016-09-12T20:14:03+08:00 ] 1.56.208.201 /download/5011D9ABF69E5CD96854D7BEEB2774F7CB412FB5.torrent
INFO: [ app_init ] --START--
INFO: Run Behavior\BuildLiteBehavior [ RunTime:0.000013s ]
INFO: [ app_init ] --END-- [ RunTime:0.000291s ]
ERR: 无法加载模块:Download

[ 2016-09-12T20:14:09+08:00 ] 1.56.208.201 /download/5011D9ABF69E5CD96854D7BEEB2774F7CB412FB5.torrent
INFO: [ app_init ] --START--
INFO: Run Behavior\BuildLiteBehavior [ RunTime:0.000012s ]
INFO: [ app_init ] --END-- [ RunTime:0.000269s ]
ERR: 无法加载模块:Download

[ 2016-09-12T20:14:15+08:00 ] 1.56.208.201 /download/5011D9ABF69E5CD96854D7BEEB2774F7CB412FB5.torrent
INFO: [ app_init ] --START--
INFO: Run Behavior\BuildLiteBehavior [ RunTime:0.000014s ]
INFO: [ app_init ] --END-- [ RunTime:0.000298s ]
ERR: 无法加载模块:Download

[ 2016-09-12T20:14:15+08:00 ] 1.56.208.201 /download/5011D9ABF69E5CD96854D7BEEB2774F7CB412FB5.torrent
INFO: [ app_init ] --START--
INFO: Run Behavior\BuildLiteBehavior [ RunTime:0.000013s ]
INFO: [ app_init ] --END-- [ RunTime:0.000290s ]
ERR: 无法加载模块:Download

[ 2016-09-12T20:14:21+08:00 ] 1.56.208.201 /download/5011D9ABF69E5CD96854D7BEEB2774F7CB412FB5.torrent
INFO: [ app_init ] --START--
INFO: Run Behavior\BuildLiteBehavior [ RunTime:0.000013s ]
INFO: [ app_init ] --END-- [ RunTime:0.000271s ]
ERR: 无法加载模块:Download

[ 2016-09-12T20:14:33+08:00 ] 1.56.208.201 /download/5011D9ABF69E5CD96854D7BEEB2774F7CB412FB5.torrent
INFO: [ app_init ] --START--
INFO: Run Behavior\BuildLiteBehavior [ RunTime:0.000013s ]
INFO: [ app_init ] --END-- [ RunTime:0.000268s ]
ERR: 无法加载模块:Download

[ 2016-09-12T20:14:33+08:00 ] 1.56.208.201 /download/5011D9ABF69E5CD96854D7BEEB2774F7CB412FB5.torrent
INFO: [ app_init ] --START--
INFO: Run Behavior\BuildLiteBehavior [ RunTime:0.000013s ]
INFO: [ app_init ] --END-- [ RunTime:0.000269s ]
ERR: 无法加载模块:Download

[ 2016-09-12T20:14:33+08:00 ] 1.56.208.201 /download/5011D9ABF69E5CD96854D7BEEB2774F7CB412FB5.torrent
INFO: [ app_init ] --START--
INFO: Run Behavior\BuildLiteBehavior [ RunTime:0.000013s ]
INFO: [ app_init ] --END-- [ RunTime:0.000284s ]
ERR: 无法加载模块:Download

[ 2016-09-12T20:14:45+08:00 ] 1.56.208.201 /download/5011D9ABF69E5CD96854D7BEEB2774F7CB412FB5.torrent
INFO: [ app_init ] --START--
INFO: Run Behavior\BuildLiteBehavior [ RunTime:0.000012s ]
INFO: [ app_init ] --END-- [ RunTime:0.000267s ]
ERR: 无法加载模块:Download

[ 2016-09-12T20:14:45+08:00 ] 1.56.208.201 /download/5011D9ABF69E5CD96854D7BEEB2774F7CB412FB5.torrent
INFO: [ app_init ] --START--
INFO: Run Behavior\BuildLiteBehavior [ RunTime:0.000011s ]
INFO: [ app_init ] --END-- [ RunTime:0.000279s ]
ERR: 无法加载模块:Download

[ 2016-09-12T20:14:45+08:00 ] 1.56.208.201 /download/5011D9ABF69E5CD96854D7BEEB2774F7CB412FB5.torrent
INFO: [ app_init ] --START--
INFO: Run Behavior\BuildLiteBehavior [ RunTime:0.000012s ]
INFO: [ app_init ] --END-- [ RunTime:0.000286s ]
ERR: 无法加载模块:Download

[ 2016-09-12T20:16:55+08:00 ] 1.56.208.201 /download/5011D9ABF69E5CD96854D7BEEB2774F7CB412FB5.torrent
INFO: [ app_init ] --START--
INFO: Run Behavior\BuildLiteBehavior [ RunTime:0.000013s ]
INFO: [ app_init ] --END-- [ RunTime:0.000291s ]
ERR: 无法加载模块:Download

[ 2016-09-12T20:16:55+08:00 ] 1.56.208.201 /download/5011D9ABF69E5CD96854D7BEEB2774F7CB412FB5.torrent
INFO: [ app_init ] --START--
INFO: Run Behavior\BuildLiteBehavior [ RunTime:0.000013s ]
INFO: [ app_init ] --END-- [ RunTime:0.000267s ]
ERR: 无法加载模块:Download

[ 2016-09-12T20:17:02+08:00 ] 1.56.208.201 /download/5011D9ABF69E5CD96854D7BEEB2774F7CB412FB5.torrent
INFO: [ app_init ] --START--
INFO: Run Behavior\BuildLiteBehavior [ RunTime:0.000013s ]
INFO: [ app_init ] --END-- [ RunTime:0.000270s ]
ERR: 无法加载模块:Download

[ 2016-09-12T20:17:03+08:00 ] 1.56.208.201 /download/5011D9ABF69E5CD96854D7BEEB2774F7CB412FB5.torrent
INFO: [ app_init ] --START--
INFO: Run Behavior\BuildLiteBehavior [ RunTime:0.000013s ]
INFO: [ app_init ] --END-- [ RunTime:0.000277s ]
ERR: 无法加载模块:Download

[ 2016-09-12T20:17:03+08:00 ] 1.56.208.201 /download/5011D9ABF69E5CD96854D7BEEB2774F7CB412FB5.torrent
INFO: [ app_init ] --START--
INFO: Run Behavior\BuildLiteBehavior [ RunTime:0.000013s ]
INFO: [ app_init ] --END-- [ RunTime:0.000271s ]
ERR: 无法加载模块:Download

[ 2016-09-12T20:17:36+08:00 ] 1.56.208.201 /download/5011D9ABF69E5CD96854D7BEEB2774F7CB412FB5.torrent
INFO: [ app_init ] --START--
INFO: Run Behavior\BuildLiteBehavior [ RunTime:0.000014s ]
INFO: [ app_init ] --END-- [ RunTime:0.000273s ]
ERR: 无法加载模块:Download

[ 2016-09-12T20:17:36+08:00 ] 1.56.208.201 /download/5011D9ABF69E5CD96854D7BEEB2774F7CB412FB5.torrent
INFO: [ app_init ] --START--
INFO: Run Behavior\BuildLiteBehavior [ RunTime:0.000013s ]
INFO: [ app_init ] --END-- [ RunTime:0.000267s ]
ERR: 无法加载模块:Download

[ 2016-09-12T20:17:36+08:00 ] 1.56.208.201 /download/5011D9ABF69E5CD96854D7BEEB2774F7CB412FB5.torrent
INFO: [ app_init ] --START--
INFO: Run Behavior\BuildLiteBehavior [ RunTime:0.000013s ]
INFO: [ app_init ] --END-- [ RunTime:0.000267s ]
ERR: 无法加载模块:Download

[ 2016-09-12T20:17:44+08:00 ] 1.56.208.201 /download/5011D9ABF69E5CD96854D7BEEB2774F7CB412FB5.torrent
INFO: [ app_init ] --START--
INFO: Run Behavior\BuildLiteBehavior [ RunTime:0.000014s ]
INFO: [ app_init ] --END-- [ RunTime:0.000275s ]
ERR: 无法加载模块:Download

[ 2016-09-12T20:17:52+08:00 ] 1.56.208.201 /download/5011D9ABF69E5CD96854D7BEEB2774F7CB412FB5.torrent
INFO: [ app_init ] --START--
INFO: Run Behavior\BuildLiteBehavior [ RunTime:0.000013s ]
INFO: [ app_init ] --END-- [ RunTime:0.000266s ]
ERR: 无法加载模块:Download

[ 2016-09-12T21:04:04+08:00 ] 124.236.198.144 /reg.asp
INFO: [ app_init ] --START--
INFO: Run Behavior\BuildLiteBehavior [ RunTime:0.000013s ]
INFO: [ app_init ] --END-- [ RunTime:0.000286s ]
ERR: 无法加载模块:Reg

[ 2016-09-12T21:08:49+08:00 ] 207.46.13.161 /robots.txt
INFO: [ app_init ] --START--
INFO: Run Behavior\BuildLiteBehavior [ RunTime:0.000013s ]
INFO: [ app_init ] --END-- [ RunTime:0.000276s ]
ERR: 无法加载模块:Robots

[ 2016-09-12T21:25:12+08:00 ] 112.126.82.197 /phpmyadmin
INFO: [ app_init ] --START--
INFO: Run Behavior\BuildLiteBehavior [ RunTime:0.000015s ]
INFO: [ app_init ] --END-- [ RunTime:0.000290s ]
ERR: 无法加载模块:Phpmyadmin

[ 2016-09-12T21:38:44+08:00 ] 202.46.50.185 /B5E11E3F9AE4B3B5A66F5A8BCD663433E266422B.html
INFO: [ app_init ] --START--
INFO: Run Behavior\BuildLiteBehavior [ RunTime:0.000015s ]
INFO: [ app_init ] --END-- [ RunTime:0.000287s ]
ERR: 无法加载模块:B5E11E3F9AE4B3B5A66F5A8BCD663433E266422B

[ 2016-09-12T21:41:32+08:00 ] 112.26.67.119 /download/8DFA1507B873F87751CE085761DE03B283CAB194.torrent
INFO: [ app_init ] --START--
INFO: Run Behavior\BuildLiteBehavior [ RunTime:0.000013s ]
INFO: [ app_init ] --END-- [ RunTime:0.000269s ]
ERR: 无法加载模块:Download

[ 2016-09-12T21:42:10+08:00 ] 223.74.129.203 /download/8DFA1507B873F87751CE085761DE03B283CAB194.torrent
INFO: [ app_init ] --START--
INFO: Run Behavior\BuildLiteBehavior [ RunTime:0.000014s ]
INFO: [ app_init ] --END-- [ RunTime:0.000388s ]
ERR: 无法加载模块:Download

[ 2016-09-12T22:13:54+08:00 ] 111.2.151.248 /download/207137DDA75B5327595A2C341B17EBEA5FF08264.torrent
INFO: [ app_init ] --START--
INFO: Run Behavior\BuildLiteBehavior [ RunTime:0.000012s ]
INFO: [ app_init ] --END-- [ RunTime:0.000282s ]
ERR: 无法加载模块:Download

[ 2016-09-12T22:15:34+08:00 ] 117.100.79.154 /download/8DFA1507B873F87751CE085761DE03B283CAB194.torrent
INFO: [ app_init ] --START--
INFO: Run Behavior\BuildLiteBehavior [ RunTime:0.000014s ]
INFO: [ app_init ] --END-- [ RunTime:0.000299s ]
ERR: 无法加载模块:Download

[ 2016-09-12T22:26:17+08:00 ] 111.200.69.81 /download/5011D9ABF69E5CD96854D7BEEB2774F7CB412FB5.torrent
INFO: [ app_init ] --START--
INFO: Run Behavior\BuildLiteBehavior [ RunTime:0.000014s ]
INFO: [ app_init ] --END-- [ RunTime:0.000285s ]
ERR: 无法加载模块:Download

[ 2016-09-12T22:27:15+08:00 ] 111.85.44.45 /download/207137DDA75B5327595A2C341B17EBEA5FF08264.torrent
INFO: [ app_init ] --START--
INFO: Run Behavior\BuildLiteBehavior [ RunTime:0.000013s ]
INFO: [ app_init ] --END-- [ RunTime:0.000270s ]
ERR: 无法加载模块:Download

[ 2016-09-12T22:27:48+08:00 ] 183.204.1.159 /download/207137DDA75B5327595A2C341B17EBEA5FF08264.torrent
INFO: [ app_init ] --START--
INFO: Run Behavior\BuildLiteBehavior [ RunTime:0.000026s ]
INFO: [ app_init ] --END-- [ RunTime:0.000379s ]
ERR: 无法加载模块:Download

[ 2016-09-12T22:31:21+08:00 ] 111.200.69.81 /download/5011D9ABF69E5CD96854D7BEEB2774F7CB412FB5.torrent
INFO: [ app_init ] --START--
INFO: Run Behavior\BuildLiteBehavior [ RunTime:0.000012s ]
INFO: [ app_init ] --END-- [ RunTime:0.000268s ]
ERR: 无法加载模块:Download

[ 2016-09-12T22:39:46+08:00 ] 115.191.47.137 /download/207137DDA75B5327595A2C341B17EBEA5FF08264.torrent
INFO: [ app_init ] --START--
INFO: Run Behavior\BuildLiteBehavior [ RunTime:0.000014s ]
INFO: [ app_init ] --END-- [ RunTime:0.000288s ]
ERR: 无法加载模块:Download

[ 2016-09-12T22:39:46+08:00 ] 115.191.47.137 /download/207137DDA75B5327595A2C341B17EBEA5FF08264.torrent
INFO: [ app_init ] --START--
INFO: Run Behavior\BuildLiteBehavior [ RunTime:0.000012s ]
INFO: [ app_init ] --END-- [ RunTime:0.000274s ]
ERR: 无法加载模块:Download

[ 2016-09-12T22:39:46+08:00 ] 115.191.47.137 /download/207137DDA75B5327595A2C341B17EBEA5FF08264.torrent
INFO: [ app_init ] --START--
INFO: Run Behavior\BuildLiteBehavior [ RunTime:0.000014s ]
INFO: [ app_init ] --END-- [ RunTime:0.000280s ]
ERR: 无法加载模块:Download

[ 2016-09-12T22:39:51+08:00 ] 115.191.47.137 /download/207137DDA75B5327595A2C341B17EBEA5FF08264.torrent
INFO: [ app_init ] --START--
INFO: Run Behavior\BuildLiteBehavior [ RunTime:0.000015s ]
INFO: [ app_init ] --END-- [ RunTime:0.000281s ]
ERR: 无法加载模块:Download

[ 2016-09-12T22:40:31+08:00 ] 118.199.62.46 /favicon.ico
INFO: [ app_init ] --START--
INFO: Run Behavior\BuildLiteBehavior [ RunTime:0.000018s ]
INFO: [ app_init ] --END-- [ RunTime:0.000302s ]
ERR: 无法加载模块:Favicon

[ 2016-09-12T22:47:21+08:00 ] 111.1.217.2 /download/B7CDD349F7E63838975C8E855154D2E05FBCB498.torrent
INFO: [ app_init ] --START--
INFO: Run Behavior\BuildLiteBehavior [ RunTime:0.000013s ]
INFO: [ app_init ] --END-- [ RunTime:0.000268s ]
ERR: 无法加载模块:Download

[ 2016-09-12T23:05:25+08:00 ] 1.62.59.253 /download/CBEA3D9284DCD22A77AC3B11FE91E8467974D6BD.torrent
INFO: [ app_init ] --START--
INFO: Run Behavior\BuildLiteBehavior [ RunTime:0.000013s ]
INFO: [ app_init ] --END-- [ RunTime:0.000272s ]
ERR: 无法加载模块:Download

[ 2016-09-12T23:10:02+08:00 ] 1.34.144.181 /favicon.ico
INFO: [ app_init ] --START--
INFO: Run Behavior\BuildLiteBehavior [ RunTime:0.000013s ]
INFO: [ app_init ] --END-- [ RunTime:0.000267s ]
ERR: 无法加载模块:Favicon

[ 2016-09-12T23:10:20+08:00 ] 114.25.247.153 /favicon.ico
INFO: [ app_init ] --START--
INFO: Run Behavior\BuildLiteBehavior [ RunTime:0.000013s ]
INFO: [ app_init ] --END-- [ RunTime:0.000265s ]
ERR: 无法加载模块:Favicon

[ 2016-09-12T23:27:05+08:00 ] 112.14.67.146 /download/207137DDA75B5327595A2C341B17EBEA5FF08264.torrent
INFO: [ app_init ] --START--
INFO: Run Behavior\BuildLiteBehavior [ RunTime:0.000012s ]
INFO: [ app_init ] --END-- [ RunTime:0.000265s ]
ERR: 无法加载模块:Download

[ 2016-09-12T23:27:51+08:00 ] 139.213.30.252 /download/D15755D9AEA44CC3BFD745865358C862F5908F98.torrent
INFO: [ app_init ] --START--
INFO: Run Behavior\BuildLiteBehavior [ RunTime:0.000013s ]
INFO: [ app_init ] --END-- [ RunTime:0.000276s ]
ERR: 无法加载模块:Download

[ 2016-09-12T23:49:20+08:00 ] 171.37.104.164 /download/207137DDA75B5327595A2C341B17EBEA5FF08264.torrent
INFO: [ app_init ] --START--
INFO: Run Behavior\BuildLiteBehavior [ RunTime:0.000012s ]
INFO: [ app_init ] --END-- [ RunTime:0.000258s ]
ERR: 无法加载模块:Download

[ 2016-09-12T23:49:20+08:00 ] 171.37.104.164 /download/207137DDA75B5327595A2C341B17EBEA5FF08264.torrent
INFO: [ app_init ] --START--
INFO: Run Behavior\BuildLiteBehavior [ RunTime:0.000020s ]
INFO: [ app_init ] --END-- [ RunTime:0.000282s ]
ERR: 无法加载模块:Download

[ 2016-09-12T23:49:20+08:00 ] 171.37.104.164 /download/207137DDA75B5327595A2C341B17EBEA5FF08264.torrent
INFO: [ app_init ] --START--
INFO: Run Behavior\BuildLiteBehavior [ RunTime:0.000012s ]
INFO: [ app_init ] --END-- [ RunTime:0.000262s ]
ERR: 无法加载模块:Download

[ 2016-09-12T23:49:20+08:00 ] 171.37.104.164 /download/207137DDA75B5327595A2C341B17EBEA5FF08264.torrent
INFO: [ app_init ] --START--
INFO: Run Behavior\BuildLiteBehavior [ RunTime:0.000011s ]
INFO: [ app_init ] --END-- [ RunTime:0.000261s ]
ERR: 无法加载模块:Download

[ 2016-09-12T23:55:32+08:00 ] 171.37.104.164 /download/207137DDA75B5327595A2C341B17EBEA5FF08264.torrent
INFO: [ app_init ] --START--
INFO: Run Behavior\BuildLiteBehavior [ RunTime:0.000012s ]
INFO: [ app_init ] --END-- [ RunTime:0.000267s ]
ERR: 无法加载模块:Download

[ 2016-09-12T23:55:33+08:00 ] 171.37.104.164 /download/207137DDA75B5327595A2C341B17EBEA5FF08264.torrent
INFO: [ app_init ] --START--
INFO: Run Behavior\BuildLiteBehavior [ RunTime:0.000013s ]
INFO: [ app_init ] --END-- [ RunTime:0.000288s ]
ERR: 无法加载模块:Download

[ 2016-09-12T23:57:36+08:00 ] 223.21.92.218 /download/8DFA1507B873F87751CE085761DE03B283CAB194.torrent
INFO: [ app_init ] --START--
INFO: Run Behavior\BuildLiteBehavior [ RunTime:0.000013s ]
INFO: [ app_init ] --END-- [ RunTime:0.000289s ]
ERR: 无法加载模块:Download

[ 2016-09-12T23:58:57+08:00 ] 207.46.13.161 /robots.txt
INFO: [ app_init ] --START--
INFO: Run Behavior\BuildLiteBehavior [ RunTime:0.000017s ]
INFO: [ app_init ] --END-- [ RunTime:0.000303s ]
ERR: 无法加载模块:Robots

