[ 2016-09-16T00:19:36+08:00 ] 39.168.39.19 /download/207137DDA75B5327595A2C341B17EBEA5FF08264.torrent
INFO: [ app_init ] --START--
INFO: Run Behavior\BuildLiteBehavior [ RunTime:0.000013s ]
INFO: [ app_init ] --END-- [ RunTime:0.000271s ]
ERR: 无法加载模块:Download

[ 2016-09-16T01:14:17+08:00 ] 116.231.133.34 /download/207137DDA75B5327595A2C341B17EBEA5FF08264.torrent
INFO: [ app_init ] --START--
INFO: Run Behavior\BuildLiteBehavior [ RunTime:0.000019s ]
INFO: [ app_init ] --END-- [ RunTime:0.000435s ]
ERR: 无法加载模块:Download

[ 2016-09-16T01:14:18+08:00 ] 116.231.133.34 /download/207137DDA75B5327595A2C341B17EBEA5FF08264.torrent
INFO: [ app_init ] --START--
INFO: Run Behavior\BuildLiteBehavior [ RunTime:0.000012s ]
INFO: [ app_init ] --END-- [ RunTime:0.000269s ]
ERR: 无法加载模块:Download

[ 2016-09-16T01:14:18+08:00 ] 116.231.133.34 /download/207137DDA75B5327595A2C341B17EBEA5FF08264.torrent
INFO: [ app_init ] --START--
INFO: Run Behavior\BuildLiteBehavior [ RunTime:0.000013s ]
INFO: [ app_init ] --END-- [ RunTime:0.000269s ]
ERR: 无法加载模块:Download

[ 2016-09-16T01:14:34+08:00 ] 116.231.133.34 /download/207137DDA75B5327595A2C341B17EBEA5FF08264.torrent
INFO: [ app_init ] --START--
INFO: Run Behavior\BuildLiteBehavior [ RunTime:0.000016s ]
INFO: [ app_init ] --END-- [ RunTime:0.000287s ]
ERR: 无法加载模块:Download

[ 2016-09-16T01:14:44+08:00 ] 116.231.133.34 /download/207137DDA75B5327595A2C341B17EBEA5FF08264.torrent
INFO: [ app_init ] --START--
INFO: Run Behavior\BuildLiteBehavior [ RunTime:0.000013s ]
INFO: [ app_init ] --END-- [ RunTime:0.000273s ]
ERR: 无法加载模块:Download

[ 2016-09-16T01:15:03+08:00 ] 116.231.133.34 /download/207137DDA75B5327595A2C341B17EBEA5FF08264.torrent
INFO: [ app_init ] --START--
INFO: Run Behavior\BuildLiteBehavior [ RunTime:0.000016s ]
INFO: [ app_init ] --END-- [ RunTime:0.000297s ]
ERR: 无法加载模块:Download

[ 2016-09-16T01:15:03+08:00 ] 116.231.133.34 /download/207137DDA75B5327595A2C341B17EBEA5FF08264.torrent
INFO: [ app_init ] --START--
INFO: Run Behavior\BuildLiteBehavior [ RunTime:0.000025s ]
INFO: [ app_init ] --END-- [ RunTime:0.000465s ]
ERR: 无法加载模块:Download

[ 2016-09-16T01:15:03+08:00 ] 116.231.133.34 /download/207137DDA75B5327595A2C341B17EBEA5FF08264.torrent
INFO: [ app_init ] --START--
INFO: Run Behavior\BuildLiteBehavior [ RunTime:0.000012s ]
INFO: [ app_init ] --END-- [ RunTime:0.000266s ]
ERR: 无法加载模块:Download

[ 2016-09-16T01:15:11+08:00 ] 116.231.133.34 /download/207137DDA75B5327595A2C341B17EBEA5FF08264.torrent
INFO: [ app_init ] --START--
INFO: Run Behavior\BuildLiteBehavior [ RunTime:0.000012s ]
INFO: [ app_init ] --END-- [ RunTime:0.000290s ]
ERR: 无法加载模块:Download

[ 2016-09-16T01:15:11+08:00 ] 116.231.133.34 /download/207137DDA75B5327595A2C341B17EBEA5FF08264.torrent
INFO: [ app_init ] --START--
INFO: Run Behavior\BuildLiteBehavior [ RunTime:0.000013s ]
INFO: [ app_init ] --END-- [ RunTime:0.000290s ]
ERR: 无法加载模块:Download

[ 2016-09-16T01:15:11+08:00 ] 116.231.133.34 /download/207137DDA75B5327595A2C341B17EBEA5FF08264.torrent
INFO: [ app_init ] --START--
INFO: Run Behavior\BuildLiteBehavior [ RunTime:0.000013s ]
INFO: [ app_init ] --END-- [ RunTime:0.000289s ]
ERR: 无法加载模块:Download

[ 2016-09-16T01:30:23+08:00 ] 123.151.38.94 /Public/img/ioc/16.ioc
INFO: [ app_init ] --START--
INFO: Run Behavior\BuildLiteBehavior [ RunTime:0.000011s ]
INFO: [ app_init ] --END-- [ RunTime:0.000274s ]
ERR: 无法加载模块:Public

[ 2016-09-16T01:30:48+08:00 ] 123.151.38.94 /favicon.ico
INFO: [ app_init ] --START--
INFO: Run Behavior\BuildLiteBehavior [ RunTime:0.000016s ]
INFO: [ app_init ] --END-- [ RunTime:0.000308s ]
ERR: 无法加载模块:Favicon

[ 2016-09-16T01:43:00+08:00 ] 157.55.39.48 /robots.txt
INFO: [ app_init ] --START--
INFO: Run Behavior\BuildLiteBehavior [ RunTime:0.000018s ]
INFO: [ app_init ] --END-- [ RunTime:0.000403s ]
ERR: 无法加载模块:Robots

[ 2016-09-16T01:55:22+08:00 ] 60.207.237.11 /download/207137DDA75B5327595A2C341B17EBEA5FF08264.torrent
INFO: [ app_init ] --START--
INFO: Run Behavior\BuildLiteBehavior [ RunTime:0.000013s ]
INFO: [ app_init ] --END-- [ RunTime:0.000268s ]
ERR: 无法加载模块:Download

[ 2016-09-16T01:55:26+08:00 ] 60.207.237.11 /download/207137DDA75B5327595A2C341B17EBEA5FF08264.torrent
INFO: [ app_init ] --START--
INFO: Run Behavior\BuildLiteBehavior [ RunTime:0.000013s ]
INFO: [ app_init ] --END-- [ RunTime:0.000318s ]
ERR: 无法加载模块:Download

[ 2016-09-16T01:55:27+08:00 ] 60.207.237.11 /download/207137DDA75B5327595A2C341B17EBEA5FF08264.torrent
INFO: [ app_init ] --START--
INFO: Run Behavior\BuildLiteBehavior [ RunTime:0.000012s ]
INFO: [ app_init ] --END-- [ RunTime:0.000295s ]
ERR: 无法加载模块:Download

[ 2016-09-16T01:55:27+08:00 ] 60.207.237.11 /download/207137DDA75B5327595A2C341B17EBEA5FF08264.torrent
INFO: [ app_init ] --START--
INFO: Run Behavior\BuildLiteBehavior [ RunTime:0.000011s ]
INFO: [ app_init ] --END-- [ RunTime:0.000251s ]
ERR: 无法加载模块:Download

[ 2016-09-16T02:50:29+08:00 ] 14.220.241.100 /download/CDB1898A813720D27C01585EDB89FD37937EF2AB.torrent
INFO: [ app_init ] --START--
INFO: Run Behavior\BuildLiteBehavior [ RunTime:0.000012s ]
INFO: [ app_init ] --END-- [ RunTime:0.000281s ]
ERR: 无法加载模块:Download

[ 2016-09-16T03:00:17+08:00 ] 66.249.79.180 /robots.txt
INFO: [ app_init ] --START--
INFO: Run Behavior\BuildLiteBehavior [ RunTime:0.000013s ]
INFO: [ app_init ] --END-- [ RunTime:0.000272s ]
ERR: 无法加载模块:Robots

[ 2016-09-16T03:03:31+08:00 ] 202.46.54.25 /A9C64FA93F71D805FD393D30E93ED54D3880F8FE.html
INFO: [ app_init ] --START--
INFO: Run Behavior\BuildLiteBehavior [ RunTime:0.000013s ]
INFO: [ app_init ] --END-- [ RunTime:0.000291s ]
ERR: 无法加载模块:A9C64FA93F71D805FD393D30E93ED54D3880F8FE

[ 2016-09-16T04:05:08+08:00 ] 157.55.39.48 /robots.txt
INFO: [ app_init ] --START--
INFO: Run Behavior\BuildLiteBehavior [ RunTime:0.000013s ]
INFO: [ app_init ] --END-- [ RunTime:0.000268s ]
ERR: 无法加载模块:Robots

[ 2016-09-16T04:48:51+08:00 ] 221.176.112.138 /download/207137DDA75B5327595A2C341B17EBEA5FF08264.torrent
INFO: [ app_init ] --START--
INFO: Run Behavior\BuildLiteBehavior [ RunTime:0.000014s ]
INFO: [ app_init ] --END-- [ RunTime:0.000274s ]
ERR: 无法加载模块:Download

[ 2016-09-16T05:54:30+08:00 ] 213.239.205.207 /robots.txt
INFO: [ app_init ] --START--
INFO: Run Behavior\BuildLiteBehavior [ RunTime:0.000013s ]
INFO: [ app_init ] --END-- [ RunTime:0.000286s ]
ERR: 无法加载模块:Robots

[ 2016-09-16T07:38:57+08:00 ] 39.168.39.19 /download/207137DDA75B5327595A2C341B17EBEA5FF08264.torrent
INFO: [ app_init ] --START--
INFO: Run Behavior\BuildLiteBehavior [ RunTime:0.000013s ]
INFO: [ app_init ] --END-- [ RunTime:0.000267s ]
ERR: 无法加载模块:Download

[ 2016-09-16T08:05:18+08:00 ] 39.168.39.19 /download/207137DDA75B5327595A2C341B17EBEA5FF08264.torrent
INFO: [ app_init ] --START--
INFO: Run Behavior\BuildLiteBehavior [ RunTime:0.000013s ]
INFO: [ app_init ] --END-- [ RunTime:0.000306s ]
ERR: 无法加载模块:Download

[ 2016-09-16T08:05:18+08:00 ] 39.168.39.19 /download/207137DDA75B5327595A2C341B17EBEA5FF08264.torrent
INFO: [ app_init ] --START--
INFO: Run Behavior\BuildLiteBehavior [ RunTime:0.000015s ]
INFO: [ app_init ] --END-- [ RunTime:0.000283s ]
ERR: 无法加载模块:Download

[ 2016-09-16T08:38:28+08:00 ] 112.26.231.120 /download/CBEA3D9284DCD22A77AC3B11FE91E8467974D6BD.torrent
INFO: [ app_init ] --START--
INFO: Run Behavior\BuildLiteBehavior [ RunTime:0.000013s ]
INFO: [ app_init ] --END-- [ RunTime:0.000289s ]
ERR: 无法加载模块:Download

[ 2016-09-16T08:51:06+08:00 ] 39.168.39.19 /download/207137DDA75B5327595A2C341B17EBEA5FF08264.torrent
INFO: [ app_init ] --START--
INFO: Run Behavior\BuildLiteBehavior [ RunTime:0.000013s ]
INFO: [ app_init ] --END-- [ RunTime:0.000267s ]
ERR: 无法加载模块:Download

[ 2016-09-16T09:27:33+08:00 ] 39.168.39.19 /download/207137DDA75B5327595A2C341B17EBEA5FF08264.torrent
INFO: [ app_init ] --START--
INFO: Run Behavior\BuildLiteBehavior [ RunTime:0.000013s ]
INFO: [ app_init ] --END-- [ RunTime:0.000303s ]
ERR: 无法加载模块:Download

[ 2016-09-16T09:51:44+08:00 ] 39.168.39.19 /download/207137DDA75B5327595A2C341B17EBEA5FF08264.torrent
INFO: [ app_init ] --START--
INFO: Run Behavior\BuildLiteBehavior [ RunTime:0.000012s ]
INFO: [ app_init ] --END-- [ RunTime:0.000293s ]
ERR: 无法加载模块:Download

[ 2016-09-16T09:58:35+08:00 ] 123.151.38.94 /Public/img/ioc/16.ioc
INFO: [ app_init ] --START--
INFO: Run Behavior\BuildLiteBehavior [ RunTime:0.000013s ]
INFO: [ app_init ] --END-- [ RunTime:0.000275s ]
ERR: 无法加载模块:Public

[ 2016-09-16T09:58:35+08:00 ] 123.151.38.94 /Public/img/ioc/16.ioc
INFO: [ app_init ] --START--
INFO: Run Behavior\BuildLiteBehavior [ RunTime:0.000013s ]
INFO: [ app_init ] --END-- [ RunTime:0.000275s ]
ERR: 无法加载模块:Public

[ 2016-09-16T10:07:52+08:00 ] 183.228.59.223 /download/8DFA1507B873F87751CE085761DE03B283CAB194.torrent
INFO: [ app_init ] --START--
INFO: Run Behavior\BuildLiteBehavior [ RunTime:0.000013s ]
INFO: [ app_init ] --END-- [ RunTime:0.000289s ]
ERR: 无法加载模块:Download

[ 2016-09-16T10:09:04+08:00 ] 123.116.122.90 /favicon.ico
INFO: [ app_init ] --START--
INFO: Run Behavior\BuildLiteBehavior [ RunTime:0.000012s ]
INFO: [ app_init ] --END-- [ RunTime:0.000267s ]
ERR: 无法加载模块:Favicon

[ 2016-09-16T10:34:32+08:00 ] 123.151.38.94 /favicon.ico
INFO: [ app_init ] --START--
INFO: Run Behavior\BuildLiteBehavior [ RunTime:0.000013s ]
INFO: [ app_init ] --END-- [ RunTime:0.000265s ]
ERR: 无法加载模块:Favicon

[ 2016-09-16T10:36:55+08:00 ] 111.196.65.176 /favicon.ico
INFO: [ app_init ] --START--
INFO: Run Behavior\BuildLiteBehavior [ RunTime:0.000013s ]
INFO: [ app_init ] --END-- [ RunTime:0.000273s ]
ERR: 无法加载模块:Favicon

[ 2016-09-16T10:40:20+08:00 ] 123.116.122.90 /favicon.ico
INFO: [ app_init ] --START--
INFO: Run Behavior\BuildLiteBehavior [ RunTime:0.000016s ]
INFO: [ app_init ] --END-- [ RunTime:0.000292s ]
ERR: 无法加载模块:Favicon

[ 2016-09-16T10:43:25+08:00 ] 39.187.110.138 /download/207137DDA75B5327595A2C341B17EBEA5FF08264.torrent
INFO: [ app_init ] --START--
INFO: Run Behavior\BuildLiteBehavior [ RunTime:0.000013s ]
INFO: [ app_init ] --END-- [ RunTime:0.000291s ]
ERR: 无法加载模块:Download

[ 2016-09-16T10:44:10+08:00 ] 39.187.110.138 /download/207137DDA75B5327595A2C341B17EBEA5FF08264.torrent
INFO: [ app_init ] --START--
INFO: Run Behavior\BuildLiteBehavior [ RunTime:0.000013s ]
INFO: [ app_init ] --END-- [ RunTime:0.000286s ]
ERR: 无法加载模块:Download

[ 2016-09-16T10:44:10+08:00 ] 39.187.110.138 /download/207137DDA75B5327595A2C341B17EBEA5FF08264.torrent
INFO: [ app_init ] --START--
INFO: Run Behavior\BuildLiteBehavior [ RunTime:0.000012s ]
INFO: [ app_init ] --END-- [ RunTime:0.000287s ]
ERR: 无法加载模块:Download

[ 2016-09-16T10:46:46+08:00 ] 39.168.39.19 /download/207137DDA75B5327595A2C341B17EBEA5FF08264.torrent
INFO: [ app_init ] --START--
INFO: Run Behavior\BuildLiteBehavior [ RunTime:0.000015s ]
INFO: [ app_init ] --END-- [ RunTime:0.000277s ]
ERR: 无法加载模块:Download

[ 2016-09-16T10:53:15+08:00 ] 123.118.172.162 /favicon.ico
INFO: [ app_init ] --START--
INFO: Run Behavior\BuildLiteBehavior [ RunTime:0.000013s ]
INFO: [ app_init ] --END-- [ RunTime:0.000283s ]
ERR: 无法加载模块:Favicon

[ 2016-09-16T10:53:21+08:00 ] 123.118.172.162 /favicon.ico
INFO: [ app_init ] --START--
INFO: Run Behavior\BuildLiteBehavior [ RunTime:0.000013s ]
INFO: [ app_init ] --END-- [ RunTime:0.000267s ]
ERR: 无法加载模块:Favicon

[ 2016-09-16T11:00:43+08:00 ] 39.168.39.19 /download/207137DDA75B5327595A2C341B17EBEA5FF08264.torrent
INFO: [ app_init ] --START--
INFO: Run Behavior\BuildLiteBehavior [ RunTime:0.000012s ]
INFO: [ app_init ] --END-- [ RunTime:0.000304s ]
ERR: 无法加载模块:Download

[ 2016-09-16T11:00:43+08:00 ] 39.168.39.19 /download/207137DDA75B5327595A2C341B17EBEA5FF08264.torrent
INFO: [ app_init ] --START--
INFO: Run Behavior\BuildLiteBehavior [ RunTime:0.000011s ]
INFO: [ app_init ] --END-- [ RunTime:0.000273s ]
ERR: 无法加载模块:Download

[ 2016-09-16T11:18:03+08:00 ] 123.118.172.162 /favicon.ico
INFO: [ app_init ] --START--
INFO: Run Behavior\BuildLiteBehavior [ RunTime:0.000015s ]
INFO: [ app_init ] --END-- [ RunTime:0.000277s ]
ERR: 无法加载模块:Favicon

[ 2016-09-16T11:18:08+08:00 ] 123.118.172.162 /favicon.ico
INFO: [ app_init ] --START--
INFO: Run Behavior\BuildLiteBehavior [ RunTime:0.000013s ]
INFO: [ app_init ] --END-- [ RunTime:0.000266s ]
ERR: 无法加载模块:Favicon

[ 2016-09-16T11:21:44+08:00 ] 111.196.65.176 /favicon.ico
INFO: [ app_init ] --START--
INFO: Run Behavior\BuildLiteBehavior [ RunTime:0.000013s ]
INFO: [ app_init ] --END-- [ RunTime:0.000271s ]
ERR: 无法加载模块:Favicon

[ 2016-09-16T11:28:50+08:00 ] 218.109.35.252 /download/B7CDD349F7E63838975C8E855154D2E05FBCB498.torrent
INFO: [ app_init ] --START--
INFO: Run Behavior\BuildLiteBehavior [ RunTime:0.000013s ]
INFO: [ app_init ] --END-- [ RunTime:0.000268s ]
ERR: 无法加载模块:Download

[ 2016-09-16T11:29:16+08:00 ] 218.109.35.252 /download/B7CDD349F7E63838975C8E855154D2E05FBCB498.torrent
INFO: [ app_init ] --START--
INFO: Run Behavior\BuildLiteBehavior [ RunTime:0.000014s ]
INFO: [ app_init ] --END-- [ RunTime:0.000271s ]
ERR: 无法加载模块:Download

[ 2016-09-16T11:30:25+08:00 ] 218.109.35.252 /download/B7CDD349F7E63838975C8E855154D2E05FBCB498.torrent
INFO: [ app_init ] --START--
INFO: Run Behavior\BuildLiteBehavior [ RunTime:0.000014s ]
INFO: [ app_init ] --END-- [ RunTime:0.000275s ]
ERR: 无法加载模块:Download

[ 2016-09-16T11:34:31+08:00 ] 223.114.178.162 /download/0E6F4AFB842CA628DCD80B45DD31079D90E426BB.torrent
INFO: [ app_init ] --START--
INFO: Run Behavior\BuildLiteBehavior [ RunTime:0.000012s ]
INFO: [ app_init ] --END-- [ RunTime:0.000264s ]
ERR: 无法加载模块:Download

[ 2016-09-16T11:48:21+08:00 ] 110.173.20.61 /index.action
INFO: [ app_init ] --START--
INFO: Run Behavior\BuildLiteBehavior [ RunTime:0.000014s ]
INFO: [ app_init ] --END-- [ RunTime:0.000284s ]
ERR: 无法加载模块:Index

[ 2016-09-16T12:12:25+08:00 ] 66.249.79.178 /robots.txt
INFO: [ app_init ] --START--
INFO: Run Behavior\BuildLiteBehavior [ RunTime:0.000013s ]
INFO: [ app_init ] --END-- [ RunTime:0.000269s ]
ERR: 无法加载模块:Robots

[ 2016-09-16T13:30:17+08:00 ] 118.199.62.46 /favicon.ico
INFO: [ app_init ] --START--
INFO: Run Behavior\BuildLiteBehavior [ RunTime:0.000016s ]
INFO: [ app_init ] --END-- [ RunTime:0.000310s ]
ERR: 无法加载模块:Favicon

[ 2016-09-16T13:49:26+08:00 ] 123.151.38.94 /Public/img/ioc/16.ioc
INFO: [ app_init ] --START--
INFO: Run Behavior\BuildLiteBehavior [ RunTime:0.000017s ]
INFO: [ app_init ] --END-- [ RunTime:0.000299s ]
ERR: 无法加载模块:Public

[ 2016-09-16T14:07:10+08:00 ] 175.161.234.249 /download/207137DDA75B5327595A2C341B17EBEA5FF08264.torrent
INFO: [ app_init ] --START--
INFO: Run Behavior\BuildLiteBehavior [ RunTime:0.000013s ]
INFO: [ app_init ] --END-- [ RunTime:0.000271s ]
ERR: 无法加载模块:Download

[ 2016-09-16T14:11:45+08:00 ] 183.249.157.228 /download/D15755D9AEA44CC3BFD745865358C862F5908F98.torrent
INFO: [ app_init ] --START--
INFO: Run Behavior\BuildLiteBehavior [ RunTime:0.000013s ]
INFO: [ app_init ] --END-- [ RunTime:0.000289s ]
ERR: 无法加载模块:Download

[ 2016-09-16T14:12:26+08:00 ] 123.151.38.94 /favicon.ico
INFO: [ app_init ] --START--
INFO: Run Behavior\BuildLiteBehavior [ RunTime:0.000017s ]
INFO: [ app_init ] --END-- [ RunTime:0.000372s ]
ERR: 无法加载模块:Favicon

[ 2016-09-16T14:12:31+08:00 ] 123.151.40.40 /Public/img/ioc/16.ioc
INFO: [ app_init ] --START--
INFO: Run Behavior\BuildLiteBehavior [ RunTime:0.000016s ]
INFO: [ app_init ] --END-- [ RunTime:0.000310s ]
ERR: 无法加载模块:Public

[ 2016-09-16T14:12:31+08:00 ] 123.151.40.40 /Public/img/ioc/16.ioc
INFO: [ app_init ] --START--
INFO: Run Behavior\BuildLiteBehavior [ RunTime:0.000011s ]
INFO: [ app_init ] --END-- [ RunTime:0.000253s ]
ERR: 无法加载模块:Public

[ 2016-09-16T14:12:52+08:00 ] 123.151.40.40 /favicon.ico
INFO: [ app_init ] --START--
INFO: Run Behavior\BuildLiteBehavior [ RunTime:0.000013s ]
INFO: [ app_init ] --END-- [ RunTime:0.000269s ]
ERR: 无法加载模块:Favicon

[ 2016-09-16T14:13:22+08:00 ] 183.249.157.228 /download/D15755D9AEA44CC3BFD745865358C862F5908F98.torrent
INFO: [ app_init ] --START--
INFO: Run Behavior\BuildLiteBehavior [ RunTime:0.000013s ]
INFO: [ app_init ] --END-- [ RunTime:0.000267s ]
ERR: 无法加载模块:Download

[ 2016-09-16T14:13:23+08:00 ] 183.249.157.228 /download/D15755D9AEA44CC3BFD745865358C862F5908F98.torrent
INFO: [ app_init ] --START--
INFO: Run Behavior\BuildLiteBehavior [ RunTime:0.000019s ]
INFO: [ app_init ] --END-- [ RunTime:0.000313s ]
ERR: 无法加载模块:Download

[ 2016-09-16T14:13:24+08:00 ] 183.249.157.228 /download/D15755D9AEA44CC3BFD745865358C862F5908F98.torrent
INFO: [ app_init ] --START--
INFO: Run Behavior\BuildLiteBehavior [ RunTime:0.000011s ]
INFO: [ app_init ] --END-- [ RunTime:0.000275s ]
ERR: 无法加载模块:Download

[ 2016-09-16T14:13:25+08:00 ] 183.249.157.228 /download/D15755D9AEA44CC3BFD745865358C862F5908F98.torrent
INFO: [ app_init ] --START--
INFO: Run Behavior\BuildLiteBehavior [ RunTime:0.000011s ]
INFO: [ app_init ] --END-- [ RunTime:0.000255s ]
ERR: 无法加载模块:Download

[ 2016-09-16T14:15:56+08:00 ] 123.151.40.40 /Public/img/ioc/16.ioc
INFO: [ app_init ] --START--
INFO: Run Behavior\BuildLiteBehavior [ RunTime:0.000013s ]
INFO: [ app_init ] --END-- [ RunTime:0.000275s ]
ERR: 无法加载模块:Public

[ 2016-09-16T14:15:56+08:00 ] 123.151.40.40 /Public/img/ioc/16.ioc
INFO: [ app_init ] --START--
INFO: Run Behavior\BuildLiteBehavior [ RunTime:0.000013s ]
INFO: [ app_init ] --END-- [ RunTime:0.000268s ]
ERR: 无法加载模块:Public

[ 2016-09-16T14:22:17+08:00 ] 14.19.192.247 /download/DCE310E3CD6A351ED45047F77A43865272E34C2F.torrent
INFO: [ app_init ] --START--
INFO: Run Behavior\BuildLiteBehavior [ RunTime:0.000013s ]
INFO: [ app_init ] --END-- [ RunTime:0.000266s ]
ERR: 无法加载模块:Download

[ 2016-09-16T14:22:23+08:00 ] 14.19.192.247 /download/DCE310E3CD6A351ED45047F77A43865272E34C2F.torrent
INFO: [ app_init ] --START--
INFO: Run Behavior\BuildLiteBehavior [ RunTime:0.000013s ]
INFO: [ app_init ] --END-- [ RunTime:0.000266s ]
ERR: 无法加载模块:Download

[ 2016-09-16T14:22:27+08:00 ] 14.19.192.247 /download/DCE310E3CD6A351ED45047F77A43865272E34C2F.torrent
INFO: [ app_init ] --START--
INFO: Run Behavior\BuildLiteBehavior [ RunTime:0.000013s ]
INFO: [ app_init ] --END-- [ RunTime:0.000267s ]
ERR: 无法加载模块:Download

[ 2016-09-16T14:22:33+08:00 ] 14.19.192.247 /download/DCE310E3CD6A351ED45047F77A43865272E34C2F.torrent
INFO: [ app_init ] --START--
INFO: Run Behavior\BuildLiteBehavior [ RunTime:0.000013s ]
INFO: [ app_init ] --END-- [ RunTime:0.000291s ]
ERR: 无法加载模块:Download

[ 2016-09-16T14:22:33+08:00 ] 14.19.192.247 /download/DCE310E3CD6A351ED45047F77A43865272E34C2F.torrent
INFO: [ app_init ] --START--
INFO: Run Behavior\BuildLiteBehavior [ RunTime:0.000013s ]
INFO: [ app_init ] --END-- [ RunTime:0.000265s ]
ERR: 无法加载模块:Download

[ 2016-09-16T14:22:40+08:00 ] 14.19.192.247 /download/DCE310E3CD6A351ED45047F77A43865272E34C2F.torrent
INFO: [ app_init ] --START--
INFO: Run Behavior\BuildLiteBehavior [ RunTime:0.000013s ]
INFO: [ app_init ] --END-- [ RunTime:0.000291s ]
ERR: 无法加载模块:Download

[ 2016-09-16T14:22:40+08:00 ] 14.19.192.247 /download/DCE310E3CD6A351ED45047F77A43865272E34C2F.torrent
INFO: [ app_init ] --START--
INFO: Run Behavior\BuildLiteBehavior [ RunTime:0.000013s ]
INFO: [ app_init ] --END-- [ RunTime:0.000269s ]
ERR: 无法加载模块:Download

[ 2016-09-16T14:22:47+08:00 ] 14.19.192.247 /download/DCE310E3CD6A351ED45047F77A43865272E34C2F.torrent
INFO: [ app_init ] --START--
INFO: Run Behavior\BuildLiteBehavior [ RunTime:0.000012s ]
INFO: [ app_init ] --END-- [ RunTime:0.000265s ]
ERR: 无法加载模块:Download

[ 2016-09-16T14:22:52+08:00 ] 14.19.192.247 /download/DCE310E3CD6A351ED45047F77A43865272E34C2F.torrent
INFO: [ app_init ] --START--
INFO: Run Behavior\BuildLiteBehavior [ RunTime:0.000013s ]
INFO: [ app_init ] --END-- [ RunTime:0.000267s ]
ERR: 无法加载模块:Download

[ 2016-09-16T14:22:58+08:00 ] 14.19.192.247 /download/DCE310E3CD6A351ED45047F77A43865272E34C2F.torrent
INFO: [ app_init ] --START--
INFO: Run Behavior\BuildLiteBehavior [ RunTime:0.000014s ]
INFO: [ app_init ] --END-- [ RunTime:0.000270s ]
ERR: 无法加载模块:Download

[ 2016-09-16T14:22:58+08:00 ] 14.19.192.247 /download/DCE310E3CD6A351ED45047F77A43865272E34C2F.torrent
INFO: [ app_init ] --START--
INFO: Run Behavior\BuildLiteBehavior [ RunTime:0.000014s ]
INFO: [ app_init ] --END-- [ RunTime:0.000279s ]
ERR: 无法加载模块:Download

[ 2016-09-16T14:23:02+08:00 ] 14.19.192.247 /download/DCE310E3CD6A351ED45047F77A43865272E34C2F.torrent
INFO: [ app_init ] --START--
INFO: Run Behavior\BuildLiteBehavior [ RunTime:0.000013s ]
INFO: [ app_init ] --END-- [ RunTime:0.000273s ]
ERR: 无法加载模块:Download

[ 2016-09-16T14:23:12+08:00 ] 14.19.192.247 /download/DCE310E3CD6A351ED45047F77A43865272E34C2F.torrent
INFO: [ app_init ] --START--
INFO: Run Behavior\BuildLiteBehavior [ RunTime:0.000012s ]
INFO: [ app_init ] --END-- [ RunTime:0.000264s ]
ERR: 无法加载模块:Download

[ 2016-09-16T14:23:17+08:00 ] 14.19.192.247 /download/DCE310E3CD6A351ED45047F77A43865272E34C2F.torrent
INFO: [ app_init ] --START--
INFO: Run Behavior\BuildLiteBehavior [ RunTime:0.000013s ]
INFO: [ app_init ] --END-- [ RunTime:0.000290s ]
ERR: 无法加载模块:Download

[ 2016-09-16T14:23:17+08:00 ] 14.19.192.247 /download/DCE310E3CD6A351ED45047F77A43865272E34C2F.torrent
INFO: [ app_init ] --START--
INFO: Run Behavior\BuildLiteBehavior [ RunTime:0.000013s ]
INFO: [ app_init ] --END-- [ RunTime:0.000283s ]
ERR: 无法加载模块:Download

[ 2016-09-16T14:23:24+08:00 ] 14.19.192.247 /download/DCE310E3CD6A351ED45047F77A43865272E34C2F.torrent
INFO: [ app_init ] --START--
INFO: Run Behavior\BuildLiteBehavior [ RunTime:0.000013s ]
INFO: [ app_init ] --END-- [ RunTime:0.000265s ]
ERR: 无法加载模块:Download

[ 2016-09-16T14:26:05+08:00 ] 123.151.42.50 /Public/img/ioc/16.ioc
INFO: [ app_init ] --START--
INFO: Run Behavior\BuildLiteBehavior [ RunTime:0.000012s ]
INFO: [ app_init ] --END-- [ RunTime:0.000261s ]
ERR: 无法加载模块:Public

[ 2016-09-16T14:26:06+08:00 ] 123.151.42.50 /Public/img/ioc/16.ioc
INFO: [ app_init ] --START--
INFO: Run Behavior\BuildLiteBehavior [ RunTime:0.000013s ]
INFO: [ app_init ] --END-- [ RunTime:0.000280s ]
ERR: 无法加载模块:Public

[ 2016-09-16T14:26:06+08:00 ] 123.151.42.50 /Public/img/ioc/16.ioc
INFO: [ app_init ] --START--
INFO: Run Behavior\BuildLiteBehavior [ RunTime:0.000012s ]
INFO: [ app_init ] --END-- [ RunTime:0.000285s ]
ERR: 无法加载模块:Public

[ 2016-09-16T14:26:06+08:00 ] 123.151.42.50 /Public/img/ioc/16.ioc
INFO: [ app_init ] --START--
INFO: Run Behavior\BuildLiteBehavior [ RunTime:0.000012s ]
INFO: [ app_init ] --END-- [ RunTime:0.000264s ]
ERR: 无法加载模块:Public

[ 2016-09-16T14:28:40+08:00 ] 123.116.122.90 /favicon.ico
INFO: [ app_init ] --START--
INFO: Run Behavior\BuildLiteBehavior [ RunTime:0.000013s ]
INFO: [ app_init ] --END-- [ RunTime:0.000271s ]
ERR: 无法加载模块:Favicon

[ 2016-09-16T14:37:57+08:00 ] 101.247.115.228 /download/5011D9ABF69E5CD96854D7BEEB2774F7CB412FB5.torrent
INFO: [ app_init ] --START--
INFO: Run Behavior\BuildLiteBehavior [ RunTime:0.000013s ]
INFO: [ app_init ] --END-- [ RunTime:0.000272s ]
ERR: 无法加载模块:Download

[ 2016-09-16T14:37:57+08:00 ] 101.247.115.228 /download/5011D9ABF69E5CD96854D7BEEB2774F7CB412FB5.torrent
INFO: [ app_init ] --START--
INFO: Run Behavior\BuildLiteBehavior [ RunTime:0.000016s ]
INFO: [ app_init ] --END-- [ RunTime:0.000327s ]
ERR: 无法加载模块:Download

[ 2016-09-16T14:39:43+08:00 ] 101.247.115.228 /download/5011D9ABF69E5CD96854D7BEEB2774F7CB412FB5.torrent
INFO: [ app_init ] --START--
INFO: Run Behavior\BuildLiteBehavior [ RunTime:0.000014s ]
INFO: [ app_init ] --END-- [ RunTime:0.000263s ]
ERR: 无法加载模块:Download

[ 2016-09-16T14:56:22+08:00 ] 183.206.203.51 /download/207137DDA75B5327595A2C341B17EBEA5FF08264.torrent
INFO: [ app_init ] --START--
INFO: Run Behavior\BuildLiteBehavior [ RunTime:0.000013s ]
INFO: [ app_init ] --END-- [ RunTime:0.000269s ]
ERR: 无法加载模块:Download

[ 2016-09-16T14:56:24+08:00 ] 183.206.203.51 /download/207137DDA75B5327595A2C341B17EBEA5FF08264.torrent
INFO: [ app_init ] --START--
INFO: Run Behavior\BuildLiteBehavior [ RunTime:0.000012s ]
INFO: [ app_init ] --END-- [ RunTime:0.000267s ]
ERR: 无法加载模块:Download

[ 2016-09-16T14:58:13+08:00 ] 183.206.203.51 /download/207137DDA75B5327595A2C341B17EBEA5FF08264.torrent
INFO: [ app_init ] --START--
INFO: Run Behavior\BuildLiteBehavior [ RunTime:0.000014s ]
INFO: [ app_init ] --END-- [ RunTime:0.000274s ]
ERR: 无法加载模块:Download

[ 2016-09-16T15:05:25+08:00 ] 112.83.214.2 /download/5A6C823ADD491E5B90BA490B19FE15DFB4637147.torrent
INFO: [ app_init ] --START--
INFO: Run Behavior\BuildLiteBehavior [ RunTime:0.000032s ]
INFO: [ app_init ] --END-- [ RunTime:0.000279s ]
ERR: 无法加载模块:Download

[ 2016-09-16T15:10:21+08:00 ] 183.204.66.147 /download/D15755D9AEA44CC3BFD745865358C862F5908F98.torrent
INFO: [ app_init ] --START--
INFO: Run Behavior\BuildLiteBehavior [ RunTime:0.000014s ]
INFO: [ app_init ] --END-- [ RunTime:0.000269s ]
ERR: 无法加载模块:Download

[ 2016-09-16T16:44:22+08:00 ] 58.217.192.54 /3
INFO: [ app_init ] --START--
INFO: Run Behavior\BuildLiteBehavior [ RunTime:0.000013s ]
INFO: [ app_init ] --END-- [ RunTime:0.000271s ]
ERR: 无法加载模块:3

[ 2016-09-16T16:44:22+08:00 ] 58.217.192.54 /2
INFO: [ app_init ] --START--
INFO: Run Behavior\BuildLiteBehavior [ RunTime:0.000012s ]
INFO: [ app_init ] --END-- [ RunTime:0.011299s ]
ERR: 无法加载模块:2

[ 2016-09-16T16:44:22+08:00 ] 58.217.192.54 /1
INFO: [ app_init ] --START--
INFO: Run Behavior\BuildLiteBehavior [ RunTime:0.000012s ]
INFO: [ app_init ] --END-- [ RunTime:0.000268s ]
ERR: 无法加载模块:1

[ 2016-09-16T16:44:22+08:00 ] 58.217.192.54 /4
INFO: [ app_init ] --START--
INFO: Run Behavior\BuildLiteBehavior [ RunTime:0.000012s ]
INFO: [ app_init ] --END-- [ RunTime:0.000262s ]
ERR: 无法加载模块:4

[ 2016-09-16T17:37:04+08:00 ] 60.163.173.213 /download/207137DDA75B5327595A2C341B17EBEA5FF08264.torrent
INFO: [ app_init ] --START--
INFO: Run Behavior\BuildLiteBehavior [ RunTime:0.000013s ]
INFO: [ app_init ] --END-- [ RunTime:0.000271s ]
ERR: 无法加载模块:Download

[ 2016-09-16T17:37:16+08:00 ] 60.163.173.213 /download/207137DDA75B5327595A2C341B17EBEA5FF08264.torrent
INFO: [ app_init ] --START--
INFO: Run Behavior\BuildLiteBehavior [ RunTime:0.000010s ]
INFO: [ app_init ] --END-- [ RunTime:0.000250s ]
ERR: 无法加载模块:Download

[ 2016-09-16T17:37:28+08:00 ] 60.163.173.213 /download/207137DDA75B5327595A2C341B17EBEA5FF08264.torrent
INFO: [ app_init ] --START--
INFO: Run Behavior\BuildLiteBehavior [ RunTime:0.000017s ]
INFO: [ app_init ] --END-- [ RunTime:0.000376s ]
ERR: 无法加载模块:Download

[ 2016-09-16T17:37:28+08:00 ] 60.163.173.213 /download/207137DDA75B5327595A2C341B17EBEA5FF08264.torrent
INFO: [ app_init ] --START--
INFO: Run Behavior\BuildLiteBehavior [ RunTime:0.000013s ]
INFO: [ app_init ] --END-- [ RunTime:0.000271s ]
ERR: 无法加载模块:Download

[ 2016-09-16T17:38:34+08:00 ] 60.163.173.213 /download/207137DDA75B5327595A2C341B17EBEA5FF08264.torrent
INFO: [ app_init ] --START--
INFO: Run Behavior\BuildLiteBehavior [ RunTime:0.000014s ]
INFO: [ app_init ] --END-- [ RunTime:0.000266s ]
ERR: 无法加载模块:Download

[ 2016-09-16T17:38:43+08:00 ] 60.163.173.213 /download/207137DDA75B5327595A2C341B17EBEA5FF08264.torrent
INFO: [ app_init ] --START--
INFO: Run Behavior\BuildLiteBehavior [ RunTime:0.000013s ]
INFO: [ app_init ] --END-- [ RunTime:0.000265s ]
ERR: 无法加载模块:Download

[ 2016-09-16T17:38:43+08:00 ] 60.163.173.213 /download/207137DDA75B5327595A2C341B17EBEA5FF08264.torrent
INFO: [ app_init ] --START--
INFO: Run Behavior\BuildLiteBehavior [ RunTime:0.000013s ]
INFO: [ app_init ] --END-- [ RunTime:0.000263s ]
ERR: 无法加载模块:Download

[ 2016-09-16T17:38:43+08:00 ] 60.163.173.213 /download/207137DDA75B5327595A2C341B17EBEA5FF08264.torrent
INFO: [ app_init ] --START--
INFO: Run Behavior\BuildLiteBehavior [ RunTime:0.000012s ]
INFO: [ app_init ] --END-- [ RunTime:0.000262s ]
ERR: 无法加载模块:Download

[ 2016-09-16T17:39:01+08:00 ] 60.163.173.213 /download/207137DDA75B5327595A2C341B17EBEA5FF08264.torrent
INFO: [ app_init ] --START--
INFO: Run Behavior\BuildLiteBehavior [ RunTime:0.000013s ]
INFO: [ app_init ] --END-- [ RunTime:0.000267s ]
ERR: 无法加载模块:Download

[ 2016-09-16T17:39:01+08:00 ] 60.163.173.213 /download/207137DDA75B5327595A2C341B17EBEA5FF08264.torrent
INFO: [ app_init ] --START--
INFO: Run Behavior\BuildLiteBehavior [ RunTime:0.000013s ]
INFO: [ app_init ] --END-- [ RunTime:0.000271s ]
ERR: 无法加载模块:Download

[ 2016-09-16T17:47:46+08:00 ] 60.163.173.213 /download/207137DDA75B5327595A2C341B17EBEA5FF08264.torrent
INFO: [ app_init ] --START--
INFO: Run Behavior\BuildLiteBehavior [ RunTime:0.000013s ]
INFO: [ app_init ] --END-- [ RunTime:0.000276s ]
ERR: 无法加载模块:Download

[ 2016-09-16T17:47:46+08:00 ] 60.163.173.213 /download/207137DDA75B5327595A2C341B17EBEA5FF08264.torrent
INFO: [ app_init ] --START--
INFO: Run Behavior\BuildLiteBehavior [ RunTime:0.000012s ]
INFO: [ app_init ] --END-- [ RunTime:0.000267s ]
ERR: 无法加载模块:Download

[ 2016-09-16T17:47:46+08:00 ] 60.163.173.213 /download/207137DDA75B5327595A2C341B17EBEA5FF08264.torrent
INFO: [ app_init ] --START--
INFO: Run Behavior\BuildLiteBehavior [ RunTime:0.000013s ]
INFO: [ app_init ] --END-- [ RunTime:0.000274s ]
ERR: 无法加载模块:Download

[ 2016-09-16T17:47:46+08:00 ] 60.163.173.213 /download/207137DDA75B5327595A2C341B17EBEA5FF08264.torrent
INFO: [ app_init ] --START--
INFO: Run Behavior\BuildLiteBehavior [ RunTime:0.000013s ]
INFO: [ app_init ] --END-- [ RunTime:0.000296s ]
ERR: 无法加载模块:Download

[ 2016-09-16T17:47:55+08:00 ] 60.163.173.213 /download/207137DDA75B5327595A2C341B17EBEA5FF08264.torrent
INFO: [ app_init ] --START--
INFO: Run Behavior\BuildLiteBehavior [ RunTime:0.000013s ]
INFO: [ app_init ] --END-- [ RunTime:0.000300s ]
ERR: 无法加载模块:Download

[ 2016-09-16T17:47:56+08:00 ] 60.163.173.213 /download/207137DDA75B5327595A2C341B17EBEA5FF08264.torrent
INFO: [ app_init ] --START--
INFO: Run Behavior\BuildLiteBehavior [ RunTime:0.000032s ]
INFO: [ app_init ] --END-- [ RunTime:0.000286s ]
ERR: 无法加载模块:Download

[ 2016-09-16T17:55:31+08:00 ] 122.232.70.208 /download/207137DDA75B5327595A2C341B17EBEA5FF08264.torrent
INFO: [ app_init ] --START--
INFO: Run Behavior\BuildLiteBehavior [ RunTime:0.000013s ]
INFO: [ app_init ] --END-- [ RunTime:0.000268s ]
ERR: 无法加载模块:Download

[ 2016-09-16T17:55:31+08:00 ] 122.232.70.208 /download/207137DDA75B5327595A2C341B17EBEA5FF08264.torrent
INFO: [ app_init ] --START--
INFO: Run Behavior\BuildLiteBehavior [ RunTime:0.000013s ]
INFO: [ app_init ] --END-- [ RunTime:0.000267s ]
ERR: 无法加载模块:Download

[ 2016-09-16T17:55:31+08:00 ] 122.232.70.208 /download/207137DDA75B5327595A2C341B17EBEA5FF08264.torrent
INFO: [ app_init ] --START--
INFO: Run Behavior\BuildLiteBehavior [ RunTime:0.000013s ]
INFO: [ app_init ] --END-- [ RunTime:0.000288s ]
ERR: 无法加载模块:Download

[ 2016-09-16T17:55:40+08:00 ] 122.232.70.208 /download/207137DDA75B5327595A2C341B17EBEA5FF08264.torrent
INFO: [ app_init ] --START--
INFO: Run Behavior\BuildLiteBehavior [ RunTime:0.000013s ]
INFO: [ app_init ] --END-- [ RunTime:0.000287s ]
ERR: 无法加载模块:Download

[ 2016-09-16T17:55:40+08:00 ] 122.232.70.208 /download/207137DDA75B5327595A2C341B17EBEA5FF08264.torrent
INFO: [ app_init ] --START--
INFO: Run Behavior\BuildLiteBehavior [ RunTime:0.000012s ]
INFO: [ app_init ] --END-- [ RunTime:0.000281s ]
ERR: 无法加载模块:Download

[ 2016-09-16T17:55:40+08:00 ] 122.232.70.208 /download/207137DDA75B5327595A2C341B17EBEA5FF08264.torrent
INFO: [ app_init ] --START--
INFO: Run Behavior\BuildLiteBehavior [ RunTime:0.000012s ]
INFO: [ app_init ] --END-- [ RunTime:0.000288s ]
ERR: 无法加载模块:Download

[ 2016-09-16T17:55:48+08:00 ] 122.232.70.208 /download/207137DDA75B5327595A2C341B17EBEA5FF08264.torrent
INFO: [ app_init ] --START--
INFO: Run Behavior\BuildLiteBehavior [ RunTime:0.000013s ]
INFO: [ app_init ] --END-- [ RunTime:0.000271s ]
ERR: 无法加载模块:Download

[ 2016-09-16T17:56:00+08:00 ] 122.232.70.208 /download/207137DDA75B5327595A2C341B17EBEA5FF08264.torrent
INFO: [ app_init ] --START--
INFO: Run Behavior\BuildLiteBehavior [ RunTime:0.000012s ]
INFO: [ app_init ] --END-- [ RunTime:0.000265s ]
ERR: 无法加载模块:Download

[ 2016-09-16T17:56:23+08:00 ] 123.151.38.94 /Public/img/ioc/16.ioc
INFO: [ app_init ] --START--
INFO: Run Behavior\BuildLiteBehavior [ RunTime:0.000013s ]
INFO: [ app_init ] --END-- [ RunTime:0.000274s ]
ERR: 无法加载模块:Public

[ 2016-09-16T17:56:28+08:00 ] 123.151.40.40 /Public/img/ioc/16.ioc
INFO: [ app_init ] --START--
INFO: Run Behavior\BuildLiteBehavior [ RunTime:0.000013s ]
INFO: [ app_init ] --END-- [ RunTime:0.000263s ]
ERR: 无法加载模块:Public

[ 2016-09-16T17:56:28+08:00 ] 123.151.40.40 /Public/img/ioc/16.ioc
INFO: [ app_init ] --START--
INFO: Run Behavior\BuildLiteBehavior [ RunTime:0.000014s ]
INFO: [ app_init ] --END-- [ RunTime:0.000271s ]
ERR: 无法加载模块:Public

[ 2016-09-16T17:56:32+08:00 ] 122.232.70.208 /download/207137DDA75B5327595A2C341B17EBEA5FF08264.torrent
INFO: [ app_init ] --START--
INFO: Run Behavior\BuildLiteBehavior [ RunTime:0.000012s ]
INFO: [ app_init ] --END-- [ RunTime:0.000293s ]
ERR: 无法加载模块:Download

[ 2016-09-16T17:56:32+08:00 ] 122.232.70.208 /download/207137DDA75B5327595A2C341B17EBEA5FF08264.torrent
INFO: [ app_init ] --START--
INFO: Run Behavior\BuildLiteBehavior [ RunTime:0.000012s ]
INFO: [ app_init ] --END-- [ RunTime:0.000260s ]
ERR: 无法加载模块:Download

[ 2016-09-16T17:56:32+08:00 ] 122.232.70.208 /download/207137DDA75B5327595A2C341B17EBEA5FF08264.torrent
INFO: [ app_init ] --START--
INFO: Run Behavior\BuildLiteBehavior [ RunTime:0.000015s ]
INFO: [ app_init ] --END-- [ RunTime:0.000296s ]
ERR: 无法加载模块:Download

[ 2016-09-16T17:56:32+08:00 ] 122.232.70.208 /download/207137DDA75B5327595A2C341B17EBEA5FF08264.torrent
INFO: [ app_init ] --START--
INFO: Run Behavior\BuildLiteBehavior [ RunTime:0.000013s ]
INFO: [ app_init ] --END-- [ RunTime:0.000282s ]
ERR: 无法加载模块:Download

[ 2016-09-16T17:56:37+08:00 ] 122.232.70.208 /download/207137DDA75B5327595A2C341B17EBEA5FF08264.torrent
INFO: [ app_init ] --START--
INFO: Run Behavior\BuildLiteBehavior [ RunTime:0.000012s ]
INFO: [ app_init ] --END-- [ RunTime:0.000269s ]
ERR: 无法加载模块:Download

[ 2016-09-16T17:56:43+08:00 ] 122.232.70.208 /download/207137DDA75B5327595A2C341B17EBEA5FF08264.torrent
INFO: [ app_init ] --START--
INFO: Run Behavior\BuildLiteBehavior [ RunTime:0.000013s ]
INFO: [ app_init ] --END-- [ RunTime:0.000267s ]
ERR: 无法加载模块:Download

[ 2016-09-16T17:56:43+08:00 ] 122.232.70.208 /download/207137DDA75B5327595A2C341B17EBEA5FF08264.torrent
INFO: [ app_init ] --START--
INFO: Run Behavior\BuildLiteBehavior [ RunTime:0.000013s ]
INFO: [ app_init ] --END-- [ RunTime:0.000266s ]
ERR: 无法加载模块:Download

[ 2016-09-16T17:56:43+08:00 ] 122.232.70.208 /download/207137DDA75B5327595A2C341B17EBEA5FF08264.torrent
INFO: [ app_init ] --START--
INFO: Run Behavior\BuildLiteBehavior [ RunTime:0.000012s ]
INFO: [ app_init ] --END-- [ RunTime:0.000261s ]
ERR: 无法加载模块:Download

[ 2016-09-16T18:08:46+08:00 ] 123.151.40.40 /Public/img/ioc/16.ioc
INFO: [ app_init ] --START--
INFO: Run Behavior\BuildLiteBehavior [ RunTime:0.000014s ]
INFO: [ app_init ] --END-- [ RunTime:0.000293s ]
ERR: 无法加载模块:Public

[ 2016-09-16T18:08:46+08:00 ] 123.151.40.40 /Public/img/ioc/16.ioc
INFO: [ app_init ] --START--
INFO: Run Behavior\BuildLiteBehavior [ RunTime:0.000013s ]
INFO: [ app_init ] --END-- [ RunTime:0.000273s ]
ERR: 无法加载模块:Public

[ 2016-09-16T18:08:47+08:00 ] 123.151.40.40 /Public/img/ioc/16.ioc
INFO: [ app_init ] --START--
INFO: Run Behavior\BuildLiteBehavior [ RunTime:0.000014s ]
INFO: [ app_init ] --END-- [ RunTime:0.000272s ]
ERR: 无法加载模块:Public

[ 2016-09-16T18:08:47+08:00 ] 123.151.40.40 /Public/img/ioc/16.ioc
INFO: [ app_init ] --START--
INFO: Run Behavior\BuildLiteBehavior [ RunTime:0.000016s ]
INFO: [ app_init ] --END-- [ RunTime:0.000290s ]
ERR: 无法加载模块:Public

[ 2016-09-16T18:09:36+08:00 ] 123.151.40.40 /favicon.ico
INFO: [ app_init ] --START--
INFO: Run Behavior\BuildLiteBehavior [ RunTime:0.000018s ]
INFO: [ app_init ] --END-- [ RunTime:0.000294s ]
ERR: 无法加载模块:Favicon

[ 2016-09-16T18:09:36+08:00 ] 123.151.40.40 /favicon.ico
INFO: [ app_init ] --START--
INFO: Run Behavior\BuildLiteBehavior [ RunTime:0.000013s ]
INFO: [ app_init ] --END-- [ RunTime:0.000293s ]
ERR: 无法加载模块:Favicon

[ 2016-09-16T18:33:30+08:00 ] 113.15.248.109 /download/207137DDA75B5327595A2C341B17EBEA5FF08264.torrent
INFO: [ app_init ] --START--
INFO: Run Behavior\BuildLiteBehavior [ RunTime:0.000013s ]
INFO: [ app_init ] --END-- [ RunTime:0.000269s ]
ERR: 无法加载模块:Download

[ 2016-09-16T18:33:55+08:00 ] 113.15.248.109 /download/207137DDA75B5327595A2C341B17EBEA5FF08264.torrent
INFO: [ app_init ] --START--
INFO: Run Behavior\BuildLiteBehavior [ RunTime:0.000014s ]
INFO: [ app_init ] --END-- [ RunTime:0.000287s ]
ERR: 无法加载模块:Download

[ 2016-09-16T18:33:56+08:00 ] 113.15.248.109 /download/207137DDA75B5327595A2C341B17EBEA5FF08264.torrent
INFO: [ app_init ] --START--
INFO: Run Behavior\BuildLiteBehavior [ RunTime:0.000013s ]
INFO: [ app_init ] --END-- [ RunTime:0.000312s ]
ERR: 无法加载模块:Download

[ 2016-09-16T18:33:57+08:00 ] 113.15.248.109 /download/207137DDA75B5327595A2C341B17EBEA5FF08264.torrent
INFO: [ app_init ] --START--
INFO: Run Behavior\BuildLiteBehavior [ RunTime:0.000013s ]
INFO: [ app_init ] --END-- [ RunTime:0.000269s ]
ERR: 无法加载模块:Download

[ 2016-09-16T18:33:57+08:00 ] 113.15.248.109 /download/207137DDA75B5327595A2C341B17EBEA5FF08264.torrent
INFO: [ app_init ] --START--
INFO: Run Behavior\BuildLiteBehavior [ RunTime:0.000013s ]
INFO: [ app_init ] --END-- [ RunTime:0.000265s ]
ERR: 无法加载模块:Download

[ 2016-09-16T18:33:57+08:00 ] 113.15.248.109 /download/207137DDA75B5327595A2C341B17EBEA5FF08264.torrent
INFO: [ app_init ] --START--
INFO: Run Behavior\BuildLiteBehavior [ RunTime:0.000013s ]
INFO: [ app_init ] --END-- [ RunTime:0.000270s ]
ERR: 无法加载模块:Download

[ 2016-09-16T18:33:57+08:00 ] 113.15.248.109 /download/207137DDA75B5327595A2C341B17EBEA5FF08264.torrent
INFO: [ app_init ] --START--
INFO: Run Behavior\BuildLiteBehavior [ RunTime:0.000013s ]
INFO: [ app_init ] --END-- [ RunTime:0.000270s ]
ERR: 无法加载模块:Download

[ 2016-09-16T18:33:58+08:00 ] 113.15.248.109 /download/207137DDA75B5327595A2C341B17EBEA5FF08264.torrent
INFO: [ app_init ] --START--
INFO: Run Behavior\BuildLiteBehavior [ RunTime:0.000013s ]
INFO: [ app_init ] --END-- [ RunTime:0.000276s ]
ERR: 无法加载模块:Download

[ 2016-09-16T18:33:58+08:00 ] 113.15.248.109 /download/207137DDA75B5327595A2C341B17EBEA5FF08264.torrent
INFO: [ app_init ] --START--
INFO: Run Behavior\BuildLiteBehavior [ RunTime:0.000012s ]
INFO: [ app_init ] --END-- [ RunTime:0.000295s ]
ERR: 无法加载模块:Download

[ 2016-09-16T18:33:59+08:00 ] 113.15.248.109 /download/207137DDA75B5327595A2C341B17EBEA5FF08264.torrent
INFO: [ app_init ] --START--
INFO: Run Behavior\BuildLiteBehavior [ RunTime:0.000013s ]
INFO: [ app_init ] --END-- [ RunTime:0.000270s ]
ERR: 无法加载模块:Download

[ 2016-09-16T18:33:59+08:00 ] 113.15.248.109 /download/207137DDA75B5327595A2C341B17EBEA5FF08264.torrent
INFO: [ app_init ] --START--
INFO: Run Behavior\BuildLiteBehavior [ RunTime:0.000012s ]
INFO: [ app_init ] --END-- [ RunTime:0.000286s ]
ERR: 无法加载模块:Download

[ 2016-09-16T18:33:59+08:00 ] 113.15.248.109 /download/207137DDA75B5327595A2C341B17EBEA5FF08264.torrent
INFO: [ app_init ] --START--
INFO: Run Behavior\BuildLiteBehavior [ RunTime:0.000012s ]
INFO: [ app_init ] --END-- [ RunTime:0.000263s ]
ERR: 无法加载模块:Download

[ 2016-09-16T18:33:59+08:00 ] 113.15.248.109 /download/207137DDA75B5327595A2C341B17EBEA5FF08264.torrent
INFO: [ app_init ] --START--
INFO: Run Behavior\BuildLiteBehavior [ RunTime:0.000011s ]
INFO: [ app_init ] --END-- [ RunTime:0.000271s ]
ERR: 无法加载模块:Download

[ 2016-09-16T18:34:00+08:00 ] 113.15.248.109 /download/207137DDA75B5327595A2C341B17EBEA5FF08264.torrent
INFO: [ app_init ] --START--
INFO: Run Behavior\BuildLiteBehavior [ RunTime:0.000013s ]
INFO: [ app_init ] --END-- [ RunTime:0.000289s ]
ERR: 无法加载模块:Download

[ 2016-09-16T18:34:01+08:00 ] 113.15.248.109 /download/207137DDA75B5327595A2C341B17EBEA5FF08264.torrent
INFO: [ app_init ] --START--
INFO: Run Behavior\BuildLiteBehavior [ RunTime:0.000013s ]
INFO: [ app_init ] --END-- [ RunTime:0.000268s ]
ERR: 无法加载模块:Download

[ 2016-09-16T18:34:01+08:00 ] 113.15.248.109 /download/207137DDA75B5327595A2C341B17EBEA5FF08264.torrent
INFO: [ app_init ] --START--
INFO: Run Behavior\BuildLiteBehavior [ RunTime:0.000012s ]
INFO: [ app_init ] --END-- [ RunTime:0.000267s ]
ERR: 无法加载模块:Download

[ 2016-09-16T18:34:05+08:00 ] 113.15.248.109 /download/207137DDA75B5327595A2C341B17EBEA5FF08264.torrent
INFO: [ app_init ] --START--
INFO: Run Behavior\BuildLiteBehavior [ RunTime:0.000013s ]
INFO: [ app_init ] --END-- [ RunTime:0.000267s ]
ERR: 无法加载模块:Download

[ 2016-09-16T18:34:05+08:00 ] 113.15.248.109 /download/207137DDA75B5327595A2C341B17EBEA5FF08264.torrent
INFO: [ app_init ] --START--
INFO: Run Behavior\BuildLiteBehavior [ RunTime:0.000013s ]
INFO: [ app_init ] --END-- [ RunTime:0.000296s ]
ERR: 无法加载模块:Download

[ 2016-09-16T18:37:42+08:00 ] 113.15.248.109 /download/207137DDA75B5327595A2C341B17EBEA5FF08264.torrent
INFO: [ app_init ] --START--
INFO: Run Behavior\BuildLiteBehavior [ RunTime:0.000013s ]
INFO: [ app_init ] --END-- [ RunTime:0.000275s ]
ERR: 无法加载模块:Download

[ 2016-09-16T18:37:47+08:00 ] 113.15.248.109 /download/207137DDA75B5327595A2C341B17EBEA5FF08264.torrent
INFO: [ app_init ] --START--
INFO: Run Behavior\BuildLiteBehavior [ RunTime:0.000013s ]
INFO: [ app_init ] --END-- [ RunTime:0.000269s ]
ERR: 无法加载模块:Download

[ 2016-09-16T19:21:25+08:00 ] 123.151.40.40 /Public/img/ioc/16.ioc
INFO: [ app_init ] --START--
INFO: Run Behavior\BuildLiteBehavior [ RunTime:0.000012s ]
INFO: [ app_init ] --END-- [ RunTime:0.000264s ]
ERR: 无法加载模块:Public

[ 2016-09-16T19:21:25+08:00 ] 123.151.40.40 /Public/img/ioc/16.ioc
INFO: [ app_init ] --START--
INFO: Run Behavior\BuildLiteBehavior [ RunTime:0.000013s ]
INFO: [ app_init ] --END-- [ RunTime:0.000271s ]
ERR: 无法加载模块:Public

[ 2016-09-16T19:21:25+08:00 ] 123.151.40.40 /Public/img/ioc/16.ioc
INFO: [ app_init ] --START--
INFO: Run Behavior\BuildLiteBehavior [ RunTime:0.000013s ]
INFO: [ app_init ] --END-- [ RunTime:0.000269s ]
ERR: 无法加载模块:Public

[ 2016-09-16T19:21:25+08:00 ] 123.151.40.40 /Public/img/ioc/16.ioc
INFO: [ app_init ] --START--
INFO: Run Behavior\BuildLiteBehavior [ RunTime:0.000013s ]
INFO: [ app_init ] --END-- [ RunTime:0.000271s ]
ERR: 无法加载模块:Public

[ 2016-09-16T22:06:13+08:00 ] 123.131.100.253 /download/B9354C863CE8E849A4BEE0191AA7549C4DF43EB9.torrent
INFO: [ app_init ] --START--
INFO: Run Behavior\BuildLiteBehavior [ RunTime:0.000013s ]
INFO: [ app_init ] --END-- [ RunTime:0.000283s ]
ERR: 无法加载模块:Download

[ 2016-09-16T22:11:09+08:00 ] 14.214.12.234 /download/207137DDA75B5327595A2C341B17EBEA5FF08264.torrent
INFO: [ app_init ] --START--
INFO: Run Behavior\BuildLiteBehavior [ RunTime:0.000013s ]
INFO: [ app_init ] --END-- [ RunTime:0.000271s ]
ERR: 无法加载模块:Download

[ 2016-09-16T22:11:09+08:00 ] 14.214.12.234 /download/207137DDA75B5327595A2C341B17EBEA5FF08264.torrent
INFO: [ app_init ] --START--
INFO: Run Behavior\BuildLiteBehavior [ RunTime:0.000012s ]
INFO: [ app_init ] --END-- [ RunTime:0.000268s ]
ERR: 无法加载模块:Download

[ 2016-09-16T22:11:13+08:00 ] 14.214.12.234 /download/207137DDA75B5327595A2C341B17EBEA5FF08264.torrent
INFO: [ app_init ] --START--
INFO: Run Behavior\BuildLiteBehavior [ RunTime:0.000013s ]
INFO: [ app_init ] --END-- [ RunTime:0.000262s ]
ERR: 无法加载模块:Download

[ 2016-09-16T22:11:13+08:00 ] 14.214.12.234 /download/207137DDA75B5327595A2C341B17EBEA5FF08264.torrent
INFO: [ app_init ] --START--
INFO: Run Behavior\BuildLiteBehavior [ RunTime:0.000017s ]
INFO: [ app_init ] --END-- [ RunTime:0.000285s ]
ERR: 无法加载模块:Download

[ 2016-09-16T22:11:13+08:00 ] 14.214.12.234 /download/207137DDA75B5327595A2C341B17EBEA5FF08264.torrent
INFO: [ app_init ] --START--
INFO: Run Behavior\BuildLiteBehavior [ RunTime:0.000013s ]
INFO: [ app_init ] --END-- [ RunTime:0.000268s ]
ERR: 无法加载模块:Download

[ 2016-09-16T22:11:22+08:00 ] 14.214.12.234 /download/207137DDA75B5327595A2C341B17EBEA5FF08264.torrent
INFO: [ app_init ] --START--
INFO: Run Behavior\BuildLiteBehavior [ RunTime:0.000014s ]
INFO: [ app_init ] --END-- [ RunTime:0.000295s ]
ERR: 无法加载模块:Download

[ 2016-09-16T22:11:26+08:00 ] 14.214.12.234 /download/207137DDA75B5327595A2C341B17EBEA5FF08264.torrent
INFO: [ app_init ] --START--
INFO: Run Behavior\BuildLiteBehavior [ RunTime:0.000014s ]
INFO: [ app_init ] --END-- [ RunTime:0.000289s ]
ERR: 无法加载模块:Download

[ 2016-09-16T22:11:26+08:00 ] 14.214.12.234 /download/207137DDA75B5327595A2C341B17EBEA5FF08264.torrent
INFO: [ app_init ] --START--
INFO: Run Behavior\BuildLiteBehavior [ RunTime:0.000017s ]
INFO: [ app_init ] --END-- [ RunTime:0.000342s ]
ERR: 无法加载模块:Download

[ 2016-09-16T22:11:26+08:00 ] 14.214.12.234 /download/207137DDA75B5327595A2C341B17EBEA5FF08264.torrent
INFO: [ app_init ] --START--
INFO: Run Behavior\BuildLiteBehavior [ RunTime:0.000013s ]
INFO: [ app_init ] --END-- [ RunTime:0.000269s ]
ERR: 无法加载模块:Download

[ 2016-09-16T22:11:26+08:00 ] 14.214.12.234 /download/207137DDA75B5327595A2C341B17EBEA5FF08264.torrent
INFO: [ app_init ] --START--
INFO: Run Behavior\BuildLiteBehavior [ RunTime:0.000012s ]
INFO: [ app_init ] --END-- [ RunTime:0.000270s ]
ERR: 无法加载模块:Download

[ 2016-09-16T22:21:22+08:00 ] 14.214.12.234 /download/207137DDA75B5327595A2C341B17EBEA5FF08264.torrent
INFO: [ app_init ] --START--
INFO: Run Behavior\BuildLiteBehavior [ RunTime:0.000013s ]
INFO: [ app_init ] --END-- [ RunTime:0.000273s ]
ERR: 无法加载模块:Download

[ 2016-09-16T22:44:02+08:00 ] 101.245.108.208 /download/B9354C863CE8E849A4BEE0191AA7549C4DF43EB9.torrent
INFO: [ app_init ] --START--
INFO: Run Behavior\BuildLiteBehavior [ RunTime:0.000013s ]
INFO: [ app_init ] --END-- [ RunTime:0.000292s ]
ERR: 无法加载模块:Download

[ 2016-09-16T22:45:28+08:00 ] 182.42.193.195 /download/DCE310E3CD6A351ED45047F77A43865272E34C2F.torrent
INFO: [ app_init ] --START--
INFO: Run Behavior\BuildLiteBehavior [ RunTime:0.000013s ]
INFO: [ app_init ] --END-- [ RunTime:0.000291s ]
ERR: 无法加载模块:Download

[ 2016-09-16T22:52:44+08:00 ] 182.42.193.195 /download/DCE310E3CD6A351ED45047F77A43865272E34C2F.torrent
INFO: [ app_init ] --START--
INFO: Run Behavior\BuildLiteBehavior [ RunTime:0.000013s ]
INFO: [ app_init ] --END-- [ RunTime:0.000269s ]
ERR: 无法加载模块:Download

[ 2016-09-16T23:09:28+08:00 ] 144.76.29.66 /robots.txt
INFO: [ app_init ] --START--
INFO: Run Behavior\BuildLiteBehavior [ RunTime:0.000018s ]
INFO: [ app_init ] --END-- [ RunTime:0.000321s ]
ERR: 无法加载模块:Robots

[ 2016-09-16T23:29:41+08:00 ] 39.168.11.98 /download/207137DDA75B5327595A2C341B17EBEA5FF08264.torrent
INFO: [ app_init ] --START--
INFO: Run Behavior\BuildLiteBehavior [ RunTime:0.000014s ]
INFO: [ app_init ] --END-- [ RunTime:0.000308s ]
ERR: 无法加载模块:Download

[ 2016-09-16T23:29:41+08:00 ] 39.168.11.98 /download/207137DDA75B5327595A2C341B17EBEA5FF08264.torrent
INFO: [ app_init ] --START--
INFO: Run Behavior\BuildLiteBehavior [ RunTime:0.000017s ]
INFO: [ app_init ] --END-- [ RunTime:0.000292s ]
ERR: 无法加载模块:Download

[ 2016-09-16T23:32:59+08:00 ] 157.55.39.18 /robots.txt
INFO: [ app_init ] --START--
INFO: Run Behavior\BuildLiteBehavior [ RunTime:0.000014s ]
INFO: [ app_init ] --END-- [ RunTime:0.000278s ]
ERR: 无法加载模块:Robots

[ 2016-09-16T23:32:59+08:00 ] 157.55.39.18 /robots.txt
INFO: [ app_init ] --START--
INFO: Run Behavior\BuildLiteBehavior [ RunTime:0.000013s ]
INFO: [ app_init ] --END-- [ RunTime:0.000281s ]
ERR: 无法加载模块:Robots

