[ 2016-07-24T19:39:11+08:00 ] 117.136.38.147 /Home/Index/mbr?question_id=172&color_id=4&model_id=3
INFO: [ app_init ] --START--
INFO: Run Behavior\BuildLiteBehavior [ RunTime:0.000013s ]
INFO: [ app_init ] --END-- [ RunTime:0.000307s ]
INFO: [ app_begin ] --START--
INFO: Run Behavior\ReadHtmlCacheBehavior [ RunTime:0.000335s ]
INFO: [ app_begin ] --END-- [ RunTime:0.000374s ]
SQL: SHOW COLUMNS FROM `maintenance_color` [ RunTime:0.0005s ]
SQL: SELECT * FROM `maintenance_color` WHERE ( color_id='4' ) LIMIT 1   [ RunTime:0.0001s ]
SQL: SHOW COLUMNS FROM `maintenance_model` [ RunTime:0.0004s ]
SQL: SELECT * FROM `maintenance_model` WHERE ( model_id='3' ) LIMIT 1   [ RunTime:0.0001s ]
SQL: SHOW COLUMNS FROM `maintenance_question` [ RunTime:0.0003s ]
SQL: SELECT * FROM `maintenance_question` INNER JOIN maintenance_questiontype on maintenance_question.questiontype_id=maintenance_questiontype.questiontype_id INNER JOIN maintenance_plan on maintenance_question.plan_id=maintenance_plan.plan_id  WHERE ( question_id in (172) )  [ RunTime:0.0001s ]
NOTIC: [8] Undefined variable: b /www/pj/Application/Home/Controller/IndexController.class.php 第 508 行.
NOTIC: [8] Undefined variable: a /www/pj/Application/Home/Controller/IndexController.class.php 第 508 行.
NOTIC: [8] Undefined variable: c /www/pj/Application/Home/Controller/IndexController.class.php 第 508 行.
NOTIC: [8] Undefined variable: d /www/pj/Application/Home/Controller/IndexController.class.php 第 508 行.
NOTIC: [8] Undefined variable: e /www/pj/Application/Home/Controller/IndexController.class.php 第 508 行.
NOTIC: [8] Undefined variable: f /www/pj/Application/Home/Controller/IndexController.class.php 第 508 行.
NOTIC: [8] Undefined variable: g /www/pj/Application/Home/Controller/IndexController.class.php 第 508 行.
NOTIC: [8] Undefined variable: h /www/pj/Application/Home/Controller/IndexController.class.php 第 508 行.
NOTIC: [8] Undefined variable: i /www/pj/Application/Home/Controller/IndexController.class.php 第 508 行.
NOTIC: [8] Undefined variable: j /www/pj/Application/Home/Controller/IndexController.class.php 第 508 行.
SQL: SHOW COLUMNS FROM `maintenance_plan` [ RunTime:0.0003s ]
SQL: SELECT * FROM `maintenance_plan` WHERE ( plan_id in (52) )  [ RunTime:0.0001s ]
SQL: SELECT * FROM `maintenance_question` WHERE ( plan_id in (52)and question_id in(172) )  [ RunTime:0.0001s ]
SQL: SELECT * FROM `maintenance_plan` WHERE ( plan_id in (52) )  [ RunTime:0.0001s ]
NOTIC: [8] Undefined variable: money /www/pj/Application/Home/Controller/IndexController.class.php 第 540 行.
INFO: [ view_parse ] --START--
INFO: [ template_filter ] --START--
INFO: Run Behavior\ContentReplaceBehavior [ RunTime:0.000029s ]
INFO: [ template_filter ] --END-- [ RunTime:0.000064s ]
INFO: Run Behavior\ParseTemplateBehavior [ RunTime:0.006586s ]
INFO: [ view_parse ] --END-- [ RunTime:0.006624s ]
INFO: [ view_filter ] --START--
INFO: Run Behavior\WriteHtmlCacheBehavior [ RunTime:0.000143s ]
INFO: [ view_filter ] --END-- [ RunTime:0.000173s ]
INFO: [ app_end ] --START--
INFO: Run Behavior\ShowPageTraceBehavior [ RunTime:0.000360s ]
INFO: [ app_end ] --END-- [ RunTime:0.000393s ]

[ 2016-07-24T19:39:16+08:00 ] 117.136.38.147 /setup
INFO: [ app_init ] --START--
INFO: Run Behavior\BuildLiteBehavior [ RunTime:0.000012s ]
INFO: [ app_init ] --END-- [ RunTime:0.000263s ]
INFO: [ app_begin ] --START--
INFO: Run Behavior\ReadHtmlCacheBehavior [ RunTime:0.000337s ]
INFO: [ app_begin ] --END-- [ RunTime:0.000380s ]
NOTIC: [8] Undefined index: ways /www/pj/Application/Home/Controller/IndexController.class.php 第 569 行.
SQL: SHOW COLUMNS FROM `maintenance_question` [ RunTime:0.0006s ]
SQL: SELECT * FROM `maintenance_question` INNER JOIN maintenance_questiontype on maintenance_question.questiontype_id=maintenance_questiontype.questiontype_id INNER JOIN maintenance_plan on maintenance_question.plan_id=maintenance_plan.plan_id  WHERE ( question_id in(172) )  [ RunTime:0.0003s ]
SQL: SHOW COLUMNS FROM `maintenance_plan` [ RunTime:0.0063s ]
SQL: SELECT * FROM `maintenance_plan` WHERE ( plan_id in (52) )  [ RunTime:0.0001s ]
SQL: SELECT COUNT(*) AS tp_count FROM `maintenance_plan` WHERE ( plan_id in (52) ) LIMIT 1   [ RunTime:0.0002s ]
NOTIC: [8] Undefined variable: money /www/pj/Application/Home/Controller/IndexController.class.php 第 590 行.
NOTIC: [8] Undefined variable: userr_id /www/pj/Application/Home/Controller/IndexController.class.php 第 591 行.
SQL: SHOW COLUMNS FROM `m_user` [ RunTime:0.0004s ]
SQL: SELECT * FROM `m_user` INNER JOIN jxzx on m_user.jxzx_id=jxzx.jxzx_id  WHERE ( user_id ='3，4，5，6，7，8，9，10，11' )  [ RunTime:0.0002s ]
NOTIC: [8] Undefined variable: jxzx_id /www/pj/Application/Home/Controller/IndexController.class.php 第 599 行.
SQL: SHOW COLUMNS FROM `jxzx` [ RunTime:0.0003s ]
SQL: SELECT * FROM `jxzx` WHERE ( jxzx_id in(1) )  [ RunTime:0.0001s ]
SQL: SELECT * FROM `m_user` INNER JOIN wxzx on m_user.wxzx_id=wxzx.wxzx_id  WHERE ( user_id ='3，4，5，6，7，8，9，10，11' )  [ RunTime:0.0002s ]
NOTIC: [8] Undefined variable: wxzx_id /www/pj/Application/Home/Controller/IndexController.class.php 第 611 行.
SQL: SHOW COLUMNS FROM `wxzx` [ RunTime:0.0003s ]
SQL: SELECT * FROM `wxzx` WHERE ( wxzx_id in(1) )  [ RunTime:0.0001s ]
INFO: [ view_parse ] --START--
INFO: [ template_filter ] --START--
INFO: Run Behavior\ContentReplaceBehavior [ RunTime:0.000155s ]
INFO: [ template_filter ] --END-- [ RunTime:0.000199s ]
INFO: Run Behavior\ParseTemplateBehavior [ RunTime:0.017720s ]
INFO: [ view_parse ] --END-- [ RunTime:0.017762s ]
INFO: [ view_filter ] --START--
INFO: Run Behavior\WriteHtmlCacheBehavior [ RunTime:0.000141s ]
INFO: [ view_filter ] --END-- [ RunTime:0.000174s ]
INFO: [ app_end ] --START--
INFO: Run Behavior\ShowPageTraceBehavior [ RunTime:0.000345s ]
INFO: [ app_end ] --END-- [ RunTime:0.000387s ]

[ 2016-07-24T19:39:17+08:00 ] 117.136.38.147 /Home/Index/shangmen
INFO: [ app_init ] --START--
INFO: Run Behavior\BuildLiteBehavior [ RunTime:0.000013s ]
INFO: [ app_init ] --END-- [ RunTime:0.000269s ]
INFO: [ app_begin ] --START--
INFO: Run Behavior\ReadHtmlCacheBehavior [ RunTime:0.000367s ]
INFO: [ app_begin ] --END-- [ RunTime:0.000408s ]
SQL: SHOW COLUMNS FROM `city` [ RunTime:0.0005s ]
SQL: SELECT * FROM `city` WHERE ( parent_id=1 )  [ RunTime:0.0001s ]
NOTIC: [8] Undefined variable: arr /www/pj/Application/Home/Controller/IndexController.class.php 第 666 行.
INFO: [ view_parse ] --START--
INFO: [ template_filter ] --START--
INFO: Run Behavior\ContentReplaceBehavior [ RunTime:0.000025s ]
INFO: [ template_filter ] --END-- [ RunTime:0.000059s ]
INFO: Run Behavior\ParseTemplateBehavior [ RunTime:0.004695s ]
INFO: [ view_parse ] --END-- [ RunTime:0.004732s ]
INFO: [ view_filter ] --START--
INFO: Run Behavior\WriteHtmlCacheBehavior [ RunTime:0.000116s ]
INFO: [ view_filter ] --END-- [ RunTime:0.000146s ]
INFO: [ app_end ] --START--
INFO: Run Behavior\ShowPageTraceBehavior [ RunTime:0.000389s ]
INFO: [ app_end ] --END-- [ RunTime:0.000422s ]

[ 2016-07-24T19:39:23+08:00 ] 117.136.38.147 /Home/Index/sheng_1
INFO: [ app_init ] --START--
INFO: Run Behavior\BuildLiteBehavior [ RunTime:0.000013s ]
INFO: [ app_init ] --END-- [ RunTime:0.000268s ]
INFO: [ app_begin ] --START--
INFO: Run Behavior\ReadHtmlCacheBehavior [ RunTime:0.000349s ]
INFO: [ app_begin ] --END-- [ RunTime:0.000388s ]
INFO: [ view_parse ] --START--
INFO: [ template_filter ] --START--
INFO: Run Behavior\ContentReplaceBehavior [ RunTime:0.000031s ]
INFO: [ template_filter ] --END-- [ RunTime:0.000088s ]
INFO: Run Behavior\ParseTemplateBehavior [ RunTime:0.004174s ]
INFO: [ view_parse ] --END-- [ RunTime:0.004217s ]
INFO: [ view_filter ] --START--
INFO: Run Behavior\WriteHtmlCacheBehavior [ RunTime:0.000192s ]
INFO: [ view_filter ] --END-- [ RunTime:0.000240s ]
INFO: [ app_end ] --START--
INFO: Run Behavior\ShowPageTraceBehavior [ RunTime:0.000381s ]
INFO: [ app_end ] --END-- [ RunTime:0.000415s ]

[ 2016-07-24T19:39:25+08:00 ] 117.136.38.147 /Home/Index/daodian
INFO: [ app_init ] --START--
INFO: Run Behavior\BuildLiteBehavior [ RunTime:0.000015s ]
INFO: [ app_init ] --END-- [ RunTime:0.000271s ]
INFO: [ app_begin ] --START--
INFO: Run Behavior\ReadHtmlCacheBehavior [ RunTime:0.000329s ]
INFO: [ app_begin ] --END-- [ RunTime:0.000366s ]
INFO: [ view_parse ] --START--
INFO: [ template_filter ] --START--
INFO: Run Behavior\ContentReplaceBehavior [ RunTime:0.000028s ]
INFO: [ template_filter ] --END-- [ RunTime:0.000074s ]
NOTIC: [8] Undefined variable: arr /www/pj/Application/Runtime/Cache/Home/3948c8d5a8bc97ba1e4c9fb5486e81c1.php 第 9 行.
INFO: Run Behavior\ParseTemplateBehavior [ RunTime:0.004531s ]
INFO: [ view_parse ] --END-- [ RunTime:0.004575s ]
INFO: [ view_filter ] --START--
INFO: Run Behavior\WriteHtmlCacheBehavior [ RunTime:0.000118s ]
INFO: [ view_filter ] --END-- [ RunTime:0.000149s ]
INFO: [ app_end ] --START--
INFO: Run Behavior\ShowPageTraceBehavior [ RunTime:0.000372s ]
INFO: [ app_end ] --END-- [ RunTime:0.000409s ]

[ 2016-07-24T19:40:01+08:00 ] 117.136.38.147 /model/3/4
INFO: [ app_init ] --START--
INFO: Run Behavior\BuildLiteBehavior [ RunTime:0.000015s ]
INFO: [ app_init ] --END-- [ RunTime:0.000315s ]
INFO: [ app_begin ] --START--
INFO: Run Behavior\ReadHtmlCacheBehavior [ RunTime:0.000535s ]
INFO: [ app_begin ] --END-- [ RunTime:0.000597s ]
SQL: SHOW COLUMNS FROM `maintenance_color` [ RunTime:0.0005s ]
SQL: SELECT * FROM `maintenance_color` WHERE ( color_id='4' ) LIMIT 1   [ RunTime:0.0001s ]
SQL: SHOW COLUMNS FROM `maintenance_model` [ RunTime:0.0004s ]
SQL: SELECT * FROM `maintenance_model` WHERE ( model_id='3' ) LIMIT 1   [ RunTime:0.0001s ]
SQL: SELECT * FROM `maintenance_model` WHERE ( model_id='3' )  [ RunTime:0.0001s ]
SQL: SHOW COLUMNS FROM `maintenance_questiontype` [ RunTime:0.0003s ]
SQL: SHOW COLUMNS FROM `maintenance_question` [ RunTime:0.0003s ]
SQL: SELECT * FROM `maintenance_questiontype` WHERE ( questiontype_id in(1,2,3,4,5,6,7,8,9,10,11,12) )  [ RunTime:0.0001s ]
SQL: SELECT * FROM `maintenance_question` WHERE ( questiontype_id in(1) and model_id='3' )  [ RunTime:0.0001s ]
SQL: SELECT * FROM `maintenance_question` WHERE ( questiontype_id in(2) and model_id='3' )  [ RunTime:0.0001s ]
SQL: SELECT * FROM `maintenance_question` WHERE ( questiontype_id in(3) and model_id='3' )  [ RunTime:0.0001s ]
SQL: SELECT * FROM `maintenance_question` WHERE ( questiontype_id in(4) and model_id='3' )  [ RunTime:0.0001s ]
SQL: SELECT * FROM `maintenance_question` WHERE ( questiontype_id in(5) and model_id='3' )  [ RunTime:0.0001s ]
SQL: SELECT * FROM `maintenance_question` WHERE ( questiontype_id in(6) and model_id='3' )  [ RunTime:0.0001s ]
SQL: SELECT * FROM `maintenance_question` WHERE ( questiontype_id in(7) and model_id='3' )  [ RunTime:0.0001s ]
SQL: SELECT * FROM `maintenance_question` WHERE ( questiontype_id in(8) and model_id='3' )  [ RunTime:0.0001s ]
SQL: SELECT * FROM `maintenance_question` WHERE ( questiontype_id in(9) and model_id='3' )  [ RunTime:0.0001s ]
SQL: SELECT * FROM `maintenance_question` WHERE ( questiontype_id in(10) and model_id='3' )  [ RunTime:0.0001s ]
SQL: SELECT * FROM `maintenance_question` WHERE ( questiontype_id in(11) and model_id='3' )  [ RunTime:0.0001s ]
SQL: SELECT * FROM `maintenance_question` WHERE ( questiontype_id in(12) and model_id='3' )  [ RunTime:0.0001s ]
INFO: [ view_parse ] --START--
INFO: [ template_filter ] --START--
INFO: Run Behavior\ContentReplaceBehavior [ RunTime:0.000044s ]
INFO: [ template_filter ] --END-- [ RunTime:0.000082s ]
INFO: Run Behavior\ParseTemplateBehavior [ RunTime:0.006042s ]
INFO: [ view_parse ] --END-- [ RunTime:0.006084s ]
INFO: [ view_filter ] --START--
INFO: Run Behavior\WriteHtmlCacheBehavior [ RunTime:0.000117s ]
INFO: [ view_filter ] --END-- [ RunTime:0.000151s ]
INFO: [ app_end ] --START--
INFO: Run Behavior\ShowPageTraceBehavior [ RunTime:0.000362s ]
INFO: [ app_end ] --END-- [ RunTime:0.000403s ]

[ 2016-07-24T19:44:25+08:00 ] 111.192.225.79 /
INFO: [ app_init ] --START--
INFO: Run Behavior\BuildLiteBehavior [ RunTime:0.000013s ]
INFO: [ app_init ] --END-- [ RunTime:0.000265s ]
INFO: [ app_begin ] --START--
INFO: Run Behavior\ReadHtmlCacheBehavior [ RunTime:0.000360s ]
INFO: [ app_begin ] --END-- [ RunTime:0.000401s ]
INFO: [ view_parse ] --START--
INFO: [ template_filter ] --START--
INFO: Run Behavior\ContentReplaceBehavior [ RunTime:0.000050s ]
INFO: [ template_filter ] --END-- [ RunTime:0.000090s ]
INFO: Run Behavior\ParseTemplateBehavior [ RunTime:0.006216s ]
INFO: [ view_parse ] --END-- [ RunTime:0.006257s ]
INFO: [ view_filter ] --START--
INFO: Run Behavior\WriteHtmlCacheBehavior [ RunTime:0.000115s ]
INFO: [ view_filter ] --END-- [ RunTime:0.000148s ]
INFO: [ app_end ] --START--
INFO: Run Behavior\ShowPageTraceBehavior [ RunTime:0.000350s ]
INFO: [ app_end ] --END-- [ RunTime:0.000389s ]

[ 2016-07-24T19:46:55+08:00 ] 117.114.147.0 /
INFO: [ app_init ] --START--
INFO: Run Behavior\BuildLiteBehavior [ RunTime:0.000013s ]
INFO: [ app_init ] --END-- [ RunTime:0.000268s ]
INFO: [ app_begin ] --START--
INFO: Run Behavior\ReadHtmlCacheBehavior [ RunTime:0.000329s ]
INFO: [ app_begin ] --END-- [ RunTime:0.000371s ]
INFO: [ view_parse ] --START--
INFO: [ template_filter ] --START--
INFO: Run Behavior\ContentReplaceBehavior [ RunTime:0.000048s ]
INFO: [ template_filter ] --END-- [ RunTime:0.000106s ]
INFO: Run Behavior\ParseTemplateBehavior [ RunTime:0.006650s ]
INFO: [ view_parse ] --END-- [ RunTime:0.006691s ]
INFO: [ view_filter ] --START--
INFO: Run Behavior\WriteHtmlCacheBehavior [ RunTime:0.000116s ]
INFO: [ view_filter ] --END-- [ RunTime:0.000148s ]
INFO: [ app_end ] --START--
INFO: Run Behavior\ShowPageTraceBehavior [ RunTime:0.000368s ]
INFO: [ app_end ] --END-- [ RunTime:0.000409s ]

[ 2016-07-24T19:46:56+08:00 ] 117.114.147.0 /phone
INFO: [ app_init ] --START--
INFO: Run Behavior\BuildLiteBehavior [ RunTime:0.000013s ]
INFO: [ app_init ] --END-- [ RunTime:0.000277s ]
INFO: [ app_begin ] --START--
INFO: Run Behavior\ReadHtmlCacheBehavior [ RunTime:0.000356s ]
INFO: [ app_begin ] --END-- [ RunTime:0.000398s ]
SQL: SHOW COLUMNS FROM `maintenance_type` [ RunTime:0.0005s ]
SQL: SELECT * FROM `maintenance_type`  [ RunTime:0.0001s ]
SQL: SHOW COLUMNS FROM `maintenance_brand` [ RunTime:0.0003s ]
SQL: SELECT * FROM `maintenance_brand`  [ RunTime:0.0001s ]
SQL: SHOW COLUMNS FROM `maintenance_model` [ RunTime:0.0003s ]
SQL: SHOW COLUMNS FROM `maintenance_color` [ RunTime:0.0003s ]
SQL: SELECT * FROM `maintenance_model` WHERE ( brand_id='1' ) ORDER BY pai_id  [ RunTime:0.0001s ]
SQL: SELECT * FROM `maintenance_color` WHERE ( color_id in(3,4,5,6) )  [ RunTime:0.0001s ]
SQL: SELECT * FROM `maintenance_color` WHERE ( color_id in(3,4,5,6) )  [ RunTime:0.0001s ]
SQL: SELECT * FROM `maintenance_color` WHERE ( color_id in(3,4,5) )  [ RunTime:0.0001s ]
SQL: SELECT * FROM `maintenance_color` WHERE ( color_id in(3,4,5) )  [ RunTime:0.0001s ]
SQL: SELECT * FROM `maintenance_color` WHERE ( color_id in(3,4,5,6) )  [ RunTime:0.0001s ]
SQL: SELECT * FROM `maintenance_color` WHERE ( color_id in(3,4,5) )  [ RunTime:0.0001s ]
SQL: SELECT * FROM `maintenance_color` WHERE ( color_id in(1,7,8,9,10) )  [ RunTime:0.0001s ]
SQL: SELECT * FROM `maintenance_color` WHERE ( color_id in(1,2) )  [ RunTime:0.0001s ]
SQL: SELECT * FROM `maintenance_color` WHERE ( color_id in(1,2) )  [ RunTime:0.0001s ]
SQL: SELECT * FROM `maintenance_color` WHERE ( color_id in(1,2) )  [ RunTime:0.0001s ]
SQL: SELECT * FROM `maintenance_color` WHERE ( color_id in(11,12) )  [ RunTime:0.0001s ]
SQL: SELECT * FROM `maintenance_color` WHERE ( color_id in(11,12) )  [ RunTime:0.0001s ]
SQL: SELECT * FROM `maintenance_color` WHERE ( color_id in(1,2) )  [ RunTime:0.0001s ]
SQL: SELECT * FROM `maintenance_color` WHERE ( color_id in(1,2) )  [ RunTime:0.0001s ]
SQL: SELECT * FROM `maintenance_color` WHERE ( color_id in(1,2,5) )  [ RunTime:0.0001s ]
SQL: SELECT * FROM `maintenance_color` WHERE ( color_id in(1,2,5) )  [ RunTime:0.0001s ]
SQL: SELECT * FROM `maintenance_color` WHERE ( color_id in(1,2) )  [ RunTime:0.0001s ]
SQL: SELECT * FROM `maintenance_color` WHERE ( color_id in(1,2) )  [ RunTime:0.0001s ]
SQL: SELECT * FROM `maintenance_color` WHERE ( color_id in(1,2,5) )  [ RunTime:0.0001s ]
SQL: SELECT * FROM `maintenance_color` WHERE ( color_id in(1,2,5) )  [ RunTime:0.0001s ]
SQL: SELECT * FROM `maintenance_color` WHERE ( color_id in(1,2) )  [ RunTime:0.0001s ]
SQL: SELECT * FROM `maintenance_color` WHERE ( color_id in(1,2) )  [ RunTime:0.0001s ]
SQL: SELECT * FROM `maintenance_color` WHERE ( color_id in(1,2) )  [ RunTime:0.0001s ]
SQL: SELECT * FROM `maintenance_color` WHERE ( color_id in(1,2) )  [ RunTime:0.0001s ]
SQL: SELECT * FROM `maintenance_color` WHERE ( color_id in(1,2) )  [ RunTime:0.0001s ]
SQL: SELECT * FROM `maintenance_color` WHERE ( color_id in(1,2) )  [ RunTime:0.0001s ]
SQL: SELECT * FROM `maintenance_color` WHERE ( color_id in(1,2) )  [ RunTime:0.0001s ]
SQL: SELECT * FROM `maintenance_color` WHERE ( color_id in(1,2) )  [ RunTime:0.0001s ]
SQL: SELECT * FROM `maintenance_color` WHERE ( color_id in(1,2,5) )  [ RunTime:0.0001s ]
SQL: SELECT * FROM `maintenance_color` WHERE ( color_id in(1,2,5) )  [ RunTime:0.0001s ]
INFO: [ view_parse ] --START--
INFO: [ template_filter ] --START--
INFO: Run Behavior\ContentReplaceBehavior [ RunTime:0.000065s ]
INFO: [ template_filter ] --END-- [ RunTime:0.000106s ]
INFO: Run Behavior\ParseTemplateBehavior [ RunTime:0.008870s ]
INFO: [ view_parse ] --END-- [ RunTime:0.008909s ]
INFO: [ view_filter ] --START--
INFO: Run Behavior\WriteHtmlCacheBehavior [ RunTime:0.000122s ]
INFO: [ view_filter ] --END-- [ RunTime:0.000161s ]
INFO: [ app_end ] --START--
INFO: Run Behavior\ShowPageTraceBehavior [ RunTime:0.000357s ]
INFO: [ app_end ] --END-- [ RunTime:0.000399s ]

[ 2016-07-24T19:46:58+08:00 ] 117.114.147.0 /model/1/3
INFO: [ app_init ] --START--
INFO: Run Behavior\BuildLiteBehavior [ RunTime:0.000013s ]
INFO: [ app_init ] --END-- [ RunTime:0.000264s ]
INFO: [ app_begin ] --START--
INFO: Run Behavior\ReadHtmlCacheBehavior [ RunTime:0.000330s ]
INFO: [ app_begin ] --END-- [ RunTime:0.000373s ]
SQL: SHOW COLUMNS FROM `maintenance_color` [ RunTime:0.0005s ]
SQL: SELECT * FROM `maintenance_color` WHERE ( color_id='3' ) LIMIT 1   [ RunTime:0.0001s ]
SQL: SHOW COLUMNS FROM `maintenance_model` [ RunTime:0.0003s ]
SQL: SELECT * FROM `maintenance_model` WHERE ( model_id='1' ) LIMIT 1   [ RunTime:0.0001s ]
SQL: SELECT * FROM `maintenance_model` WHERE ( model_id='1' )  [ RunTime:0.0001s ]
SQL: SHOW COLUMNS FROM `maintenance_questiontype` [ RunTime:0.0003s ]
SQL: SHOW COLUMNS FROM `maintenance_question` [ RunTime:0.0003s ]
SQL: SELECT * FROM `maintenance_questiontype` WHERE ( questiontype_id in(1,2,3,4,5,6,7,8,9,11,12) )  [ RunTime:0.0001s ]
SQL: SELECT * FROM `maintenance_question` WHERE ( questiontype_id in(1) and model_id='1' )  [ RunTime:0.0001s ]
SQL: SELECT * FROM `maintenance_question` WHERE ( questiontype_id in(2) and model_id='1' )  [ RunTime:0.0001s ]
SQL: SELECT * FROM `maintenance_question` WHERE ( questiontype_id in(3) and model_id='1' )  [ RunTime:0.0001s ]
SQL: SELECT * FROM `maintenance_question` WHERE ( questiontype_id in(4) and model_id='1' )  [ RunTime:0.0001s ]
SQL: SELECT * FROM `maintenance_question` WHERE ( questiontype_id in(5) and model_id='1' )  [ RunTime:0.0001s ]
SQL: SELECT * FROM `maintenance_question` WHERE ( questiontype_id in(6) and model_id='1' )  [ RunTime:0.0001s ]
SQL: SELECT * FROM `maintenance_question` WHERE ( questiontype_id in(7) and model_id='1' )  [ RunTime:0.0001s ]
SQL: SELECT * FROM `maintenance_question` WHERE ( questiontype_id in(8) and model_id='1' )  [ RunTime:0.0001s ]
SQL: SELECT * FROM `maintenance_question` WHERE ( questiontype_id in(9) and model_id='1' )  [ RunTime:0.0001s ]
SQL: SELECT * FROM `maintenance_question` WHERE ( questiontype_id in(11) and model_id='1' )  [ RunTime:0.0001s ]
SQL: SELECT * FROM `maintenance_question` WHERE ( questiontype_id in(12) and model_id='1' )  [ RunTime:0.0001s ]
INFO: [ view_parse ] --START--
INFO: [ template_filter ] --START--
INFO: Run Behavior\ContentReplaceBehavior [ RunTime:0.000039s ]
INFO: [ template_filter ] --END-- [ RunTime:0.000077s ]
INFO: Run Behavior\ParseTemplateBehavior [ RunTime:0.006023s ]
INFO: [ view_parse ] --END-- [ RunTime:0.006063s ]
INFO: [ view_filter ] --START--
INFO: Run Behavior\WriteHtmlCacheBehavior [ RunTime:0.000114s ]
INFO: [ view_filter ] --END-- [ RunTime:0.000147s ]
INFO: [ app_end ] --START--
INFO: Run Behavior\ShowPageTraceBehavior [ RunTime:0.000366s ]
INFO: [ app_end ] --END-- [ RunTime:0.000405s ]

[ 2016-07-24T19:47:01+08:00 ] 117.114.147.0 /Home/Index/mbr?question_id=1&color_id=3&model_id=1
INFO: [ app_init ] --START--
INFO: Run Behavior\BuildLiteBehavior [ RunTime:0.000013s ]
INFO: [ app_init ] --END-- [ RunTime:0.000269s ]
INFO: [ app_begin ] --START--
INFO: Run Behavior\ReadHtmlCacheBehavior [ RunTime:0.000347s ]
INFO: [ app_begin ] --END-- [ RunTime:0.000385s ]
SQL: SHOW COLUMNS FROM `maintenance_color` [ RunTime:0.0005s ]
SQL: SELECT * FROM `maintenance_color` WHERE ( color_id='3' ) LIMIT 1   [ RunTime:0.0001s ]
SQL: SHOW COLUMNS FROM `maintenance_model` [ RunTime:0.0003s ]
SQL: SELECT * FROM `maintenance_model` WHERE ( model_id='1' ) LIMIT 1   [ RunTime:0.0001s ]
SQL: SHOW COLUMNS FROM `maintenance_question` [ RunTime:0.0003s ]
SQL: SELECT * FROM `maintenance_question` INNER JOIN maintenance_questiontype on maintenance_question.questiontype_id=maintenance_questiontype.questiontype_id INNER JOIN maintenance_plan on maintenance_question.plan_id=maintenance_plan.plan_id  WHERE ( question_id in (1) )  [ RunTime:0.0001s ]
NOTIC: [8] Undefined variable: b /www/pj/Application/Home/Controller/IndexController.class.php 第 508 行.
NOTIC: [8] Undefined variable: c /www/pj/Application/Home/Controller/IndexController.class.php 第 508 行.
NOTIC: [8] Undefined variable: d /www/pj/Application/Home/Controller/IndexController.class.php 第 508 行.
NOTIC: [8] Undefined variable: e /www/pj/Application/Home/Controller/IndexController.class.php 第 508 行.
NOTIC: [8] Undefined variable: f /www/pj/Application/Home/Controller/IndexController.class.php 第 508 行.
NOTIC: [8] Undefined variable: g /www/pj/Application/Home/Controller/IndexController.class.php 第 508 行.
NOTIC: [8] Undefined variable: h /www/pj/Application/Home/Controller/IndexController.class.php 第 508 行.
NOTIC: [8] Undefined variable: i /www/pj/Application/Home/Controller/IndexController.class.php 第 508 行.
NOTIC: [8] Undefined variable: j /www/pj/Application/Home/Controller/IndexController.class.php 第 508 行.
SQL: SHOW COLUMNS FROM `maintenance_plan` [ RunTime:0.0004s ]
SQL: SELECT * FROM `maintenance_plan` WHERE ( plan_id in (2) )  [ RunTime:0.0001s ]
SQL: SELECT * FROM `maintenance_question` WHERE ( plan_id in (2)and question_id in(1) )  [ RunTime:0.0001s ]
SQL: SELECT * FROM `maintenance_plan` WHERE ( plan_id in (2) )  [ RunTime:0.0001s ]
NOTIC: [8] Undefined variable: money /www/pj/Application/Home/Controller/IndexController.class.php 第 540 行.
INFO: [ view_parse ] --START--
INFO: [ template_filter ] --START--
INFO: Run Behavior\ContentReplaceBehavior [ RunTime:0.000026s ]
INFO: [ template_filter ] --END-- [ RunTime:0.000064s ]
INFO: Run Behavior\ParseTemplateBehavior [ RunTime:0.005776s ]
INFO: [ view_parse ] --END-- [ RunTime:0.005815s ]
INFO: [ view_filter ] --START--
INFO: Run Behavior\WriteHtmlCacheBehavior [ RunTime:0.000130s ]
INFO: [ view_filter ] --END-- [ RunTime:0.000161s ]
INFO: [ app_end ] --START--
INFO: Run Behavior\ShowPageTraceBehavior [ RunTime:0.000379s ]
INFO: [ app_end ] --END-- [ RunTime:0.000413s ]

[ 2016-07-24T19:47:05+08:00 ] 117.114.147.0 /model/2/3
INFO: [ app_init ] --START--
INFO: Run Behavior\BuildLiteBehavior [ RunTime:0.000013s ]
INFO: [ app_init ] --END-- [ RunTime:0.000268s ]
INFO: [ app_begin ] --START--
INFO: Run Behavior\ReadHtmlCacheBehavior [ RunTime:0.000353s ]
INFO: [ app_begin ] --END-- [ RunTime:0.000396s ]
SQL: SHOW COLUMNS FROM `maintenance_color` [ RunTime:0.0005s ]
SQL: SELECT * FROM `maintenance_color` WHERE ( color_id='3' ) LIMIT 1   [ RunTime:0.0001s ]
SQL: SHOW COLUMNS FROM `maintenance_model` [ RunTime:0.0003s ]
SQL: SELECT * FROM `maintenance_model` WHERE ( model_id='2' ) LIMIT 1   [ RunTime:0.0001s ]
SQL: SELECT * FROM `maintenance_model` WHERE ( model_id='2' )  [ RunTime:0.0001s ]
SQL: SHOW COLUMNS FROM `maintenance_questiontype` [ RunTime:0.0003s ]
SQL: SHOW COLUMNS FROM `maintenance_question` [ RunTime:0.0003s ]
SQL: SELECT * FROM `maintenance_questiontype` WHERE ( questiontype_id in(1,2,3,4,5,6,7,8,9,11,12) )  [ RunTime:0.0001s ]
SQL: SELECT * FROM `maintenance_question` WHERE ( questiontype_id in(1) and model_id='2' )  [ RunTime:0.0001s ]
SQL: SELECT * FROM `maintenance_question` WHERE ( questiontype_id in(2) and model_id='2' )  [ RunTime:0.0001s ]
SQL: SELECT * FROM `maintenance_question` WHERE ( questiontype_id in(3) and model_id='2' )  [ RunTime:0.0001s ]
SQL: SELECT * FROM `maintenance_question` WHERE ( questiontype_id in(4) and model_id='2' )  [ RunTime:0.0001s ]
SQL: SELECT * FROM `maintenance_question` WHERE ( questiontype_id in(5) and model_id='2' )  [ RunTime:0.0001s ]
SQL: SELECT * FROM `maintenance_question` WHERE ( questiontype_id in(6) and model_id='2' )  [ RunTime:0.0001s ]
SQL: SELECT * FROM `maintenance_question` WHERE ( questiontype_id in(7) and model_id='2' )  [ RunTime:0.0001s ]
SQL: SELECT * FROM `maintenance_question` WHERE ( questiontype_id in(8) and model_id='2' )  [ RunTime:0.0001s ]
SQL: SELECT * FROM `maintenance_question` WHERE ( questiontype_id in(9) and model_id='2' )  [ RunTime:0.0001s ]
SQL: SELECT * FROM `maintenance_question` WHERE ( questiontype_id in(11) and model_id='2' )  [ RunTime:0.0001s ]
SQL: SELECT * FROM `maintenance_question` WHERE ( questiontype_id in(12) and model_id='2' )  [ RunTime:0.0001s ]
INFO: [ view_parse ] --START--
INFO: [ template_filter ] --START--
INFO: Run Behavior\ContentReplaceBehavior [ RunTime:0.000043s ]
INFO: [ template_filter ] --END-- [ RunTime:0.000091s ]
INFO: Run Behavior\ParseTemplateBehavior [ RunTime:0.006343s ]
INFO: [ view_parse ] --END-- [ RunTime:0.006400s ]
INFO: [ view_filter ] --START--
INFO: Run Behavior\WriteHtmlCacheBehavior [ RunTime:0.000140s ]
INFO: [ view_filter ] --END-- [ RunTime:0.000185s ]
INFO: [ app_end ] --START--
INFO: Run Behavior\ShowPageTraceBehavior [ RunTime:0.000360s ]
INFO: [ app_end ] --END-- [ RunTime:0.000404s ]

[ 2016-07-24T20:09:42+08:00 ] 103.242.202.196 /
INFO: [ app_init ] --START--
INFO: Run Behavior\BuildLiteBehavior [ RunTime:0.000012s ]
INFO: [ app_init ] --END-- [ RunTime:0.000288s ]
INFO: [ app_begin ] --START--
INFO: Run Behavior\ReadHtmlCacheBehavior [ RunTime:0.000348s ]
INFO: [ app_begin ] --END-- [ RunTime:0.000390s ]
INFO: [ view_parse ] --START--
INFO: [ template_filter ] --START--
INFO: Run Behavior\ContentReplaceBehavior [ RunTime:0.000058s ]
INFO: [ template_filter ] --END-- [ RunTime:0.000120s ]
INFO: Run Behavior\ParseTemplateBehavior [ RunTime:0.006683s ]
INFO: [ view_parse ] --END-- [ RunTime:0.006725s ]
INFO: [ view_filter ] --START--
INFO: Run Behavior\WriteHtmlCacheBehavior [ RunTime:0.000150s ]
INFO: [ view_filter ] --END-- [ RunTime:0.000183s ]
INFO: 
INFO: 
INFO: 

[ 2016-07-24T20:12:02+08:00 ] 111.20.248.74 /
INFO: [ app_init ] --START--
INFO: Run Behavior\BuildLiteBehavior [ RunTime:0.000014s ]
INFO: [ app_init ] --END-- [ RunTime:0.000294s ]
INFO: [ app_begin ] --START--
INFO: Run Behavior\ReadHtmlCacheBehavior [ RunTime:0.000354s ]
INFO: [ app_begin ] --END-- [ RunTime:0.000396s ]
INFO: [ view_parse ] --START--
INFO: [ template_filter ] --START--
INFO: Run Behavior\ContentReplaceBehavior [ RunTime:0.000054s ]
INFO: [ template_filter ] --END-- [ RunTime:0.000104s ]
INFO: Run Behavior\ParseTemplateBehavior [ RunTime:0.006453s ]
INFO: [ view_parse ] --END-- [ RunTime:0.006503s ]
INFO: [ view_filter ] --START--
INFO: Run Behavior\WriteHtmlCacheBehavior [ RunTime:0.000142s ]
INFO: [ view_filter ] --END-- [ RunTime:0.000175s ]
INFO: 
INFO: 
INFO: 

[ 2016-07-24T20:23:58+08:00 ] 180.76.14.3 /
INFO: [ app_init ] --START--
INFO: Run Behavior\BuildLiteBehavior [ RunTime:0.000012s ]
INFO: [ app_init ] --END-- [ RunTime:0.000269s ]
INFO: [ app_begin ] --START--
INFO: Run Behavior\ReadHtmlCacheBehavior [ RunTime:0.000340s ]
INFO: [ app_begin ] --END-- [ RunTime:0.000382s ]
INFO: [ view_parse ] --START--
INFO: [ template_filter ] --START--
INFO: Run Behavior\ContentReplaceBehavior [ RunTime:0.000059s ]
INFO: [ template_filter ] --END-- [ RunTime:0.000140s ]
INFO: Run Behavior\ParseTemplateBehavior [ RunTime:0.006710s ]
INFO: [ view_parse ] --END-- [ RunTime:0.006755s ]
INFO: [ view_filter ] --START--
INFO: Run Behavior\WriteHtmlCacheBehavior [ RunTime:0.000159s ]
INFO: [ view_filter ] --END-- [ RunTime:0.000200s ]
INFO: [ app_end ] --START--
INFO: Run Behavior\ShowPageTraceBehavior [ RunTime:0.000422s ]
INFO: [ app_end ] --END-- [ RunTime:0.000470s ]

[ 2016-07-24T20:42:59+08:00 ] 101.200.78.64 /
INFO: [ app_init ] --START--
INFO: Run Behavior\BuildLiteBehavior [ RunTime:0.000024s ]
INFO: [ app_init ] --END-- [ RunTime:0.000486s ]
INFO: [ app_begin ] --START--
INFO: Run Behavior\ReadHtmlCacheBehavior [ RunTime:0.000467s ]
INFO: [ app_begin ] --END-- [ RunTime:0.000514s ]
INFO: [ view_parse ] --START--
INFO: [ template_filter ] --START--
INFO: Run Behavior\ContentReplaceBehavior [ RunTime:0.000066s ]
INFO: [ template_filter ] --END-- [ RunTime:0.000118s ]
INFO: Run Behavior\ParseTemplateBehavior [ RunTime:0.006272s ]
INFO: [ view_parse ] --END-- [ RunTime:0.006319s ]
INFO: [ view_filter ] --START--
INFO: Run Behavior\WriteHtmlCacheBehavior [ RunTime:0.000118s ]
INFO: [ view_filter ] --END-- [ RunTime:0.000151s ]
INFO: [ app_end ] --START--
INFO: Run Behavior\ShowPageTraceBehavior [ RunTime:0.000365s ]
INFO: [ app_end ] --END-- [ RunTime:0.000406s ]

[ 2016-07-24T20:46:53+08:00 ] 23.251.40.103 /
INFO: [ app_init ] --START--
INFO: Run Behavior\BuildLiteBehavior [ RunTime:0.000012s ]
INFO: [ app_init ] --END-- [ RunTime:0.000265s ]
INFO: [ app_begin ] --START--
INFO: Run Behavior\ReadHtmlCacheBehavior [ RunTime:0.000330s ]
INFO: [ app_begin ] --END-- [ RunTime:0.000376s ]
INFO: [ view_parse ] --START--
INFO: [ template_filter ] --START--
INFO: Run Behavior\ContentReplaceBehavior [ RunTime:0.000048s ]
INFO: [ template_filter ] --END-- [ RunTime:0.000090s ]
INFO: Run Behavior\ParseTemplateBehavior [ RunTime:0.006214s ]
INFO: [ view_parse ] --END-- [ RunTime:0.006255s ]
INFO: [ view_filter ] --START--
INFO: Run Behavior\WriteHtmlCacheBehavior [ RunTime:0.000125s ]
INFO: [ view_filter ] --END-- [ RunTime:0.000168s ]
INFO: [ app_end ] --START--
INFO: Run Behavior\ShowPageTraceBehavior [ RunTime:0.000343s ]
INFO: [ app_end ] --END-- [ RunTime:0.000383s ]

[ 2016-07-24T20:51:14+08:00 ] 66.249.66.175 /model/6/3
INFO: [ app_init ] --START--
INFO: Run Behavior\BuildLiteBehavior [ RunTime:0.000013s ]
INFO: [ app_init ] --END-- [ RunTime:0.000267s ]
INFO: [ app_begin ] --START--
INFO: Run Behavior\ReadHtmlCacheBehavior [ RunTime:0.000330s ]
INFO: [ app_begin ] --END-- [ RunTime:0.000390s ]
SQL: SHOW COLUMNS FROM `maintenance_color` [ RunTime:0.0005s ]
SQL: SELECT * FROM `maintenance_color` WHERE ( color_id='3' ) LIMIT 1   [ RunTime:0.0001s ]
SQL: SHOW COLUMNS FROM `maintenance_model` [ RunTime:0.0003s ]
SQL: SELECT * FROM `maintenance_model` WHERE ( model_id='6' ) LIMIT 1   [ RunTime:0.0001s ]
SQL: SELECT * FROM `maintenance_model` WHERE ( model_id='6' )  [ RunTime:0.0001s ]
SQL: SHOW COLUMNS FROM `maintenance_questiontype` [ RunTime:0.0003s ]
SQL: SHOW COLUMNS FROM `maintenance_question` [ RunTime:0.0003s ]
SQL: SELECT * FROM `maintenance_questiontype` WHERE ( questiontype_id in(1,2,3,4,5,6,7,8,9,10,11,12) )  [ RunTime:0.0001s ]
SQL: SELECT * FROM `maintenance_question` WHERE ( questiontype_id in(1) and model_id='6' )  [ RunTime:0.0001s ]
SQL: SELECT * FROM `maintenance_question` WHERE ( questiontype_id in(2) and model_id='6' )  [ RunTime:0.0001s ]
SQL: SELECT * FROM `maintenance_question` WHERE ( questiontype_id in(3) and model_id='6' )  [ RunTime:0.0001s ]
SQL: SELECT * FROM `maintenance_question` WHERE ( questiontype_id in(4) and model_id='6' )  [ RunTime:0.0001s ]
SQL: SELECT * FROM `maintenance_question` WHERE ( questiontype_id in(5) and model_id='6' )  [ RunTime:0.0001s ]
SQL: SELECT * FROM `maintenance_question` WHERE ( questiontype_id in(6) and model_id='6' )  [ RunTime:0.0001s ]
SQL: SELECT * FROM `maintenance_question` WHERE ( questiontype_id in(7) and model_id='6' )  [ RunTime:0.0001s ]
SQL: SELECT * FROM `maintenance_question` WHERE ( questiontype_id in(8) and model_id='6' )  [ RunTime:0.0001s ]
SQL: SELECT * FROM `maintenance_question` WHERE ( questiontype_id in(9) and model_id='6' )  [ RunTime:0.0001s ]
SQL: SELECT * FROM `maintenance_question` WHERE ( questiontype_id in(10) and model_id='6' )  [ RunTime:0.0001s ]
SQL: SELECT * FROM `maintenance_question` WHERE ( questiontype_id in(11) and model_id='6' )  [ RunTime:0.0001s ]
SQL: SELECT * FROM `maintenance_question` WHERE ( questiontype_id in(12) and model_id='6' )  [ RunTime:0.0001s ]
INFO: [ view_parse ] --START--
INFO: [ template_filter ] --START--
INFO: Run Behavior\ContentReplaceBehavior [ RunTime:0.000038s ]
INFO: [ template_filter ] --END-- [ RunTime:0.000075s ]
INFO: Run Behavior\ParseTemplateBehavior [ RunTime:0.005960s ]
INFO: [ view_parse ] --END-- [ RunTime:0.006001s ]
INFO: [ view_filter ] --START--
INFO: Run Behavior\WriteHtmlCacheBehavior [ RunTime:0.000113s ]
INFO: [ view_filter ] --END-- [ RunTime:0.000147s ]
INFO: [ app_end ] --START--
INFO: Run Behavior\ShowPageTraceBehavior [ RunTime:0.000363s ]
INFO: [ app_end ] --END-- [ RunTime:0.000403s ]

[ 2016-07-24T21:06:35+08:00 ] 180.76.14.4 /
INFO: [ app_init ] --START--
INFO: Run Behavior\BuildLiteBehavior [ RunTime:0.000015s ]
INFO: [ app_init ] --END-- [ RunTime:0.000293s ]
INFO: [ app_begin ] --START--
INFO: Run Behavior\ReadHtmlCacheBehavior [ RunTime:0.000348s ]
INFO: [ app_begin ] --END-- [ RunTime:0.000390s ]
INFO: [ view_parse ] --START--
INFO: [ template_filter ] --START--
INFO: Run Behavior\ContentReplaceBehavior [ RunTime:0.000061s ]
INFO: [ template_filter ] --END-- [ RunTime:0.000126s ]
INFO: Run Behavior\ParseTemplateBehavior [ RunTime:0.006529s ]
INFO: [ view_parse ] --END-- [ RunTime:0.006573s ]
INFO: [ view_filter ] --START--
INFO: Run Behavior\WriteHtmlCacheBehavior [ RunTime:0.000151s ]
INFO: [ view_filter ] --END-- [ RunTime:0.000185s ]
INFO: [ app_end ] --START--
INFO: Run Behavior\ShowPageTraceBehavior [ RunTime:0.000395s ]
INFO: [ app_end ] --END-- [ RunTime:0.000438s ]

[ 2016-07-24T21:26:20+08:00 ] 123.150.183.30 /
INFO: [ app_init ] --START--
INFO: Run Behavior\BuildLiteBehavior [ RunTime:0.000032s ]
INFO: [ app_init ] --END-- [ RunTime:0.000369s ]
INFO: [ app_begin ] --START--
INFO: Run Behavior\ReadHtmlCacheBehavior [ RunTime:0.000367s ]
INFO: [ app_begin ] --END-- [ RunTime:0.000409s ]
INFO: [ view_parse ] --START--
INFO: [ template_filter ] --START--
INFO: Run Behavior\ContentReplaceBehavior [ RunTime:0.000052s ]
INFO: [ template_filter ] --END-- [ RunTime:0.000092s ]
INFO: Run Behavior\ParseTemplateBehavior [ RunTime:0.006458s ]
INFO: [ view_parse ] --END-- [ RunTime:0.006500s ]
INFO: [ view_filter ] --START--
INFO: Run Behavior\WriteHtmlCacheBehavior [ RunTime:0.000117s ]
INFO: [ view_filter ] --END-- [ RunTime:0.000149s ]

[ 2016-07-24T22:03:34+08:00 ] 66.249.66.178 /model/6/4
INFO: [ app_init ] --START--
INFO: Run Behavior\BuildLiteBehavior [ RunTime:0.000014s ]
INFO: [ app_init ] --END-- [ RunTime:0.000268s ]
INFO: [ app_begin ] --START--
INFO: Run Behavior\ReadHtmlCacheBehavior [ RunTime:0.000384s ]
INFO: [ app_begin ] --END-- [ RunTime:0.000426s ]
SQL: SHOW COLUMNS FROM `maintenance_color` [ RunTime:0.0005s ]
SQL: SELECT * FROM `maintenance_color` WHERE ( color_id='4' ) LIMIT 1   [ RunTime:0.0001s ]
SQL: SHOW COLUMNS FROM `maintenance_model` [ RunTime:0.0003s ]
SQL: SELECT * FROM `maintenance_model` WHERE ( model_id='6' ) LIMIT 1   [ RunTime:0.0001s ]
SQL: SELECT * FROM `maintenance_model` WHERE ( model_id='6' )  [ RunTime:0.0001s ]
SQL: SHOW COLUMNS FROM `maintenance_questiontype` [ RunTime:0.0003s ]
SQL: SHOW COLUMNS FROM `maintenance_question` [ RunTime:0.0003s ]
SQL: SELECT * FROM `maintenance_questiontype` WHERE ( questiontype_id in(1,2,3,4,5,6,7,8,9,10,11,12) )  [ RunTime:0.0001s ]
SQL: SELECT * FROM `maintenance_question` WHERE ( questiontype_id in(1) and model_id='6' )  [ RunTime:0.0001s ]
SQL: SELECT * FROM `maintenance_question` WHERE ( questiontype_id in(2) and model_id='6' )  [ RunTime:0.0001s ]
SQL: SELECT * FROM `maintenance_question` WHERE ( questiontype_id in(3) and model_id='6' )  [ RunTime:0.0001s ]
SQL: SELECT * FROM `maintenance_question` WHERE ( questiontype_id in(4) and model_id='6' )  [ RunTime:0.0001s ]
SQL: SELECT * FROM `maintenance_question` WHERE ( questiontype_id in(5) and model_id='6' )  [ RunTime:0.0001s ]
SQL: SELECT * FROM `maintenance_question` WHERE ( questiontype_id in(6) and model_id='6' )  [ RunTime:0.0001s ]
SQL: SELECT * FROM `maintenance_question` WHERE ( questiontype_id in(7) and model_id='6' )  [ RunTime:0.0001s ]
SQL: SELECT * FROM `maintenance_question` WHERE ( questiontype_id in(8) and model_id='6' )  [ RunTime:0.0001s ]
SQL: SELECT * FROM `maintenance_question` WHERE ( questiontype_id in(9) and model_id='6' )  [ RunTime:0.0001s ]
SQL: SELECT * FROM `maintenance_question` WHERE ( questiontype_id in(10) and model_id='6' )  [ RunTime:0.0001s ]
SQL: SELECT * FROM `maintenance_question` WHERE ( questiontype_id in(11) and model_id='6' )  [ RunTime:0.0001s ]
SQL: SELECT * FROM `maintenance_question` WHERE ( questiontype_id in(12) and model_id='6' )  [ RunTime:0.0001s ]
INFO: [ view_parse ] --START--
INFO: [ template_filter ] --START--
INFO: Run Behavior\ContentReplaceBehavior [ RunTime:0.000048s ]
INFO: [ template_filter ] --END-- [ RunTime:0.000106s ]
INFO: Run Behavior\ParseTemplateBehavior [ RunTime:0.006432s ]
INFO: [ view_parse ] --END-- [ RunTime:0.006475s ]
INFO: [ view_filter ] --START--
INFO: Run Behavior\WriteHtmlCacheBehavior [ RunTime:0.000134s ]
INFO: [ view_filter ] --END-- [ RunTime:0.000171s ]
INFO: [ app_end ] --START--
INFO: Run Behavior\ShowPageTraceBehavior [ RunTime:0.000391s ]
INFO: [ app_end ] --END-- [ RunTime:0.000454s ]

[ 2016-07-24T22:40:09+08:00 ] 123.123.214.157 /search
INFO: [ app_init ] --START--
INFO: Run Behavior\BuildLiteBehavior [ RunTime:0.000018s ]
INFO: [ app_init ] --END-- [ RunTime:0.000287s ]
INFO: [ app_begin ] --START--
INFO: Run Behavior\ReadHtmlCacheBehavior [ RunTime:0.000368s ]
INFO: [ app_begin ] --END-- [ RunTime:0.000409s ]
INFO: [ view_parse ] --START--
INFO: [ template_filter ] --START--
INFO: Run Behavior\ContentReplaceBehavior [ RunTime:0.000039s ]
INFO: [ template_filter ] --END-- [ RunTime:0.000095s ]
INFO: Run Behavior\ParseTemplateBehavior [ RunTime:0.004601s ]
INFO: [ view_parse ] --END-- [ RunTime:0.004647s ]
INFO: [ view_filter ] --START--
INFO: Run Behavior\WriteHtmlCacheBehavior [ RunTime:0.000121s ]
INFO: [ view_filter ] --END-- [ RunTime:0.000154s ]
INFO: [ app_end ] --START--
INFO: Run Behavior\ShowPageTraceBehavior [ RunTime:0.000466s ]
INFO: [ app_end ] --END-- [ RunTime:0.000502s ]

[ 2016-07-24T22:52:31+08:00 ] 114.244.145.173 /
INFO: [ app_init ] --START--
INFO: Run Behavior\BuildLiteBehavior [ RunTime:0.000014s ]
INFO: [ app_init ] --END-- [ RunTime:0.000274s ]
INFO: [ app_begin ] --START--
INFO: Run Behavior\ReadHtmlCacheBehavior [ RunTime:0.000356s ]
INFO: [ app_begin ] --END-- [ RunTime:0.000397s ]
INFO: [ view_parse ] --START--
INFO: [ template_filter ] --START--
INFO: Run Behavior\ContentReplaceBehavior [ RunTime:0.000054s ]
INFO: [ template_filter ] --END-- [ RunTime:0.000100s ]
INFO: Run Behavior\ParseTemplateBehavior [ RunTime:0.006321s ]
INFO: [ view_parse ] --END-- [ RunTime:0.006363s ]
INFO: [ view_filter ] --START--
INFO: Run Behavior\WriteHtmlCacheBehavior [ RunTime:0.000120s ]
INFO: [ view_filter ] --END-- [ RunTime:0.000154s ]
INFO: [ app_end ] --START--
INFO: Run Behavior\ShowPageTraceBehavior [ RunTime:0.000372s ]
INFO: [ app_end ] --END-- [ RunTime:0.000415s ]

[ 2016-07-24T23:20:05+08:00 ] 66.249.66.178 /model/1/3
INFO: [ app_init ] --START--
INFO: Run Behavior\BuildLiteBehavior [ RunTime:0.000036s ]
INFO: [ app_init ] --END-- [ RunTime:0.000297s ]
INFO: [ app_begin ] --START--
INFO: Run Behavior\ReadHtmlCacheBehavior [ RunTime:0.000422s ]
INFO: [ app_begin ] --END-- [ RunTime:0.000482s ]
SQL: SHOW COLUMNS FROM `maintenance_color` [ RunTime:0.0005s ]
SQL: SELECT * FROM `maintenance_color` WHERE ( color_id='3' ) LIMIT 1   [ RunTime:0.0001s ]
SQL: SHOW COLUMNS FROM `maintenance_model` [ RunTime:0.0004s ]
SQL: SELECT * FROM `maintenance_model` WHERE ( model_id='1' ) LIMIT 1   [ RunTime:0.0001s ]
SQL: SELECT * FROM `maintenance_model` WHERE ( model_id='1' )  [ RunTime:0.0001s ]
SQL: SHOW COLUMNS FROM `maintenance_questiontype` [ RunTime:0.0003s ]
SQL: SHOW COLUMNS FROM `maintenance_question` [ RunTime:0.0003s ]
SQL: SELECT * FROM `maintenance_questiontype` WHERE ( questiontype_id in(1,2,3,4,5,6,7,8,9,11,12) )  [ RunTime:0.0001s ]
SQL: SELECT * FROM `maintenance_question` WHERE ( questiontype_id in(1) and model_id='1' )  [ RunTime:0.0001s ]
SQL: SELECT * FROM `maintenance_question` WHERE ( questiontype_id in(2) and model_id='1' )  [ RunTime:0.0001s ]
SQL: SELECT * FROM `maintenance_question` WHERE ( questiontype_id in(3) and model_id='1' )  [ RunTime:0.0001s ]
SQL: SELECT * FROM `maintenance_question` WHERE ( questiontype_id in(4) and model_id='1' )  [ RunTime:0.0001s ]
SQL: SELECT * FROM `maintenance_question` WHERE ( questiontype_id in(5) and model_id='1' )  [ RunTime:0.0001s ]
SQL: SELECT * FROM `maintenance_question` WHERE ( questiontype_id in(6) and model_id='1' )  [ RunTime:0.0001s ]
SQL: SELECT * FROM `maintenance_question` WHERE ( questiontype_id in(7) and model_id='1' )  [ RunTime:0.0001s ]
SQL: SELECT * FROM `maintenance_question` WHERE ( questiontype_id in(8) and model_id='1' )  [ RunTime:0.0001s ]
SQL: SELECT * FROM `maintenance_question` WHERE ( questiontype_id in(9) and model_id='1' )  [ RunTime:0.0001s ]
SQL: SELECT * FROM `maintenance_question` WHERE ( questiontype_id in(11) and model_id='1' )  [ RunTime:0.0001s ]
SQL: SELECT * FROM `maintenance_question` WHERE ( questiontype_id in(12) and model_id='1' )  [ RunTime:0.0001s ]
INFO: [ view_parse ] --START--
INFO: [ template_filter ] --START--
INFO: Run Behavior\ContentReplaceBehavior [ RunTime:0.000043s ]
INFO: [ template_filter ] --END-- [ RunTime:0.000081s ]
INFO: Run Behavior\ParseTemplateBehavior [ RunTime:0.006190s ]
INFO: [ view_parse ] --END-- [ RunTime:0.006233s ]
INFO: [ view_filter ] --START--
INFO: Run Behavior\WriteHtmlCacheBehavior [ RunTime:0.000114s ]
INFO: [ view_filter ] --END-- [ RunTime:0.000149s ]
INFO: [ app_end ] --START--
INFO: Run Behavior\ShowPageTraceBehavior [ RunTime:0.000351s ]
INFO: [ app_end ] --END-- [ RunTime:0.000411s ]

