[ 2016-08-31T23:57:31+08:00 ] 101.41.45.210 /Home/Index/shangmen
INFO: [ app_init ] --START--
INFO: Run Behavior\BuildLiteBehavior [ RunTime:0.000014s ]
INFO: [ app_init ] --END-- [ RunTime:0.000275s ]
INFO: [ app_begin ] --START--
INFO: Run Behavior\ReadHtmlCacheBehavior [ RunTime:0.000359s ]
INFO: [ app_begin ] --END-- [ RunTime:0.000397s ]
SQL: SHOW COLUMNS FROM `city` [ RunTime:0.0005s ]
SQL: SELECT * FROM `city` WHERE ( parent_id=1 )  [ RunTime:0.0001s ]
NOTIC: [8] Undefined variable: arr /www/pj/Application/Home/Controller/IndexController.class.php 第 983 行.
INFO: [ view_parse ] --START--
INFO: [ template_filter ] --START--
INFO: Run Behavior\ContentReplaceBehavior [ RunTime:0.000025s ]
INFO: [ template_filter ] --END-- [ RunTime:0.000059s ]
INFO: Run Behavior\ParseTemplateBehavior [ RunTime:0.004579s ]
INFO: [ view_parse ] --END-- [ RunTime:0.004616s ]
INFO: [ view_filter ] --START--
INFO: Run Behavior\WriteHtmlCacheBehavior [ RunTime:0.000123s ]
INFO: Run Behavior\TokenBuildBehavior [ RunTime:0.000235s ]
INFO: [ view_filter ] --END-- [ RunTime:0.000408s ]
INFO: [ app_end ] --START--
INFO: Run Behavior\ShowPageTraceBehavior [ RunTime:0.000359s ]
INFO: [ app_end ] --END-- [ RunTime:0.000392s ]

[ 2016-08-31T23:57:32+08:00 ] 101.41.45.210 /Home/Index/locaddr?id=id
INFO: [ app_init ] --START--
INFO: Run Behavior\BuildLiteBehavior [ RunTime:0.000018s ]
INFO: [ app_init ] --END-- [ RunTime:0.000351s ]
INFO: [ app_begin ] --START--
INFO: Run Behavior\ReadHtmlCacheBehavior [ RunTime:0.000335s ]
INFO: [ app_begin ] --END-- [ RunTime:0.000374s ]
INFO: [ view_parse ] --START--
INFO: [ template_filter ] --START--
INFO: Run Behavior\ContentReplaceBehavior [ RunTime:0.000034s ]
INFO: [ template_filter ] --END-- [ RunTime:0.000072s ]
INFO: Run Behavior\ParseTemplateBehavior [ RunTime:0.004941s ]
INFO: [ view_parse ] --END-- [ RunTime:0.004978s ]
INFO: [ view_filter ] --START--
INFO: Run Behavior\WriteHtmlCacheBehavior [ RunTime:0.000117s ]
INFO: Run Behavior\TokenBuildBehavior [ RunTime:0.000233s ]
INFO: [ view_filter ] --END-- [ RunTime:0.000400s ]
INFO: [ app_end ] --START--
INFO: Run Behavior\ShowPageTraceBehavior [ RunTime:0.000355s ]
INFO: [ app_end ] --END-- [ RunTime:0.000388s ]

[ 2016-08-31T23:57:41+08:00 ] 112.65.193.13 /Home/Index/yichuang
INFO: [ app_init ] --START--
INFO: Run Behavior\BuildLiteBehavior [ RunTime:0.000013s ]
INFO: [ app_init ] --END-- [ RunTime:0.000296s ]
INFO: [ app_begin ] --START--
INFO: Run Behavior\ReadHtmlCacheBehavior [ RunTime:0.000334s ]
INFO: [ app_begin ] --END-- [ RunTime:0.000396s ]
INFO: [ view_parse ] --START--
INFO: [ template_filter ] --START--
INFO: Run Behavior\ContentReplaceBehavior [ RunTime:0.000029s ]
INFO: [ template_filter ] --END-- [ RunTime:0.000072s ]
INFO: Run Behavior\ParseTemplateBehavior [ RunTime:0.004027s ]
INFO: [ view_parse ] --END-- [ RunTime:0.004068s ]
INFO: [ view_filter ] --START--
INFO: Run Behavior\WriteHtmlCacheBehavior [ RunTime:0.000118s ]
INFO: Run Behavior\TokenBuildBehavior [ RunTime:0.000263s ]
INFO: [ view_filter ] --END-- [ RunTime:0.000642s ]
INFO: [ app_end ] --START--
INFO: Run Behavior\ShowPageTraceBehavior [ RunTime:0.000343s ]
INFO: [ app_end ] --END-- [ RunTime:0.000379s ]

[ 2016-08-31T23:58:02+08:00 ] 58.247.206.145 /home/index/check?signature=075cd0209774e13132dc6cc6d1e247a1d1759001&timestamp=1472659082&nonce=298104173&openid=oDyuPwodxh-BWAyHccijFTdCWBis
INFO: [ app_init ] --START--
INFO: Run Behavior\BuildLiteBehavior [ RunTime:0.000013s ]
INFO: [ app_init ] --END-- [ RunTime:0.000265s ]
INFO: [ app_begin ] --START--
INFO: Run Behavior\ReadHtmlCacheBehavior [ RunTime:0.000351s ]
INFO: [ app_begin ] --END-- [ RunTime:0.000393s ]
NOTIC: [8] Constant TOKEN already defined /www/pj/Application/Home/Controller/IndexController.class.php 第 2516 行.
INFO: [ app_end ] --START--
INFO: Run Behavior\ShowPageTraceBehavior [ RunTime:0.000417s ]
INFO: [ app_end ] --END-- [ RunTime:0.000459s ]

[ 2016-08-31T23:58:02+08:00 ] 58.247.206.140 /home/index/check?signature=995993fc46de5a2f904b9c6831426f4618ae55a9&timestamp=1472659082&nonce=1836496605&openid=oDyuPwodxh-BWAyHccijFTdCWBis
INFO: [ app_init ] --START--
INFO: Run Behavior\BuildLiteBehavior [ RunTime:0.000014s ]
INFO: [ app_init ] --END-- [ RunTime:0.000279s ]
INFO: [ app_begin ] --START--
INFO: Run Behavior\ReadHtmlCacheBehavior [ RunTime:0.000333s ]
INFO: [ app_begin ] --END-- [ RunTime:0.000376s ]
NOTIC: [8] Constant TOKEN already defined /www/pj/Application/Home/Controller/IndexController.class.php 第 2516 行.
INFO: [ app_end ] --START--
INFO: Run Behavior\ShowPageTraceBehavior [ RunTime:0.000345s ]
INFO: [ app_end ] --END-- [ RunTime:0.000389s ]

[ 2016-08-31T23:58:03+08:00 ] 101.41.45.210 /Home/Index/add_order.html/
INFO: [ app_init ] --START--
INFO: Run Behavior\BuildLiteBehavior [ RunTime:0.000013s ]
INFO: [ app_init ] --END-- [ RunTime:0.000270s ]
INFO: [ app_begin ] --START--
INFO: Run Behavior\ReadHtmlCacheBehavior [ RunTime:0.000355s ]
INFO: [ app_begin ] --END-- [ RunTime:0.000400s ]
SQL: SHOW COLUMNS FROM `yaoqingma` [ RunTime:0.0005s ]
SQL: SELECT * FROM `yaoqingma` WHERE ( yq_name='207510' ) LIMIT 1   [ RunTime:0.0001s ]
SQL: SHOW COLUMNS FROM `maintenance_ways` [ RunTime:0.0003s ]
SQL: SELECT * FROM `maintenance_ways` WHERE ( ways_id='1' )  [ RunTime:0.0001s ]
SQL: SHOW COLUMNS FROM `goods` [ RunTime:0.0005s ]
SQL: INSERT INTO `goods` (`dasj`,`dasjc`,`fanwei`,`smwx_id`,`jxzx_id`,`ways_id`,`ddh`,`u_phone`,`amountd`,`u_name`,`plan_id`,`question_id`,`color_id`,`u_note`,`shangmen`,`fk`,`stau`,`user_id`,`warranty`,`u_title`,`model_id`) VALUES ('1472778000','1472781600','116.281443,40.00371','1','0','1','2016083123580157555653','15811207510','459','测试','1','2','3','','金手勺谭伟食府,测试','0','0','0','0','维修:苹果 iPhone 6S','1') [ RunTime:0.0125s ]
SQL: SHOW COLUMNS FROM `m_user` [ RunTime:0.0004s ]
SQL: SELECT * FROM `m_user` WHERE ( user_name='15811207510' ) LIMIT 1   [ RunTime:0.0002s ]
SQL: SHOW COLUMNS FROM `zt_time` [ RunTime:0.0004s ]
SQL: INSERT INTO `zt_time` (`goods_id`,`xo_time`) VALUES ('898','2016-08-31 23:58:01') [ RunTime:0.0106s ]
SQL: UPDATE `goods` SET `user_id`='3',`stau`='1' WHERE ( id='898' ) [ RunTime:0.0299s ]
SQL: UPDATE `zt_time` SET `po_time`='2016-08-31 23:58:01' WHERE ( goods_id='898' ) [ RunTime:0.0123s ]
SQL: SHOW COLUMNS FROM `wd_customer` [ RunTime:0.0003s ]
SQL: SELECT * FROM `wd_customer` WHERE ( customer_id='2' ) LIMIT 1   [ RunTime:0.0001s ]
SQL: SELECT * FROM `goods` INNER JOIN maintenance_ways on goods.ways_id=maintenance_ways.ways_id INNER JOIN maintenance_model on goods.model_id=maintenance_model.model_id  WHERE ( id='898' ) LIMIT 1   [ RunTime:0.0003s ]
SQL: SELECT * FROM `zt_time` WHERE ( goods_id='898' ) LIMIT 1   [ RunTime:0.0005s ]
NOTIC: [8] Undefined index: ddh /www/pj/Application/Home/Controller/IndexController.class.php 第 1579 行.
SQL: SHOW COLUMNS FROM `maintenance_question` [ RunTime:0.0003s ]
SQL: SELECT * FROM `maintenance_question` WHERE ( question_id in(2) )  [ RunTime:0.0002s ]
SQL: SHOW COLUMNS FROM `config` [ RunTime:0.0003s ]
SQL: SELECT * FROM `config` WHERE `config_id` = 1 LIMIT 1   [ RunTime:0.0001s ]
SQL: SHOW COLUMNS FROM `maintenance_model` [ RunTime:0.0006s ]
SQL: SELECT * FROM `maintenance_model` WHERE ( model_id='1' ) LIMIT 1   [ RunTime:0.0001s ]
SQL: SHOW COLUMNS FROM `maintenance_plan` [ RunTime:0.0006s ]
SQL: SELECT * FROM `maintenance_plan` WHERE ( plan_id in(1) )  [ RunTime:0.0002s ]
NOTIC: [8] Undefined variable: plan_name /www/pj/Application/Home/Controller/IndexController.class.php 第 1659 行.
NOTIC: [8] Undefined variable: mone /www/pj/Application/Home/Controller/IndexController.class.php 第 1667 行.
SQL: SELECT * FROM `maintenance_question` WHERE ( question_id in(2) )  [ RunTime:0.0001s ]
NOTIC: [8] Undefined variable: question_name /www/pj/Application/Home/Controller/IndexController.class.php 第 1675 行.
SQL: SELECT * FROM `goods` INNER JOIN maintenance_ways on goods.ways_id=maintenance_ways.ways_id INNER JOIN maintenance_model on goods.model_id=maintenance_model.model_id INNER JOIN maintenance_color on goods.color_id=maintenance_color.color_id  WHERE ( id='898' ) LIMIT 1   [ RunTime:0.0004s ]
NOTIC: [8] Undefined variable: jxzx_n /www/pj/Application/Home/Controller/IndexController.class.php 第 1712 行.
NOTIC: [8] Undefined variable: jxzx_name /www/pj/Application/Home/Controller/IndexController.class.php 第 1712 行.
NOTIC: [8] Undefined variable: jxzx_phone /www/pj/Application/Home/Controller/IndexController.class.php 第 1712 行.
NOTIC: [8] Undefined variable: jxzx_username /www/pj/Application/Home/Controller/IndexController.class.php 第 1712 行.
NOTIC: [8] Undefined variable: wxzx_name /www/pj/Application/Home/Controller/IndexController.class.php 第 1712 行.
NOTIC: [8] Undefined variable: wxzx_n /www/pj/Application/Home/Controller/IndexController.class.php 第 1712 行.
NOTIC: [8] Undefined variable: wxzx_phone /www/pj/Application/Home/Controller/IndexController.class.php 第 1712 行.
NOTIC: [8] Undefined variable: wxzx_time /www/pj/Application/Home/Controller/IndexController.class.php 第 1712 行.
NOTIC: [8] Undefined variable: u_address /www/pj/Application/Home/Controller/IndexController.class.php 第 1712 行.
SQL: SELECT * FROM `m_user` WHERE ( sfzt='1' )  [ RunTime:0.0003s ]
SQL: SELECT * FROM `m_user` INNER JOIN wd_customer on m_user.customer_id=wd_customer.customer_id  WHERE ( user_id in(1,2,3,5,9,12,13,14,15,17,18,19,20,21,25,26,27) )  [ RunTime:0.0003s ]
SQL: SELECT * FROM `config` WHERE `config_id` = 1 LIMIT 1   [ RunTime:0.0001s ]
SQL: SHOW COLUMNS FROM `yonghuuser` [ RunTime:0.0005s ]
SQL: SELECT * FROM `yonghuuser` WHERE ( phone='15811207510' ) LIMIT 1   [ RunTime:0.0002s ]
SQL: SELECT * FROM `yaoqingma` WHERE ( yq_id='5' ) LIMIT 1   [ RunTime:0.0001s ]
NOTIC: [8] Undefined variable: key /www/pj/Application/Home/Common/function.php 第 538 行.
SQL: SHOW COLUMNS FROM `yhq` [ RunTime:0.0004s ]
SQL: INSERT INTO `yhq` (`yhqprice`,`yq_id`,`k_userid`,`ma`) VALUES ('20','5','0','wig1n5r4x6fe7zye') [ RunTime:0.0172s ]
SQL: SELECT * FROM `yaoqingma` INNER JOIN m_user on yaoqingma.yq_user_id=m_user.user_id INNER JOIN wd_customer on m_user.customer_id=wd_customer.customer_id  WHERE ( yq_id='5' ) LIMIT 1   [ RunTime:0.0003s ]
NOTIC: [8] Undefined variable: dddha /www/pj/Application/Home/Controller/IndexController.class.php 第 1906 行.
SQL: UPDATE `goods` SET `yq_id`='5' WHERE ( id='898' ) [ RunTime:0.0115s ]
NOTIC: [8] Undefined variable: tell /www/pj/Application/Home/Controller/IndexController.class.php 第 1960 行.
NOTIC: [8] Undefined variable: username /www/pj/Application/Home/Controller/IndexController.class.php 第 1963 行.
INFO: [ app_end ] --START--
INFO: Run Behavior\ShowPageTraceBehavior [ RunTime:0.000543s ]
INFO: [ app_end ] --END-- [ RunTime:0.000624s ]

[ 2016-08-31T23:58:03+08:00 ] 101.41.45.210 /order
INFO: [ app_init ] --START--
INFO: Run Behavior\BuildLiteBehavior [ RunTime:0.000016s ]
INFO: [ app_init ] --END-- [ RunTime:0.000291s ]
INFO: [ app_begin ] --START--
INFO: Run Behavior\ReadHtmlCacheBehavior [ RunTime:0.000331s ]
INFO: [ app_begin ] --END-- [ RunTime:0.000372s ]
SQL: SHOW COLUMNS FROM `goods` [ RunTime:0.0008s ]
SQL: SELECT * FROM `goods` INNER JOIN maintenance_ways on goods.ways_id=maintenance_ways.ways_id INNER JOIN maintenance_model on goods.model_id=maintenance_model.model_id INNER JOIN maintenance_color on goods.color_id=maintenance_color.color_id INNER JOIN maintenance_plan on goods.plan_id=maintenance_plan.plan_id INNER JOIN maintenance_question on goods.question_id=maintenance_question.question_id INNER JOIN zt_time on goods.id=zt_time.goods_id  WHERE ( u_phone='15811207510' ) ORDER BY id desc  [ RunTime:0.0058s ]
NOTIC: [8] Undefined variable: h /www/pj/Application/Home/Controller/IndexController.class.php 第 2039 行.
INFO: [ view_parse ] --START--
INFO: [ template_filter ] --START--
INFO: Run Behavior\ContentReplaceBehavior [ RunTime:0.000060s ]
INFO: [ template_filter ] --END-- [ RunTime:0.000107s ]
INFO: Run Behavior\ParseTemplateBehavior [ RunTime:0.009446s ]
INFO: [ view_parse ] --END-- [ RunTime:0.009489s ]
INFO: [ view_filter ] --START--
INFO: Run Behavior\WriteHtmlCacheBehavior [ RunTime:0.000134s ]
INFO: Run Behavior\TokenBuildBehavior [ RunTime:0.000672s ]
INFO: [ view_filter ] --END-- [ RunTime:0.000870s ]
INFO: [ app_end ] --START--
INFO: Run Behavior\ShowPageTraceBehavior [ RunTime:0.000343s ]
INFO: [ app_end ] --END-- [ RunTime:0.000384s ]

[ 2016-08-31T23:58:10+08:00 ] 101.41.45.210 /setup
INFO: [ app_init ] --START--
INFO: Run Behavior\BuildLiteBehavior [ RunTime:0.000013s ]
INFO: [ app_init ] --END-- [ RunTime:0.000263s ]
INFO: [ app_begin ] --START--
INFO: Run Behavior\ReadHtmlCacheBehavior [ RunTime:0.000377s ]
INFO: [ app_begin ] --END-- [ RunTime:0.000420s ]
NOTIC: [8] Undefined index: ways /www/pj/Application/Home/Controller/IndexController.class.php 第 876 行.
SQL: SHOW COLUMNS FROM `maintenance_question` [ RunTime:0.0005s ]
SQL: SELECT * FROM `maintenance_question` INNER JOIN maintenance_questiontype on maintenance_question.questiontype_id=maintenance_questiontype.questiontype_id INNER JOIN maintenance_plan on maintenance_question.plan_id=maintenance_plan.plan_id  WHERE ( question_id in(2) )  [ RunTime:0.0001s ]
SQL: SHOW COLUMNS FROM `maintenance_plan` [ RunTime:0.0003s ]
SQL: SELECT * FROM `maintenance_plan` INNER JOIN maintenance_instructions on maintenance_plan.instructions_id=maintenance_instructions.instructions_id  WHERE ( plan_id in (1) )  [ RunTime:0.0001s ]
SQL: SELECT COUNT(*) AS tp_count FROM `maintenance_plan` WHERE ( plan_id in (1) ) LIMIT 1   [ RunTime:0.0001s ]
NOTIC: [8] Undefined variable: money /www/pj/Application/Home/Controller/IndexController.class.php 第 900 行.
NOTIC: [8] Undefined variable: userr_id /www/pj/Application/Home/Controller/IndexController.class.php 第 901 行.
SQL: SHOW COLUMNS FROM `m_user` [ RunTime:0.0004s ]
SQL: SELECT * FROM `m_user`  [ RunTime:0.0001s ]
NOTIC: [8] Undefined variable: user_id /www/pj/Application/Home/Controller/IndexController.class.php 第 909 行.
SQL: SELECT * FROM `m_user` INNER JOIN jxzx on m_user.jxzx_id=jxzx.jxzx_id  WHERE ( user_id in (1,2,3,5,6,7,9,11,12,13,14,15,16,17,18,19,20,21,23,24,25,26,27) )  [ RunTime:0.0001s ]
NOTIC: [8] Undefined variable: jxzx_id /www/pj/Application/Home/Controller/IndexController.class.php 第 916 行.
SQL: SHOW COLUMNS FROM `jxzx` [ RunTime:0.0004s ]
SQL: SELECT * FROM `jxzx` WHERE ( jxzx_id in(1,1,1,1,1,1,1,1,1,1,1,1,1,1,1,1,1,1,1,1,1,1,1) )  [ RunTime:0.0001s ]
SQL: SELECT * FROM `m_user` INNER JOIN wxzx on m_user.wxzx_id=wxzx.wxzx_id  WHERE ( user_id ='3,4,5,6,7,8,9,10,11' )  [ RunTime:0.0003s ]
NOTIC: [8] Undefined variable: wxzx_id /www/pj/Application/Home/Controller/IndexController.class.php 第 928 行.
SQL: SHOW COLUMNS FROM `wxzx` [ RunTime:0.0003s ]
SQL: SELECT * FROM `wxzx` WHERE ( wxzx_id in(1) )  [ RunTime:0.0001s ]
INFO: [ view_parse ] --START--
INFO: [ template_filter ] --START--
INFO: Run Behavior\ContentReplaceBehavior [ RunTime:0.000170s ]
INFO: [ template_filter ] --END-- [ RunTime:0.000212s ]
INFO: Run Behavior\ParseTemplateBehavior [ RunTime:0.019476s ]
INFO: [ view_parse ] --END-- [ RunTime:0.019517s ]
INFO: [ view_filter ] --START--
INFO: Run Behavior\WriteHtmlCacheBehavior [ RunTime:0.000118s ]
INFO: Run Behavior\TokenBuildBehavior [ RunTime:0.000470s ]
INFO: [ view_filter ] --END-- [ RunTime:0.000657s ]
INFO: [ app_end ] --START--
INFO: Run Behavior\ShowPageTraceBehavior [ RunTime:0.000344s ]
INFO: [ app_end ] --END-- [ RunTime:0.000386s ]

[ 2016-08-31T23:58:10+08:00 ] 101.41.45.210 /order
INFO: [ app_init ] --START--
INFO: Run Behavior\BuildLiteBehavior [ RunTime:0.000013s ]
INFO: [ app_init ] --END-- [ RunTime:0.000268s ]
INFO: [ app_begin ] --START--
INFO: Run Behavior\ReadHtmlCacheBehavior [ RunTime:0.000362s ]
INFO: [ app_begin ] --END-- [ RunTime:0.000403s ]
SQL: SHOW COLUMNS FROM `goods` [ RunTime:0.0007s ]
SQL: SELECT * FROM `goods` INNER JOIN maintenance_ways on goods.ways_id=maintenance_ways.ways_id INNER JOIN maintenance_model on goods.model_id=maintenance_model.model_id INNER JOIN maintenance_color on goods.color_id=maintenance_color.color_id INNER JOIN maintenance_plan on goods.plan_id=maintenance_plan.plan_id INNER JOIN maintenance_question on goods.question_id=maintenance_question.question_id INNER JOIN zt_time on goods.id=zt_time.goods_id  WHERE ( u_phone='15811207510' ) ORDER BY id desc  [ RunTime:0.0055s ]
NOTIC: [8] Undefined variable: h /www/pj/Application/Home/Controller/IndexController.class.php 第 2039 行.
INFO: [ view_parse ] --START--
INFO: [ template_filter ] --START--
INFO: Run Behavior\ContentReplaceBehavior [ RunTime:0.000058s ]
INFO: [ template_filter ] --END-- [ RunTime:0.000106s ]
INFO: Run Behavior\ParseTemplateBehavior [ RunTime:0.009428s ]
INFO: [ view_parse ] --END-- [ RunTime:0.009489s ]
INFO: [ view_filter ] --START--
INFO: Run Behavior\WriteHtmlCacheBehavior [ RunTime:0.000119s ]
INFO: Run Behavior\TokenBuildBehavior [ RunTime:0.000714s ]
INFO: [ view_filter ] --END-- [ RunTime:0.000894s ]
INFO: [ app_end ] --START--
INFO: Run Behavior\ShowPageTraceBehavior [ RunTime:0.000361s ]
INFO: [ app_end ] --END-- [ RunTime:0.000403s ]

[ 2016-08-31T23:58:23+08:00 ] 101.41.45.210 /Home/Shifu/shifu
INFO: [ app_init ] --START--
INFO: Run Behavior\BuildLiteBehavior [ RunTime:0.000013s ]
INFO: [ app_init ] --END-- [ RunTime:0.000269s ]
INFO: [ app_begin ] --START--
INFO: Run Behavior\ReadHtmlCacheBehavior [ RunTime:0.000363s ]
INFO: [ app_begin ] --END-- [ RunTime:0.000406s ]
SQL: SHOW COLUMNS FROM `m_user` [ RunTime:0.0005s ]
SQL: SELECT * FROM `m_user` WHERE ( user_name='15811207510' and sfzt in(1,2,3) ) LIMIT 1   [ RunTime:0.0001s ]
SQL: SELECT * FROM `m_user` WHERE ( user_name='15811207510' and sfzt in(1,2,3) ) LIMIT 1   [ RunTime:0.0001s ]
SQL: SHOW COLUMNS FROM `goods` [ RunTime:0.0005s ]
SQL: SELECT * FROM `goods` INNER JOIN maintenance_model on goods.model_id=maintenance_model.model_id INNER JOIN zt_time on goods.id=zt_time.goods_id INNER JOIN maintenance_question on goods.question_id=maintenance_question.question_id  WHERE ( (stau='1' and user_id='3') or (ways_id='1' and stau='0') ) ORDER BY id desc  [ RunTime:0.0039s ]
SQL: SELECT * FROM `goods` WHERE ( (stau='1' and user_id='3') or (ways_id='1' and stau='0') )  [ RunTime:0.0022s ]
SQL: SELECT * FROM `goods` WHERE ( stau in(2,3,4)and user_id ='3' )  [ RunTime:0.0019s ]
SQL: SELECT * FROM `goods` WHERE ( stau ='5'and user_id ='3' )  [ RunTime:0.0019s ]
INFO: [ view_parse ] --START--
INFO: [ template_filter ] --START--
INFO: Run Behavior\ContentReplaceBehavior [ RunTime:0.000044s ]
INFO: [ template_filter ] --END-- [ RunTime:0.000092s ]
INFO: Run Behavior\ParseTemplateBehavior [ RunTime:0.007101s ]
INFO: [ view_parse ] --END-- [ RunTime:0.007146s ]
INFO: [ view_filter ] --START--
INFO: Run Behavior\WriteHtmlCacheBehavior [ RunTime:0.000125s ]
INFO: Run Behavior\TokenBuildBehavior [ RunTime:0.000329s ]
INFO: [ view_filter ] --END-- [ RunTime:0.000512s ]
INFO: [ app_end ] --START--
INFO: Run Behavior\ShowPageTraceBehavior [ RunTime:0.000352s ]
INFO: [ app_end ] --END-- [ RunTime:0.000394s ]

[ 2016-08-31T23:58:25+08:00 ] 180.155.24.61 /
INFO: [ app_init ] --START--
INFO: Run Behavior\BuildLiteBehavior [ RunTime:0.000013s ]
INFO: [ app_init ] --END-- [ RunTime:0.000271s ]
INFO: [ app_begin ] --START--
INFO: Run Behavior\ReadHtmlCacheBehavior [ RunTime:0.000333s ]
INFO: [ app_begin ] --END-- [ RunTime:0.000375s ]
SQL: SHOW COLUMNS FROM `goods` [ RunTime:0.0007s ]
NOTIC: [8] Undefined variable: teda /www/pj/Application/Home/Controller/IndexController.class.php 第 17 行.
SQL: UPDATE `goods` SET `pingjiazt`='1',`stau`='6' WHERE (  (fk_time < '1970-01-01 08'1'0'1'0') and (stau='5') ) [ RunTime:0.0015s ]
SQL: SHOW COLUMNS FROM `pingjia` [ RunTime:0.0004s ]
SQL: SELECT * FROM `pingjia` INNER JOIN goods on pingjia.goods_id=goods.id INNER JOIN m_user on pingjia.user_id=m_user.user_id INNER JOIN maintenance_ways on goods.ways_id=maintenance_ways.ways_id  ORDER BY pingjia_id desc LIMIT 3   [ RunTime:0.0024s ]
INFO: [ view_parse ] --START--
INFO: [ template_filter ] --START--
INFO: Run Behavior\ContentReplaceBehavior [ RunTime:0.000099s ]
INFO: [ template_filter ] --END-- [ RunTime:0.000140s ]
INFO: Run Behavior\ParseTemplateBehavior [ RunTime:0.009743s ]
INFO: [ view_parse ] --END-- [ RunTime:0.009784s ]
INFO: [ view_filter ] --START--
INFO: Run Behavior\WriteHtmlCacheBehavior [ RunTime:0.000135s ]
INFO: Run Behavior\TokenBuildBehavior [ RunTime:0.000336s ]
INFO: [ view_filter ] --END-- [ RunTime:0.000528s ]
INFO: [ app_end ] --START--
INFO: Run Behavior\ShowPageTraceBehavior [ RunTime:0.000344s ]
INFO: [ app_end ] --END-- [ RunTime:0.000386s ]

[ 2016-08-31T23:58:31+08:00 ] 101.41.45.210 /Home/Shifu/shifuxiangqing/id/898
INFO: [ app_init ] --START--
INFO: Run Behavior\BuildLiteBehavior [ RunTime:0.000015s ]
INFO: [ app_init ] --END-- [ RunTime:0.000274s ]
INFO: [ app_begin ] --START--
INFO: Run Behavior\ReadHtmlCacheBehavior [ RunTime:0.000361s ]
INFO: [ app_begin ] --END-- [ RunTime:0.000404s ]
SQL: SHOW COLUMNS FROM `m_user` [ RunTime:0.0006s ]
SQL: SELECT * FROM `m_user` WHERE ( user_name='15811207510' and sfzt in(1,2,3) ) LIMIT 1   [ RunTime:0.0001s ]
SQL: SHOW COLUMNS FROM `goods` [ RunTime:0.0005s ]
SQL: SELECT * FROM `goods` WHERE ( id='898' ) LIMIT 1   [ RunTime:0.0003s ]
SQL: SHOW COLUMNS FROM `maintenance_question` [ RunTime:0.0003s ]
SQL: SELECT * FROM `maintenance_question` WHERE ( question_id in (2) )  [ RunTime:0.0001s ]
SQL: SHOW COLUMNS FROM `maintenance_plan` [ RunTime:0.0003s ]
SQL: SELECT * FROM `maintenance_plan` WHERE ( plan_id in (1) )  [ RunTime:0.0001s ]
SQL: SELECT * FROM `goods` INNER JOIN maintenance_model on goods.model_id=maintenance_model.model_id INNER JOIN maintenance_color on goods.color_id=maintenance_color.color_id  WHERE ( id='898' ) LIMIT 1   [ RunTime:0.0003s ]
SQL: SHOW COLUMNS FROM `jiance` [ RunTime:0.0003s ]
SQL: SHOW COLUMNS FROM `smwx` [ RunTime:0.0003s ]
SQL: SELECT * FROM `smwx` WHERE ( smwx_id='1' ) LIMIT 1   [ RunTime:0.0001s ]
SQL: SELECT * FROM `m_user` WHERE ( user_id='3' ) LIMIT 1   [ RunTime:0.0001s ]
SQL: SHOW COLUMNS FROM `chanpinku` [ RunTime:0.0003s ]
NOTIC: [8] Undefined variable: jxzx_n /www/pj/Application/Home/Controller/ShifuController.class.php 第 1324 行.
NOTIC: [8] Undefined variable: jxzx_name /www/pj/Application/Home/Controller/ShifuController.class.php 第 1325 行.
NOTIC: [8] Undefined variable: jxzx_phone /www/pj/Application/Home/Controller/ShifuController.class.php 第 1326 行.
NOTIC: [8] Undefined variable: jxzx_username /www/pj/Application/Home/Controller/ShifuController.class.php 第 1327 行.
NOTIC: [8] Undefined variable: wxzx_n /www/pj/Application/Home/Controller/ShifuController.class.php 第 1328 行.
NOTIC: [8] Undefined variable: wxzx_name /www/pj/Application/Home/Controller/ShifuController.class.php 第 1329 行.
NOTIC: [8] Undefined variable: wxzx_phone /www/pj/Application/Home/Controller/ShifuController.class.php 第 1330 行.
NOTIC: [8] Undefined variable: wxzx_time /www/pj/Application/Home/Controller/ShifuController.class.php 第 1331 行.
NOTIC: [8] Undefined variable: arr10 /www/pj/Application/Home/Controller/ShifuController.class.php 第 1333 行.
NOTIC: [8] Undefined variable: arr8 /www/pj/Application/Home/Controller/ShifuController.class.php 第 1334 行.
NOTIC: [8] Undefined variable: arr9 /www/pj/Application/Home/Controller/ShifuController.class.php 第 1335 行.
NOTIC: [8] Undefined variable: v /www/pj/Application/Home/Controller/ShifuController.class.php 第 1340 行.
NOTIC: [8] Undefined variable: e /www/pj/Application/Home/Controller/ShifuController.class.php 第 1341 行.
INFO: [ view_parse ] --START--
INFO: [ template_filter ] --START--
INFO: Run Behavior\ContentReplaceBehavior [ RunTime:0.000048s ]
INFO: [ template_filter ] --END-- [ RunTime:0.000089s ]
NOTIC: [8] Undefined variable: sjxzx_username /www/pj/Application/Runtime/Cache/Home/cfd44d86c4119a26a6974da9b5462803.php 第 70 行.
NOTIC: [8] Undefined variable: arr19 /www/pj/Application/Runtime/Cache/Home/cfd44d86c4119a26a6974da9b5462803.php 第 76 行.
NOTIC: [8] Undefined variable: arr19 /www/pj/Application/Runtime/Cache/Home/cfd44d86c4119a26a6974da9b5462803.php 第 142 行.
NOTIC: [8] Use of undefined constant 需检测 - assumed '需检测' /www/pj/Application/Runtime/Cache/Home/cfd44d86c4119a26a6974da9b5462803.php 第 142 行.
INFO: Run Behavior\ParseTemplateBehavior [ RunTime:0.009125s ]
INFO: [ view_parse ] --END-- [ RunTime:0.009160s ]
INFO: [ view_filter ] --START--
INFO: Run Behavior\WriteHtmlCacheBehavior [ RunTime:0.000137s ]
INFO: Run Behavior\TokenBuildBehavior [ RunTime:0.000281s ]
INFO: [ view_filter ] --END-- [ RunTime:0.000473s ]
INFO: [ app_end ] --START--
INFO: Run Behavior\ShowPageTraceBehavior [ RunTime:0.000378s ]
INFO: [ app_end ] --END-- [ RunTime:0.000415s ]

[ 2016-08-31T23:58:36+08:00 ] 101.41.45.210 /Home/Shifu/jiedan
INFO: [ app_init ] --START--
INFO: Run Behavior\BuildLiteBehavior [ RunTime:0.000013s ]
INFO: [ app_init ] --END-- [ RunTime:0.000274s ]
INFO: [ app_begin ] --START--
INFO: Run Behavior\ReadHtmlCacheBehavior [ RunTime:0.000349s ]
INFO: [ app_begin ] --END-- [ RunTime:0.000393s ]
SQL: SHOW COLUMNS FROM `m_user` [ RunTime:0.0005s ]
SQL: SELECT * FROM `m_user` WHERE ( user_name='15811207510' and sfzt in(1,2,3) ) LIMIT 1   [ RunTime:0.0001s ]
SQL: SHOW COLUMNS FROM `goods` [ RunTime:0.0005s ]
SQL: SELECT * FROM `goods` WHERE ( id='898' ) LIMIT 1   [ RunTime:0.0001s ]
SQL: SHOW COLUMNS FROM `zt_time` [ RunTime:0.0003s ]
SQL: SELECT * FROM `zt_time` WHERE ( goods_id='898' ) LIMIT 1   [ RunTime:0.0001s ]
SQL: UPDATE `zt_time` SET `jo_time`='2016-08-31 23:58:36' WHERE ( goods_id='898' ) [ RunTime:0.0187s ]
SQL: UPDATE `goods` SET `stau`='2' WHERE ( id='898' ) [ RunTime:0.0102s ]
SQL: UPDATE `goods` SET `stau`='2' WHERE ( id='898' ) [ RunTime:0.0137s ]
INFO: [ view_parse ] --START--
INFO: [ template_filter ] --START--
INFO: Run Behavior\ContentReplaceBehavior [ RunTime:0.000031s ]
INFO: [ template_filter ] --END-- [ RunTime:0.000071s ]
INFO: Run Behavior\ParseTemplateBehavior [ RunTime:0.004229s ]
INFO: [ view_parse ] --END-- [ RunTime:0.004269s ]
INFO: [ view_filter ] --START--
INFO: Run Behavior\WriteHtmlCacheBehavior [ RunTime:0.000115s ]
INFO: Run Behavior\TokenBuildBehavior [ RunTime:0.000255s ]
INFO: [ view_filter ] --END-- [ RunTime:0.000424s ]

[ 2016-08-31T23:58:36+08:00 ] 101.41.45.210 /Home/Shifu/daiwancheng
INFO: [ app_init ] --START--
INFO: Run Behavior\BuildLiteBehavior [ RunTime:0.000011s ]
INFO: [ app_init ] --END-- [ RunTime:0.000252s ]
INFO: [ app_begin ] --START--
INFO: Run Behavior\ReadHtmlCacheBehavior [ RunTime:0.000328s ]
INFO: [ app_begin ] --END-- [ RunTime:0.000369s ]
SQL: SHOW COLUMNS FROM `m_user` [ RunTime:0.0005s ]
SQL: SELECT * FROM `m_user` WHERE ( user_name='15811207510' and sfzt in(1,2,3) ) LIMIT 1   [ RunTime:0.0001s ]
SQL: SELECT * FROM `m_user` WHERE ( user_name='15811207510' and sfzt in(1,2,3) ) LIMIT 1   [ RunTime:0.0001s ]
SQL: SHOW COLUMNS FROM `goods` [ RunTime:0.0005s ]
SQL: SELECT * FROM `goods` INNER JOIN maintenance_model on goods.model_id=maintenance_model.model_id INNER JOIN maintenance_color on goods.color_id=maintenance_color.color_id INNER JOIN zt_time on goods.id=zt_time.goods_id INNER JOIN maintenance_question on goods.question_id=maintenance_question.question_id  WHERE ( stau in(2,3,4)and user_id ='3' ) ORDER BY id desc  [ RunTime:0.0036s ]
SQL: SELECT * FROM `goods` WHERE ( (stau='1' and user_id='3') or (ways_id='1' and stau='0') )  [ RunTime:0.0019s ]
SQL: SELECT * FROM `goods` WHERE ( stau in(2,3,4)and user_id ='3' )  [ RunTime:0.0018s ]
SQL: SELECT * FROM `goods` WHERE ( stau ='5'and user_id ='3' )  [ RunTime:0.0019s ]
INFO: [ view_parse ] --START--
INFO: [ template_filter ] --START--
INFO: Run Behavior\ContentReplaceBehavior [ RunTime:0.000037s ]
INFO: [ template_filter ] --END-- [ RunTime:0.000076s ]
NOTIC: [8] Undefined variable: my /www/pj/Application/Runtime/Cache/Home/6bec58a798ebd9a5857a27b0cfbf28cf.php 第 19 行.
INFO: Run Behavior\ParseTemplateBehavior [ RunTime:0.006189s ]
INFO: [ view_parse ] --END-- [ RunTime:0.006226s ]
INFO: [ view_filter ] --START--
INFO: Run Behavior\WriteHtmlCacheBehavior [ RunTime:0.000115s ]
INFO: Run Behavior\TokenBuildBehavior [ RunTime:0.000345s ]
INFO: [ view_filter ] --END-- [ RunTime:0.000554s ]
INFO: [ app_end ] --START--
INFO: Run Behavior\ShowPageTraceBehavior [ RunTime:0.000354s ]
INFO: [ app_end ] --END-- [ RunTime:0.000394s ]

[ 2016-08-31T23:58:38+08:00 ] 112.11.70.215 /
INFO: [ app_init ] --START--
INFO: Run Behavior\BuildLiteBehavior [ RunTime:0.000013s ]
INFO: [ app_init ] --END-- [ RunTime:0.000269s ]
INFO: [ app_begin ] --START--
INFO: Run Behavior\ReadHtmlCacheBehavior [ RunTime:0.000334s ]
INFO: [ app_begin ] --END-- [ RunTime:0.000376s ]
SQL: SHOW COLUMNS FROM `goods` [ RunTime:0.0007s ]
NOTIC: [8] Undefined variable: teda /www/pj/Application/Home/Controller/IndexController.class.php 第 17 行.
SQL: UPDATE `goods` SET `pingjiazt`='1',`stau`='6' WHERE (  (fk_time < '1970-01-01 08'1'0'1'0') and (stau='5') ) [ RunTime:0.0015s ]
SQL: SHOW COLUMNS FROM `pingjia` [ RunTime:0.0004s ]
SQL: SELECT * FROM `pingjia` INNER JOIN goods on pingjia.goods_id=goods.id INNER JOIN m_user on pingjia.user_id=m_user.user_id INNER JOIN maintenance_ways on goods.ways_id=maintenance_ways.ways_id  ORDER BY pingjia_id desc LIMIT 3   [ RunTime:0.0024s ]
INFO: [ view_parse ] --START--
INFO: [ template_filter ] --START--
INFO: Run Behavior\ContentReplaceBehavior [ RunTime:0.000098s ]
INFO: [ template_filter ] --END-- [ RunTime:0.000139s ]
INFO: Run Behavior\ParseTemplateBehavior [ RunTime:0.009962s ]
INFO: [ view_parse ] --END-- [ RunTime:0.010005s ]
INFO: [ view_filter ] --START--
INFO: Run Behavior\WriteHtmlCacheBehavior [ RunTime:0.000117s ]
INFO: Run Behavior\TokenBuildBehavior [ RunTime:0.000335s ]
INFO: [ view_filter ] --END-- [ RunTime:0.000507s ]
INFO: [ app_end ] --START--
INFO: Run Behavior\ShowPageTraceBehavior [ RunTime:0.000363s ]
INFO: [ app_end ] --END-- [ RunTime:0.000405s ]

[ 2016-08-31T23:58:45+08:00 ] 101.41.45.210 /Home/Shifu/shifuxiangqing/id/898
INFO: [ app_init ] --START--
INFO: Run Behavior\BuildLiteBehavior [ RunTime:0.000013s ]
INFO: [ app_init ] --END-- [ RunTime:0.000306s ]
INFO: [ app_begin ] --START--
INFO: Run Behavior\ReadHtmlCacheBehavior [ RunTime:0.000484s ]
INFO: [ app_begin ] --END-- [ RunTime:0.000527s ]
SQL: SHOW COLUMNS FROM `m_user` [ RunTime:0.0006s ]
SQL: SELECT * FROM `m_user` WHERE ( user_name='15811207510' and sfzt in(1,2,3) ) LIMIT 1   [ RunTime:0.0001s ]
SQL: SHOW COLUMNS FROM `goods` [ RunTime:0.0005s ]
SQL: SELECT * FROM `goods` WHERE ( id='898' ) LIMIT 1   [ RunTime:0.0003s ]
SQL: SHOW COLUMNS FROM `maintenance_question` [ RunTime:0.0003s ]
SQL: SELECT * FROM `maintenance_question` WHERE ( question_id in (2) )  [ RunTime:0.0001s ]
SQL: SHOW COLUMNS FROM `maintenance_plan` [ RunTime:0.0003s ]
SQL: SELECT * FROM `maintenance_plan` WHERE ( plan_id in (1) )  [ RunTime:0.0001s ]
SQL: SELECT * FROM `goods` INNER JOIN maintenance_model on goods.model_id=maintenance_model.model_id INNER JOIN maintenance_color on goods.color_id=maintenance_color.color_id  WHERE ( id='898' ) LIMIT 1   [ RunTime:0.0003s ]
SQL: SHOW COLUMNS FROM `jiance` [ RunTime:0.0003s ]
SQL: SHOW COLUMNS FROM `smwx` [ RunTime:0.0003s ]
SQL: SELECT * FROM `smwx` WHERE ( smwx_id='1' ) LIMIT 1   [ RunTime:0.0001s ]
SQL: SELECT * FROM `m_user` WHERE ( user_id='3' ) LIMIT 1   [ RunTime:0.0001s ]
SQL: SHOW COLUMNS FROM `chanpinku` [ RunTime:0.0003s ]
NOTIC: [8] Undefined variable: jxzx_n /www/pj/Application/Home/Controller/ShifuController.class.php 第 1324 行.
NOTIC: [8] Undefined variable: jxzx_name /www/pj/Application/Home/Controller/ShifuController.class.php 第 1325 行.
NOTIC: [8] Undefined variable: jxzx_phone /www/pj/Application/Home/Controller/ShifuController.class.php 第 1326 行.
NOTIC: [8] Undefined variable: jxzx_username /www/pj/Application/Home/Controller/ShifuController.class.php 第 1327 行.
NOTIC: [8] Undefined variable: wxzx_n /www/pj/Application/Home/Controller/ShifuController.class.php 第 1328 行.
NOTIC: [8] Undefined variable: wxzx_name /www/pj/Application/Home/Controller/ShifuController.class.php 第 1329 行.
NOTIC: [8] Undefined variable: wxzx_phone /www/pj/Application/Home/Controller/ShifuController.class.php 第 1330 行.
NOTIC: [8] Undefined variable: wxzx_time /www/pj/Application/Home/Controller/ShifuController.class.php 第 1331 行.
NOTIC: [8] Undefined variable: arr10 /www/pj/Application/Home/Controller/ShifuController.class.php 第 1333 行.
NOTIC: [8] Undefined variable: arr8 /www/pj/Application/Home/Controller/ShifuController.class.php 第 1334 行.
NOTIC: [8] Undefined variable: arr9 /www/pj/Application/Home/Controller/ShifuController.class.php 第 1335 行.
NOTIC: [8] Undefined variable: v /www/pj/Application/Home/Controller/ShifuController.class.php 第 1340 行.
NOTIC: [8] Undefined variable: e /www/pj/Application/Home/Controller/ShifuController.class.php 第 1341 行.
INFO: [ view_parse ] --START--
INFO: [ template_filter ] --START--
INFO: Run Behavior\ContentReplaceBehavior [ RunTime:0.000050s ]
INFO: [ template_filter ] --END-- [ RunTime:0.000090s ]
NOTIC: [8] Undefined variable: sjxzx_username /www/pj/Application/Runtime/Cache/Home/cfd44d86c4119a26a6974da9b5462803.php 第 70 行.
NOTIC: [8] Undefined variable: arr19 /www/pj/Application/Runtime/Cache/Home/cfd44d86c4119a26a6974da9b5462803.php 第 76 行.
NOTIC: [8] Undefined variable: arr19 /www/pj/Application/Runtime/Cache/Home/cfd44d86c4119a26a6974da9b5462803.php 第 142 行.
NOTIC: [8] Use of undefined constant 需检测 - assumed '需检测' /www/pj/Application/Runtime/Cache/Home/cfd44d86c4119a26a6974da9b5462803.php 第 142 行.
INFO: Run Behavior\ParseTemplateBehavior [ RunTime:0.009098s ]
INFO: [ view_parse ] --END-- [ RunTime:0.009134s ]
INFO: [ view_filter ] --START--
INFO: Run Behavior\WriteHtmlCacheBehavior [ RunTime:0.000117s ]
INFO: Run Behavior\TokenBuildBehavior [ RunTime:0.000307s ]
INFO: [ view_filter ] --END-- [ RunTime:0.000485s ]
INFO: [ app_end ] --START--
INFO: Run Behavior\ShowPageTraceBehavior [ RunTime:0.000365s ]
INFO: [ app_end ] --END-- [ RunTime:0.000407s ]

[ 2016-08-31T23:59:11+08:00 ] 223.104.94.237 /
INFO: [ app_init ] --START--
INFO: Run Behavior\BuildLiteBehavior [ RunTime:0.000012s ]
INFO: [ app_init ] --END-- [ RunTime:0.000267s ]
INFO: [ app_begin ] --START--
INFO: Run Behavior\ReadHtmlCacheBehavior [ RunTime:0.000386s ]
INFO: [ app_begin ] --END-- [ RunTime:0.000431s ]
SQL: SHOW COLUMNS FROM `goods` [ RunTime:0.0008s ]
NOTIC: [8] Undefined variable: teda /www/pj/Application/Home/Controller/IndexController.class.php 第 17 行.
SQL: UPDATE `goods` SET `pingjiazt`='1',`stau`='6' WHERE (  (fk_time < '1970-01-01 08'1'0'1'0') and (stau='5') ) [ RunTime:0.0016s ]
SQL: SHOW COLUMNS FROM `pingjia` [ RunTime:0.0003s ]
SQL: SELECT * FROM `pingjia` INNER JOIN goods on pingjia.goods_id=goods.id INNER JOIN m_user on pingjia.user_id=m_user.user_id INNER JOIN maintenance_ways on goods.ways_id=maintenance_ways.ways_id  ORDER BY pingjia_id desc LIMIT 3   [ RunTime:0.0001s ]
INFO: [ view_parse ] --START--
INFO: [ template_filter ] --START--
INFO: Run Behavior\ContentReplaceBehavior [ RunTime:0.000096s ]
INFO: [ template_filter ] --END-- [ RunTime:0.000143s ]
INFO: Run Behavior\ParseTemplateBehavior [ RunTime:0.009888s ]
INFO: [ view_parse ] --END-- [ RunTime:0.009930s ]
INFO: [ view_filter ] --START--
INFO: Run Behavior\WriteHtmlCacheBehavior [ RunTime:0.000127s ]
INFO: Run Behavior\TokenBuildBehavior [ RunTime:0.000415s ]
INFO: [ view_filter ] --END-- [ RunTime:0.000608s ]
INFO: [ app_end ] --START--
INFO: Run Behavior\ShowPageTraceBehavior [ RunTime:0.000409s ]
INFO: [ app_end ] --END-- [ RunTime:0.000451s ]

[ 2016-08-31T23:59:19+08:00 ] 115.50.210.99 /
INFO: [ app_init ] --START--
INFO: Run Behavior\BuildLiteBehavior [ RunTime:0.000012s ]
INFO: [ app_init ] --END-- [ RunTime:0.000266s ]
INFO: [ app_begin ] --START--
INFO: Run Behavior\ReadHtmlCacheBehavior [ RunTime:0.000357s ]
INFO: [ app_begin ] --END-- [ RunTime:0.000399s ]
SQL: SHOW COLUMNS FROM `goods` [ RunTime:0.0007s ]
NOTIC: [8] Undefined variable: teda /www/pj/Application/Home/Controller/IndexController.class.php 第 17 行.
SQL: UPDATE `goods` SET `pingjiazt`='1',`stau`='6' WHERE (  (fk_time < '1970-01-01 08'1'0'1'0') and (stau='5') ) [ RunTime:0.0016s ]
SQL: SHOW COLUMNS FROM `pingjia` [ RunTime:0.0003s ]
SQL: SELECT * FROM `pingjia` INNER JOIN goods on pingjia.goods_id=goods.id INNER JOIN m_user on pingjia.user_id=m_user.user_id INNER JOIN maintenance_ways on goods.ways_id=maintenance_ways.ways_id  ORDER BY pingjia_id desc LIMIT 3   [ RunTime:0.0002s ]
INFO: [ view_parse ] --START--
INFO: [ template_filter ] --START--
INFO: Run Behavior\ContentReplaceBehavior [ RunTime:0.000097s ]
INFO: [ template_filter ] --END-- [ RunTime:0.000135s ]
INFO: Run Behavior\ParseTemplateBehavior [ RunTime:0.009532s ]
INFO: [ view_parse ] --END-- [ RunTime:0.009571s ]
INFO: [ view_filter ] --START--
INFO: Run Behavior\WriteHtmlCacheBehavior [ RunTime:0.000114s ]
INFO: Run Behavior\TokenBuildBehavior [ RunTime:0.000354s ]
INFO: [ view_filter ] --END-- [ RunTime:0.000522s ]
INFO: [ app_end ] --START--
INFO: Run Behavior\ShowPageTraceBehavior [ RunTime:0.000336s ]
INFO: [ app_end ] --END-- [ RunTime:0.000376s ]

[ 2016-08-31T23:59:26+08:00 ] 115.50.210.99 /
INFO: [ app_init ] --START--
INFO: Run Behavior\BuildLiteBehavior [ RunTime:0.000013s ]
INFO: [ app_init ] --END-- [ RunTime:0.000266s ]
INFO: [ app_begin ] --START--
INFO: Run Behavior\ReadHtmlCacheBehavior [ RunTime:0.000334s ]
INFO: [ app_begin ] --END-- [ RunTime:0.000375s ]
SQL: SHOW COLUMNS FROM `goods` [ RunTime:0.0007s ]
NOTIC: [8] Undefined variable: teda /www/pj/Application/Home/Controller/IndexController.class.php 第 17 行.
SQL: UPDATE `goods` SET `pingjiazt`='1',`stau`='6' WHERE (  (fk_time < '1970-01-01 08'1'0'1'0') and (stau='5') ) [ RunTime:0.0016s ]
SQL: SHOW COLUMNS FROM `pingjia` [ RunTime:0.0003s ]
SQL: SELECT * FROM `pingjia` INNER JOIN goods on pingjia.goods_id=goods.id INNER JOIN m_user on pingjia.user_id=m_user.user_id INNER JOIN maintenance_ways on goods.ways_id=maintenance_ways.ways_id  ORDER BY pingjia_id desc LIMIT 3   [ RunTime:0.0001s ]
INFO: [ view_parse ] --START--
INFO: [ template_filter ] --START--
INFO: Run Behavior\ContentReplaceBehavior [ RunTime:0.000108s ]
INFO: [ template_filter ] --END-- [ RunTime:0.000170s ]
INFO: Run Behavior\ParseTemplateBehavior [ RunTime:0.009904s ]
INFO: [ view_parse ] --END-- [ RunTime:0.009946s ]
INFO: [ view_filter ] --START--
INFO: Run Behavior\WriteHtmlCacheBehavior [ RunTime:0.000144s ]
INFO: Run Behavior\TokenBuildBehavior [ RunTime:0.000348s ]
INFO: [ view_filter ] --END-- [ RunTime:0.000550s ]
INFO: [ app_end ] --START--
INFO: Run Behavior\ShowPageTraceBehavior [ RunTime:0.000373s ]
INFO: [ app_end ] --END-- [ RunTime:0.000415s ]

