[ 2016-06-21T09:40:44+08:00 ] 127.0.0.1 /ceshi/www/index.php
INFO: [ app_init ] --START--
INFO: Run Behavior\BuildLiteBehavior [ RunTime:0.000012s ]
INFO: [ app_init ] --END-- [ RunTime:0.000389s ]
INFO: [ app_begin ] --START--
INFO: Run Behavior\ReadHtmlCacheBehavior [ RunTime:0.000623s ]
INFO: [ app_begin ] --END-- [ RunTime:0.000670s ]
INFO: [ view_parse ] --START--
INFO: [ template_filter ] --START--
INFO: Run Behavior\ContentReplaceBehavior [ RunTime:0.000057s ]
INFO: [ template_filter ] --END-- [ RunTime:0.000092s ]
NOTIC: [8] Undefined variable: my F:\web\apache\htdocs\ceshi\www\Application\Runtime\Cache\Home\2a94b8bda04ff446dcedd42276fc99ee.php 第 48 行.
NOTIC: [8] Undefined variable: arr6 F:\web\apache\htdocs\ceshi\www\Application\Runtime\Cache\Home\2a94b8bda04ff446dcedd42276fc99ee.php 第 52 行.
NOTIC: [8] Undefined variable: arr3 F:\web\apache\htdocs\ceshi\www\Application\Runtime\Cache\Home\2a94b8bda04ff446dcedd42276fc99ee.php 第 75 行.
NOTIC: [8] Undefined variable: arr F:\web\apache\htdocs\ceshi\www\Application\Runtime\Cache\Home\2a94b8bda04ff446dcedd42276fc99ee.php 第 85 行.
INFO: Run Behavior\ParseTemplateBehavior [ RunTime:0.007742s ]
INFO: [ view_parse ] --END-- [ RunTime:0.007787s ]
INFO: [ view_filter ] --START--
INFO: Run Behavior\WriteHtmlCacheBehavior [ RunTime:0.000378s ]
INFO: [ view_filter ] --END-- [ RunTime:0.000407s ]
INFO: [ app_end ] --START--
INFO: Run Behavior\ShowPageTraceBehavior [ RunTime:0.000584s ]
INFO: [ app_end ] --END-- [ RunTime:0.000613s ]

[ 2016-06-21T09:41:59+08:00 ] 127.0.0.1 /ceshi/www/index.php
INFO: [ app_init ] --START--
INFO: Run Behavior\BuildLiteBehavior [ RunTime:0.000011s ]
INFO: [ app_init ] --END-- [ RunTime:0.000366s ]
INFO: [ app_begin ] --START--
INFO: Run Behavior\ReadHtmlCacheBehavior [ RunTime:0.000539s ]
INFO: [ app_begin ] --END-- [ RunTime:0.000587s ]
INFO: [ view_parse ] --START--
INFO: [ template_filter ] --START--
INFO: Run Behavior\ContentReplaceBehavior [ RunTime:0.000120s ]
INFO: [ template_filter ] --END-- [ RunTime:0.000157s ]
INFO: Run Behavior\ParseTemplateBehavior [ RunTime:0.006343s ]
INFO: [ view_parse ] --END-- [ RunTime:0.006383s ]
INFO: [ view_filter ] --START--
INFO: Run Behavior\WriteHtmlCacheBehavior [ RunTime:0.000372s ]
INFO: [ view_filter ] --END-- [ RunTime:0.000400s ]
INFO: [ app_end ] --START--
INFO: Run Behavior\ShowPageTraceBehavior [ RunTime:0.000645s ]
INFO: [ app_end ] --END-- [ RunTime:0.000676s ]

[ 2016-06-21T09:42:01+08:00 ] 127.0.0.1 /ceshi/www/index.php
INFO: [ app_init ] --START--
INFO: Run Behavior\BuildLiteBehavior [ RunTime:0.000012s ]
INFO: [ app_init ] --END-- [ RunTime:0.000428s ]
INFO: [ app_begin ] --START--
INFO: Run Behavior\ReadHtmlCacheBehavior [ RunTime:0.000699s ]
INFO: [ app_begin ] --END-- [ RunTime:0.000735s ]
INFO: [ view_parse ] --START--
INFO: [ template_filter ] --START--
INFO: Run Behavior\ContentReplaceBehavior [ RunTime:0.000061s ]
INFO: [ template_filter ] --END-- [ RunTime:0.000100s ]
INFO: Run Behavior\ParseTemplateBehavior [ RunTime:0.006309s ]
INFO: [ view_parse ] --END-- [ RunTime:0.006374s ]
INFO: [ view_filter ] --START--
INFO: Run Behavior\WriteHtmlCacheBehavior [ RunTime:0.000408s ]
INFO: [ view_filter ] --END-- [ RunTime:0.000436s ]
INFO: [ app_end ] --START--
INFO: Run Behavior\ShowPageTraceBehavior [ RunTime:0.000600s ]
INFO: [ app_end ] --END-- [ RunTime:0.000630s ]

[ 2016-06-21T09:43:50+08:00 ] 127.0.0.1 /ceshi/www/index.php
INFO: [ app_init ] --START--
INFO: Run Behavior\BuildLiteBehavior [ RunTime:0.000012s ]
INFO: [ app_init ] --END-- [ RunTime:0.000373s ]
INFO: [ app_begin ] --START--
INFO: Run Behavior\ReadHtmlCacheBehavior [ RunTime:0.000530s ]
INFO: [ app_begin ] --END-- [ RunTime:0.000573s ]
INFO: [ view_parse ] --START--
INFO: [ template_filter ] --START--
INFO: Run Behavior\ContentReplaceBehavior [ RunTime:0.000063s ]
INFO: [ template_filter ] --END-- [ RunTime:0.000100s ]
INFO: Run Behavior\ParseTemplateBehavior [ RunTime:0.006013s ]
INFO: [ view_parse ] --END-- [ RunTime:0.006053s ]
INFO: [ view_filter ] --START--
INFO: Run Behavior\WriteHtmlCacheBehavior [ RunTime:0.000394s ]
INFO: [ view_filter ] --END-- [ RunTime:0.000422s ]
INFO: [ app_end ] --START--
INFO: Run Behavior\ShowPageTraceBehavior [ RunTime:0.000609s ]
INFO: [ app_end ] --END-- [ RunTime:0.000648s ]

[ 2016-06-21T09:43:53+08:00 ] 127.0.0.1 /ceshi/www/index.php/Home/Index/index_1
INFO: [ app_init ] --START--
INFO: Run Behavior\BuildLiteBehavior [ RunTime:0.000012s ]
INFO: [ app_init ] --END-- [ RunTime:0.000376s ]
INFO: [ app_begin ] --START--
INFO: Run Behavior\ReadHtmlCacheBehavior [ RunTime:0.000515s ]
INFO: [ app_begin ] --END-- [ RunTime:0.000567s ]
SQL: SHOW COLUMNS FROM `maintenance_type` [ RunTime:0.0070s ]
SQL: SELECT * FROM `maintenance_type`  [ RunTime:0.0024s ]
SQL: SHOW COLUMNS FROM `maintenance_brand` [ RunTime:0.0065s ]
SQL: SELECT * FROM `maintenance_brand`  [ RunTime:0.0030s ]
SQL: SHOW COLUMNS FROM `maintenance_model` [ RunTime:0.0080s ]
SQL: SHOW COLUMNS FROM `maintenance_color` [ RunTime:0.0080s ]
SQL: SELECT * FROM `maintenance_model` WHERE ( brand_id='1' )  [ RunTime:0.0025s ]
SQL: SELECT * FROM `maintenance_color` WHERE ( color_id in(3,4,5,6) )  [ RunTime:0.0005s ]
SQL: SELECT * FROM `maintenance_color` WHERE ( color_id in(3,4,5,6) )  [ RunTime:0.0004s ]
SQL: SELECT * FROM `maintenance_color` WHERE ( color_id in(3,4,5) )  [ RunTime:0.0004s ]
SQL: SELECT * FROM `maintenance_color` WHERE ( color_id in(3,4,5) )  [ RunTime:0.0004s ]
SQL: SELECT * FROM `maintenance_color` WHERE ( color_id in(1,7,8,9,10) )  [ RunTime:0.0004s ]
SQL: SELECT * FROM `maintenance_color` WHERE ( color_id in(3,4,5) )  [ RunTime:0.0004s ]
SQL: SELECT * FROM `maintenance_color` WHERE ( color_id in(1,2) )  [ RunTime:0.0005s ]
SQL: SELECT * FROM `maintenance_color` WHERE ( color_id in(1,2) )  [ RunTime:0.0004s ]
SQL: SELECT * FROM `maintenance_color` WHERE ( color_id in(1,2) )  [ RunTime:0.0004s ]
SQL: SELECT * FROM `maintenance_color` WHERE ( color_id in(3,4,5,6) )  [ RunTime:0.0004s ]
SQL: SELECT * FROM `maintenance_color` WHERE ( color_id in(11,12) )  [ RunTime:0.0004s ]
SQL: SELECT * FROM `maintenance_color` WHERE ( color_id in(11,12) )  [ RunTime:0.0004s ]
SQL: SELECT * FROM `maintenance_color` WHERE ( color_id in(1,2) )  [ RunTime:0.0004s ]
SQL: SELECT * FROM `maintenance_color` WHERE ( color_id in(1,2) )  [ RunTime:0.0004s ]
SQL: SELECT * FROM `maintenance_color` WHERE ( color_id in(1,2) )  [ RunTime:0.0004s ]
SQL: SELECT * FROM `maintenance_color` WHERE ( color_id in(1,2) )  [ RunTime:0.0004s ]
SQL: SELECT * FROM `maintenance_color` WHERE ( color_id in(1,2) )  [ RunTime:0.0004s ]
SQL: SELECT * FROM `maintenance_color` WHERE ( color_id in(1,2) )  [ RunTime:0.0004s ]
SQL: SELECT * FROM `maintenance_color` WHERE ( color_id in(1,2) )  [ RunTime:0.0004s ]
SQL: SELECT * FROM `maintenance_color` WHERE ( color_id in(1,2) )  [ RunTime:0.0004s ]
SQL: SELECT * FROM `maintenance_color` WHERE ( color_id in(1,2,5) )  [ RunTime:0.0004s ]
SQL: SELECT * FROM `maintenance_color` WHERE ( color_id in(1,2,5) )  [ RunTime:0.0004s ]
SQL: SELECT * FROM `maintenance_color` WHERE ( color_id in(1,2) )  [ RunTime:0.0004s ]
SQL: SELECT * FROM `maintenance_color` WHERE ( color_id in(1,2) )  [ RunTime:0.0004s ]
SQL: SELECT * FROM `maintenance_color` WHERE ( color_id in(1,2) )  [ RunTime:0.0004s ]
SQL: SELECT * FROM `maintenance_color` WHERE ( color_id in(1,2) )  [ RunTime:0.0004s ]
SQL: SELECT * FROM `maintenance_color` WHERE ( color_id in(1,2,5) )  [ RunTime:0.0004s ]
SQL: SELECT * FROM `maintenance_color` WHERE ( color_id in(1,2,5) )  [ RunTime:0.0004s ]
SQL: SELECT * FROM `maintenance_color` WHERE ( color_id in(1,2,5) )  [ RunTime:0.0004s ]
SQL: SELECT * FROM `maintenance_color` WHERE ( color_id in(1,2,5) )  [ RunTime:0.0004s ]
SQL: SELECT * FROM `maintenance_color` WHERE ( color_id in(1,2,5,6) )  [ RunTime:0.0004s ]
SQL: SELECT * FROM `maintenance_color` WHERE ( color_id in(1,2,5,6) )  [ RunTime:0.0004s ]
SQL: SELECT * FROM `maintenance_color` WHERE ( color_id in(1,2,5) )  [ RunTime:0.0004s ]
SQL: SELECT * FROM `maintenance_color` WHERE ( color_id in(1,2,5) )  [ RunTime:0.0004s ]
INFO: [ view_parse ] --START--
INFO: [ template_filter ] --START--
INFO: Run Behavior\ContentReplaceBehavior [ RunTime:0.000109s ]
INFO: [ template_filter ] --END-- [ RunTime:0.000176s ]
INFO: Run Behavior\ParseTemplateBehavior [ RunTime:0.015582s ]
INFO: [ view_parse ] --END-- [ RunTime:0.015688s ]
INFO: [ view_filter ] --START--
INFO: Run Behavior\WriteHtmlCacheBehavior [ RunTime:0.000559s ]
INFO: [ view_filter ] --END-- [ RunTime:0.000617s ]
INFO: [ app_end ] --START--
INFO: Run Behavior\ShowPageTraceBehavior [ RunTime:0.000921s ]
INFO: [ app_end ] --END-- [ RunTime:0.000987s ]

[ 2016-06-21T09:44:16+08:00 ] 127.0.0.1 /ceshi/www/index.php/Home/Index/index_1
INFO: [ app_init ] --START--
INFO: Run Behavior\BuildLiteBehavior [ RunTime:0.000012s ]
INFO: [ app_init ] --END-- [ RunTime:0.000360s ]
INFO: [ app_begin ] --START--
INFO: Run Behavior\ReadHtmlCacheBehavior [ RunTime:0.000482s ]
INFO: [ app_begin ] --END-- [ RunTime:0.000529s ]
SQL: SHOW COLUMNS FROM `maintenance_type` [ RunTime:0.0079s ]
SQL: SELECT * FROM `maintenance_type`  [ RunTime:0.0034s ]
SQL: SHOW COLUMNS FROM `maintenance_brand` [ RunTime:0.0061s ]
SQL: SELECT * FROM `maintenance_brand`  [ RunTime:0.0027s ]
SQL: SHOW COLUMNS FROM `maintenance_model` [ RunTime:0.0074s ]
SQL: SHOW COLUMNS FROM `maintenance_color` [ RunTime:0.0080s ]
SQL: SELECT * FROM `maintenance_model` WHERE ( brand_id='1' )  [ RunTime:0.0046s ]
SQL: SELECT * FROM `maintenance_color` WHERE ( color_id in(3,4,5,6) )  [ RunTime:0.0008s ]
SQL: SELECT * FROM `maintenance_color` WHERE ( color_id in(3,4,5,6) )  [ RunTime:0.0007s ]
SQL: SELECT * FROM `maintenance_color` WHERE ( color_id in(3,4,5) )  [ RunTime:0.0008s ]
SQL: SELECT * FROM `maintenance_color` WHERE ( color_id in(3,4,5) )  [ RunTime:0.0007s ]
SQL: SELECT * FROM `maintenance_color` WHERE ( color_id in(1,7,8,9,10) )  [ RunTime:0.0007s ]
SQL: SELECT * FROM `maintenance_color` WHERE ( color_id in(3,4,5) )  [ RunTime:0.0007s ]
SQL: SELECT * FROM `maintenance_color` WHERE ( color_id in(1,2) )  [ RunTime:0.0008s ]
SQL: SELECT * FROM `maintenance_color` WHERE ( color_id in(1,2) )  [ RunTime:0.0006s ]
SQL: SELECT * FROM `maintenance_color` WHERE ( color_id in(1,2) )  [ RunTime:0.0007s ]
SQL: SELECT * FROM `maintenance_color` WHERE ( color_id in(3,4,5,6) )  [ RunTime:0.0007s ]
SQL: SELECT * FROM `maintenance_color` WHERE ( color_id in(11,12) )  [ RunTime:0.0007s ]
SQL: SELECT * FROM `maintenance_color` WHERE ( color_id in(11,12) )  [ RunTime:0.0007s ]
SQL: SELECT * FROM `maintenance_color` WHERE ( color_id in(1,2) )  [ RunTime:0.0007s ]
SQL: SELECT * FROM `maintenance_color` WHERE ( color_id in(1,2) )  [ RunTime:0.0007s ]
SQL: SELECT * FROM `maintenance_color` WHERE ( color_id in(1,2) )  [ RunTime:0.0007s ]
SQL: SELECT * FROM `maintenance_color` WHERE ( color_id in(1,2) )  [ RunTime:0.0007s ]
SQL: SELECT * FROM `maintenance_color` WHERE ( color_id in(1,2) )  [ RunTime:0.0007s ]
SQL: SELECT * FROM `maintenance_color` WHERE ( color_id in(1,2) )  [ RunTime:0.0007s ]
SQL: SELECT * FROM `maintenance_color` WHERE ( color_id in(1,2) )  [ RunTime:0.0007s ]
SQL: SELECT * FROM `maintenance_color` WHERE ( color_id in(1,2) )  [ RunTime:0.0007s ]
SQL: SELECT * FROM `maintenance_color` WHERE ( color_id in(1,2,5) )  [ RunTime:0.0007s ]
SQL: SELECT * FROM `maintenance_color` WHERE ( color_id in(1,2,5) )  [ RunTime:0.0007s ]
SQL: SELECT * FROM `maintenance_color` WHERE ( color_id in(1,2) )  [ RunTime:0.0007s ]
SQL: SELECT * FROM `maintenance_color` WHERE ( color_id in(1,2) )  [ RunTime:0.0007s ]
SQL: SELECT * FROM `maintenance_color` WHERE ( color_id in(1,2) )  [ RunTime:0.0007s ]
SQL: SELECT * FROM `maintenance_color` WHERE ( color_id in(1,2) )  [ RunTime:0.0007s ]
SQL: SELECT * FROM `maintenance_color` WHERE ( color_id in(1,2,5) )  [ RunTime:0.0007s ]
SQL: SELECT * FROM `maintenance_color` WHERE ( color_id in(1,2,5) )  [ RunTime:0.0007s ]
SQL: SELECT * FROM `maintenance_color` WHERE ( color_id in(1,2,5) )  [ RunTime:0.0008s ]
SQL: SELECT * FROM `maintenance_color` WHERE ( color_id in(1,2,5) )  [ RunTime:0.0007s ]
SQL: SELECT * FROM `maintenance_color` WHERE ( color_id in(1,2,5,6) )  [ RunTime:0.0006s ]
SQL: SELECT * FROM `maintenance_color` WHERE ( color_id in(1,2,5,6) )  [ RunTime:0.0007s ]
SQL: SELECT * FROM `maintenance_color` WHERE ( color_id in(1,2,5) )  [ RunTime:0.0008s ]
SQL: SELECT * FROM `maintenance_color` WHERE ( color_id in(1,2,5) )  [ RunTime:0.0006s ]
INFO: [ view_parse ] --START--
INFO: [ template_filter ] --START--
INFO: Run Behavior\ContentReplaceBehavior [ RunTime:0.000206s ]
INFO: [ template_filter ] --END-- [ RunTime:0.000342s ]
INFO: Run Behavior\ParseTemplateBehavior [ RunTime:0.024601s ]
INFO: [ view_parse ] --END-- [ RunTime:0.024753s ]
INFO: [ view_filter ] --START--
INFO: Run Behavior\WriteHtmlCacheBehavior [ RunTime:0.000576s ]
INFO: [ view_filter ] --END-- [ RunTime:0.000636s ]
INFO: [ app_end ] --START--
INFO: Run Behavior\ShowPageTraceBehavior [ RunTime:0.001120s ]
INFO: [ app_end ] --END-- [ RunTime:0.001200s ]

[ 2016-06-21T09:44:17+08:00 ] 127.0.0.1 /ceshi/www/index.php/Home/Index/index_1
INFO: [ app_init ] --START--
INFO: Run Behavior\BuildLiteBehavior [ RunTime:0.000012s ]
INFO: [ app_init ] --END-- [ RunTime:0.000630s ]
INFO: [ app_begin ] --START--
INFO: Run Behavior\ReadHtmlCacheBehavior [ RunTime:0.000609s ]
INFO: [ app_begin ] --END-- [ RunTime:0.000664s ]
SQL: SHOW COLUMNS FROM `maintenance_type` [ RunTime:0.0018s ]
SQL: SELECT * FROM `maintenance_type`  [ RunTime:0.0007s ]
SQL: SHOW COLUMNS FROM `maintenance_brand` [ RunTime:0.0016s ]
SQL: SELECT * FROM `maintenance_brand`  [ RunTime:0.0008s ]
SQL: SHOW COLUMNS FROM `maintenance_model` [ RunTime:0.0018s ]
SQL: SHOW COLUMNS FROM `maintenance_color` [ RunTime:0.0020s ]
SQL: SELECT * FROM `maintenance_model` WHERE ( brand_id='1' )  [ RunTime:0.0011s ]
SQL: SELECT * FROM `maintenance_color` WHERE ( color_id in(3,4,5,6) )  [ RunTime:0.0005s ]
SQL: SELECT * FROM `maintenance_color` WHERE ( color_id in(3,4,5,6) )  [ RunTime:0.0002s ]
SQL: SELECT * FROM `maintenance_color` WHERE ( color_id in(3,4,5) )  [ RunTime:0.0002s ]
SQL: SELECT * FROM `maintenance_color` WHERE ( color_id in(3,4,5) )  [ RunTime:0.0002s ]
SQL: SELECT * FROM `maintenance_color` WHERE ( color_id in(1,7,8,9,10) )  [ RunTime:0.0002s ]
SQL: SELECT * FROM `maintenance_color` WHERE ( color_id in(3,4,5) )  [ RunTime:0.0004s ]
SQL: SELECT * FROM `maintenance_color` WHERE ( color_id in(1,2) )  [ RunTime:0.0003s ]
SQL: SELECT * FROM `maintenance_color` WHERE ( color_id in(1,2) )  [ RunTime:0.0002s ]
SQL: SELECT * FROM `maintenance_color` WHERE ( color_id in(1,2) )  [ RunTime:0.0005s ]
SQL: SELECT * FROM `maintenance_color` WHERE ( color_id in(3,4,5,6) )  [ RunTime:0.0002s ]
SQL: SELECT * FROM `maintenance_color` WHERE ( color_id in(11,12) )  [ RunTime:0.0002s ]
SQL: SELECT * FROM `maintenance_color` WHERE ( color_id in(11,12) )  [ RunTime:0.0002s ]
SQL: SELECT * FROM `maintenance_color` WHERE ( color_id in(1,2) )  [ RunTime:0.0002s ]
SQL: SELECT * FROM `maintenance_color` WHERE ( color_id in(1,2) )  [ RunTime:0.0002s ]
SQL: SELECT * FROM `maintenance_color` WHERE ( color_id in(1,2) )  [ RunTime:0.0002s ]
SQL: SELECT * FROM `maintenance_color` WHERE ( color_id in(1,2) )  [ RunTime:0.0002s ]
SQL: SELECT * FROM `maintenance_color` WHERE ( color_id in(1,2) )  [ RunTime:0.0002s ]
SQL: SELECT * FROM `maintenance_color` WHERE ( color_id in(1,2) )  [ RunTime:0.0002s ]
SQL: SELECT * FROM `maintenance_color` WHERE ( color_id in(1,2) )  [ RunTime:0.0002s ]
SQL: SELECT * FROM `maintenance_color` WHERE ( color_id in(1,2) )  [ RunTime:0.0002s ]
SQL: SELECT * FROM `maintenance_color` WHERE ( color_id in(1,2,5) )  [ RunTime:0.0002s ]
SQL: SELECT * FROM `maintenance_color` WHERE ( color_id in(1,2,5) )  [ RunTime:0.0002s ]
SQL: SELECT * FROM `maintenance_color` WHERE ( color_id in(1,2) )  [ RunTime:0.0002s ]
SQL: SELECT * FROM `maintenance_color` WHERE ( color_id in(1,2) )  [ RunTime:0.0002s ]
SQL: SELECT * FROM `maintenance_color` WHERE ( color_id in(1,2) )  [ RunTime:0.0002s ]
SQL: SELECT * FROM `maintenance_color` WHERE ( color_id in(1,2) )  [ RunTime:0.0002s ]
SQL: SELECT * FROM `maintenance_color` WHERE ( color_id in(1,2,5) )  [ RunTime:0.0002s ]
SQL: SELECT * FROM `maintenance_color` WHERE ( color_id in(1,2,5) )  [ RunTime:0.0001s ]
SQL: SELECT * FROM `maintenance_color` WHERE ( color_id in(1,2,5) )  [ RunTime:0.0002s ]
SQL: SELECT * FROM `maintenance_color` WHERE ( color_id in(1,2,5) )  [ RunTime:0.0002s ]
SQL: SELECT * FROM `maintenance_color` WHERE ( color_id in(1,2,5,6) )  [ RunTime:0.0002s ]
SQL: SELECT * FROM `maintenance_color` WHERE ( color_id in(1,2,5,6) )  [ RunTime:0.0002s ]
SQL: SELECT * FROM `maintenance_color` WHERE ( color_id in(1,2,5) )  [ RunTime:0.0002s ]
SQL: SELECT * FROM `maintenance_color` WHERE ( color_id in(1,2,5) )  [ RunTime:0.0002s ]
INFO: [ view_parse ] --START--
INFO: [ template_filter ] --START--
INFO: Run Behavior\ContentReplaceBehavior [ RunTime:0.000115s ]
INFO: [ template_filter ] --END-- [ RunTime:0.000243s ]
INFO: Run Behavior\ParseTemplateBehavior [ RunTime:0.009161s ]
INFO: [ view_parse ] --END-- [ RunTime:0.009207s ]
INFO: [ view_filter ] --START--
INFO: Run Behavior\WriteHtmlCacheBehavior [ RunTime:0.000300s ]
INFO: [ view_filter ] --END-- [ RunTime:0.000331s ]
INFO: [ app_end ] --START--
INFO: Run Behavior\ShowPageTraceBehavior [ RunTime:0.000515s ]
INFO: [ app_end ] --END-- [ RunTime:0.000549s ]

[ 2016-06-21T10:24:26+08:00 ] 127.0.0.1 /ceshi/www/index.php/Home/Index/wenti/model_id/6/color_id/3
INFO: [ app_init ] --START--
INFO: Run Behavior\BuildLiteBehavior [ RunTime:0.000046s ]
INFO: [ app_init ] --END-- [ RunTime:0.000828s ]
INFO: [ app_begin ] --START--
INFO: Run Behavior\ReadHtmlCacheBehavior [ RunTime:0.000744s ]
INFO: [ app_begin ] --END-- [ RunTime:0.000834s ]
SQL: SHOW COLUMNS FROM `maintenance_color` [ RunTime:0.0026s ]
SQL: SELECT * FROM `maintenance_color` WHERE ( color_id='3' ) LIMIT 1   [ RunTime:0.0008s ]
SQL: SHOW COLUMNS FROM `maintenance_model` [ RunTime:0.0021s ]
SQL: SELECT * FROM `maintenance_model` WHERE ( model_id='6' ) LIMIT 1   [ RunTime:0.0011s ]
SQL: SELECT * FROM `maintenance_model` WHERE ( model_id='6' )  [ RunTime:0.0002s ]
SQL: SHOW COLUMNS FROM `maintenance_questiontype` [ RunTime:0.0017s ]
SQL: SHOW COLUMNS FROM `maintenance_question` [ RunTime:0.0022s ]
SQL: SELECT * FROM `maintenance_questiontype` WHERE ( questiontype_id in(1,2,3,4,5,6,7,8,9,10,11,12) )  [ RunTime:0.0007s ]
SQL: SELECT * FROM `maintenance_question` WHERE ( questiontype_id in(1) and model_id='6' )  [ RunTime:0.0026s ]
SQL: SELECT * FROM `maintenance_question` WHERE ( questiontype_id in(2) and model_id='6' )  [ RunTime:0.0027s ]
SQL: SELECT * FROM `maintenance_question` WHERE ( questiontype_id in(3) and model_id='6' )  [ RunTime:0.0025s ]
SQL: SELECT * FROM `maintenance_question` WHERE ( questiontype_id in(4) and model_id='6' )  [ RunTime:0.0031s ]
SQL: SELECT * FROM `maintenance_question` WHERE ( questiontype_id in(5) and model_id='6' )  [ RunTime:0.0026s ]
SQL: SELECT * FROM `maintenance_question` WHERE ( questiontype_id in(6) and model_id='6' )  [ RunTime:0.0025s ]
SQL: SELECT * FROM `maintenance_question` WHERE ( questiontype_id in(7) and model_id='6' )  [ RunTime:0.0024s ]
SQL: SELECT * FROM `maintenance_question` WHERE ( questiontype_id in(8) and model_id='6' )  [ RunTime:0.0029s ]
SQL: SELECT * FROM `maintenance_question` WHERE ( questiontype_id in(9) and model_id='6' )  [ RunTime:0.0026s ]
SQL: SELECT * FROM `maintenance_question` WHERE ( questiontype_id in(10) and model_id='6' )  [ RunTime:0.0029s ]
SQL: SELECT * FROM `maintenance_question` WHERE ( questiontype_id in(11) and model_id='6' )  [ RunTime:0.0025s ]
SQL: SELECT * FROM `maintenance_question` WHERE ( questiontype_id in(12) and model_id='6' )  [ RunTime:0.0025s ]
INFO: [ view_parse ] --START--
INFO: [ template_filter ] --START--
INFO: Run Behavior\ContentReplaceBehavior [ RunTime:0.000044s ]
INFO: [ template_filter ] --END-- [ RunTime:0.000083s ]
INFO: Run Behavior\ParseTemplateBehavior [ RunTime:0.007005s ]
INFO: [ view_parse ] --END-- [ RunTime:0.007049s ]
INFO: [ view_filter ] --START--
INFO: Run Behavior\WriteHtmlCacheBehavior [ RunTime:0.000331s ]
INFO: [ view_filter ] --END-- [ RunTime:0.000363s ]
INFO: [ app_end ] --START--
INFO: Run Behavior\ShowPageTraceBehavior [ RunTime:0.000555s ]
INFO: [ app_end ] --END-- [ RunTime:0.000591s ]

[ 2016-06-21T10:24:29+08:00 ] 127.0.0.1 /ceshi/www/index.php/Home/Index/mbr?question_id=330&color_id=3&model_id=6
INFO: [ app_init ] --START--
INFO: Run Behavior\BuildLiteBehavior [ RunTime:0.000010s ]
INFO: [ app_init ] --END-- [ RunTime:0.000360s ]
INFO: [ app_begin ] --START--
INFO: Run Behavior\ReadHtmlCacheBehavior [ RunTime:0.000488s ]
INFO: [ app_begin ] --END-- [ RunTime:0.000531s ]
SQL: SHOW COLUMNS FROM `maintenance_color` [ RunTime:0.0018s ]
SQL: SELECT * FROM `maintenance_color` WHERE ( color_id='3' ) LIMIT 1   [ RunTime:0.0006s ]
SQL: SHOW COLUMNS FROM `maintenance_model` [ RunTime:0.0019s ]
SQL: SELECT * FROM `maintenance_model` WHERE ( model_id='6' ) LIMIT 1   [ RunTime:0.0007s ]
SQL: SHOW COLUMNS FROM `maintenance_question` [ RunTime:0.0031s ]
SQL: SELECT * FROM `maintenance_question` INNER JOIN maintenance_questiontype on maintenance_question.questiontype_id=maintenance_questiontype.questiontype_id INNER JOIN maintenance_plan on maintenance_question.plan_id=maintenance_plan.plan_id  WHERE ( question_id in (330) and model_id='6' )  [ RunTime:0.0007s ]
SQL: SHOW COLUMNS FROM `maintenance_plan` [ RunTime:0.0019s ]
SQL: SELECT * FROM `maintenance_plan` WHERE ( plan_id in (105) )  [ RunTime:0.0007s ]
NOTIC: [8] Undefined variable: money F:\web\apache\htdocs\ceshi\www\Application\Home\Controller\IndexController.class.php 第 842 行.
INFO: [ view_parse ] --START--
INFO: [ template_filter ] --START--
INFO: Run Behavior\ContentReplaceBehavior [ RunTime:0.000031s ]
INFO: [ template_filter ] --END-- [ RunTime:0.000063s ]
INFO: Run Behavior\ParseTemplateBehavior [ RunTime:0.005783s ]
INFO: [ view_parse ] --END-- [ RunTime:0.005827s ]
INFO: [ view_filter ] --START--
INFO: Run Behavior\WriteHtmlCacheBehavior [ RunTime:0.000344s ]
INFO: [ view_filter ] --END-- [ RunTime:0.000371s ]
INFO: [ app_end ] --START--
INFO: Run Behavior\ShowPageTraceBehavior [ RunTime:0.000577s ]
INFO: [ app_end ] --END-- [ RunTime:0.000607s ]

[ 2016-06-21T10:24:30+08:00 ] 127.0.0.1 /ceshi/www/index.php/Home/Index/chuangjian/question_id/330/model_name/%E8%8B%B9%E6%9E%9C%20iPhone5S/color_name/%E9%93%B6%E8%89%B2/model_id/6/plan_id/105/color_id/3
INFO: [ app_init ] --START--
INFO: Run Behavior\BuildLiteBehavior [ RunTime:0.000012s ]
INFO: [ app_init ] --END-- [ RunTime:0.000379s ]
INFO: [ app_begin ] --START--
INFO: Run Behavior\ReadHtmlCacheBehavior [ RunTime:0.000490s ]
INFO: [ app_begin ] --END-- [ RunTime:0.000537s ]
NOTIC: [8] Undefined index: ways F:\web\apache\htdocs\ceshi\www\Application\Home\Controller\IndexController.class.php 第 871 行.
SQL: SHOW COLUMNS FROM `maintenance_question` [ RunTime:0.0018s ]
SQL: SELECT * FROM `maintenance_question` INNER JOIN maintenance_questiontype on maintenance_question.questiontype_id=maintenance_questiontype.questiontype_id INNER JOIN maintenance_plan on maintenance_question.plan_id=maintenance_plan.plan_id  WHERE ( question_id in(330) )  [ RunTime:0.0006s ]
SQL: SHOW COLUMNS FROM `maintenance_plan` [ RunTime:0.0016s ]
SQL: SELECT * FROM `maintenance_plan` WHERE ( plan_id in (105) )  [ RunTime:0.0006s ]
NOTIC: [8] Undefined variable: money F:\web\apache\htdocs\ceshi\www\Application\Home\Controller\IndexController.class.php 第 900 行.
INFO: [ view_parse ] --START--
INFO: [ template_filter ] --START--
INFO: Run Behavior\ContentReplaceBehavior [ RunTime:0.000166s ]
INFO: [ template_filter ] --END-- [ RunTime:0.000218s ]
INFO: Run Behavior\ParseTemplateBehavior [ RunTime:0.009403s ]
INFO: [ view_parse ] --END-- [ RunTime:0.009471s ]
INFO: [ view_filter ] --START--
INFO: Run Behavior\WriteHtmlCacheBehavior [ RunTime:0.000400s ]
INFO: [ view_filter ] --END-- [ RunTime:0.000433s ]
INFO: [ app_end ] --START--
INFO: Run Behavior\ShowPageTraceBehavior [ RunTime:0.000580s ]
INFO: [ app_end ] --END-- [ RunTime:0.000620s ]

[ 2016-06-21T10:24:30+08:00 ] 127.0.0.1 /ceshi/www/index.php/Home/Index/shangmen/id/1
INFO: [ app_init ] --START--
INFO: Run Behavior\BuildLiteBehavior [ RunTime:0.000012s ]
INFO: [ app_init ] --END-- [ RunTime:0.000355s ]
INFO: [ app_begin ] --START--
INFO: Run Behavior\ReadHtmlCacheBehavior [ RunTime:0.000496s ]
INFO: [ app_begin ] --END-- [ RunTime:0.000538s ]
SQL: SHOW COLUMNS FROM `city` [ RunTime:0.0029s ]
SQL: SELECT * FROM `city` WHERE ( parent_id=1 )  [ RunTime:0.0011s ]
SQL: SHOW COLUMNS FROM `wxzx` [ RunTime:0.0025s ]
SQL: SELECT * FROM `wxzx` WHERE ( ways_id='1' )  [ RunTime:0.0009s ]
INFO: [ view_parse ] --START--
INFO: [ template_filter ] --START--
INFO: Run Behavior\ContentReplaceBehavior [ RunTime:0.000028s ]
INFO: [ template_filter ] --END-- [ RunTime:0.000073s ]
INFO: Run Behavior\ParseTemplateBehavior [ RunTime:0.007502s ]
INFO: [ view_parse ] --END-- [ RunTime:0.007557s ]
INFO: [ view_filter ] --START--
INFO: Run Behavior\WriteHtmlCacheBehavior [ RunTime:0.000342s ]
INFO: [ view_filter ] --END-- [ RunTime:0.000388s ]
INFO: [ app_end ] --START--
INFO: Run Behavior\ShowPageTraceBehavior [ RunTime:0.000574s ]
INFO: [ app_end ] --END-- [ RunTime:0.000605s ]

[ 2016-06-21T10:24:31+08:00 ] 127.0.0.1 /ceshi/www/index.php/Home/Index/sheng_1/id/3
INFO: [ app_init ] --START--
INFO: Run Behavior\BuildLiteBehavior [ RunTime:0.000011s ]
INFO: [ app_init ] --END-- [ RunTime:0.000443s ]
INFO: [ app_begin ] --START--
INFO: Run Behavior\ReadHtmlCacheBehavior [ RunTime:0.000663s ]
INFO: [ app_begin ] --END-- [ RunTime:0.000699s ]
INFO: [ view_parse ] --START--
INFO: [ template_filter ] --START--
INFO: Run Behavior\ContentReplaceBehavior [ RunTime:0.000026s ]
INFO: [ template_filter ] --END-- [ RunTime:0.000079s ]
INFO: Run Behavior\ParseTemplateBehavior [ RunTime:0.005398s ]
INFO: [ view_parse ] --END-- [ RunTime:0.005470s ]
INFO: [ view_filter ] --START--
INFO: Run Behavior\WriteHtmlCacheBehavior [ RunTime:0.000890s ]
INFO: [ view_filter ] --END-- [ RunTime:0.000966s ]
INFO: [ app_end ] --START--
INFO: Run Behavior\ShowPageTraceBehavior [ RunTime:0.001042s ]
INFO: [ app_end ] --END-- [ RunTime:0.001072s ]

[ 2016-06-21T10:24:36+08:00 ] 127.0.0.1 /ceshi/www/index.php/Home/Index/sheng_1/id/3
INFO: [ app_init ] --START--
INFO: Run Behavior\BuildLiteBehavior [ RunTime:0.000011s ]
INFO: [ app_init ] --END-- [ RunTime:0.000455s ]
INFO: [ app_begin ] --START--
INFO: Run Behavior\ReadHtmlCacheBehavior [ RunTime:0.000605s ]
INFO: [ app_begin ] --END-- [ RunTime:0.000641s ]
INFO: [ view_parse ] --START--
INFO: [ template_filter ] --START--
INFO: Run Behavior\ContentReplaceBehavior [ RunTime:0.000024s ]
INFO: [ template_filter ] --END-- [ RunTime:0.000060s ]
INFO: Run Behavior\ParseTemplateBehavior [ RunTime:0.005448s ]
INFO: [ view_parse ] --END-- [ RunTime:0.005484s ]
INFO: [ view_filter ] --START--
INFO: Run Behavior\WriteHtmlCacheBehavior [ RunTime:0.000452s ]
INFO: [ view_filter ] --END-- [ RunTime:0.000481s ]
INFO: [ app_end ] --START--
INFO: Run Behavior\ShowPageTraceBehavior [ RunTime:0.000663s ]
INFO: [ app_end ] --END-- [ RunTime:0.000693s ]

[ 2016-06-21T10:24:37+08:00 ] 127.0.0.1 /ceshi/www/index.php/Home/Index/sheng_1/id/3
INFO: [ app_init ] --START--
INFO: Run Behavior\BuildLiteBehavior [ RunTime:0.000010s ]
INFO: [ app_init ] --END-- [ RunTime:0.000448s ]
INFO: [ app_begin ] --START--
INFO: Run Behavior\ReadHtmlCacheBehavior [ RunTime:0.000642s ]
INFO: [ app_begin ] --END-- [ RunTime:0.000679s ]
INFO: [ view_parse ] --START--
INFO: [ template_filter ] --START--
INFO: Run Behavior\ContentReplaceBehavior [ RunTime:0.000023s ]
INFO: [ template_filter ] --END-- [ RunTime:0.000055s ]
INFO: Run Behavior\ParseTemplateBehavior [ RunTime:0.005044s ]
INFO: [ view_parse ] --END-- [ RunTime:0.005080s ]
INFO: [ view_filter ] --START--
INFO: Run Behavior\WriteHtmlCacheBehavior [ RunTime:0.000425s ]
INFO: [ view_filter ] --END-- [ RunTime:0.000453s ]
INFO: [ app_end ] --START--
INFO: Run Behavior\ShowPageTraceBehavior [ RunTime:0.000620s ]
INFO: [ app_end ] --END-- [ RunTime:0.000651s ]

[ 2016-06-21T10:24:42+08:00 ] 127.0.0.1 /ceshi/www/index.php/Home/Index/sheng_1/id/3
INFO: [ app_init ] --START--
INFO: Run Behavior\BuildLiteBehavior [ RunTime:0.000022s ]
INFO: [ app_init ] --END-- [ RunTime:0.000469s ]
INFO: [ app_begin ] --START--
INFO: Run Behavior\ReadHtmlCacheBehavior [ RunTime:0.000661s ]
INFO: [ app_begin ] --END-- [ RunTime:0.000707s ]
INFO: [ view_parse ] --START--
INFO: [ template_filter ] --START--
INFO: Run Behavior\ContentReplaceBehavior [ RunTime:0.000023s ]
INFO: [ template_filter ] --END-- [ RunTime:0.000069s ]
INFO: Run Behavior\ParseTemplateBehavior [ RunTime:0.005055s ]
INFO: [ view_parse ] --END-- [ RunTime:0.005128s ]
INFO: [ view_filter ] --START--
INFO: Run Behavior\WriteHtmlCacheBehavior [ RunTime:0.000385s ]
INFO: [ view_filter ] --END-- [ RunTime:0.000414s ]
INFO: [ app_end ] --START--
INFO: Run Behavior\ShowPageTraceBehavior [ RunTime:0.000600s ]
INFO: [ app_end ] --END-- [ RunTime:0.000631s ]

[ 2016-06-21T10:24:46+08:00 ] 127.0.0.1 /ceshi/www/index.php/Home/Index/chuangjian/question_id/330/model_name/%E8%8B%B9%E6%9E%9C%20iPhone5S/color_name/%E9%93%B6%E8%89%B2/model_id/6/plan_id/105/color_id/3
INFO: [ app_init ] --START--
INFO: Run Behavior\BuildLiteBehavior [ RunTime:0.000011s ]
INFO: [ app_init ] --END-- [ RunTime:0.000381s ]
INFO: [ app_begin ] --START--
INFO: Run Behavior\ReadHtmlCacheBehavior [ RunTime:0.000630s ]
INFO: [ app_begin ] --END-- [ RunTime:0.000676s ]
NOTIC: [8] Undefined index: ways F:\web\apache\htdocs\ceshi\www\Application\Home\Controller\IndexController.class.php 第 871 行.
SQL: SHOW COLUMNS FROM `maintenance_question` [ RunTime:0.0025s ]
SQL: SELECT * FROM `maintenance_question` INNER JOIN maintenance_questiontype on maintenance_question.questiontype_id=maintenance_questiontype.questiontype_id INNER JOIN maintenance_plan on maintenance_question.plan_id=maintenance_plan.plan_id  WHERE ( question_id in(330) )  [ RunTime:0.0007s ]
SQL: SHOW COLUMNS FROM `maintenance_plan` [ RunTime:0.0019s ]
SQL: SELECT * FROM `maintenance_plan` WHERE ( plan_id in (105) )  [ RunTime:0.0011s ]
NOTIC: [8] Undefined variable: money F:\web\apache\htdocs\ceshi\www\Application\Home\Controller\IndexController.class.php 第 900 行.
INFO: [ view_parse ] --START--
INFO: [ template_filter ] --START--
INFO: Run Behavior\ContentReplaceBehavior [ RunTime:0.000116s ]
INFO: [ template_filter ] --END-- [ RunTime:0.000156s ]
INFO: Run Behavior\ParseTemplateBehavior [ RunTime:0.009053s ]
INFO: [ view_parse ] --END-- [ RunTime:0.009099s ]
INFO: [ view_filter ] --START--
INFO: Run Behavior\WriteHtmlCacheBehavior [ RunTime:0.000454s ]
INFO: [ view_filter ] --END-- [ RunTime:0.000484s ]
INFO: [ app_end ] --START--
INFO: Run Behavior\ShowPageTraceBehavior [ RunTime:0.000638s ]
INFO: [ app_end ] --END-- [ RunTime:0.000714s ]

[ 2016-06-21T10:24:46+08:00 ] 127.0.0.1 /ceshi/www/index.php/Home/Index/shangmen/id/1
INFO: [ app_init ] --START--
INFO: Run Behavior\BuildLiteBehavior [ RunTime:0.000012s ]
INFO: [ app_init ] --END-- [ RunTime:0.000379s ]
INFO: [ app_begin ] --START--
INFO: Run Behavior\ReadHtmlCacheBehavior [ RunTime:0.000626s ]
INFO: [ app_begin ] --END-- [ RunTime:0.000669s ]
SQL: SHOW COLUMNS FROM `city` [ RunTime:0.0018s ]
SQL: SELECT * FROM `city` WHERE ( parent_id=1 )  [ RunTime:0.0009s ]
SQL: SHOW COLUMNS FROM `wxzx` [ RunTime:0.0019s ]
SQL: SELECT * FROM `wxzx` WHERE ( ways_id='1' )  [ RunTime:0.0007s ]
INFO: [ view_parse ] --START--
INFO: [ template_filter ] --START--
INFO: Run Behavior\ContentReplaceBehavior [ RunTime:0.000028s ]
INFO: [ template_filter ] --END-- [ RunTime:0.000069s ]
INFO: Run Behavior\ParseTemplateBehavior [ RunTime:0.005798s ]
INFO: [ view_parse ] --END-- [ RunTime:0.005854s ]
INFO: [ view_filter ] --START--
INFO: Run Behavior\WriteHtmlCacheBehavior [ RunTime:0.000421s ]
INFO: [ view_filter ] --END-- [ RunTime:0.000455s ]
INFO: [ app_end ] --START--
INFO: Run Behavior\ShowPageTraceBehavior [ RunTime:0.000975s ]
INFO: [ app_end ] --END-- [ RunTime:0.001013s ]

[ 2016-06-21T10:24:47+08:00 ] 127.0.0.1 /ceshi/www/index.php/Home/Index/chuangjian/question_id/330/model_name/%E8%8B%B9%E6%9E%9C%20iPhone5S/color_name/%E9%93%B6%E8%89%B2/model_id/6/plan_id/105/color_id/3
INFO: [ app_init ] --START--
INFO: Run Behavior\BuildLiteBehavior [ RunTime:0.000013s ]
INFO: [ app_init ] --END-- [ RunTime:0.000475s ]
INFO: [ app_begin ] --START--
INFO: Run Behavior\ReadHtmlCacheBehavior [ RunTime:0.000654s ]
INFO: [ app_begin ] --END-- [ RunTime:0.000689s ]
NOTIC: [8] Undefined index: ways F:\web\apache\htdocs\ceshi\www\Application\Home\Controller\IndexController.class.php 第 871 行.
SQL: SHOW COLUMNS FROM `maintenance_question` [ RunTime:0.0018s ]
SQL: SELECT * FROM `maintenance_question` INNER JOIN maintenance_questiontype on maintenance_question.questiontype_id=maintenance_questiontype.questiontype_id INNER JOIN maintenance_plan on maintenance_question.plan_id=maintenance_plan.plan_id  WHERE ( question_id in(330) )  [ RunTime:0.0008s ]
SQL: SHOW COLUMNS FROM `maintenance_plan` [ RunTime:0.0017s ]
SQL: SELECT * FROM `maintenance_plan` WHERE ( plan_id in (105) )  [ RunTime:0.0006s ]
NOTIC: [8] Undefined variable: money F:\web\apache\htdocs\ceshi\www\Application\Home\Controller\IndexController.class.php 第 900 行.
INFO: [ view_parse ] --START--
INFO: [ template_filter ] --START--
INFO: Run Behavior\ContentReplaceBehavior [ RunTime:0.000109s ]
INFO: [ template_filter ] --END-- [ RunTime:0.000152s ]
INFO: Run Behavior\ParseTemplateBehavior [ RunTime:0.008417s ]
INFO: [ view_parse ] --END-- [ RunTime:0.008459s ]
INFO: [ view_filter ] --START--
INFO: Run Behavior\WriteHtmlCacheBehavior [ RunTime:0.000448s ]
INFO: [ view_filter ] --END-- [ RunTime:0.000481s ]
INFO: [ app_end ] --START--
INFO: Run Behavior\ShowPageTraceBehavior [ RunTime:0.000808s ]
INFO: [ app_end ] --END-- [ RunTime:0.000849s ]

[ 2016-06-21T10:24:47+08:00 ] 127.0.0.1 /ceshi/www/index.php/Home/Index/shangmen/id/1
INFO: [ app_init ] --START--
INFO: Run Behavior\BuildLiteBehavior [ RunTime:0.000013s ]
INFO: [ app_init ] --END-- [ RunTime:0.000548s ]
INFO: [ app_begin ] --START--
INFO: Run Behavior\ReadHtmlCacheBehavior [ RunTime:0.000773s ]
INFO: [ app_begin ] --END-- [ RunTime:0.000852s ]
SQL: SHOW COLUMNS FROM `city` [ RunTime:0.0021s ]
SQL: SELECT * FROM `city` WHERE ( parent_id=1 )  [ RunTime:0.0009s ]
SQL: SHOW COLUMNS FROM `wxzx` [ RunTime:0.0020s ]
SQL: SELECT * FROM `wxzx` WHERE ( ways_id='1' )  [ RunTime:0.0007s ]
INFO: [ view_parse ] --START--
INFO: [ template_filter ] --START--
INFO: Run Behavior\ContentReplaceBehavior [ RunTime:0.000029s ]
INFO: [ template_filter ] --END-- [ RunTime:0.000077s ]
INFO: Run Behavior\ParseTemplateBehavior [ RunTime:0.006158s ]
INFO: [ view_parse ] --END-- [ RunTime:0.006213s ]
INFO: [ view_filter ] --START--
INFO: Run Behavior\WriteHtmlCacheBehavior [ RunTime:0.000429s ]
INFO: [ view_filter ] --END-- [ RunTime:0.000467s ]
INFO: [ app_end ] --START--
INFO: Run Behavior\ShowPageTraceBehavior [ RunTime:0.000613s ]
INFO: [ app_end ] --END-- [ RunTime:0.000642s ]

[ 2016-06-21T10:24:48+08:00 ] 127.0.0.1 /ceshi/www/index.php/Home/Index/sheng_1/id/3
INFO: [ app_init ] --START--
INFO: Run Behavior\BuildLiteBehavior [ RunTime:0.000011s ]
INFO: [ app_init ] --END-- [ RunTime:0.000768s ]
INFO: [ app_begin ] --START--
INFO: Run Behavior\ReadHtmlCacheBehavior [ RunTime:0.000616s ]
INFO: [ app_begin ] --END-- [ RunTime:0.000663s ]
INFO: [ view_parse ] --START--
INFO: [ template_filter ] --START--
INFO: Run Behavior\ContentReplaceBehavior [ RunTime:0.000024s ]
INFO: [ template_filter ] --END-- [ RunTime:0.000061s ]
INFO: Run Behavior\ParseTemplateBehavior [ RunTime:0.004867s ]
INFO: [ view_parse ] --END-- [ RunTime:0.004912s ]
INFO: [ view_filter ] --START--
INFO: Run Behavior\WriteHtmlCacheBehavior [ RunTime:0.000365s ]
INFO: [ view_filter ] --END-- [ RunTime:0.000393s ]
INFO: [ app_end ] --START--
INFO: Run Behavior\ShowPageTraceBehavior [ RunTime:0.000575s ]
INFO: [ app_end ] --END-- [ RunTime:0.000606s ]

[ 2016-06-21T10:24:50+08:00 ] 127.0.0.1 /ceshi/www/index.php/Home/Index/sheng_1/id/3
INFO: [ app_init ] --START--
INFO: Run Behavior\BuildLiteBehavior [ RunTime:0.000011s ]
INFO: [ app_init ] --END-- [ RunTime:0.000443s ]
INFO: [ app_begin ] --START--
INFO: Run Behavior\ReadHtmlCacheBehavior [ RunTime:0.000748s ]
INFO: [ app_begin ] --END-- [ RunTime:0.000784s ]
INFO: [ view_parse ] --START--
INFO: [ template_filter ] --START--
INFO: Run Behavior\ContentReplaceBehavior [ RunTime:0.000024s ]
INFO: [ template_filter ] --END-- [ RunTime:0.000064s ]
INFO: Run Behavior\ParseTemplateBehavior [ RunTime:0.005427s ]
INFO: [ view_parse ] --END-- [ RunTime:0.005465s ]
INFO: [ view_filter ] --START--
INFO: Run Behavior\WriteHtmlCacheBehavior [ RunTime:0.000433s ]
INFO: [ view_filter ] --END-- [ RunTime:0.000462s ]
INFO: [ app_end ] --START--
INFO: Run Behavior\ShowPageTraceBehavior [ RunTime:0.000722s ]
INFO: [ app_end ] --END-- [ RunTime:0.000752s ]

[ 2016-06-21T10:24:50+08:00 ] 127.0.0.1 /ceshi/www/index.php/Home/Index/sheng_1/id/3
INFO: [ app_init ] --START--
INFO: Run Behavior\BuildLiteBehavior [ RunTime:0.000013s ]
INFO: [ app_init ] --END-- [ RunTime:0.000438s ]
INFO: [ app_begin ] --START--
INFO: Run Behavior\ReadHtmlCacheBehavior [ RunTime:0.000667s ]
INFO: [ app_begin ] --END-- [ RunTime:0.000707s ]
INFO: [ view_parse ] --START--
INFO: [ template_filter ] --START--
INFO: Run Behavior\ContentReplaceBehavior [ RunTime:0.000022s ]
INFO: [ template_filter ] --END-- [ RunTime:0.000057s ]
INFO: Run Behavior\ParseTemplateBehavior [ RunTime:0.005588s ]
INFO: [ view_parse ] --END-- [ RunTime:0.005634s ]
INFO: [ view_filter ] --START--
INFO: Run Behavior\WriteHtmlCacheBehavior [ RunTime:0.000433s ]
INFO: [ view_filter ] --END-- [ RunTime:0.000460s ]
INFO: [ app_end ] --START--
INFO: Run Behavior\ShowPageTraceBehavior [ RunTime:0.000700s ]
INFO: [ app_end ] --END-- [ RunTime:0.000740s ]

[ 2016-06-21T10:24:50+08:00 ] 127.0.0.1 /ceshi/www/index.php/Home/Index/daodian/id/2
INFO: [ app_init ] --START--
INFO: Run Behavior\BuildLiteBehavior [ RunTime:0.000011s ]
INFO: [ app_init ] --END-- [ RunTime:0.000457s ]
INFO: [ app_begin ] --START--
INFO: Run Behavior\ReadHtmlCacheBehavior [ RunTime:0.000681s ]
INFO: [ app_begin ] --END-- [ RunTime:0.000718s ]
SQL: SHOW COLUMNS FROM `wxzx` [ RunTime:0.0018s ]
SQL: SELECT * FROM `wxzx` WHERE ( ways_id='2' )  [ RunTime:0.0007s ]
INFO: [ view_parse ] --START--
INFO: [ template_filter ] --START--
INFO: Run Behavior\ContentReplaceBehavior [ RunTime:0.000024s ]
INFO: [ template_filter ] --END-- [ RunTime:0.000061s ]
INFO: Run Behavior\ParseTemplateBehavior [ RunTime:0.006206s ]
INFO: [ view_parse ] --END-- [ RunTime:0.006253s ]
INFO: [ view_filter ] --START--
INFO: Run Behavior\WriteHtmlCacheBehavior [ RunTime:0.000429s ]
INFO: [ view_filter ] --END-- [ RunTime:0.000458s ]
INFO: [ app_end ] --START--
INFO: Run Behavior\ShowPageTraceBehavior [ RunTime:0.000710s ]
INFO: [ app_end ] --END-- [ RunTime:0.000740s ]

[ 2016-06-21T10:24:51+08:00 ] 127.0.0.1 /ceshi/www/index.php/Home/Index/daodian/id/2
INFO: [ app_init ] --START--
INFO: Run Behavior\BuildLiteBehavior [ RunTime:0.000010s ]
INFO: [ app_init ] --END-- [ RunTime:0.000454s ]
INFO: [ app_begin ] --START--
INFO: Run Behavior\ReadHtmlCacheBehavior [ RunTime:0.000655s ]
INFO: [ app_begin ] --END-- [ RunTime:0.000690s ]
SQL: SHOW COLUMNS FROM `wxzx` [ RunTime:0.0020s ]
SQL: SELECT * FROM `wxzx` WHERE ( ways_id='2' )  [ RunTime:0.0006s ]
INFO: [ view_parse ] --START--
INFO: [ template_filter ] --START--
INFO: Run Behavior\ContentReplaceBehavior [ RunTime:0.000024s ]
INFO: [ template_filter ] --END-- [ RunTime:0.000058s ]
INFO: Run Behavior\ParseTemplateBehavior [ RunTime:0.005672s ]
INFO: [ view_parse ] --END-- [ RunTime:0.005716s ]
INFO: [ view_filter ] --START--
INFO: Run Behavior\WriteHtmlCacheBehavior [ RunTime:0.000453s ]
INFO: [ view_filter ] --END-- [ RunTime:0.000481s ]
INFO: [ app_end ] --START--
INFO: Run Behavior\ShowPageTraceBehavior [ RunTime:0.000687s ]
INFO: [ app_end ] --END-- [ RunTime:0.000720s ]

[ 2016-06-21T10:24:52+08:00 ] 127.0.0.1 /ceshi/www/index.php/Home/Index/sheng_1/id/3
INFO: [ app_init ] --START--
INFO: Run Behavior\BuildLiteBehavior [ RunTime:0.000012s ]
INFO: [ app_init ] --END-- [ RunTime:0.000382s ]
INFO: [ app_begin ] --START--
INFO: Run Behavior\ReadHtmlCacheBehavior [ RunTime:0.000681s ]
INFO: [ app_begin ] --END-- [ RunTime:0.000717s ]
INFO: [ view_parse ] --START--
INFO: [ template_filter ] --START--
INFO: Run Behavior\ContentReplaceBehavior [ RunTime:0.000023s ]
INFO: [ template_filter ] --END-- [ RunTime:0.000057s ]
INFO: Run Behavior\ParseTemplateBehavior [ RunTime:0.004949s ]
INFO: [ view_parse ] --END-- [ RunTime:0.004985s ]
INFO: [ view_filter ] --START--
INFO: Run Behavior\WriteHtmlCacheBehavior [ RunTime:0.000439s ]
INFO: [ view_filter ] --END-- [ RunTime:0.000467s ]
INFO: [ app_end ] --START--
INFO: Run Behavior\ShowPageTraceBehavior [ RunTime:0.000656s ]
INFO: [ app_end ] --END-- [ RunTime:0.000687s ]

[ 2016-06-21T10:24:53+08:00 ] 127.0.0.1 /ceshi/www/index.php/Home/Index/sheng_1/id/3
INFO: [ app_init ] --START--
INFO: Run Behavior\BuildLiteBehavior [ RunTime:0.000011s ]
INFO: [ app_init ] --END-- [ RunTime:0.000376s ]
INFO: [ app_begin ] --START--
INFO: Run Behavior\ReadHtmlCacheBehavior [ RunTime:0.000577s ]
INFO: [ app_begin ] --END-- [ RunTime:0.000614s ]
INFO: [ view_parse ] --START--
INFO: [ template_filter ] --START--
INFO: Run Behavior\ContentReplaceBehavior [ RunTime:0.000034s ]
INFO: [ template_filter ] --END-- [ RunTime:0.000103s ]
INFO: Run Behavior\ParseTemplateBehavior [ RunTime:0.005404s ]
INFO: [ view_parse ] --END-- [ RunTime:0.005452s ]
INFO: [ view_filter ] --START--
INFO: Run Behavior\WriteHtmlCacheBehavior [ RunTime:0.000396s ]
INFO: [ view_filter ] --END-- [ RunTime:0.000429s ]
INFO: [ app_end ] --START--
INFO: Run Behavior\ShowPageTraceBehavior [ RunTime:0.000606s ]
INFO: [ app_end ] --END-- [ RunTime:0.000637s ]

[ 2016-06-21T10:24:54+08:00 ] 127.0.0.1 /ceshi/www/index.php/Home/Index/sheng_1/id/3
INFO: [ app_init ] --START--
INFO: Run Behavior\BuildLiteBehavior [ RunTime:0.000010s ]
INFO: [ app_init ] --END-- [ RunTime:0.000400s ]
INFO: [ app_begin ] --START--
INFO: Run Behavior\ReadHtmlCacheBehavior [ RunTime:0.000676s ]
INFO: [ app_begin ] --END-- [ RunTime:0.000713s ]
INFO: [ view_parse ] --START--
INFO: [ template_filter ] --START--
INFO: Run Behavior\ContentReplaceBehavior [ RunTime:0.000023s ]
INFO: [ template_filter ] --END-- [ RunTime:0.000056s ]
INFO: Run Behavior\ParseTemplateBehavior [ RunTime:0.005115s ]
INFO: [ view_parse ] --END-- [ RunTime:0.005150s ]
INFO: [ view_filter ] --START--
INFO: Run Behavior\WriteHtmlCacheBehavior [ RunTime:0.000461s ]
INFO: [ view_filter ] --END-- [ RunTime:0.000489s ]
INFO: [ app_end ] --START--
INFO: Run Behavior\ShowPageTraceBehavior [ RunTime:0.000674s ]
INFO: [ app_end ] --END-- [ RunTime:0.000713s ]

[ 2016-06-21T10:27:48+08:00 ] 127.0.0.1 /ceshi/www/index.php/Home/Index/daodian/id/2
INFO: [ app_init ] --START--
INFO: Run Behavior\BuildLiteBehavior [ RunTime:0.000012s ]
INFO: [ app_init ] --END-- [ RunTime:0.000388s ]
INFO: [ app_begin ] --START--
INFO: Run Behavior\ReadHtmlCacheBehavior [ RunTime:0.000633s ]
INFO: [ app_begin ] --END-- [ RunTime:0.000680s ]
SQL: SHOW COLUMNS FROM `wxzx` [ RunTime:0.0019s ]
SQL: SELECT * FROM `wxzx` WHERE ( ways_id='2' )  [ RunTime:0.0006s ]
INFO: [ view_parse ] --START--
INFO: [ template_filter ] --START--
INFO: Run Behavior\ContentReplaceBehavior [ RunTime:0.000024s ]
INFO: [ template_filter ] --END-- [ RunTime:0.000058s ]
INFO: Run Behavior\ParseTemplateBehavior [ RunTime:0.005852s ]
INFO: [ view_parse ] --END-- [ RunTime:0.005905s ]
INFO: [ view_filter ] --START--
INFO: Run Behavior\WriteHtmlCacheBehavior [ RunTime:0.000381s ]
INFO: [ view_filter ] --END-- [ RunTime:0.000410s ]
INFO: [ app_end ] --START--
INFO: Run Behavior\ShowPageTraceBehavior [ RunTime:0.000633s ]
INFO: [ app_end ] --END-- [ RunTime:0.000669s ]

[ 2016-06-21T10:27:53+08:00 ] 127.0.0.1 /ceshi/www/index.php/Home/Index/sheng_1/id/3
INFO: [ app_init ] --START--
INFO: Run Behavior\BuildLiteBehavior [ RunTime:0.000010s ]
INFO: [ app_init ] --END-- [ RunTime:0.000520s ]
INFO: [ app_begin ] --START--
INFO: Run Behavior\ReadHtmlCacheBehavior [ RunTime:0.000655s ]
INFO: [ app_begin ] --END-- [ RunTime:0.000705s ]
INFO: [ view_parse ] --START--
INFO: [ template_filter ] --START--
INFO: Run Behavior\ContentReplaceBehavior [ RunTime:0.000023s ]
INFO: [ template_filter ] --END-- [ RunTime:0.000057s ]
INFO: Run Behavior\ParseTemplateBehavior [ RunTime:0.005102s ]
INFO: [ view_parse ] --END-- [ RunTime:0.005140s ]
INFO: [ view_filter ] --START--
INFO: Run Behavior\WriteHtmlCacheBehavior [ RunTime:0.000476s ]
INFO: [ view_filter ] --END-- [ RunTime:0.000505s ]
INFO: [ app_end ] --START--
INFO: Run Behavior\ShowPageTraceBehavior [ RunTime:0.000665s ]
INFO: [ app_end ] --END-- [ RunTime:0.000708s ]

[ 2016-06-21T10:27:54+08:00 ] 127.0.0.1 /ceshi/www/index.php/Home/Index/sheng_1/id/3
INFO: [ app_init ] --START--
INFO: Run Behavior\BuildLiteBehavior [ RunTime:0.000013s ]
INFO: [ app_init ] --END-- [ RunTime:0.000468s ]
INFO: [ app_begin ] --START--
INFO: Run Behavior\ReadHtmlCacheBehavior [ RunTime:0.000697s ]
INFO: [ app_begin ] --END-- [ RunTime:0.000734s ]
INFO: [ view_parse ] --START--
INFO: [ template_filter ] --START--
INFO: Run Behavior\ContentReplaceBehavior [ RunTime:0.000023s ]
INFO: [ template_filter ] --END-- [ RunTime:0.000057s ]
INFO: Run Behavior\ParseTemplateBehavior [ RunTime:0.005031s ]
INFO: [ view_parse ] --END-- [ RunTime:0.005070s ]
INFO: [ view_filter ] --START--
INFO: Run Behavior\WriteHtmlCacheBehavior [ RunTime:0.000406s ]
INFO: [ view_filter ] --END-- [ RunTime:0.000437s ]
INFO: [ app_end ] --START--
INFO: Run Behavior\ShowPageTraceBehavior [ RunTime:0.000650s ]
INFO: [ app_end ] --END-- [ RunTime:0.000680s ]

[ 2016-06-21T10:27:54+08:00 ] 127.0.0.1 /ceshi/www/index.php/Home/Index/sheng_1/id/3
INFO: [ app_init ] --START--
INFO: Run Behavior\BuildLiteBehavior [ RunTime:0.000011s ]
INFO: [ app_init ] --END-- [ RunTime:0.000422s ]
INFO: [ app_begin ] --START--
INFO: Run Behavior\ReadHtmlCacheBehavior [ RunTime:0.000660s ]
INFO: [ app_begin ] --END-- [ RunTime:0.000695s ]
INFO: [ view_parse ] --START--
INFO: [ template_filter ] --START--
INFO: Run Behavior\ContentReplaceBehavior [ RunTime:0.000024s ]
INFO: [ template_filter ] --END-- [ RunTime:0.000059s ]
INFO: Run Behavior\ParseTemplateBehavior [ RunTime:0.004981s ]
INFO: [ view_parse ] --END-- [ RunTime:0.005018s ]
INFO: [ view_filter ] --START--
INFO: Run Behavior\WriteHtmlCacheBehavior [ RunTime:0.000449s ]
INFO: [ view_filter ] --END-- [ RunTime:0.000478s ]
INFO: [ app_end ] --START--
INFO: Run Behavior\ShowPageTraceBehavior [ RunTime:0.002452s ]
INFO: [ app_end ] --END-- [ RunTime:0.002482s ]

[ 2016-06-21T10:27:55+08:00 ] 127.0.0.1 /ceshi/www/index.php/Home/Index/daodian/id/2
INFO: [ app_init ] --START--
INFO: Run Behavior\BuildLiteBehavior [ RunTime:0.000012s ]
INFO: [ app_init ] --END-- [ RunTime:0.000461s ]
INFO: [ app_begin ] --START--
INFO: Run Behavior\ReadHtmlCacheBehavior [ RunTime:0.000618s ]
INFO: [ app_begin ] --END-- [ RunTime:0.000662s ]
SQL: SHOW COLUMNS FROM `wxzx` [ RunTime:0.0029s ]
SQL: SELECT * FROM `wxzx` WHERE ( ways_id='2' )  [ RunTime:0.0017s ]
INFO: [ view_parse ] --START--
INFO: [ template_filter ] --START--
INFO: Run Behavior\ContentReplaceBehavior [ RunTime:0.000025s ]
INFO: [ template_filter ] --END-- [ RunTime:0.000063s ]
INFO: Run Behavior\ParseTemplateBehavior [ RunTime:0.006239s ]
INFO: [ view_parse ] --END-- [ RunTime:0.006289s ]
INFO: [ view_filter ] --START--
INFO: Run Behavior\WriteHtmlCacheBehavior [ RunTime:0.000436s ]
INFO: [ view_filter ] --END-- [ RunTime:0.000466s ]
INFO: [ app_end ] --START--
INFO: Run Behavior\ShowPageTraceBehavior [ RunTime:0.000748s ]
INFO: [ app_end ] --END-- [ RunTime:0.000783s ]

[ 2016-06-21T10:27:56+08:00 ] 127.0.0.1 /ceshi/www/index.php/Home/Index/sheng_1/id/3
INFO: [ app_init ] --START--
INFO: Run Behavior\BuildLiteBehavior [ RunTime:0.000012s ]
INFO: [ app_init ] --END-- [ RunTime:0.000438s ]
INFO: [ app_begin ] --START--
INFO: Run Behavior\ReadHtmlCacheBehavior [ RunTime:0.000675s ]
INFO: [ app_begin ] --END-- [ RunTime:0.000713s ]
INFO: [ view_parse ] --START--
INFO: [ template_filter ] --START--
INFO: Run Behavior\ContentReplaceBehavior [ RunTime:0.000022s ]
INFO: [ template_filter ] --END-- [ RunTime:0.000055s ]
INFO: Run Behavior\ParseTemplateBehavior [ RunTime:0.004860s ]
INFO: [ view_parse ] --END-- [ RunTime:0.004897s ]
INFO: [ view_filter ] --START--
INFO: Run Behavior\WriteHtmlCacheBehavior [ RunTime:0.000432s ]
INFO: [ view_filter ] --END-- [ RunTime:0.000460s ]
INFO: [ app_end ] --START--
INFO: Run Behavior\ShowPageTraceBehavior [ RunTime:0.000662s ]
INFO: [ app_end ] --END-- [ RunTime:0.000691s ]

[ 2016-06-21T10:27:56+08:00 ] 127.0.0.1 /ceshi/www/index.php/Home/Index/daodian/id/2
INFO: [ app_init ] --START--
INFO: Run Behavior\BuildLiteBehavior [ RunTime:0.000012s ]
INFO: [ app_init ] --END-- [ RunTime:0.000441s ]
INFO: [ app_begin ] --START--
INFO: Run Behavior\ReadHtmlCacheBehavior [ RunTime:0.000734s ]
INFO: [ app_begin ] --END-- [ RunTime:0.000801s ]
SQL: SHOW COLUMNS FROM `wxzx` [ RunTime:0.0021s ]
SQL: SELECT * FROM `wxzx` WHERE ( ways_id='2' )  [ RunTime:0.0006s ]
INFO: [ view_parse ] --START--
INFO: [ template_filter ] --START--
INFO: Run Behavior\ContentReplaceBehavior [ RunTime:0.000028s ]
INFO: [ template_filter ] --END-- [ RunTime:0.000072s ]
INFO: Run Behavior\ParseTemplateBehavior [ RunTime:0.006807s ]
INFO: [ view_parse ] --END-- [ RunTime:0.006871s ]
INFO: [ view_filter ] --START--
INFO: Run Behavior\WriteHtmlCacheBehavior [ RunTime:0.000454s ]
INFO: [ view_filter ] --END-- [ RunTime:0.000485s ]
INFO: [ app_end ] --START--
INFO: Run Behavior\ShowPageTraceBehavior [ RunTime:0.000677s ]
INFO: [ app_end ] --END-- [ RunTime:0.000708s ]

[ 2016-06-21T10:27:57+08:00 ] 127.0.0.1 /ceshi/www/index.php/Home/Index/daodian/id/2
INFO: [ app_init ] --START--
INFO: Run Behavior\BuildLiteBehavior [ RunTime:0.000012s ]
INFO: [ app_init ] --END-- [ RunTime:0.000472s ]
INFO: [ app_begin ] --START--
INFO: Run Behavior\ReadHtmlCacheBehavior [ RunTime:0.000760s ]
INFO: [ app_begin ] --END-- [ RunTime:0.000797s ]
SQL: SHOW COLUMNS FROM `wxzx` [ RunTime:0.0028s ]
SQL: SELECT * FROM `wxzx` WHERE ( ways_id='2' )  [ RunTime:0.0009s ]
INFO: [ view_parse ] --START--
INFO: [ template_filter ] --START--
INFO: Run Behavior\ContentReplaceBehavior [ RunTime:0.000037s ]
INFO: [ template_filter ] --END-- [ RunTime:0.000098s ]
INFO: Run Behavior\ParseTemplateBehavior [ RunTime:0.006464s ]
INFO: [ view_parse ] --END-- [ RunTime:0.006526s ]
INFO: [ view_filter ] --START--
INFO: Run Behavior\WriteHtmlCacheBehavior [ RunTime:0.000434s ]
INFO: [ view_filter ] --END-- [ RunTime:0.000471s ]
INFO: [ app_end ] --START--
INFO: Run Behavior\ShowPageTraceBehavior [ RunTime:0.000731s ]
INFO: [ app_end ] --END-- [ RunTime:0.000764s ]

